2025-05-27 08:27:26 - root - INFO - [setup_logging:57] - Logging configured. File: /teamspace/studios/this_studio/cvpr25/phase3_pretraining/logs_t4_ssl_tune_v2/ssl_t4_tune_v2_20250527_082726_20250527_082726.log (Level: DEBUG), Console Level: INFO
2025-05-27 08:27:27 - phase2_model.models - INFO - [<module>:17] - Models (InceptionV3Baseline, DFCA, DiseaseAwareHVT, factory) imported successfully into phase2_model.models package.
2025-05-27 08:27:27 - phase2_model - INFO - [<module>:25] - Models re-exported successfully by phase2_model/__init__.py.
2025-05-27 08:27:27 - __main__ - INFO - [main_pretrain_script:57] - ======== Starting Phase 3: HVT Self-Supervised Pre-training (Run ID: 20250527_082726) ========
2025-05-27 08:27:27 - __main__ - INFO - [main_pretrain_script:58] - Full run configuration snapshot: {'seed': 42, 'device': 'cuda', 'PROJECT_ROOT_PATH': '/teamspace/studios/this_studio/cvpr25', 'PACKAGE_ROOT_PATH': '/teamspace/studios/this_studio/cvpr25/phase3_pretraining', 'log_dir_name': 'logs_t4_ssl_tune_v2', 'log_file_pretrain': 'ssl_t4_tune_v2.log', 'checkpoint_dir_name': 'checkpoints_hvt_xl_t4_ssl_tune_v2', 'enable_torch_compile': False, 'torch_compile_mode': 'reduce-overhead', 'matmul_precision': 'high', 'cudnn_benchmark': True, 'resume_checkpoint_path': None, 'data_root': '/teamspace/studios/this_studio/cvpr25/SAR-CLD-2024 A Comprehensive Dataset for Cotton Leaf Disease Detection', 'original_dataset_name': 'Original Dataset', 'augmented_dataset_name': 'Augmented Dataset', 'train_split_ratio': 0.95, 'num_classes': 7, 'num_workers': 4, 'prefetch_factor': 2, 'hvt_params_for_backbone': {'patch_size': 14, 'embed_dim_rgb': 192, 'embed_dim_spectral': 192, 'spectral_channels': 0, 'depths': [3, 6, 24, 3], 'num_heads': [6, 12, 24, 48], 'mlp_ratio': 4.0, 'qkv_bias': True, 'model_drop_rate': 0.0, 'attn_drop_rate': 0.0, 'drop_path_rate': 0.2, 'norm_layer_name': 'LayerNorm', 'use_dfca': False, 'use_gradient_checkpointing': True, 'ssl_enable_mae': False, 'ssl_enable_contrastive': False, 'enable_consistency_loss_heads': False, 'ssl_mae_mask_ratio': 0.75, 'ssl_mae_decoder_dim': 64, 'ssl_mae_norm_pix_loss': True, 'ssl_contrastive_projector_dim': 128, 'ssl_contrastive_projector_depth': 2, 'dfca_embed_dim_match_rgb': True, 'dfca_num_heads': 32, 'dfca_drop_rate': 0.1, 'dfca_use_disease_mask': True}, 'pretrain_img_size': (448, 448), 'pretrain_epochs': 200, 'pretrain_batch_size': 16, 'accumulation_steps': 4, 'pretrain_lr': 0.0003, 'pretrain_optimizer': 'AdamW', 'pretrain_scheduler': 'WarmupCosine', 'warmup_epochs': 20, 'eta_min_lr': 1e-06, 'pretrain_weight_decay': 0.05, 'temperature': 0.07, 'projection_dim': 128, 'projection_hidden_dim': 2048, 'simclr_s': 0.8, 'simclr_p_grayscale': 0.2, 'simclr_p_gaussian_blur': 0.5, 'simclr_rrc_scale_min': 0.15, 'evaluate_every_n_epochs': 10, 'linear_probe_epochs': 10, 'linear_probe_lr': 0.1, 'probe_optimizer': 'SGD', 'probe_momentum': 0.9, 'probe_weight_decay': 0.0, 'probe_batch_size': 64, 'save_every_n_epochs': 20, 'model_arch_name_for_ckpt': 'hvt_xl_simclr_t4_tune_v2', 'clip_grad_norm': 1.0}
2025-05-27 08:27:27 - __main__ - INFO - [apply_pytorch_optimizations:49] - torch.backends.cudnn.benchmark = True
2025-05-27 08:27:27 - __main__ - INFO - [apply_pytorch_optimizations:52] - torch.set_float32_matmul_precision('high')
2025-05-27 08:27:27 - __main__ - INFO - [main_pretrain_script:63] - Global random seed: 42. Device: cuda.
2025-05-27 08:27:27 - __main__ - INFO - [main_pretrain_script:64] - CUDA Device: Tesla T4
2025-05-27 08:27:27 - phase3_pretraining.dataset - INFO - [__init__:52] - Initializing SARCLD2024Dataset: split='train', img_size=(448, 448), use_spectral=False
2025-05-27 08:27:27 - phase3_pretraining.dataset - DEBUG - [__init__:62] - Scanning sub-dataset: /teamspace/studios/this_studio/cvpr25/SAR-CLD-2024 A Comprehensive Dataset for Cotton Leaf Disease Detection/Original Dataset
2025-05-27 08:27:28 - phase3_pretraining.dataset - DEBUG - [__init__:62] - Scanning sub-dataset: /teamspace/studios/this_studio/cvpr25/SAR-CLD-2024 A Comprehensive Dataset for Cotton Leaf Disease Detection/Augmented Dataset
2025-05-27 08:27:28 - phase3_pretraining.dataset - INFO - [__init__:77] - Found 9137 total image entries.
2025-05-27 08:27:28 - phase3_pretraining.dataset - INFO - [__init__:90] - Dataset split 'train' size: 8680 samples.
2025-05-27 08:27:28 - phase3_pretraining.dataset - INFO - [__init__:52] - Initializing SARCLD2024Dataset: split='train', img_size=(448, 448), use_spectral=False
2025-05-27 08:27:28 - phase3_pretraining.dataset - DEBUG - [__init__:62] - Scanning sub-dataset: /teamspace/studios/this_studio/cvpr25/SAR-CLD-2024 A Comprehensive Dataset for Cotton Leaf Disease Detection/Original Dataset
2025-05-27 08:27:28 - phase3_pretraining.dataset - DEBUG - [__init__:62] - Scanning sub-dataset: /teamspace/studios/this_studio/cvpr25/SAR-CLD-2024 A Comprehensive Dataset for Cotton Leaf Disease Detection/Augmented Dataset
2025-05-27 08:27:28 - phase3_pretraining.dataset - INFO - [__init__:77] - Found 9137 total image entries.
2025-05-27 08:27:28 - phase3_pretraining.dataset - INFO - [__init__:90] - Dataset split 'train' size: 8680 samples.
2025-05-27 08:27:28 - phase3_pretraining.dataset - INFO - [__init__:52] - Initializing SARCLD2024Dataset: split='val', img_size=(448, 448), use_spectral=False
2025-05-27 08:27:28 - phase3_pretraining.dataset - DEBUG - [__init__:62] - Scanning sub-dataset: /teamspace/studios/this_studio/cvpr25/SAR-CLD-2024 A Comprehensive Dataset for Cotton Leaf Disease Detection/Original Dataset
2025-05-27 08:27:28 - phase3_pretraining.dataset - DEBUG - [__init__:62] - Scanning sub-dataset: /teamspace/studios/this_studio/cvpr25/SAR-CLD-2024 A Comprehensive Dataset for Cotton Leaf Disease Detection/Augmented Dataset
