2025-05-28 11:17:30 - root - INFO - [setup_logging:75] - Logging configured. Log file: /teamspace/studios/this_studio/cvpr25/phase4_finetuning/logs_finetune_full_v1/finetune_hvt_full_20250528_111730.log. Logger 'root' Effective Level: DEBUG
2025-05-28 11:17:30 - __main__ - INFO - [main_execution_logic:186] - ======== Starting Phase 4: HVT Fine-tuning (Run ID: 20250528_111730) ========
2025-05-28 11:17:30 - __main__ - INFO - [main_execution_logic:187] - Full run configuration: {'seed': 42, 'device': 'cuda', 'log_dir': 'logs_finetune_full_v1', 'log_file_finetune': 'finetune_hvt_full.log', 'best_model_filename': 'best_finetuned_hvt_full.pth', 'final_model_filename': 'final_finetuned_hvt_full.pth', 'checkpoint_save_dir_name': 'checkpoints_full_v1', 'data_root': '/teamspace/studios/this_studio/cvpr25/SAR-CLD-2024 A Comprehensive Dataset for Cotton Leaf Disease Detection', 'original_dataset_name': 'Original Dataset', 'augmented_dataset_name': 'Augmented Dataset', 'img_size': (448, 448), 'num_classes': 7, 'train_split_ratio': 0.8, 'normalize_data': True, 'use_weighted_sampler': True, 'num_workers': 4, 'prefetch_factor': 2, 'model_architecture_name': 'DiseaseAwareHVT_FullFinetune', 'pretrained_checkpoint_path': '/teamspace/studios/this_studio/cvpr25/phase3_pretraining/pretrain_checkpoints_hvt_xl/hvt_xl_simclr_t4_resumed_best_probe.pth', 'load_pretrained_backbone': True, 'freeze_backbone_epochs': 0, 'unfreeze_backbone_lr_factor': 0.1, 'hvt_params_for_model_init': {'patch_size': 14, 'embed_dim_rgb': 192, 'embed_dim_spectral': 192, 'spectral_channels': 0, 'depths': [3, 6, 24, 3], 'num_heads': [6, 12, 24, 48], 'mlp_ratio': 4.0, 'qkv_bias': True, 'model_drop_rate': 0.1, 'attn_drop_rate': 0.0, 'drop_path_rate': 0.1, 'norm_layer_name': 'LayerNorm', 'use_dfca': False, 'use_gradient_checkpointing': False, 'ssl_enable_mae': False, 'ssl_enable_contrastive': False, 'enable_consistency_loss_heads': False, 'dfca_embed_dim_match_rgb': True, 'dfca_num_heads': 32, 'dfca_drop_rate': 0.1, 'dfca_use_disease_mask': True, 'ssl_mae_mask_ratio': 0.75, 'ssl_mae_decoder_dim': 64, 'ssl_mae_norm_pix_loss': True, 'ssl_contrastive_projector_dim': 128, 'ssl_contrastive_projector_depth': 2}, 'enable_torch_compile': False, 'torch_compile_mode': 'reduce-overhead', 'matmul_precision': 'high', 'cudnn_benchmark': True, 'epochs': 200, 'batch_size': 16, 'accumulation_steps': 2, 'amp_enabled': True, 'clip_grad_norm': 1.0, 'log_interval': 10, 'optimizer': 'AdamW', 'learning_rate': 2e-05, 'head_lr_multiplier': 5.0, 'weight_decay': 0.05, 'optimizer_params': {'betas': (0.9, 0.999)}, 'scheduler': 'WarmupCosine', 'warmup_epochs': 5, 'eta_min_lr': 1e-07, 'loss_label_smoothing': 0.1, 'augmentations_enabled': True, 'evaluate_every_n_epochs': 1, 'early_stopping_patience': 10, 'metric_to_monitor_early_stopping': 'f1_macro', 'ssl_pretrain_img_size_fallback': (448, 448)}
2025-05-28 11:17:30 - __main__ - INFO - [set_global_seed:81] - Global random seed set to: 42
2025-05-28 11:17:30 - __main__ - INFO - [main_execution_logic:191] - Using device: cuda
2025-05-28 11:17:30 - __main__ - INFO - [main_execution_logic:192] - GPU: Tesla T4; CUDA Ver: 12.1
2025-05-28 11:17:30 - phase4_finetuning.dataset - INFO - [__init__:54] - [DATASET INIT - train] Root: /teamspace/studios/this_studio/cvpr25/SAR-CLD-2024 A Comprehensive Dataset for Cotton Leaf Disease Detection, ImgSize: (448, 448)
2025-05-28 11:17:30 - phase4_finetuning.dataset - INFO - [__init__:67] - [DATASET INIT - train] Scanning: /teamspace/studios/this_studio/cvpr25/SAR-CLD-2024 A Comprehensive Dataset for Cotton Leaf Disease Detection/Original Dataset
2025-05-28 11:17:30 - phase4_finetuning.dataset - INFO - [__init__:67] - [DATASET INIT - train] Scanning: /teamspace/studios/this_studio/cvpr25/SAR-CLD-2024 A Comprehensive Dataset for Cotton Leaf Disease Detection/Augmented Dataset
2025-05-28 11:17:31 - phase4_finetuning.dataset - INFO - [__init__:98] - [DATASET INIT - train] Total valid image paths collected: 9137 from ~9137 items considered.
2025-05-28 11:17:31 - phase4_finetuning.dataset - INFO - [__init__:111] - [DATASET INIT - train] Dataset split size: 7309 samples.
2025-05-28 11:17:31 - phase4_finetuning.dataset - INFO - [__init__:123] - [DATASET INIT - train] Base RGB Transforms: Compose(
      ToImage()
      ToDtype(scale=False)
      Resize(size=[448, 448], interpolation=InterpolationMode.BICUBIC, antialias=True)
      Normalize(mean=[0.485, 0.456, 0.406], std=[0.229, 0.224, 0.225], inplace=False)
)
2025-05-28 11:17:31 - phase4_finetuning.dataset - INFO - [__init__:54] - [DATASET INIT - val] Root: /teamspace/studios/this_studio/cvpr25/SAR-CLD-2024 A Comprehensive Dataset for Cotton Leaf Disease Detection, ImgSize: (448, 448)
2025-05-28 11:17:31 - phase4_finetuning.dataset - INFO - [__init__:67] - [DATASET INIT - val] Scanning: /teamspace/studios/this_studio/cvpr25/SAR-CLD-2024 A Comprehensive Dataset for Cotton Leaf Disease Detection/Original Dataset
2025-05-28 11:17:31 - phase4_finetuning.dataset - INFO - [__init__:67] - [DATASET INIT - val] Scanning: /teamspace/studios/this_studio/cvpr25/SAR-CLD-2024 A Comprehensive Dataset for Cotton Leaf Disease Detection/Augmented Dataset
2025-05-28 11:17:32 - phase4_finetuning.dataset - INFO - [__init__:98] - [DATASET INIT - val] Total valid image paths collected: 9137 from ~9137 items considered.
2025-05-28 11:17:32 - phase4_finetuning.dataset - INFO - [__init__:111] - [DATASET INIT - val] Dataset split size: 1828 samples.
2025-05-28 11:17:32 - phase4_finetuning.dataset - INFO - [__init__:123] - [DATASET INIT - val] Base RGB Transforms: Compose(
      ToImage()
      ToDtype(scale=False)
      Resize(size=[448, 448], interpolation=InterpolationMode.BICUBIC, antialias=True)
      Normalize(mean=[0.485, 0.456, 0.406], std=[0.229, 0.224, 0.225], inplace=False)
)
2025-05-28 11:17:32 - phase4_finetuning.dataset - INFO - [get_class_weights:180] - Computed class weights for split 'train': [1.029 0.912 1.065 1.014 1.05  0.833 1.172]
2025-05-28 11:17:32 - __main__ - INFO - [main_execution_logic:207] - Using WeightedRandomSampler.
2025-05-28 11:17:32 - __main__ - INFO - [main_execution_logic:212] - Dataloaders created. Train batches: 456, Val batches: 115
2025-05-28 11:17:32 - phase2_model.models.hvt - INFO - [create_disease_aware_hvt:602] - Factory: Creating DiseaseAwareHVT for img_size: (448, 448), num_classes: 7
2025-05-28 11:17:35 - phase2_model.models.hvt - INFO - [__init__:325] - HVT: Running RGB stream only. No fusion.
2025-05-28 11:17:37 - phase2_model.models.hvt - INFO - [__init__:359] - DiseaseAwareHVT initialized for image size (448, 448) and 7 classes.
2025-05-28 11:17:37 - __main__.load_and_prepare_hvt_model - INFO - [load_and_prepare_hvt_model:126] - Loading SSL backbone weights from: /teamspace/studios/this_studio/cvpr25/phase3_pretraining/pretrain_checkpoints_hvt_xl/hvt_xl_simclr_t4_resumed_best_probe.pth
2025-05-28 11:17:40 - __main__.load_and_prepare_hvt_model - INFO - [load_and_prepare_hvt_model:136] - SSL and Finetune img_size match: (448, 448). No PE interpolation if patch counts same.
2025-05-28 11:17:40 - __main__.load_and_prepare_hvt_model - INFO - [load_and_prepare_hvt_model:154] - SSL Backbone weights loaded: 450 direct, 0 PE interp, 2 head skipped.
2025-05-28 11:17:40 - __main__.load_and_prepare_hvt_model - WARNING - [load_and_prepare_hvt_model:155] - Missing keys in backbone load: ['classifier_head.weight', 'classifier_head.bias']
2025-05-28 11:17:40 - __main__.load_and_prepare_hvt_model - INFO - [load_and_prepare_hvt_model:161] - Re-initialized HVT classifier_head for 7 classes (in_features=1536).
2025-05-28 11:17:41 - __main__ - INFO - [main_execution_logic:217] - Model ready. Total params: 273,615,751, Trainable params: 273,615,751
2025-05-28 11:17:41 - phase4_finetuning.utils.augmentations - INFO - [__init__:24] - FinetuneAugmentation initialized.
2025-05-28 11:17:41 - __main__ - INFO - [main_execution_logic:279] - Optimizer: AdamW. Initial Group LRs: [0.0001, 2.0000000000000003e-06], Group WDs: [0.05, 0.05]
2025-05-28 11:17:41 - __main__ - INFO - [main_execution_logic:293] - Scheduler: WarmupCosine (per-step). WU Steps: 1140, Total Steps: 45600
2025-05-28 11:17:41 - phase4_finetuning.finetune.trainer - INFO - [__init__:44] - Finetuner initialized: device=cuda, accum_steps=2, lr_sched_on_batch=True, AMP=True
2025-05-28 11:17:41 - phase4_finetuning.finetune.trainer - INFO - [__init__:46] - Using augmentations: FinetuneAugmentation
2025-05-28 11:17:41 - __main__ - INFO - [main_execution_logic:317] - Starting fine-tuning: 200 epochs. Monitor: 'f1_macro', Patience: 10.
2025-05-28 11:20:29 - phase4_finetuning.finetune.trainer - INFO - [train_one_epoch:115] - Epoch 1 training finished. Avg Loss: 1.9948, Final LR for epoch: 2.00e-05, Opt Steps: 228
2025-05-28 11:20:48 - phase4_finetuning.finetune.trainer - INFO - [validate_one_epoch:165] - Validation finished. Avg Loss: 2.0188, accuracy: 0.1138, f1_macro: 0.0504, f1_weighted: 0.0495, precision_macro: 0.0325, precision_weighted: 0.0321, recall_macro: 0.1182, recall_weighted: 0.1138, f1_Bacterial_Blight: 0.0000, f1_Curl_Virus: 0.1642, f1_Healthy_Leaf: 0.0000, f1_Herbicide_Growth_Damage: 0.0000, f1_Leaf_Hopper_Jassids: 0.1888, f1_Leaf_Redding: 0.0000, f1_Leaf_Variegation: 0.0000
2025-05-28 11:20:51 - phase4_finetuning.finetune.trainer - INFO - [save_model_checkpoint:173] - Model checkpoint saved to /teamspace/studios/this_studio/cvpr25/phase4_finetuning/logs_finetune_full_v1/checkpoints_full_v1/best_finetuned_hvt_full.pth
2025-05-28 11:20:51 - __main__ - INFO - [main_execution_logic:361] - E1: New best! Val f1_macro: 0.0504
2025-05-28 11:20:51 - __main__ - DEBUG - [main_execution_logic:366] - CUDA Mem E1 End: Alloc 3161.6MB
2025-05-28 11:21:17 - __main__ - WARNING - [main_execution_logic:368] - Fine-tuning interrupted. Last completed epoch: 1.
2025-05-28 11:21:17 - __main__ - INFO - [main_execution_logic:371] - Fine-tuning ended. Last completed epoch: 1.
2025-05-28 11:21:20 - phase4_finetuning.finetune.trainer - INFO - [save_model_checkpoint:173] - Model checkpoint saved to /teamspace/studios/this_studio/cvpr25/phase4_finetuning/logs_finetune_full_v1/checkpoints_full_v1/final_finetuned_hvt_full.pth
2025-05-28 11:21:20 - __main__ - INFO - [main_execution_logic:374] - Fine-tuning summary: Best validation 'f1_macro': 0.0504
