2025-06-11 16:38:22 - root - INFO - [setup_logging:75] - Logging configured. Log file: /teamspace/studios/this_studio/cvpr25/phase4_finetuning/logs_finetune/HVT-XL_FineTune_Run_20250611-163822/HVT-XL_FineTune_Run_20250611-163822_20250611_163822.log. Logger 'root' Effective Level: INFO
2025-06-11 16:38:22 - __main__ - INFO - [run:37] - Starting fine-tuning run: HVT-XL_FineTune_Run_20250611-163822
2025-06-11 16:38:22 - __main__ - INFO - [run:38] - Full configuration:
PACKAGE_ROOT_PATH: /teamspace/studios/this_studio/cvpr25/phase4_finetuning
PROJECT_ROOT_PATH: /teamspace/studios/this_studio/cvpr25
augmentations:
  cutmix_prob: 0.5
  enable: true
  mixup_alpha: 0.2
  severity: moderate
  strategy: cotton_disease
cudnn_benchmark: true
data:
  augmented_dataset_name: Augmented Dataset
  img_size:
  - 448
  - 448
  num_classes: 7
  num_workers: 4
  original_dataset_name: Original Dataset
  prefetch_factor: 2
  root_dir: /teamspace/studios/this_studio/cvpr25/SAR-CLD-2024 A Comprehensive Dataset
    for Cotton Leaf Disease Detection
  train_split_ratio: 0.95
  use_weighted_sampler: true
device: cuda
evaluation:
  early_stopping:
    metric: val_f1_macro
    min_delta: 0.0001
    patience: 15
  ema_decay: 0.9999
  swa_lr: 2.0e-05
  swa_start_epoch_ratio: 0.75
  tta_enabled: true
  use_ema: true
  use_swa: false
model:
  hvt_params:
    attn_drop_rate: 0.0
    depths:
    - 3
    - 6
    - 24
    - 3
    drop_path_rate: 0.2
    embed_dim_rgb: 192
    embed_dim_spectral: 0
    enable_consistency_loss_heads: false
    mlp_ratio: 4.0
    model_drop_rate: 0.0
    norm_layer_name: LayerNorm
    num_heads:
    - 6
    - 12
    - 24
    - 48
    patch_size: 14
    qkv_bias: true
    spectral_channels: 0
    ssl_enable_contrastive: false
    ssl_enable_mae: false
    use_dfca: false
    use_gradient_checkpointing: true
  resume_finetune_path: ''
  ssl_pretrained_path: /teamspace/studios/this_studio/cvpr25/phase3_pretraining/pretrain_checkpoints_hvt_xl/hvt_xl_simclr_t4_resumed_best_probe.pth
run_name_prefix: HVT-XL_FineTune_Run
seed: 42
torch_compile:
  enable: false
  mode: reduce-overhead
training:
  accumulation_steps: 2
  amp_enabled: true
  batch_size: 16
  clip_grad_norm: 1.0
  epochs: 50
  freeze_backbone_epochs: 5
  loss:
    focal_alpha: 0.25
    focal_gamma: 2.0
    label_smoothing: 0.1
    type: combined
    use_class_weights: true
    weights:
      ce: 0.5
      focal: 0.5
  optimizer:
    lr_backbone_unfrozen: 5.0e-05
    lr_head_unfrozen: 0.001
  scheduler:
    div_factor: 25.0
    final_div_factor: 10000.0
    name: onecyclelr
    pct_start: 0.1

2025-06-11 16:38:22 - __main__ - INFO - [run:49] - Setting up datasets and dataloaders...
2025-06-11 16:38:22 - phase4_finetuning.utils.augmentations - INFO - [create_cotton_leaf_augmentation:137] - Creating augmentation strategy: 'cotton_disease' for image size (448, 448)
