2025-06-14 19:32:00 - root - INFO - [setup_logging:75] - Logging configured. Log file: /teamspace/studios/this_studio/cvpr25/phase4_finetuning/logs_finetune/07_sota_comparison_resnet101_20250614-193200/07_sota_comparison_resnet101_20250614-193200_20250614_193200.log. Logger 'root' Effective Level: INFO
2025-06-14 19:32:00 - __main__ - INFO - [run:38] - Starting fine-tuning run: 07_sota_comparison_resnet101_20250614-193200
2025-06-14 19:32:00 - __main__ - INFO - [run:39] - Full configuration:
PACKAGE_ROOT_PATH: /teamspace/studios/this_studio/cvpr25/phase4_finetuning
PROJECT_ROOT_PATH: /teamspace/studios/this_studio/cvpr25
augmentations:
  cutmix_prob: 0.2
  mixup_alpha: 0.2
  severity: strong
  strategy: cotton_disease
cudnn_benchmark: true
data:
  augmented_dataset_name: Augmented Dataset
  img_size:
  - 448
  - 448
  num_workers: 4
  original_dataset_name: Original Dataset
  root_dir: /teamspace/studios/this_studio/cvpr25/SAR-CLD-2024 A Comprehensive Dataset
    for Cotton Leaf Disease Detection
  train_split_ratio: 0.9
  use_weighted_sampler: true
device: cuda
evaluation:
  early_stopping:
    metric: f1_macro
    min_delta: 0.001
    patience: 20
  ema_decay: 0.9999
  tta_enabled: true
  use_ema: true
model:
  hvt_params:
    depths:
    - 3
    - 6
    - 24
    - 3
    drop_path_rate: 0.2
    embed_dim_rgb: 192
    enable_consistency_loss_heads: false
    mlp_ratio: 4.0
    model_drop_rate: 0.1
    norm_layer_name: LayerNorm
    num_heads:
    - 6
    - 12
    - 24
    - 48
    patch_size: 14
    qkv_bias: true
    spectral_channels: 0
    use_dfca: false
    use_gradient_checkpointing: true
  resume_finetune_path: null
  ssl_pretrained_path: null
model_override:
  name: resnet101
  type: timm
run_name_prefix: 07_sota_comparison_resnet101
seed: 42
torch_compile:
  enable: false
  mode: reduce-overhead
training:
  accumulation_steps: 2
  amp_enabled: true
  batch_size: 16
  clip_grad_norm: 1.0
  epochs: 100
  freeze_backbone_epochs: 10
  loss:
    focal_alpha: 0.5
    focal_gamma: 2.0
    label_smoothing: 0.1
    type: CombinedLoss
    use_class_weights: true
    weights:
      ce: 0.5
      focal: 0.5
  optimizer:
    lr_backbone_unfrozen: 2.0e-05
    lr_head_unfrozen: 0.0002
  scheduler:
    div_factor: 10
    final_div_factor: 1000
    name: onecyclelr
    pct_start: 0.1

2025-06-14 19:32:00 - __main__ - INFO - [run:50] - Setting up datasets and dataloaders...
2025-06-14 19:32:00 - phase4_finetuning.utils.augmentations - INFO - [create_cotton_leaf_augmentation:148] - Creating augmentation strategy: 'cotton_disease' for image size (448, 448)
2025-06-14 19:32:00 - phase4_finetuning.utils.augmentations - INFO - [__init__:134] - CottonLeafDiseaseAugmentation initialized with severity 'strong'.
2025-06-14 19:32:00 - phase4_finetuning.utils.augmentations - INFO - [create_cotton_leaf_augmentation:148] - Creating augmentation strategy: 'minimal' for image size (448, 448)
2025-06-14 19:32:00 - phase4_finetuning.dataset - INFO - [__init__:37] - Initializing Dataset for split 'train'...
2025-06-14 19:32:01 - phase4_finetuning.dataset - INFO - [__init__:53] - Found 9137 total image paths.
2025-06-14 19:32:01 - phase4_finetuning.dataset - INFO - [__init__:64] - Split 'train' size: 8223 samples.
2025-06-14 19:32:01 - phase4_finetuning.dataset - INFO - [__init__:37] - Initializing Dataset for split 'val'...
2025-06-14 19:32:03 - phase4_finetuning.dataset - INFO - [__init__:53] - Found 9137 total image paths.
2025-06-14 19:32:03 - phase4_finetuning.dataset - INFO - [__init__:64] - Split 'val' size: 914 samples.
2025-06-14 19:32:03 - __main__ - INFO - [run:87] - Discovered 7 classes.
2025-06-14 19:32:03 - __main__ - INFO - [run:97] - Using WeightedRandomSampler for training.
2025-06-14 19:32:03 - __main__ - INFO - [run:110] - --- MODEL OVERRIDE IN EFFECT ---
2025-06-14 19:32:03 - __main__ - INFO - [run:111] - Loading baseline model -> Type: timm, Name: resnet101
2025-06-14 19:32:04 - timm.models._builder - INFO - [load_pretrained:204] - Loading pretrained weights from Hugging Face hub (timm/resnet101.a1h_in1k)
2025-06-14 19:32:05 - timm.models._hub - INFO - [load_state_dict_from_hf:217] - [timm/resnet101.a1h_in1k] Safe alternative available for 'pytorch_model.bin' (as 'model.safetensors'). Loading weights using safetensors.
2025-06-14 19:32:05 - timm.models._builder - INFO - [load_pretrained:262] - Missing keys (fc.weight, fc.bias) discovered while loading pretrained weights. This is expected if model is being adapted.
2025-06-14 19:32:05 - __main__ - INFO - [run:138] - Initializing EnhancedFinetuner...
2025-06-14 19:32:05 - phase4_finetuning.utils.ema - INFO - [_create_shadow_copy:43] - Creating EMA shadow model by re-instantiating timm model.
2025-06-14 19:32:06 - phase4_finetuning.utils.ema - INFO - [__init__:23] - EMA helper initialized with decay=0.9999. Shadow model created.
2025-06-14 19:32:06 - phase4_finetuning.finetune.trainer - INFO - [_get_param_groups:304] - Optimizer parameter groups: Head (14,343 params) with LR 2.00e-04, Backbone (42,500,160 params) with LR 2.00e-05
2025-06-14 19:32:06 - phase4_finetuning.dataset - INFO - [get_class_weights:96] - Computed class weights for split 'train': [1.04  0.897 1.049 1.03  1.069 0.834 1.156]
2025-06-14 19:32:06 - phase4_finetuning.finetune.trainer - INFO - [_create_criterion:344] - Using class weights in loss function.
2025-06-14 19:32:06 - phase4_finetuning.finetune.trainer - INFO - [__init__:59] - Trainer initialized. Model has 42,514,503 trainable parameters.
2025-06-14 19:32:06 - __main__ - INFO - [run:149] - Starting the training and validation loop...
2025-06-14 19:32:06 - phase4_finetuning.finetune.trainer - INFO - [run:63] - Starting fine-tuning run. Monitoring 'f1_macro' for best model.
2025-06-14 19:32:06 - phase4_finetuning.finetune.trainer - INFO - [run:72] - --- Starting Epoch 1/100 ---
2025-06-14 19:32:06 - phase4_finetuning.finetune.trainer - INFO - [_set_parameter_groups_for_epoch:335] - Epoch 1: Setting backbone requires_grad to False
2025-06-14 19:32:06 - phase4_finetuning.finetune.trainer - INFO - [_set_parameter_groups_for_epoch:338] - Trainable params updated: 14,343
2025-06-14 19:34:38 - phase4_finetuning.finetune.trainer - INFO - [_validate_one_epoch:187] - Validation Epoch 1: Loss=1.9478, Accuracy=0.2155, F1-Macro=0.1279
2025-06-14 19:34:38 - phase4_finetuning.finetune.trainer - INFO - [run:83] - Epoch 1: New best metric! f1_macro = 0.1279 (previously -1.0000)
2025-06-14 19:34:38 - phase4_finetuning.finetune.trainer - INFO - [_save_checkpoint:388] - Saving best model checkpoint to /teamspace/studios/this_studio/cvpr25/phase4_finetuning/logs_finetune/07_sota_comparison_resnet101_20250614-193200/checkpoints/best_model.pth
2025-06-14 19:34:39 - phase4_finetuning.finetune.trainer - INFO - [run:72] - --- Starting Epoch 2/100 ---
2025-06-14 19:37:02 - phase4_finetuning.finetune.trainer - INFO - [_validate_one_epoch:187] - Validation Epoch 2: Loss=1.9478, Accuracy=0.2112, F1-Macro=0.1245
2025-06-14 19:37:02 - phase4_finetuning.finetune.trainer - INFO - [run:89] - No improvement in f1_macro. Best: 0.1279. Patience: 1/20
2025-06-14 19:37:02 - phase4_finetuning.finetune.trainer - INFO - [run:72] - --- Starting Epoch 3/100 ---
2025-06-14 19:39:24 - phase4_finetuning.finetune.trainer - INFO - [_validate_one_epoch:187] - Validation Epoch 3: Loss=1.9477, Accuracy=0.2024, F1-Macro=0.1185
2025-06-14 19:39:24 - phase4_finetuning.finetune.trainer - INFO - [run:89] - No improvement in f1_macro. Best: 0.1279. Patience: 2/20
2025-06-14 19:39:24 - phase4_finetuning.finetune.trainer - INFO - [run:72] - --- Starting Epoch 4/100 ---
2025-06-14 19:41:48 - phase4_finetuning.finetune.trainer - INFO - [_validate_one_epoch:187] - Validation Epoch 4: Loss=1.9477, Accuracy=0.2013, F1-Macro=0.1194
2025-06-14 19:41:48 - phase4_finetuning.finetune.trainer - INFO - [run:89] - No improvement in f1_macro. Best: 0.1279. Patience: 3/20
2025-06-14 19:41:48 - phase4_finetuning.finetune.trainer - INFO - [run:72] - --- Starting Epoch 5/100 ---
2025-06-14 19:44:07 - phase4_finetuning.finetune.trainer - INFO - [_validate_one_epoch:187] - Validation Epoch 5: Loss=1.9476, Accuracy=0.2090, F1-Macro=0.1238
2025-06-14 19:44:07 - phase4_finetuning.finetune.trainer - INFO - [run:89] - No improvement in f1_macro. Best: 0.1279. Patience: 4/20
2025-06-14 19:44:07 - phase4_finetuning.finetune.trainer - INFO - [run:72] - --- Starting Epoch 6/100 ---
2025-06-14 19:46:29 - phase4_finetuning.finetune.trainer - INFO - [_validate_one_epoch:187] - Validation Epoch 6: Loss=1.9474, Accuracy=0.1991, F1-Macro=0.1117
2025-06-14 19:46:29 - phase4_finetuning.finetune.trainer - INFO - [run:89] - No improvement in f1_macro. Best: 0.1279. Patience: 5/20
2025-06-14 19:46:29 - phase4_finetuning.finetune.trainer - INFO - [run:72] - --- Starting Epoch 7/100 ---
2025-06-14 19:48:51 - phase4_finetuning.finetune.trainer - INFO - [_validate_one_epoch:187] - Validation Epoch 7: Loss=1.9472, Accuracy=0.1926, F1-Macro=0.1018
2025-06-14 19:48:51 - phase4_finetuning.finetune.trainer - INFO - [run:89] - No improvement in f1_macro. Best: 0.1279. Patience: 6/20
2025-06-14 19:48:51 - phase4_finetuning.finetune.trainer - INFO - [run:72] - --- Starting Epoch 8/100 ---
2025-06-14 19:51:14 - phase4_finetuning.finetune.trainer - INFO - [_validate_one_epoch:187] - Validation Epoch 8: Loss=1.9469, Accuracy=0.1816, F1-Macro=0.0892
2025-06-14 19:51:14 - phase4_finetuning.finetune.trainer - INFO - [run:89] - No improvement in f1_macro. Best: 0.1279. Patience: 7/20
2025-06-14 19:51:14 - phase4_finetuning.finetune.trainer - INFO - [run:72] - --- Starting Epoch 9/100 ---
2025-06-14 19:53:33 - phase4_finetuning.finetune.trainer - INFO - [_validate_one_epoch:187] - Validation Epoch 9: Loss=1.9466, Accuracy=0.1838, F1-Macro=0.0917
2025-06-14 19:53:33 - phase4_finetuning.finetune.trainer - INFO - [run:89] - No improvement in f1_macro. Best: 0.1279. Patience: 8/20
2025-06-14 19:53:33 - phase4_finetuning.finetune.trainer - INFO - [run:72] - --- Starting Epoch 10/100 ---
2025-06-14 19:55:50 - phase4_finetuning.finetune.trainer - INFO - [_validate_one_epoch:187] - Validation Epoch 10: Loss=1.9461, Accuracy=0.1882, F1-Macro=0.1005
2025-06-14 19:55:50 - phase4_finetuning.finetune.trainer - INFO - [run:89] - No improvement in f1_macro. Best: 0.1279. Patience: 9/20
2025-06-14 19:55:50 - phase4_finetuning.finetune.trainer - INFO - [_save_checkpoint:394] - Saving periodic checkpoint to /teamspace/studios/this_studio/cvpr25/phase4_finetuning/logs_finetune/07_sota_comparison_resnet101_20250614-193200/checkpoints/checkpoint_epoch_10.pth
2025-06-14 19:55:50 - phase4_finetuning.finetune.trainer - INFO - [run:72] - --- Starting Epoch 11/100 ---
2025-06-14 19:55:50 - phase4_finetuning.finetune.trainer - INFO - [_set_parameter_groups_for_epoch:335] - Epoch 11: Setting backbone requires_grad to True
2025-06-14 19:55:50 - phase4_finetuning.finetune.trainer - INFO - [_set_parameter_groups_for_epoch:338] - Trainable params updated: 42,514,503
2025-06-14 19:59:09 - phase4_finetuning.finetune.trainer - INFO - [_validate_one_epoch:187] - Validation Epoch 11: Loss=1.9456, Accuracy=0.1958, F1-Macro=0.1130
2025-06-14 19:59:09 - phase4_finetuning.finetune.trainer - INFO - [run:89] - No improvement in f1_macro. Best: 0.1279. Patience: 10/20
2025-06-14 19:59:09 - phase4_finetuning.finetune.trainer - INFO - [run:72] - --- Starting Epoch 12/100 ---
2025-06-14 20:02:26 - phase4_finetuning.finetune.trainer - INFO - [_validate_one_epoch:187] - Validation Epoch 12: Loss=1.9451, Accuracy=0.2013, F1-Macro=0.1205
2025-06-14 20:02:26 - phase4_finetuning.finetune.trainer - INFO - [run:89] - No improvement in f1_macro. Best: 0.1279. Patience: 11/20
2025-06-14 20:02:26 - phase4_finetuning.finetune.trainer - INFO - [run:72] - --- Starting Epoch 13/100 ---
2025-06-14 20:05:42 - phase4_finetuning.finetune.trainer - INFO - [_validate_one_epoch:187] - Validation Epoch 13: Loss=1.9445, Accuracy=0.2221, F1-Macro=0.1513
2025-06-14 20:05:42 - phase4_finetuning.finetune.trainer - INFO - [run:83] - Epoch 13: New best metric! f1_macro = 0.1513 (previously 0.1279)
2025-06-14 20:05:42 - phase4_finetuning.finetune.trainer - INFO - [_save_checkpoint:388] - Saving best model checkpoint to /teamspace/studios/this_studio/cvpr25/phase4_finetuning/logs_finetune/07_sota_comparison_resnet101_20250614-193200/checkpoints/best_model.pth
2025-06-14 20:05:44 - phase4_finetuning.finetune.trainer - INFO - [run:72] - --- Starting Epoch 14/100 ---
2025-06-14 20:09:00 - phase4_finetuning.finetune.trainer - INFO - [_validate_one_epoch:187] - Validation Epoch 14: Loss=1.9438, Accuracy=0.2516, F1-Macro=0.1892
2025-06-14 20:09:00 - phase4_finetuning.finetune.trainer - INFO - [run:83] - Epoch 14: New best metric! f1_macro = 0.1892 (previously 0.1513)
2025-06-14 20:09:00 - phase4_finetuning.finetune.trainer - INFO - [_save_checkpoint:388] - Saving best model checkpoint to /teamspace/studios/this_studio/cvpr25/phase4_finetuning/logs_finetune/07_sota_comparison_resnet101_20250614-193200/checkpoints/best_model.pth
2025-06-14 20:09:03 - phase4_finetuning.finetune.trainer - INFO - [run:72] - --- Starting Epoch 15/100 ---
2025-06-14 20:12:19 - phase4_finetuning.finetune.trainer - INFO - [_validate_one_epoch:187] - Validation Epoch 15: Loss=1.9431, Accuracy=0.2724, F1-Macro=0.2150
2025-06-14 20:12:19 - phase4_finetuning.finetune.trainer - INFO - [run:83] - Epoch 15: New best metric! f1_macro = 0.2150 (previously 0.1892)
2025-06-14 20:12:19 - phase4_finetuning.finetune.trainer - INFO - [_save_checkpoint:388] - Saving best model checkpoint to /teamspace/studios/this_studio/cvpr25/phase4_finetuning/logs_finetune/07_sota_comparison_resnet101_20250614-193200/checkpoints/best_model.pth
2025-06-14 20:12:22 - phase4_finetuning.finetune.trainer - INFO - [run:72] - --- Starting Epoch 16/100 ---
2025-06-14 20:15:38 - phase4_finetuning.finetune.trainer - INFO - [_validate_one_epoch:187] - Validation Epoch 16: Loss=1.9423, Accuracy=0.2998, F1-Macro=0.2442
2025-06-14 20:15:38 - phase4_finetuning.finetune.trainer - INFO - [run:83] - Epoch 16: New best metric! f1_macro = 0.2442 (previously 0.2150)
2025-06-14 20:15:38 - phase4_finetuning.finetune.trainer - INFO - [_save_checkpoint:388] - Saving best model checkpoint to /teamspace/studios/this_studio/cvpr25/phase4_finetuning/logs_finetune/07_sota_comparison_resnet101_20250614-193200/checkpoints/best_model.pth
2025-06-14 20:15:41 - phase4_finetuning.finetune.trainer - INFO - [run:72] - --- Starting Epoch 17/100 ---
2025-06-14 20:18:58 - phase4_finetuning.finetune.trainer - INFO - [_validate_one_epoch:187] - Validation Epoch 17: Loss=1.9415, Accuracy=0.3239, F1-Macro=0.2759
2025-06-14 20:18:58 - phase4_finetuning.finetune.trainer - INFO - [run:83] - Epoch 17: New best metric! f1_macro = 0.2759 (previously 0.2442)
2025-06-14 20:18:58 - phase4_finetuning.finetune.trainer - INFO - [_save_checkpoint:388] - Saving best model checkpoint to /teamspace/studios/this_studio/cvpr25/phase4_finetuning/logs_finetune/07_sota_comparison_resnet101_20250614-193200/checkpoints/best_model.pth
2025-06-14 20:19:00 - phase4_finetuning.finetune.trainer - INFO - [run:72] - --- Starting Epoch 18/100 ---
2025-06-14 20:22:17 - phase4_finetuning.finetune.trainer - INFO - [_validate_one_epoch:187] - Validation Epoch 18: Loss=1.9407, Accuracy=0.3425, F1-Macro=0.2952
2025-06-14 20:22:17 - phase4_finetuning.finetune.trainer - INFO - [run:83] - Epoch 18: New best metric! f1_macro = 0.2952 (previously 0.2759)
2025-06-14 20:22:17 - phase4_finetuning.finetune.trainer - INFO - [_save_checkpoint:388] - Saving best model checkpoint to /teamspace/studios/this_studio/cvpr25/phase4_finetuning/logs_finetune/07_sota_comparison_resnet101_20250614-193200/checkpoints/best_model.pth
2025-06-14 20:22:20 - phase4_finetuning.finetune.trainer - INFO - [run:72] - --- Starting Epoch 19/100 ---
2025-06-14 20:25:36 - phase4_finetuning.finetune.trainer - INFO - [_validate_one_epoch:187] - Validation Epoch 19: Loss=1.9398, Accuracy=0.3654, F1-Macro=0.3216
2025-06-14 20:25:36 - phase4_finetuning.finetune.trainer - INFO - [run:83] - Epoch 19: New best metric! f1_macro = 0.3216 (previously 0.2952)
2025-06-14 20:25:36 - phase4_finetuning.finetune.trainer - INFO - [_save_checkpoint:388] - Saving best model checkpoint to /teamspace/studios/this_studio/cvpr25/phase4_finetuning/logs_finetune/07_sota_comparison_resnet101_20250614-193200/checkpoints/best_model.pth
2025-06-14 20:25:39 - phase4_finetuning.finetune.trainer - INFO - [run:72] - --- Starting Epoch 20/100 ---
2025-06-14 20:28:56 - phase4_finetuning.finetune.trainer - INFO - [_validate_one_epoch:187] - Validation Epoch 20: Loss=1.9389, Accuracy=0.3917, F1-Macro=0.3503
2025-06-14 20:28:56 - phase4_finetuning.finetune.trainer - INFO - [run:83] - Epoch 20: New best metric! f1_macro = 0.3503 (previously 0.3216)
2025-06-14 20:28:56 - phase4_finetuning.finetune.trainer - INFO - [_save_checkpoint:388] - Saving best model checkpoint to /teamspace/studios/this_studio/cvpr25/phase4_finetuning/logs_finetune/07_sota_comparison_resnet101_20250614-193200/checkpoints/best_model.pth
2025-06-14 20:28:58 - phase4_finetuning.finetune.trainer - INFO - [_save_checkpoint:394] - Saving periodic checkpoint to /teamspace/studios/this_studio/cvpr25/phase4_finetuning/logs_finetune/07_sota_comparison_resnet101_20250614-193200/checkpoints/checkpoint_epoch_20.pth
2025-06-14 20:29:00 - phase4_finetuning.finetune.trainer - INFO - [run:72] - --- Starting Epoch 21/100 ---
2025-06-14 20:32:16 - phase4_finetuning.finetune.trainer - INFO - [_validate_one_epoch:187] - Validation Epoch 21: Loss=1.9380, Accuracy=0.4081, F1-Macro=0.3686
2025-06-14 20:32:16 - phase4_finetuning.finetune.trainer - INFO - [run:83] - Epoch 21: New best metric! f1_macro = 0.3686 (previously 0.3503)
2025-06-14 20:32:16 - phase4_finetuning.finetune.trainer - INFO - [_save_checkpoint:388] - Saving best model checkpoint to /teamspace/studios/this_studio/cvpr25/phase4_finetuning/logs_finetune/07_sota_comparison_resnet101_20250614-193200/checkpoints/best_model.pth
2025-06-14 20:32:19 - phase4_finetuning.finetune.trainer - INFO - [run:72] - --- Starting Epoch 22/100 ---
2025-06-14 20:35:36 - phase4_finetuning.finetune.trainer - INFO - [_validate_one_epoch:187] - Validation Epoch 22: Loss=1.9370, Accuracy=0.4223, F1-Macro=0.3857
2025-06-14 20:35:36 - phase4_finetuning.finetune.trainer - INFO - [run:83] - Epoch 22: New best metric! f1_macro = 0.3857 (previously 0.3686)
2025-06-14 20:35:36 - phase4_finetuning.finetune.trainer - INFO - [_save_checkpoint:388] - Saving best model checkpoint to /teamspace/studios/this_studio/cvpr25/phase4_finetuning/logs_finetune/07_sota_comparison_resnet101_20250614-193200/checkpoints/best_model.pth
2025-06-14 20:35:38 - phase4_finetuning.finetune.trainer - INFO - [run:72] - --- Starting Epoch 23/100 ---
2025-06-14 20:38:54 - phase4_finetuning.finetune.trainer - INFO - [_validate_one_epoch:187] - Validation Epoch 23: Loss=1.9359, Accuracy=0.4333, F1-Macro=0.3971
2025-06-14 20:38:54 - phase4_finetuning.finetune.trainer - INFO - [run:83] - Epoch 23: New best metric! f1_macro = 0.3971 (previously 0.3857)
2025-06-14 20:38:54 - phase4_finetuning.finetune.trainer - INFO - [_save_checkpoint:388] - Saving best model checkpoint to /teamspace/studios/this_studio/cvpr25/phase4_finetuning/logs_finetune/07_sota_comparison_resnet101_20250614-193200/checkpoints/best_model.pth
2025-06-14 20:38:57 - phase4_finetuning.finetune.trainer - INFO - [run:72] - --- Starting Epoch 24/100 ---
2025-06-14 20:42:14 - phase4_finetuning.finetune.trainer - INFO - [_validate_one_epoch:187] - Validation Epoch 24: Loss=1.9348, Accuracy=0.4551, F1-Macro=0.4210
2025-06-14 20:42:14 - phase4_finetuning.finetune.trainer - INFO - [run:83] - Epoch 24: New best metric! f1_macro = 0.4210 (previously 0.3971)
2025-06-14 20:42:14 - phase4_finetuning.finetune.trainer - INFO - [_save_checkpoint:388] - Saving best model checkpoint to /teamspace/studios/this_studio/cvpr25/phase4_finetuning/logs_finetune/07_sota_comparison_resnet101_20250614-193200/checkpoints/best_model.pth
2025-06-14 20:42:16 - phase4_finetuning.finetune.trainer - INFO - [run:72] - --- Starting Epoch 25/100 ---
2025-06-14 20:45:33 - phase4_finetuning.finetune.trainer - INFO - [_validate_one_epoch:187] - Validation Epoch 25: Loss=1.9337, Accuracy=0.4792, F1-Macro=0.4480
2025-06-14 20:45:33 - phase4_finetuning.finetune.trainer - INFO - [run:83] - Epoch 25: New best metric! f1_macro = 0.4480 (previously 0.4210)
2025-06-14 20:45:33 - phase4_finetuning.finetune.trainer - INFO - [_save_checkpoint:388] - Saving best model checkpoint to /teamspace/studios/this_studio/cvpr25/phase4_finetuning/logs_finetune/07_sota_comparison_resnet101_20250614-193200/checkpoints/best_model.pth
2025-06-14 20:45:35 - phase4_finetuning.finetune.trainer - INFO - [run:72] - --- Starting Epoch 26/100 ---
2025-06-14 20:48:51 - phase4_finetuning.finetune.trainer - INFO - [_validate_one_epoch:187] - Validation Epoch 26: Loss=1.9325, Accuracy=0.4923, F1-Macro=0.4612
2025-06-14 20:48:51 - phase4_finetuning.finetune.trainer - INFO - [run:83] - Epoch 26: New best metric! f1_macro = 0.4612 (previously 0.4480)
2025-06-14 20:48:51 - phase4_finetuning.finetune.trainer - INFO - [_save_checkpoint:388] - Saving best model checkpoint to /teamspace/studios/this_studio/cvpr25/phase4_finetuning/logs_finetune/07_sota_comparison_resnet101_20250614-193200/checkpoints/best_model.pth
2025-06-14 20:48:53 - phase4_finetuning.finetune.trainer - INFO - [run:72] - --- Starting Epoch 27/100 ---
