2025-06-01 17:44:28 - root - INFO - [setup_logging:75] - Logging configured. Log file: /teamspace/studios/this_studio/cvpr25/phase4_finetuning/logs_finetune_high_performance_v2/finetune_hvt_high_performance_v2_20250601_174428.log. Logger 'root' Effective Level: INFO
2025-06-01 17:44:28 - root - INFO - [main:457] - Starting finetuning process (High Performance V2 Strategy):
2025-06-01 17:44:28 - root - INFO - [main:465] -   seed: 42
2025-06-01 17:44:28 - root - INFO - [main:465] -   device: cuda
2025-06-01 17:44:28 - root - INFO - [main:465] -   log_dir: logs_finetune_high_performance_v2
2025-06-01 17:44:28 - root - INFO - [main:465] -   resume_from_checkpoint: /teamspace/studios/this_studio/cvpr25/phase4_finetuning/logs_finetune_optimized_strategy_v1_stable/checkpoints_optimized_strategy_v1_stable/best_finetuned_hvt_optimized_strategy_v1_stable.pth
2025-06-01 17:44:28 - root - INFO - [main:465] -   data_root: /teamspace/studios/this_studio/cvpr25/SAR-CLD-2024 A Comprehensive Dataset for Cotton Leaf Disease Detection
2025-06-01 17:44:28 - root - INFO - [main:465] -   img_size: (512, 512)
2025-06-01 17:44:28 - root - INFO - [main:465] -   num_classes: 7
2025-06-01 17:44:28 - root - INFO - [main:465] -   epochs: 250
2025-06-01 17:44:28 - root - INFO - [main:465] -   batch_size: 6
2025-06-01 17:44:28 - root - INFO - [main:465] -   accumulation_steps: 8
2025-06-01 17:44:28 - root - INFO - [main:465] -   optimizer: AdamW
2025-06-01 17:44:28 - root - INFO - [main:465] -   scheduler: OneCycleLR
2025-06-01 17:44:28 - root - INFO - [main:465] -   loss_function: combined
2025-06-01 17:44:28 - root - INFO - [main:465] -   metric_to_monitor_early_stopping: f1_macro
2025-06-01 17:44:28 - root - INFO - [main:465] -   early_stopping_patience: 40
2025-06-01 17:44:28 - root - INFO - [main:465] -   progressive_unfreezing: True
2025-06-01 17:44:28 - root - INFO - [main:465] -   freeze_backbone_epochs: 3
2025-06-01 17:44:28 - root - INFO - [main:465] -   use_ema: True
2025-06-01 17:44:28 - root - INFO - [main:465] -   use_swa: True
2025-06-01 17:44:28 - root - INFO - [main:465] -   amp_enabled: True
2025-06-01 17:44:28 - root - INFO - [main:467] -   HVT Model Key Params: patch_size=14, depths=[3, 6, 24, 3], embed_dim_rgb=192
2025-06-01 17:44:28 - root - INFO - [main:474] - Device: cuda. Seed: 42. CudNN Benchmark: True.
2025-06-01 17:44:28 - root - WARNING - [main:482] - Could not infer class_names from dummy dataset (SARCLD2024Dataset.__init__() got an unexpected keyword argument 'transform'). Using generic names: C0, C1, ...
2025-06-01 17:44:28 - root - INFO - [main:484] - Class names (7 total): ['C0', 'C1', 'C2', 'C3', 'C4', 'C5', 'C6']
2025-06-01 17:44:28 - root - INFO - [get_data_loaders:189] - Creating DataLoaders with image size: (512, 512)
2025-06-01 17:44:28 - phase4_finetuning.utils.augmentations - INFO - [create_cotton_leaf_augmentation:437] - Creating augmentation strategy: 'aggressive_medical' for cotton leaf disease
