2025-06-02 06:27:11 - root - INFO - [setup_logging:75] - Logging configured. Log file: /teamspace/studios/this_studio/cvpr25/phase4_finetuning/logs_finetune_high_performance_v2/finetune_hvt_high_performance_v2_20250602_062711.log. Logger 'root' Effective Level: INFO
2025-06-02 06:27:11 - root - INFO - [main:509] - Starting finetuning process (High Performance V2 Strategy):
2025-06-02 06:27:11 - root - INFO - [main:516] -   seed: 42
2025-06-02 06:27:11 - root - INFO - [main:516] -   device: cuda
2025-06-02 06:27:11 - root - INFO - [main:516] -   log_dir: logs_finetune_high_performance_v2
2025-06-02 06:27:11 - root - INFO - [main:516] -   resume_from_checkpoint: /teamspace/studios/this_studio/cvpr25/phase4_finetuning/logs_finetune_optimized_strategy_v1_stable/checkpoints_optimized_strategy_v1_stable/best_finetuned_hvt_optimized_strategy_v1_stable.pth
2025-06-02 06:27:11 - root - INFO - [main:516] -   data_root: /teamspace/studios/this_studio/cvpr25/SAR-CLD-2024 A Comprehensive Dataset for Cotton Leaf Disease Detection
2025-06-02 06:27:11 - root - INFO - [main:516] -   img_size: (512, 512)
2025-06-02 06:27:11 - root - INFO - [main:516] -   num_classes: 7
2025-06-02 06:27:11 - root - INFO - [main:516] -   epochs: 250
2025-06-02 06:27:11 - root - INFO - [main:516] -   batch_size: 6
2025-06-02 06:27:11 - root - INFO - [main:516] -   accumulation_steps: 8
2025-06-02 06:27:11 - root - INFO - [main:516] -   optimizer: AdamW
2025-06-02 06:27:11 - root - INFO - [main:516] -   scheduler: OneCycleLR
2025-06-02 06:27:11 - root - INFO - [main:516] -   loss_function: combined
2025-06-02 06:27:11 - root - INFO - [main:516] -   metric_to_monitor_early_stopping: f1_macro
2025-06-02 06:27:11 - root - INFO - [main:516] -   early_stopping_patience: 40
2025-06-02 06:27:11 - root - INFO - [main:516] -   progressive_unfreezing: True
2025-06-02 06:27:11 - root - INFO - [main:516] -   freeze_backbone_epochs: 3
2025-06-02 06:27:11 - root - INFO - [main:516] -   use_ema: True
2025-06-02 06:27:11 - root - INFO - [main:516] -   use_swa: True
2025-06-02 06:27:11 - root - INFO - [main:516] -   amp_enabled: True
2025-06-02 06:27:11 - root - INFO - [main:518] -   HVT Model Key Params (before potential modification for create_disease_aware_hvt): patch_size=14, depths=[3, 6, 24, 3], embed_dim_rgb=192
2025-06-02 06:27:11 - root - INFO - [main:525] - Device: cuda. Seed: 42. CudNN Benchmark: True.
2025-06-02 06:27:11 - root - INFO - [main:538] - Arguments for Dummy SARCLD2024Dataset: {'root_dir': '/teamspace/studios/this_studio/cvpr25/SAR-CLD-2024 A Comprehensive Dataset for Cotton Leaf Disease Detection', 'split': 'train', 'img_size': (512, 512), 'train_split_ratio': 0.9, 'original_dataset_name': 'Original Dataset', 'augmented_dataset_name': 'Augmented Dataset', 'random_seed': 42}
2025-06-02 06:27:11 - phase4_finetuning.dataset - INFO - [__init__:56] - [DATASET INIT - train] Root: /teamspace/studios/this_studio/cvpr25/SAR-CLD-2024 A Comprehensive Dataset for Cotton Leaf Disease Detection, ImgSize: (512, 512)
2025-06-02 06:27:11 - phase4_finetuning.dataset - INFO - [__init__:76] - [DATASET INIT - train] Scanning: /teamspace/studios/this_studio/cvpr25/SAR-CLD-2024 A Comprehensive Dataset for Cotton Leaf Disease Detection/Original Dataset
2025-06-02 06:27:11 - phase4_finetuning.dataset - INFO - [__init__:76] - [DATASET INIT - train] Scanning: /teamspace/studios/this_studio/cvpr25/SAR-CLD-2024 A Comprehensive Dataset for Cotton Leaf Disease Detection/Augmented Dataset
2025-06-02 06:27:13 - phase4_finetuning.dataset - INFO - [__init__:107] - [DATASET INIT - train] Total valid image paths collected: 9137 from ~9137 items considered.
2025-06-02 06:27:13 - phase4_finetuning.dataset - INFO - [__init__:119] - [DATASET INIT - train] Dataset split size: 8223 samples.
2025-06-02 06:27:13 - root - INFO - [main:550] - Class names (7 total): ['Bacterial Blight', 'Curl Virus', 'Healthy Leaf', 'Herbicide Growth Damage', 'Leaf Hopper Jassids', 'Leaf Redding', 'Leaf Variegation']
2025-06-02 06:27:13 - root - INFO - [get_data_loaders:209] - Creating DataLoaders with image size: (512, 512)
2025-06-02 06:27:13 - root - INFO - [get_data_loaders:210] - SARCLD2024Dataset will use its internal base transforms. External train_aug_obj/eval_transform are not passed to its constructor.
2025-06-02 06:27:13 - root - INFO - [get_data_loaders:233] - Arguments for Train SARCLD2024Dataset: {'root_dir': '/teamspace/studios/this_studio/cvpr25/SAR-CLD-2024 A Comprehensive Dataset for Cotton Leaf Disease Detection', 'split': 'train', 'img_size': (512, 512), 'train_split_ratio': 0.9, 'original_dataset_name': 'Original Dataset', 'augmented_dataset_name': 'Augmented Dataset', 'random_seed': 42}
2025-06-02 06:27:13 - phase4_finetuning.dataset - INFO - [__init__:56] - [DATASET INIT - train] Root: /teamspace/studios/this_studio/cvpr25/SAR-CLD-2024 A Comprehensive Dataset for Cotton Leaf Disease Detection, ImgSize: (512, 512)
2025-06-02 06:27:13 - phase4_finetuning.dataset - INFO - [__init__:76] - [DATASET INIT - train] Scanning: /teamspace/studios/this_studio/cvpr25/SAR-CLD-2024 A Comprehensive Dataset for Cotton Leaf Disease Detection/Original Dataset
2025-06-02 06:27:13 - phase4_finetuning.dataset - INFO - [__init__:76] - [DATASET INIT - train] Scanning: /teamspace/studios/this_studio/cvpr25/SAR-CLD-2024 A Comprehensive Dataset for Cotton Leaf Disease Detection/Augmented Dataset
2025-06-02 06:27:14 - phase4_finetuning.dataset - INFO - [__init__:107] - [DATASET INIT - train] Total valid image paths collected: 9137 from ~9137 items considered.
2025-06-02 06:27:14 - phase4_finetuning.dataset - INFO - [__init__:119] - [DATASET INIT - train] Dataset split size: 8223 samples.
2025-06-02 06:27:14 - root - INFO - [get_data_loaders:241] - Arguments for Validation SARCLD2024Dataset: {'root_dir': '/teamspace/studios/this_studio/cvpr25/SAR-CLD-2024 A Comprehensive Dataset for Cotton Leaf Disease Detection', 'split': 'val', 'img_size': (512, 512), 'train_split_ratio': 0.9, 'original_dataset_name': 'Original Dataset', 'augmented_dataset_name': 'Augmented Dataset', 'random_seed': 42}
2025-06-02 06:27:14 - phase4_finetuning.dataset - INFO - [__init__:56] - [DATASET INIT - val] Root: /teamspace/studios/this_studio/cvpr25/SAR-CLD-2024 A Comprehensive Dataset for Cotton Leaf Disease Detection, ImgSize: (512, 512)
2025-06-02 06:27:14 - phase4_finetuning.dataset - INFO - [__init__:76] - [DATASET INIT - val] Scanning: /teamspace/studios/this_studio/cvpr25/SAR-CLD-2024 A Comprehensive Dataset for Cotton Leaf Disease Detection/Original Dataset
2025-06-02 06:27:14 - phase4_finetuning.dataset - INFO - [__init__:76] - [DATASET INIT - val] Scanning: /teamspace/studios/this_studio/cvpr25/SAR-CLD-2024 A Comprehensive Dataset for Cotton Leaf Disease Detection/Augmented Dataset
2025-06-02 06:27:15 - phase4_finetuning.dataset - INFO - [__init__:107] - [DATASET INIT - val] Total valid image paths collected: 9137 from ~9137 items considered.
2025-06-02 06:27:15 - phase4_finetuning.dataset - INFO - [__init__:119] - [DATASET INIT - val] Dataset split size: 914 samples.
2025-06-02 06:27:15 - root - INFO - [get_data_loaders:251] - Arguments for Test SARCLD2024Dataset: {'root_dir': '/teamspace/studios/this_studio/cvpr25/SAR-CLD-2024 A Comprehensive Dataset for Cotton Leaf Disease Detection', 'split': 'test', 'img_size': (512, 512), 'train_split_ratio': 0.9, 'original_dataset_name': 'Original Dataset', 'augmented_dataset_name': 'Augmented Dataset', 'random_seed': 42}
2025-06-02 06:27:15 - phase4_finetuning.dataset - INFO - [__init__:56] - [DATASET INIT - test] Root: /teamspace/studios/this_studio/cvpr25/SAR-CLD-2024 A Comprehensive Dataset for Cotton Leaf Disease Detection, ImgSize: (512, 512)
2025-06-02 06:27:15 - phase4_finetuning.dataset - INFO - [__init__:76] - [DATASET INIT - test] Scanning: /teamspace/studios/this_studio/cvpr25/SAR-CLD-2024 A Comprehensive Dataset for Cotton Leaf Disease Detection/Original Dataset
2025-06-02 06:27:15 - phase4_finetuning.dataset - INFO - [__init__:76] - [DATASET INIT - test] Scanning: /teamspace/studios/this_studio/cvpr25/SAR-CLD-2024 A Comprehensive Dataset for Cotton Leaf Disease Detection/Augmented Dataset
2025-06-02 06:27:16 - phase4_finetuning.dataset - INFO - [__init__:107] - [DATASET INIT - test] Total valid image paths collected: 9137 from ~9137 items considered.
2025-06-02 06:27:16 - phase4_finetuning.dataset - INFO - [__init__:119] - [DATASET INIT - test] Dataset split size: 914 samples.
2025-06-02 06:27:16 - root - INFO - [create_weighted_sampler:173] - WeightedRandomSampler created with mode: inv_count.
2025-06-02 06:27:16 - root - INFO - [setup_model_optimizer_scheduler:351] - Removed 'spectral_channels' (value: 0) from HVT params before model creation, as it's not accepted by create_disease_aware_hvt.
2025-06-02 06:27:16 - root - INFO - [setup_model_optimizer_scheduler:351] - Removed 'patch_size' (value: 14) from HVT params before model creation, as it's not accepted by create_disease_aware_hvt.
2025-06-02 06:27:16 - root - INFO - [setup_model_optimizer_scheduler:351] - Removed 'embed_dim_rgb' (value: 192) from HVT params before model creation, as it's not accepted by create_disease_aware_hvt.
2025-06-02 06:27:16 - root - INFO - [setup_model_optimizer_scheduler:351] - Removed 'embed_dim_spectral' (value: 192) from HVT params before model creation, as it's not accepted by create_disease_aware_hvt.
2025-06-02 06:27:16 - root - INFO - [setup_model_optimizer_scheduler:353] - Final HVT params for create_disease_aware_hvt: {'depths': [3, 6, 24, 3], 'num_heads': [6, 12, 24, 48], 'mlp_ratio': 4.0, 'qkv_bias': True, 'model_drop_rate': 0.15, 'attn_drop_rate': 0.1, 'drop_path_rate': 0.2, 'norm_layer_name': 'LayerNorm', 'use_dfca': False, 'use_gradient_checkpointing': True, 'ssl_enable_mae': False, 'ssl_enable_contrastive': False, 'enable_consistency_loss_heads': False, 'dfca_embed_dim_match_rgb': True, 'dfca_num_heads': 32, 'dfca_drop_rate': 0.1, 'dfca_use_disease_mask': True, 'ssl_mae_mask_ratio': 0.75, 'ssl_mae_decoder_dim': 64, 'ssl_mae_norm_pix_loss': True, 'ssl_contrastive_projector_dim': 128, 'ssl_contrastive_projector_depth': 2, 'layer_wise_lr_decay': 0.8, 'img_size': (512, 512), 'num_classes': 7}
