2025-06-02 05:39:29 - root - INFO - [setup_logging:75] - Logging configured. Log file: /teamspace/studios/this_studio/cvpr25/phase4_finetuning/logs_finetune_high_performance_v2/finetune_hvt_high_performance_v2_20250602_053929.log. Logger 'root' Effective Level: INFO
2025-06-02 05:39:29 - root - INFO - [main:482] - Starting finetuning process (High Performance V2 Strategy):
2025-06-02 05:39:29 - root - INFO - [main:489] -   seed: 42
2025-06-02 05:39:29 - root - INFO - [main:489] -   device: cuda
2025-06-02 05:39:29 - root - INFO - [main:489] -   log_dir: logs_finetune_high_performance_v2
2025-06-02 05:39:29 - root - INFO - [main:489] -   resume_from_checkpoint: /teamspace/studios/this_studio/cvpr25/phase4_finetuning/logs_finetune_optimized_strategy_v1_stable/checkpoints_optimized_strategy_v1_stable/best_finetuned_hvt_optimized_strategy_v1_stable.pth
2025-06-02 05:39:29 - root - INFO - [main:489] -   data_root: /teamspace/studios/this_studio/cvpr25/SAR-CLD-2024 A Comprehensive Dataset for Cotton Leaf Disease Detection
2025-06-02 05:39:29 - root - INFO - [main:489] -   img_size: (512, 512)
2025-06-02 05:39:29 - root - INFO - [main:489] -   num_classes: 7
2025-06-02 05:39:29 - root - INFO - [main:489] -   epochs: 250
2025-06-02 05:39:29 - root - INFO - [main:489] -   batch_size: 6
2025-06-02 05:39:29 - root - INFO - [main:489] -   accumulation_steps: 8
2025-06-02 05:39:29 - root - INFO - [main:489] -   optimizer: AdamW
2025-06-02 05:39:29 - root - INFO - [main:489] -   scheduler: OneCycleLR
2025-06-02 05:39:29 - root - INFO - [main:489] -   loss_function: combined
2025-06-02 05:39:29 - root - INFO - [main:489] -   metric_to_monitor_early_stopping: f1_macro
2025-06-02 05:39:29 - root - INFO - [main:489] -   early_stopping_patience: 40
2025-06-02 05:39:29 - root - INFO - [main:489] -   progressive_unfreezing: True
2025-06-02 05:39:29 - root - INFO - [main:489] -   freeze_backbone_epochs: 3
2025-06-02 05:39:29 - root - INFO - [main:489] -   use_ema: True
2025-06-02 05:39:29 - root - INFO - [main:489] -   use_swa: True
2025-06-02 05:39:29 - root - INFO - [main:489] -   amp_enabled: True
2025-06-02 05:39:29 - root - INFO - [main:491] -   HVT Model Key Params: patch_size=14, depths=[3, 6, 24, 3], embed_dim_rgb=192
2025-06-02 05:39:29 - root - INFO - [main:498] - Device: cuda. Seed: 42. CudNN Benchmark: True.
2025-06-02 05:39:29 - root - WARNING - [main:514] - Could not infer class_names from dummy dataset (SARCLD2024Dataset.__init__() got an unexpected keyword argument 'transform'). Using generic names: C0, C1, ...
2025-06-02 05:39:29 - root - INFO - [main:516] - Class names (7 total): ['C0', 'C1', 'C2', 'C3', 'C4', 'C5', 'C6']
2025-06-02 05:39:29 - root - INFO - [get_data_loaders:189] - Creating DataLoaders with image size: (512, 512)
2025-06-02 05:39:29 - phase4_finetuning.utils.augmentations - INFO - [create_cotton_leaf_augmentation:342] - Creating augmentation strategy: 'aggressive_medical' for image size (512, 512)
2025-06-02 05:39:29 - phase4_finetuning.utils.augmentations - INFO - [create_cotton_leaf_augmentation:351] - Strategy 'aggressive_medical' using CottonLeafDiseaseAugmentation with severity 'strong'
2025-06-02 05:39:29 - phase4_finetuning.utils.augmentations - INFO - [__init__:101] - CottonLeafDiseaseAugmentation using severity 'strong' with params: {'rotation_degrees': 35, 'color_jitter_params': (0.4, 0.4, 0.3, 0.2), 'translate': (0.2, 0.2), 'scale': (0.6, 1.4), 'shear': 15, 'perspective_prob': 0.5, 'perspective_scale': 0.3, 'blur_prob': 0.3, 'blur_kernel': (3, 11), 'blur_sigma': (0.1, 2.0), 'erase_prob': 0.2, 'erase_scale': (0.02, 0.15), 'lighting_prob': 0.6, 'shadow_prob': 0.5, 'noise_prob': 0.4}
2025-06-02 05:39:29 - root - ERROR - [get_data_loaders:242] - Error creating datasets: SARCLD2024Dataset.__init__() got an unexpected keyword argument 'transform'. Check SARCLD2024Dataset and paths (Potentially 'transform' arg name is incorrect or other args mismatch).
