2025-06-02 06:03:26 - root - INFO - [setup_logging:75] - Logging configured. Log file: /teamspace/studios/this_studio/cvpr25/phase4_finetuning/logs_finetune_high_performance_v2/finetune_hvt_high_performance_v2_20250602_060326.log. Logger 'root' Effective Level: INFO
2025-06-02 06:03:26 - root - INFO - [main:530] - Starting finetuning process (High Performance V2 Strategy):
2025-06-02 06:03:26 - root - INFO - [main:537] -   seed: 42
2025-06-02 06:03:26 - root - INFO - [main:537] -   device: cuda
2025-06-02 06:03:26 - root - INFO - [main:537] -   log_dir: logs_finetune_high_performance_v2
2025-06-02 06:03:26 - root - INFO - [main:537] -   resume_from_checkpoint: /teamspace/studios/this_studio/cvpr25/phase4_finetuning/logs_finetune_optimized_strategy_v1_stable/checkpoints_optimized_strategy_v1_stable/best_finetuned_hvt_optimized_strategy_v1_stable.pth
2025-06-02 06:03:26 - root - INFO - [main:537] -   data_root: /teamspace/studios/this_studio/cvpr25/SAR-CLD-2024 A Comprehensive Dataset for Cotton Leaf Disease Detection
2025-06-02 06:03:26 - root - INFO - [main:537] -   img_size: (512, 512)
2025-06-02 06:03:26 - root - INFO - [main:537] -   num_classes: 7
2025-06-02 06:03:26 - root - INFO - [main:537] -   epochs: 250
2025-06-02 06:03:26 - root - INFO - [main:537] -   batch_size: 6
2025-06-02 06:03:26 - root - INFO - [main:537] -   accumulation_steps: 8
2025-06-02 06:03:26 - root - INFO - [main:537] -   optimizer: AdamW
2025-06-02 06:03:26 - root - INFO - [main:537] -   scheduler: OneCycleLR
2025-06-02 06:03:26 - root - INFO - [main:537] -   loss_function: combined
2025-06-02 06:03:26 - root - INFO - [main:537] -   metric_to_monitor_early_stopping: f1_macro
2025-06-02 06:03:26 - root - INFO - [main:537] -   early_stopping_patience: 40
2025-06-02 06:03:26 - root - INFO - [main:537] -   progressive_unfreezing: True
2025-06-02 06:03:26 - root - INFO - [main:537] -   freeze_backbone_epochs: 3
2025-06-02 06:03:26 - root - INFO - [main:537] -   use_ema: True
2025-06-02 06:03:26 - root - INFO - [main:537] -   use_swa: True
2025-06-02 06:03:26 - root - INFO - [main:537] -   amp_enabled: True
2025-06-02 06:03:26 - root - INFO - [main:539] -   HVT Model Key Params: patch_size=14, depths=[3, 6, 24, 3], embed_dim_rgb=192
2025-06-02 06:03:26 - root - INFO - [main:546] - Device: cuda. Seed: 42. CudNN Benchmark: True.
2025-06-02 06:03:26 - root - WARNING - [main:566] - Could not infer class_names from dummy dataset (SARCLD2024Dataset.__init__() got an unexpected keyword argument 'normalize_for_model'). Using generic names: C0, C1, ...
2025-06-02 06:03:26 - root - INFO - [main:568] - Class names (7 total): ['C0', 'C1', 'C2', 'C3', 'C4', 'C5', 'C6']
2025-06-02 06:03:26 - root - INFO - [get_data_loaders:211] - Creating DataLoaders with image size: (512, 512)
2025-06-02 06:03:26 - root - INFO - [get_data_loaders:228] - SARCLD2024Dataset will use its internal base transforms. External train_aug_obj/eval_transform are not passed to its constructor.
2025-06-02 06:03:26 - root - ERROR - [get_data_loaders:279] - Error creating datasets: SARCLD2024Dataset.__init__() got an unexpected keyword argument 'normalize_for_model'. Check SARCLD2024Dataset arguments and paths.
