2025-06-01 17:52:38 - root - INFO - [setup_logging:75] - Logging configured. Log file: /teamspace/studios/this_studio/cvpr25/phase4_finetuning/logs_finetune_high_performance_v2/finetune_hvt_high_performance_v2_20250601_175238.log. Logger 'root' Effective Level: INFO
2025-06-01 17:52:38 - root - INFO - [main:373] - Starting finetuning process (High Performance V2 Strategy):
2025-06-01 17:52:38 - root - INFO - [main:376] -   seed: 42
2025-06-01 17:52:38 - root - INFO - [main:376] -   device: cuda
2025-06-01 17:52:38 - root - INFO - [main:376] -   log_dir: logs_finetune_high_performance_v2
2025-06-01 17:52:38 - root - INFO - [main:376] -   resume_from_checkpoint: /teamspace/studios/this_studio/cvpr25/phase4_finetuning/logs_finetune_optimized_strategy_v1_stable/checkpoints_optimized_strategy_v1_stable/best_finetuned_hvt_optimized_strategy_v1_stable.pth
2025-06-01 17:52:38 - root - INFO - [main:376] -   data_root: /teamspace/studios/this_studio/cvpr25/SAR-CLD-2024 A Comprehensive Dataset for Cotton Leaf Disease Detection
2025-06-01 17:52:38 - root - INFO - [main:376] -   img_size: (512, 512)
2025-06-01 17:52:38 - root - INFO - [main:376] -   num_classes: 7
2025-06-01 17:52:38 - root - INFO - [main:376] -   epochs: 250
2025-06-01 17:52:38 - root - INFO - [main:376] -   batch_size: 6
2025-06-01 17:52:38 - root - INFO - [main:376] -   accumulation_steps: 8
2025-06-01 17:52:38 - root - INFO - [main:376] -   optimizer: AdamW
2025-06-01 17:52:38 - root - INFO - [main:376] -   scheduler: OneCycleLR
2025-06-01 17:52:38 - root - INFO - [main:376] -   loss_function: combined
2025-06-01 17:52:38 - root - INFO - [main:376] -   metric_to_monitor_early_stopping: f1_macro
2025-06-01 17:52:38 - root - INFO - [main:376] -   early_stopping_patience: 40
2025-06-01 17:52:38 - root - INFO - [main:376] -   progressive_unfreezing: True
2025-06-01 17:52:38 - root - INFO - [main:376] -   freeze_backbone_epochs: 3
2025-06-01 17:52:38 - root - INFO - [main:376] -   use_ema: True
2025-06-01 17:52:38 - root - INFO - [main:376] -   use_swa: True
2025-06-01 17:52:38 - root - INFO - [main:376] -   amp_enabled: True
2025-06-01 17:52:38 - root - INFO - [main:377] -   HVT Params: patch=14, depths=[3, 6, 24, 3], embed_rgb=192
2025-06-01 17:52:38 - root - INFO - [main:381] - Device: cuda. Seed: 42. CudNN Benchmark: True.
2025-06-01 17:52:38 - root - WARNING - [main:389] - TypeError creating dummy dataset (SARCLD2024Dataset.__init__() got an unexpected keyword argument 'num_classes'). Likely SARCLD2024Dataset needs 'transform' default or fix. Using generic class names.
2025-06-01 17:52:38 - root - INFO - [main:393] - Class names (7 total): ['C0', 'C1', 'C2', 'C3', 'C4', 'C5', 'C6']
2025-06-01 17:52:38 - root - INFO - [get_data_loaders:162] - Creating DataLoaders with image size: (512, 512)
2025-06-01 17:52:38 - phase4_finetuning.utils.augmentations - INFO - [create_cotton_leaf_augmentation:342] - Creating augmentation strategy: 'aggressive_medical' for image size (512, 512)
2025-06-01 17:52:38 - phase4_finetuning.utils.augmentations - INFO - [create_cotton_leaf_augmentation:351] - Strategy 'aggressive_medical' using CottonLeafDiseaseAugmentation with severity 'strong'
2025-06-01 17:52:38 - phase4_finetuning.utils.augmentations - INFO - [__init__:101] - CottonLeafDiseaseAugmentation using severity 'strong' with params: {'rotation_degrees': 35, 'color_jitter_params': (0.4, 0.4, 0.3, 0.2), 'translate': (0.2, 0.2), 'scale': (0.6, 1.4), 'shear': 15, 'perspective_prob': 0.5, 'perspective_scale': 0.3, 'blur_prob': 0.3, 'blur_kernel': (3, 11), 'blur_sigma': (0.1, 2.0), 'erase_prob': 0.2, 'erase_scale': (0.02, 0.15), 'lighting_prob': 0.6, 'shadow_prob': 0.5, 'noise_prob': 0.4}
2025-06-01 17:52:38 - root - ERROR - [get_data_loaders:184] - TypeError creating dataset (likely 'transform' kwarg): SARCLD2024Dataset.__init__() got an unexpected keyword argument 'transform'. Ensure SARCLD2024Dataset.__init__ accepts 'transform'.
