2025-06-02 16:38:01 - root - INFO - [setup_logging:75] - Logging configured. Log file: /teamspace/studios/this_studio/cvpr25/phase4_finetuning/logs_finetune_high_performance_v2/finetune_hvt_high_performance_v2_20250602_163801.log. Logger 'root' Effective Level: INFO
2025-06-02 16:38:01 - root - INFO - [main:525] - Starting finetuning process (High Performance V2 Strategy):
2025-06-02 16:38:01 - root - INFO - [main:532] -   seed: 42
2025-06-02 16:38:01 - root - INFO - [main:532] -   device: cuda
2025-06-02 16:38:01 - root - INFO - [main:532] -   log_dir: logs_finetune_high_performance_v2
2025-06-02 16:38:01 - root - INFO - [main:532] -   resume_from_checkpoint: /teamspace/studios/this_studio/cvpr25/phase4_finetuning/logs_finetune_optimized_strategy_v1_stable/checkpoints_optimized_strategy_v1_stable/best_finetuned_hvt_optimized_strategy_v1_stable.pth
2025-06-02 16:38:01 - root - INFO - [main:532] -   data_root: /teamspace/studios/this_studio/cvpr25/SAR-CLD-2024 A Comprehensive Dataset for Cotton Leaf Disease Detection
2025-06-02 16:38:01 - root - INFO - [main:532] -   img_size: (512, 512)
2025-06-02 16:38:01 - root - INFO - [main:532] -   num_classes: 7
2025-06-02 16:38:01 - root - INFO - [main:532] -   epochs: 250
2025-06-02 16:38:01 - root - INFO - [main:532] -   batch_size: 6
2025-06-02 16:38:01 - root - INFO - [main:532] -   accumulation_steps: 8
2025-06-02 16:38:01 - root - INFO - [main:532] -   optimizer: AdamW
2025-06-02 16:38:01 - root - INFO - [main:532] -   scheduler: OneCycleLR
2025-06-02 16:38:01 - root - INFO - [main:532] -   loss_function: combined
2025-06-02 16:38:01 - root - INFO - [main:532] -   metric_to_monitor_early_stopping: f1_macro
2025-06-02 16:38:01 - root - INFO - [main:532] -   early_stopping_patience: 40
2025-06-02 16:38:01 - root - INFO - [main:532] -   progressive_unfreezing: True
2025-06-02 16:38:01 - root - INFO - [main:532] -   freeze_backbone_epochs: 3
2025-06-02 16:38:01 - root - INFO - [main:532] -   use_ema: True
2025-06-02 16:38:01 - root - INFO - [main:532] -   use_swa: True
2025-06-02 16:38:01 - root - INFO - [main:532] -   amp_enabled: True
2025-06-02 16:38:01 - root - INFO - [main:534] -   HVT Model Key Params (before potential modification for create_disease_aware_hvt): patch_size=14, depths=[3, 6, 24, 3], embed_dim_rgb=192
2025-06-02 16:38:01 - root - INFO - [main:541] - Device: cuda. Seed: 42. CudNN Benchmark: True.
2025-06-02 16:38:01 - root - INFO - [main:554] - Arguments for Dummy SARCLD2024Dataset: {'root_dir': '/teamspace/studios/this_studio/cvpr25/SAR-CLD-2024 A Comprehensive Dataset for Cotton Leaf Disease Detection', 'split': 'train', 'img_size': (512, 512), 'train_split_ratio': 0.9, 'original_dataset_name': 'Original Dataset', 'augmented_dataset_name': 'Augmented Dataset', 'random_seed': 42}
2025-06-02 16:38:01 - phase4_finetuning.dataset - INFO - [__init__:56] - [DATASET INIT - train] Root: /teamspace/studios/this_studio/cvpr25/SAR-CLD-2024 A Comprehensive Dataset for Cotton Leaf Disease Detection, ImgSize: (512, 512)
2025-06-02 16:38:01 - phase4_finetuning.dataset - INFO - [__init__:76] - [DATASET INIT - train] Scanning: /teamspace/studios/this_studio/cvpr25/SAR-CLD-2024 A Comprehensive Dataset for Cotton Leaf Disease Detection/Original Dataset
2025-06-02 16:38:01 - phase4_finetuning.dataset - INFO - [__init__:76] - [DATASET INIT - train] Scanning: /teamspace/studios/this_studio/cvpr25/SAR-CLD-2024 A Comprehensive Dataset for Cotton Leaf Disease Detection/Augmented Dataset
2025-06-02 16:38:02 - phase4_finetuning.dataset - INFO - [__init__:107] - [DATASET INIT - train] Total valid image paths collected: 9137 from ~9137 items considered.
2025-06-02 16:38:03 - phase4_finetuning.dataset - INFO - [__init__:119] - [DATASET INIT - train] Dataset split size: 8223 samples.
2025-06-02 16:38:03 - root - INFO - [main:566] - Class names (7 total): ['Bacterial Blight', 'Curl Virus', 'Healthy Leaf', 'Herbicide Growth Damage', 'Leaf Hopper Jassids', 'Leaf Redding', 'Leaf Variegation']
2025-06-02 16:38:03 - root - INFO - [get_data_loaders:209] - Creating DataLoaders with image size: (512, 512)
2025-06-02 16:38:03 - root - INFO - [get_data_loaders:210] - SARCLD2024Dataset will use its internal base transforms. External train_aug_obj/eval_transform are not passed to its constructor.
2025-06-02 16:38:03 - root - INFO - [get_data_loaders:233] - Arguments for Train SARCLD2024Dataset: {'root_dir': '/teamspace/studios/this_studio/cvpr25/SAR-CLD-2024 A Comprehensive Dataset for Cotton Leaf Disease Detection', 'split': 'train', 'img_size': (512, 512), 'train_split_ratio': 0.9, 'original_dataset_name': 'Original Dataset', 'augmented_dataset_name': 'Augmented Dataset', 'random_seed': 42}
2025-06-02 16:38:03 - phase4_finetuning.dataset - INFO - [__init__:56] - [DATASET INIT - train] Root: /teamspace/studios/this_studio/cvpr25/SAR-CLD-2024 A Comprehensive Dataset for Cotton Leaf Disease Detection, ImgSize: (512, 512)
2025-06-02 16:38:03 - phase4_finetuning.dataset - INFO - [__init__:76] - [DATASET INIT - train] Scanning: /teamspace/studios/this_studio/cvpr25/SAR-CLD-2024 A Comprehensive Dataset for Cotton Leaf Disease Detection/Original Dataset
2025-06-02 16:38:03 - phase4_finetuning.dataset - INFO - [__init__:76] - [DATASET INIT - train] Scanning: /teamspace/studios/this_studio/cvpr25/SAR-CLD-2024 A Comprehensive Dataset for Cotton Leaf Disease Detection/Augmented Dataset
2025-06-02 16:38:04 - phase4_finetuning.dataset - INFO - [__init__:107] - [DATASET INIT - train] Total valid image paths collected: 9137 from ~9137 items considered.
2025-06-02 16:38:04 - phase4_finetuning.dataset - INFO - [__init__:119] - [DATASET INIT - train] Dataset split size: 8223 samples.
2025-06-02 16:38:04 - root - INFO - [get_data_loaders:241] - Arguments for Validation SARCLD2024Dataset: {'root_dir': '/teamspace/studios/this_studio/cvpr25/SAR-CLD-2024 A Comprehensive Dataset for Cotton Leaf Disease Detection', 'split': 'val', 'img_size': (512, 512), 'train_split_ratio': 0.9, 'original_dataset_name': 'Original Dataset', 'augmented_dataset_name': 'Augmented Dataset', 'random_seed': 42}
2025-06-02 16:38:04 - phase4_finetuning.dataset - INFO - [__init__:56] - [DATASET INIT - val] Root: /teamspace/studios/this_studio/cvpr25/SAR-CLD-2024 A Comprehensive Dataset for Cotton Leaf Disease Detection, ImgSize: (512, 512)
2025-06-02 16:38:04 - phase4_finetuning.dataset - INFO - [__init__:76] - [DATASET INIT - val] Scanning: /teamspace/studios/this_studio/cvpr25/SAR-CLD-2024 A Comprehensive Dataset for Cotton Leaf Disease Detection/Original Dataset
2025-06-02 16:38:04 - phase4_finetuning.dataset - INFO - [__init__:76] - [DATASET INIT - val] Scanning: /teamspace/studios/this_studio/cvpr25/SAR-CLD-2024 A Comprehensive Dataset for Cotton Leaf Disease Detection/Augmented Dataset
2025-06-02 16:38:05 - phase4_finetuning.dataset - INFO - [__init__:107] - [DATASET INIT - val] Total valid image paths collected: 9137 from ~9137 items considered.
2025-06-02 16:38:05 - phase4_finetuning.dataset - INFO - [__init__:119] - [DATASET INIT - val] Dataset split size: 914 samples.
2025-06-02 16:38:05 - root - INFO - [get_data_loaders:251] - Arguments for Test SARCLD2024Dataset: {'root_dir': '/teamspace/studios/this_studio/cvpr25/SAR-CLD-2024 A Comprehensive Dataset for Cotton Leaf Disease Detection', 'split': 'test', 'img_size': (512, 512), 'train_split_ratio': 0.9, 'original_dataset_name': 'Original Dataset', 'augmented_dataset_name': 'Augmented Dataset', 'random_seed': 42}
2025-06-02 16:38:05 - phase4_finetuning.dataset - INFO - [__init__:56] - [DATASET INIT - test] Root: /teamspace/studios/this_studio/cvpr25/SAR-CLD-2024 A Comprehensive Dataset for Cotton Leaf Disease Detection, ImgSize: (512, 512)
2025-06-02 16:38:05 - phase4_finetuning.dataset - INFO - [__init__:76] - [DATASET INIT - test] Scanning: /teamspace/studios/this_studio/cvpr25/SAR-CLD-2024 A Comprehensive Dataset for Cotton Leaf Disease Detection/Original Dataset
2025-06-02 16:38:05 - phase4_finetuning.dataset - INFO - [__init__:76] - [DATASET INIT - test] Scanning: /teamspace/studios/this_studio/cvpr25/SAR-CLD-2024 A Comprehensive Dataset for Cotton Leaf Disease Detection/Augmented Dataset
2025-06-02 16:38:06 - phase4_finetuning.dataset - INFO - [__init__:107] - [DATASET INIT - test] Total valid image paths collected: 9137 from ~9137 items considered.
2025-06-02 16:38:06 - phase4_finetuning.dataset - INFO - [__init__:119] - [DATASET INIT - test] Dataset split size: 914 samples.
2025-06-02 16:38:06 - root - INFO - [create_weighted_sampler:173] - WeightedRandomSampler created with mode: inv_count.
2025-06-02 16:38:06 - root - INFO - [setup_model_optimizer_scheduler:367] - Removed 'spectral_channels' (value: 0) from HVT params before model creation, as it seems not accepted by create_disease_aware_hvt.
2025-06-02 16:38:06 - root - INFO - [setup_model_optimizer_scheduler:367] - Removed 'patch_size' (value: 14) from HVT params before model creation, as it seems not accepted by create_disease_aware_hvt.
2025-06-02 16:38:06 - root - INFO - [setup_model_optimizer_scheduler:367] - Removed 'embed_dim_rgb' (value: 192) from HVT params before model creation, as it seems not accepted by create_disease_aware_hvt.
2025-06-02 16:38:06 - root - INFO - [setup_model_optimizer_scheduler:367] - Removed 'embed_dim_spectral' (value: 192) from HVT params before model creation, as it seems not accepted by create_disease_aware_hvt.
2025-06-02 16:38:06 - root - INFO - [setup_model_optimizer_scheduler:367] - Removed 'depths' (value: [3, 6, 24, 3]) from HVT params before model creation, as it seems not accepted by create_disease_aware_hvt.
2025-06-02 16:38:06 - root - INFO - [setup_model_optimizer_scheduler:367] - Removed 'num_heads' (value: [6, 12, 24, 48]) from HVT params before model creation, as it seems not accepted by create_disease_aware_hvt.
2025-06-02 16:38:06 - root - INFO - [setup_model_optimizer_scheduler:367] - Removed 'mlp_ratio' (value: 4.0) from HVT params before model creation, as it seems not accepted by create_disease_aware_hvt.
2025-06-02 16:38:06 - root - INFO - [setup_model_optimizer_scheduler:367] - Removed 'qkv_bias' (value: True) from HVT params before model creation, as it seems not accepted by create_disease_aware_hvt.
2025-06-02 16:38:06 - root - INFO - [setup_model_optimizer_scheduler:367] - Removed 'model_drop_rate' (value: 0.15) from HVT params before model creation, as it seems not accepted by create_disease_aware_hvt.
2025-06-02 16:38:06 - root - INFO - [setup_model_optimizer_scheduler:367] - Removed 'attn_drop_rate' (value: 0.1) from HVT params before model creation, as it seems not accepted by create_disease_aware_hvt.
2025-06-02 16:38:06 - root - INFO - [setup_model_optimizer_scheduler:367] - Removed 'drop_path_rate' (value: 0.2) from HVT params before model creation, as it seems not accepted by create_disease_aware_hvt.
2025-06-02 16:38:06 - root - INFO - [setup_model_optimizer_scheduler:367] - Removed 'norm_layer_name' (value: LayerNorm) from HVT params before model creation, as it seems not accepted by create_disease_aware_hvt.
2025-06-02 16:38:06 - root - INFO - [setup_model_optimizer_scheduler:367] - Removed 'use_dfca' (value: False) from HVT params before model creation, as it seems not accepted by create_disease_aware_hvt.
2025-06-02 16:38:06 - root - INFO - [setup_model_optimizer_scheduler:367] - Removed 'use_gradient_checkpointing' (value: True) from HVT params before model creation, as it seems not accepted by create_disease_aware_hvt.
2025-06-02 16:38:06 - root - INFO - [setup_model_optimizer_scheduler:367] - Removed 'ssl_enable_mae' (value: False) from HVT params before model creation, as it seems not accepted by create_disease_aware_hvt.
2025-06-02 16:38:06 - root - INFO - [setup_model_optimizer_scheduler:367] - Removed 'ssl_enable_contrastive' (value: False) from HVT params before model creation, as it seems not accepted by create_disease_aware_hvt.
2025-06-02 16:38:06 - root - INFO - [setup_model_optimizer_scheduler:367] - Removed 'enable_consistency_loss_heads' (value: False) from HVT params before model creation, as it seems not accepted by create_disease_aware_hvt.
2025-06-02 16:38:06 - root - INFO - [setup_model_optimizer_scheduler:367] - Removed 'dfca_embed_dim_match_rgb' (value: True) from HVT params before model creation, as it seems not accepted by create_disease_aware_hvt.
2025-06-02 16:38:06 - root - INFO - [setup_model_optimizer_scheduler:367] - Removed 'dfca_num_heads' (value: 32) from HVT params before model creation, as it seems not accepted by create_disease_aware_hvt.
2025-06-02 16:38:06 - root - INFO - [setup_model_optimizer_scheduler:367] - Removed 'dfca_drop_rate' (value: 0.1) from HVT params before model creation, as it seems not accepted by create_disease_aware_hvt.
2025-06-02 16:38:06 - root - INFO - [setup_model_optimizer_scheduler:367] - Removed 'dfca_use_disease_mask' (value: True) from HVT params before model creation, as it seems not accepted by create_disease_aware_hvt.
2025-06-02 16:38:06 - root - INFO - [setup_model_optimizer_scheduler:367] - Removed 'ssl_mae_mask_ratio' (value: 0.75) from HVT params before model creation, as it seems not accepted by create_disease_aware_hvt.
2025-06-02 16:38:06 - root - INFO - [setup_model_optimizer_scheduler:367] - Removed 'ssl_mae_decoder_dim' (value: 64) from HVT params before model creation, as it seems not accepted by create_disease_aware_hvt.
2025-06-02 16:38:06 - root - INFO - [setup_model_optimizer_scheduler:367] - Removed 'ssl_mae_norm_pix_loss' (value: True) from HVT params before model creation, as it seems not accepted by create_disease_aware_hvt.
2025-06-02 16:38:06 - root - INFO - [setup_model_optimizer_scheduler:367] - Removed 'ssl_contrastive_projector_dim' (value: 128) from HVT params before model creation, as it seems not accepted by create_disease_aware_hvt.
2025-06-02 16:38:06 - root - INFO - [setup_model_optimizer_scheduler:367] - Removed 'ssl_contrastive_projector_depth' (value: 2) from HVT params before model creation, as it seems not accepted by create_disease_aware_hvt.
2025-06-02 16:38:06 - root - INFO - [setup_model_optimizer_scheduler:367] - Removed 'layer_wise_lr_decay' (value: 0.8) from HVT params before model creation, as it seems not accepted by create_disease_aware_hvt.
2025-06-02 16:38:06 - root - INFO - [setup_model_optimizer_scheduler:367] - Removed 'img_size' (value: (512, 512)) from HVT params before model creation, as it seems not accepted by create_disease_aware_hvt.
2025-06-02 16:38:06 - root - INFO - [setup_model_optimizer_scheduler:369] - Final HVT params for create_disease_aware_hvt: {'num_classes': 7}
