2025-06-02 05:54:32 - root - INFO - [setup_logging:75] - Logging configured. Log file: /teamspace/studios/this_studio/cvpr25/phase4_finetuning/logs_finetune_high_performance_v2/finetune_hvt_high_performance_v2_20250602_055432.log. Logger 'root' Effective Level: INFO
2025-06-02 05:54:32 - root - INFO - [main:478] - Starting finetuning process (High Performance V2 Strategy):
2025-06-02 05:54:32 - root - INFO - [main:486] -   seed: 42
2025-06-02 05:54:32 - root - INFO - [main:486] -   device: cuda
2025-06-02 05:54:32 - root - INFO - [main:486] -   log_dir: logs_finetune_high_performance_v2
2025-06-02 05:54:32 - root - INFO - [main:486] -   resume_from_checkpoint: /teamspace/studios/this_studio/cvpr25/phase4_finetuning/logs_finetune_optimized_strategy_v1_stable/checkpoints_optimized_strategy_v1_stable/best_finetuned_hvt_optimized_strategy_v1_stable.pth
2025-06-02 05:54:32 - root - INFO - [main:486] -   data_root: /teamspace/studios/this_studio/cvpr25/SAR-CLD-2024 A Comprehensive Dataset for Cotton Leaf Disease Detection
2025-06-02 05:54:32 - root - INFO - [main:486] -   img_size: (512, 512)
2025-06-02 05:54:32 - root - INFO - [main:486] -   num_classes: 7
2025-06-02 05:54:32 - root - INFO - [main:486] -   epochs: 250
2025-06-02 05:54:32 - root - INFO - [main:486] -   batch_size: 6
2025-06-02 05:54:32 - root - INFO - [main:486] -   accumulation_steps: 8
2025-06-02 05:54:32 - root - INFO - [main:486] -   optimizer: AdamW
2025-06-02 05:54:32 - root - INFO - [main:486] -   scheduler: OneCycleLR
2025-06-02 05:54:32 - root - INFO - [main:486] -   loss_function: combined
2025-06-02 05:54:32 - root - INFO - [main:486] -   metric_to_monitor_early_stopping: f1_macro
2025-06-02 05:54:32 - root - INFO - [main:486] -   early_stopping_patience: 40
2025-06-02 05:54:32 - root - INFO - [main:486] -   progressive_unfreezing: True
2025-06-02 05:54:32 - root - INFO - [main:486] -   freeze_backbone_epochs: 3
2025-06-02 05:54:32 - root - INFO - [main:486] -   use_ema: True
2025-06-02 05:54:32 - root - INFO - [main:486] -   use_swa: True
2025-06-02 05:54:32 - root - INFO - [main:486] -   amp_enabled: True
2025-06-02 05:54:32 - root - INFO - [main:488] -   HVT Model Key Params: patch_size=None, depths=[3, 6, 24, 3], embed_dim_rgb=192
2025-06-02 05:54:32 - root - INFO - [main:495] - Device: cuda. Seed: 42. CudNN Benchmark: True.
2025-06-02 05:54:32 - phase4_finetuning.dataset - INFO - [__init__:56] - [DATASET INIT - train] Root: /teamspace/studios/this_studio/cvpr25/SAR-CLD-2024 A Comprehensive Dataset for Cotton Leaf Disease Detection, ImgSize: (512, 512)
2025-06-02 05:54:32 - phase4_finetuning.dataset - INFO - [__init__:76] - [DATASET INIT - train] Scanning: /teamspace/studios/this_studio/cvpr25/SAR-CLD-2024 A Comprehensive Dataset for Cotton Leaf Disease Detection/Original Dataset
2025-06-02 05:54:32 - phase4_finetuning.dataset - INFO - [__init__:76] - [DATASET INIT - train] Scanning: /teamspace/studios/this_studio/cvpr25/SAR-CLD-2024 A Comprehensive Dataset for Cotton Leaf Disease Detection/Augmented Dataset
2025-06-02 05:54:33 - phase4_finetuning.dataset - INFO - [__init__:107] - [DATASET INIT - train] Total valid image paths collected: 9137 from ~9137 items considered.
2025-06-02 05:54:33 - phase4_finetuning.dataset - INFO - [__init__:119] - [DATASET INIT - train] Dataset split size: 8223 samples.
2025-06-02 05:54:33 - root - INFO - [main:515] - Class names (7 total): ['Bacterial Blight', 'Curl Virus', 'Healthy Leaf', 'Herbicide Growth Damage', 'Leaf Hopper Jassids', 'Leaf Redding', 'Leaf Variegation']
2025-06-02 05:54:33 - root - INFO - [get_data_loaders:187] - Creating DataLoaders with image size: (512, 512)
2025-06-02 05:54:33 - phase4_finetuning.utils.augmentations - INFO - [create_cotton_leaf_augmentation:342] - Creating augmentation strategy: 'aggressive_medical' for image size (512, 512)
2025-06-02 05:54:33 - phase4_finetuning.utils.augmentations - INFO - [create_cotton_leaf_augmentation:351] - Strategy 'aggressive_medical' using CottonLeafDiseaseAugmentation with severity 'strong'
2025-06-02 05:54:33 - phase4_finetuning.utils.augmentations - INFO - [__init__:101] - CottonLeafDiseaseAugmentation using severity 'strong' with params: {'rotation_degrees': 35, 'color_jitter_params': (0.4, 0.4, 0.3, 0.2), 'translate': (0.2, 0.2), 'scale': (0.6, 1.4), 'shear': 15, 'perspective_prob': 0.5, 'perspective_scale': 0.3, 'blur_prob': 0.3, 'blur_kernel': (3, 11), 'blur_sigma': (0.1, 2.0), 'erase_prob': 0.2, 'erase_scale': (0.02, 0.15), 'lighting_prob': 0.6, 'shadow_prob': 0.5, 'noise_prob': 0.4}
2025-06-02 05:54:33 - phase4_finetuning.dataset - INFO - [__init__:56] - [DATASET INIT - train] Root: /teamspace/studios/this_studio/cvpr25/SAR-CLD-2024 A Comprehensive Dataset for Cotton Leaf Disease Detection, ImgSize: (512, 512)
2025-06-02 05:54:33 - phase4_finetuning.dataset - INFO - [__init__:76] - [DATASET INIT - train] Scanning: /teamspace/studios/this_studio/cvpr25/SAR-CLD-2024 A Comprehensive Dataset for Cotton Leaf Disease Detection/Original Dataset
2025-06-02 05:54:33 - phase4_finetuning.dataset - INFO - [__init__:76] - [DATASET INIT - train] Scanning: /teamspace/studios/this_studio/cvpr25/SAR-CLD-2024 A Comprehensive Dataset for Cotton Leaf Disease Detection/Augmented Dataset
2025-06-02 05:54:35 - phase4_finetuning.dataset - INFO - [__init__:107] - [DATASET INIT - train] Total valid image paths collected: 9137 from ~9137 items considered.
2025-06-02 05:54:35 - phase4_finetuning.dataset - INFO - [__init__:119] - [DATASET INIT - train] Dataset split size: 8223 samples.
2025-06-02 05:54:35 - phase4_finetuning.dataset - INFO - [__init__:56] - [DATASET INIT - val] Root: /teamspace/studios/this_studio/cvpr25/SAR-CLD-2024 A Comprehensive Dataset for Cotton Leaf Disease Detection, ImgSize: (512, 512)
2025-06-02 05:54:35 - phase4_finetuning.dataset - INFO - [__init__:76] - [DATASET INIT - val] Scanning: /teamspace/studios/this_studio/cvpr25/SAR-CLD-2024 A Comprehensive Dataset for Cotton Leaf Disease Detection/Original Dataset
2025-06-02 05:54:35 - phase4_finetuning.dataset - INFO - [__init__:76] - [DATASET INIT - val] Scanning: /teamspace/studios/this_studio/cvpr25/SAR-CLD-2024 A Comprehensive Dataset for Cotton Leaf Disease Detection/Augmented Dataset
2025-06-02 05:54:37 - phase4_finetuning.dataset - INFO - [__init__:107] - [DATASET INIT - val] Total valid image paths collected: 9137 from ~9137 items considered.
2025-06-02 05:54:37 - phase4_finetuning.dataset - INFO - [__init__:119] - [DATASET INIT - val] Dataset split size: 914 samples.
2025-06-02 05:54:37 - phase4_finetuning.dataset - INFO - [__init__:56] - [DATASET INIT - test] Root: /teamspace/studios/this_studio/cvpr25/SAR-CLD-2024 A Comprehensive Dataset for Cotton Leaf Disease Detection, ImgSize: (512, 512)
2025-06-02 05:54:37 - phase4_finetuning.dataset - INFO - [__init__:76] - [DATASET INIT - test] Scanning: /teamspace/studios/this_studio/cvpr25/SAR-CLD-2024 A Comprehensive Dataset for Cotton Leaf Disease Detection/Original Dataset
2025-06-02 05:54:37 - phase4_finetuning.dataset - INFO - [__init__:76] - [DATASET INIT - test] Scanning: /teamspace/studios/this_studio/cvpr25/SAR-CLD-2024 A Comprehensive Dataset for Cotton Leaf Disease Detection/Augmented Dataset
2025-06-02 05:54:38 - phase4_finetuning.dataset - INFO - [__init__:107] - [DATASET INIT - test] Total valid image paths collected: 9137 from ~9137 items considered.
2025-06-02 05:54:38 - phase4_finetuning.dataset - INFO - [__init__:119] - [DATASET INIT - test] Dataset split size: 914 samples.
2025-06-02 05:54:38 - root - INFO - [create_weighted_sampler:165] - WeightedRandomSampler created with mode: inv_count.
