2025-05-28 18:31:22 - root - INFO - [setup_logging:75] - Logging configured. Log file: /teamspace/studios/this_studio/cvpr25/phase4_finetuning/logs_finetune_ssl_nonorm_lowlr_v1/finetune_hvt_ssl_nonorm_lowlr_v1_20250528_183122.log. Logger 'root' Effective Level: DEBUG
2025-05-28 18:31:22 - __main__ - INFO - [main_execution_logic:191] - ======== Starting Phase 4: HVT Fine-tuning (Run ID: 20250528_183122) ========
2025-05-28 18:31:22 - __main__ - INFO - [main_execution_logic:192] - Full run configuration: {'seed': 42, 'device': 'cuda', 'PACKAGE_ROOT_PATH': '/teamspace/studios/this_studio/cvpr25/phase4_finetuning', 'PROJECT_ROOT_PATH': '/teamspace/studios/this_studio/cvpr25', 'log_dir': 'logs_finetune_ssl_nonorm_lowlr_v1', 'log_file_finetune': 'finetune_hvt_ssl_nonorm_lowlr_v1.log', 'best_model_filename': 'best_finetuned_hvt_ssl_nonorm_lowlr_v1.pth', 'final_model_filename': 'final_finetuned_hvt_ssl_nonorm_lowlr_v1.pth', 'checkpoint_save_dir_name': 'checkpoints_ssl_nonorm_lowlr_v1', 'data_root': '/teamspace/studios/this_studio/cvpr25/SAR-CLD-2024 A Comprehensive Dataset for Cotton Leaf Disease Detection', 'original_dataset_name': 'Original Dataset', 'augmented_dataset_name': 'Augmented Dataset', 'img_size': (448, 448), 'num_classes': 7, 'train_split_ratio': 0.8, 'normalize_data': False, 'use_weighted_sampler': True, 'weighted_sampler_mode': 'inv_freq', 'use_weighted_loss': True, 'num_workers': 4, 'prefetch_factor': 2, 'model_architecture_name': 'DiseaseAwareHVT_SSL_NoNorm_LowLR_Finetune_v1', 'pretrained_checkpoint_path': '/teamspace/studios/this_studio/cvpr25/phase3_pretraining/pretrain_checkpoints_hvt_xl/hvt_xl_simclr_t4_resumed_best_probe.pth', 'load_pretrained_backbone': True, 'hvt_params_for_model_init': {'patch_size': 14, 'embed_dim_rgb': 192, 'embed_dim_spectral': 192, 'spectral_channels': 0, 'depths': [3, 6, 24, 3], 'num_heads': [6, 12, 24, 48], 'mlp_ratio': 4.0, 'qkv_bias': True, 'model_drop_rate': 0.1, 'attn_drop_rate': 0.0, 'drop_path_rate': 0.1, 'norm_layer_name': 'LayerNorm', 'use_dfca': False, 'use_gradient_checkpointing': True, 'ssl_enable_mae': False, 'ssl_enable_contrastive': False, 'enable_consistency_loss_heads': False, 'dfca_embed_dim_match_rgb': True, 'dfca_num_heads': 32, 'dfca_drop_rate': 0.1, 'dfca_use_disease_mask': True, 'ssl_mae_mask_ratio': 0.75, 'ssl_mae_decoder_dim': 64, 'ssl_mae_norm_pix_loss': True, 'ssl_contrastive_projector_dim': 128, 'ssl_contrastive_projector_depth': 2}, 'enable_torch_compile': False, 'torch_compile_mode': 'reduce-overhead', 'matmul_precision': 'high', 'cudnn_benchmark': True, 'freeze_backbone_epochs': 10, 'epochs': 60, 'batch_size': 16, 'accumulation_steps': 2, 'amp_enabled': True, 'clip_grad_norm': 1.0, 'log_interval': 20, 'optimizer': 'AdamW', 'optimizer_params': {'betas': (0.9, 0.999), 'eps': 1e-08}, 'weight_decay': 0.05, 'lr_head_frozen_phase': 5e-05, 'lr_backbone_unfrozen_phase': 1e-05, 'lr_head_unfrozen_phase': 2e-05, 'scheduler': 'WarmupCosine', 'warmup_epochs': 5, 'eta_min_lr': 1e-07, 'loss_label_smoothing': 0.1, 'augmentations_enabled': True, 'evaluate_every_n_epochs': 1, 'early_stopping_patience': 15, 'metric_to_monitor_early_stopping': 'f1_macro', 'tta_enabled_val': False, 'ssl_pretrain_img_size_fallback': (448, 448)}
2025-05-28 18:31:22 - __main__ - INFO - [set_global_seed:69] - Global random seed set to: 42
2025-05-28 18:31:22 - __main__ - INFO - [main_execution_logic:196] - Using device: cuda. GPU: Tesla T4
2025-05-28 18:31:22 - phase4_finetuning.dataset - INFO - [__init__:53] - [DATASET INIT - train] Root: /teamspace/studios/this_studio/cvpr25/SAR-CLD-2024 A Comprehensive Dataset for Cotton Leaf Disease Detection, ImgSize: (448, 448), Normalize: False
2025-05-28 18:31:22 - phase4_finetuning.dataset - INFO - [__init__:74] - [DATASET INIT - train] Scanning: /teamspace/studios/this_studio/cvpr25/SAR-CLD-2024 A Comprehensive Dataset for Cotton Leaf Disease Detection/Original Dataset
2025-05-28 18:31:22 - phase4_finetuning.dataset - INFO - [__init__:74] - [DATASET INIT - train] Scanning: /teamspace/studios/this_studio/cvpr25/SAR-CLD-2024 A Comprehensive Dataset for Cotton Leaf Disease Detection/Augmented Dataset
2025-05-28 18:31:23 - phase4_finetuning.dataset - INFO - [__init__:105] - [DATASET INIT - train] Total valid image paths collected: 9137 from ~9137 items considered.
2025-05-28 18:31:23 - phase4_finetuning.dataset - INFO - [__init__:117] - [DATASET INIT - train] Dataset split size: 7309 samples.
2025-05-28 18:31:23 - phase4_finetuning.dataset - INFO - [__init__:128] - [DATASET INIT - train] Base RGB Transforms: Compose(
      ToImage()
      ToDtype(scale=True)
      Resize(size=[448, 448], interpolation=InterpolationMode.BICUBIC, antialias=True)
)
2025-05-28 18:31:23 - phase4_finetuning.dataset - INFO - [__init__:53] - [DATASET INIT - val] Root: /teamspace/studios/this_studio/cvpr25/SAR-CLD-2024 A Comprehensive Dataset for Cotton Leaf Disease Detection, ImgSize: (448, 448), Normalize: False
2025-05-28 18:31:23 - phase4_finetuning.dataset - INFO - [__init__:74] - [DATASET INIT - val] Scanning: /teamspace/studios/this_studio/cvpr25/SAR-CLD-2024 A Comprehensive Dataset for Cotton Leaf Disease Detection/Original Dataset
2025-05-28 18:31:23 - phase4_finetuning.dataset - INFO - [__init__:74] - [DATASET INIT - val] Scanning: /teamspace/studios/this_studio/cvpr25/SAR-CLD-2024 A Comprehensive Dataset for Cotton Leaf Disease Detection/Augmented Dataset
2025-05-28 18:31:23 - phase4_finetuning.dataset - INFO - [__init__:105] - [DATASET INIT - val] Total valid image paths collected: 9137 from ~9137 items considered.
2025-05-28 18:31:23 - phase4_finetuning.dataset - INFO - [__init__:117] - [DATASET INIT - val] Dataset split size: 1828 samples.
2025-05-28 18:31:23 - phase4_finetuning.dataset - INFO - [__init__:128] - [DATASET INIT - val] Base RGB Transforms: Compose(
      ToImage()
      ToDtype(scale=True)
      Resize(size=[448, 448], interpolation=InterpolationMode.BICUBIC, antialias=True)
)
2025-05-28 18:31:23 - phase4_finetuning.dataset - INFO - [get_class_weights:185] - Computed class weights (inv_freq for loss) for split 'train': [1.029 0.912 1.065 1.014 1.05  0.833 1.172]
2025-05-28 18:31:23 - __main__ - INFO - [main_execution_logic:237] - Using WeightedRandomSampler with 'inv_freq' mode. Per-class weights from dataset: [1.029 0.912 1.065 1.014 1.05  0.833 1.172]
2025-05-28 18:31:23 - __main__ - INFO - [main_execution_logic:254] - WeightedRandomSampler enabled (mode: inv_freq).
2025-05-28 18:31:23 - __main__ - INFO - [main_execution_logic:261] - Dataloaders created. Train batches: 456, Val batches: 115
2025-05-28 18:31:23 - phase2_model.models.hvt - INFO - [create_disease_aware_hvt:602] - Factory: Creating DiseaseAwareHVT for img_size: (448, 448), num_classes: 7
2025-05-28 18:31:26 - phase2_model.models.hvt - INFO - [__init__:325] - HVT: Running RGB stream only. No fusion.
2025-05-28 18:31:28 - phase2_model.models.hvt - INFO - [__init__:359] - DiseaseAwareHVT initialized for image size (448, 448) and 7 classes.
2025-05-28 18:31:28 - __main__.load_and_prepare_hvt_model - INFO - [load_and_prepare_hvt_model:121] - Loading SSL backbone weights from: /teamspace/studios/this_studio/cvpr25/phase3_pretraining/pretrain_checkpoints_hvt_xl/hvt_xl_simclr_t4_resumed_best_probe.pth
2025-05-28 18:31:31 - __main__.load_and_prepare_hvt_model - INFO - [load_and_prepare_hvt_model:133] - SSL and Finetune img_size match: (448, 448).
2025-05-28 18:31:32 - __main__.load_and_prepare_hvt_model - INFO - [load_and_prepare_hvt_model:159] - SSL Backbone weights loaded: 450 direct, 0 PE interpolated, 2 head layers skipped.
2025-05-28 18:31:32 - __main__.load_and_prepare_hvt_model - WARNING - [load_and_prepare_hvt_model:160] - Missing keys when loading SSL backbone: ['classifier_head.weight', 'classifier_head.bias']
2025-05-28 18:31:32 - __main__.load_and_prepare_hvt_model - INFO - [load_and_prepare_hvt_model:166] - Re-initialized HVT classifier_head for 7 classes (in_features=1536).
2025-05-28 18:31:32 - __main__ - INFO - [main_execution_logic:266] - Model ready. Total params: 273,615,751, Trainable params: 273,615,751
2025-05-28 18:31:32 - phase4_finetuning.utils.augmentations - INFO - [__init__:23] - FinetuneAugmentation initialized with enhanced transforms.
2025-05-28 18:31:32 - phase4_finetuning.utils.augmentations - DEBUG - [__init__:24] - Augmentation pipeline: Compose(
      RandomHorizontalFlip(p=0.5)
      RandomVerticalFlip(p=0.3)
      RandomRotation(degrees=[-30.0, 30.0], interpolation=InterpolationMode.NEAREST, expand=False, fill=0)
      ColorJitter(brightness=(0.6, 1.4), contrast=(0.6, 1.4), saturation=(0.7, 1.3), hue=(-0.2, 0.2))
      RandomAffine(degrees=[-15.0, 15.0], translate=(0.2, 0.2), scale=(0.8, 1.2), shear=[-5.0, 5.0], interpolation=InterpolationMode.NEAREST, fill=0)
      RandomApply(    GaussianBlur(kernel_size=(3, 7), sigma=[0.1, 2.0]))
      RandomErasing(p=0.2, scale=(0.02, 0.2), ratio=(0.3, 3.3), value=[0.0], inplace=False)
      RandomSolarize(p=0.1, threshold=0.5)
)
2025-05-28 18:31:32 - __main__ - INFO - [main_execution_logic:280] - Using weighted CrossEntropyLoss. Weights: [1.029 0.912 1.065 1.014 1.05  0.833 1.172]
2025-05-28 18:31:32 - __main__ - INFO - [main_execution_logic:297] - Optimizer initial setup: Backbone frozen. Head LR: 5.00e-05, Backbone LR: 0.00e+00
2025-05-28 18:31:32 - __main__ - INFO - [main_execution_logic:325] - Optimizer: AdamW created with effective defaults: {'lr': 2e-05, 'betas': (0.9, 0.999), 'eps': 1e-08, 'weight_decay': 0.05, 'amsgrad': False, 'foreach': None, 'maximize': False, 'capturable': False, 'differentiable': False, 'fused': None}
2025-05-28 18:31:32 - __main__ - INFO - [main_execution_logic:328] -   Group 'head': Initial LR 5.00e-05, Weight Decay 5.00e-02
2025-05-28 18:31:32 - __main__ - INFO - [main_execution_logic:328] -   Group 'backbone': Initial LR 0.00e+00, Weight Decay 5.00e-02
2025-05-28 18:31:32 - __main__ - INFO - [main_execution_logic:346] - Scheduler: WarmupCosine (per-step). WU Steps: 1140, Total Steps: 13680, Eta Min used by lambda: 1e-07
2025-05-28 18:31:32 - phase4_finetuning.finetune.trainer - INFO - [__init__:44] - Finetuner initialized: device=cuda, accum_steps=2, lr_sched_on_batch=True, AMP=True
2025-05-28 18:31:32 - phase4_finetuning.finetune.trainer - INFO - [__init__:46] - Using training augmentations: FinetuneAugmentation
2025-05-28 18:31:32 - __main__ - INFO - [main_execution_logic:376] - Checkpoints will be saved in: /teamspace/studios/this_studio/cvpr25/phase4_finetuning/logs_finetune_ssl_nonorm_lowlr_v1/checkpoints_ssl_nonorm_lowlr_v1
2025-05-28 18:31:32 - __main__ - DEBUG - [main_execution_logic:380] - DEBUG INIT: Opt Group 0 ('head'): Current LR 0.00e+00, Scheduler Base LR 5.00e-05
2025-05-28 18:31:32 - __main__ - DEBUG - [main_execution_logic:380] - DEBUG INIT: Opt Group 1 ('backbone'): Current LR 0.00e+00, Scheduler Base LR 0.00e+00
2025-05-28 18:31:32 - __main__ - INFO - [main_execution_logic:383] - Starting fine-tuning for 60 epochs. Monitor: 'f1_macro'. Backbone frozen for initial 10 epochs.
2025-05-28 18:31:32 - __main__ - INFO - [main_execution_logic:405] - Epoch 1: Starting in Frozen Backbone phase.
2025-05-28 18:31:32 - __main__ - INFO - [main_execution_logic:410] -   Param group 'head': Current optimizer LR at epoch start: 0.00e+00
2025-05-28 18:31:32 - __main__ - INFO - [main_execution_logic:412] -     LambdaLR base_lr for this group: 5.00e-05
2025-05-28 18:31:32 - __main__ - INFO - [main_execution_logic:410] -   Param group 'backbone': Current optimizer LR at epoch start: 0.00e+00
2025-05-28 18:31:32 - __main__ - INFO - [main_execution_logic:412] -     LambdaLR base_lr for this group: 0.00e+00
2025-05-28 18:32:38 - phase4_finetuning.finetune.trainer - INFO - [train_one_epoch:114] - Epoch 1 training finished. Avg Loss: 2.0180, Final LR for epoch: 1.00e-05, Opt Steps: 228
2025-05-28 18:32:55 - phase4_finetuning.finetune.trainer - INFO - [validate_one_epoch:182] - Validation finished. Avg Loss: 1.9465, accuracy: 0.1822, f1_macro: 0.1310, f1_weighted: 0.1250, precision_macro: 0.1384, precision_weighted: 0.1326, recall_macro: 0.1961, recall_weighted: 0.1822, f1_Bacterial_Blight: 0.0000, f1_Curl_Virus: 0.1129, f1_Healthy_Leaf: 0.0000, f1_Herbicide_Growth_Damage: 0.5499, f1_Leaf_Hopper_Jassids: 0.2469, f1_Leaf_Redding: 0.0000, f1_Leaf_Variegation: 0.0074
2025-05-28 18:32:59 - phase4_finetuning.finetune.trainer - INFO - [save_model_checkpoint:189] - Model checkpoint saved to /teamspace/studios/this_studio/cvpr25/phase4_finetuning/logs_finetune_ssl_nonorm_lowlr_v1/checkpoints_ssl_nonorm_lowlr_v1/best_finetuned_hvt_ssl_nonorm_lowlr_v1.pth
2025-05-28 18:32:59 - __main__ - INFO - [main_execution_logic:465] - E1: New best! Val f1_macro: 0.1310
2025-05-28 18:32:59 - __main__ - INFO - [main_execution_logic:478] - Epoch 1 completed in 86.77s.
2025-05-28 18:32:59 - __main__ - DEBUG - [main_execution_logic:479] - CUDA Mem E1 End: Alloc 1063.4MB, Reserved 1366.0MB
2025-05-28 18:34:03 - phase4_finetuning.finetune.trainer - INFO - [train_one_epoch:114] - Epoch 2 training finished. Avg Loss: 1.8633, Final LR for epoch: 2.00e-05, Opt Steps: 228
2025-05-28 18:34:19 - phase4_finetuning.finetune.trainer - INFO - [validate_one_epoch:182] - Validation finished. Avg Loss: 1.8099, accuracy: 0.2763, f1_macro: 0.1800, f1_weighted: 0.1654, precision_macro: 0.3023, precision_weighted: 0.2810, recall_macro: 0.3026, recall_weighted: 0.2763, f1_Bacterial_Blight: 0.0335, f1_Curl_Virus: 0.0576, f1_Healthy_Leaf: 0.0070, f1_Herbicide_Growth_Damage: 0.5408, f1_Leaf_Hopper_Jassids: 0.1828, f1_Leaf_Redding: 0.0000, f1_Leaf_Variegation: 0.4380
2025-05-28 18:34:23 - phase4_finetuning.finetune.trainer - INFO - [save_model_checkpoint:189] - Model checkpoint saved to /teamspace/studios/this_studio/cvpr25/phase4_finetuning/logs_finetune_ssl_nonorm_lowlr_v1/checkpoints_ssl_nonorm_lowlr_v1/best_finetuned_hvt_ssl_nonorm_lowlr_v1.pth
2025-05-28 18:34:23 - __main__ - INFO - [main_execution_logic:465] - E2: New best! Val f1_macro: 0.1800
2025-05-28 18:34:23 - __main__ - INFO - [main_execution_logic:478] - Epoch 2 completed in 83.46s.
2025-05-28 18:34:23 - __main__ - DEBUG - [main_execution_logic:479] - CUDA Mem E2 End: Alloc 1063.4MB, Reserved 2384.0MB
2025-05-28 18:35:26 - phase4_finetuning.finetune.trainer - INFO - [train_one_epoch:114] - Epoch 3 training finished. Avg Loss: 1.7807, Final LR for epoch: 3.00e-05, Opt Steps: 228
2025-05-28 18:35:42 - phase4_finetuning.finetune.trainer - INFO - [validate_one_epoch:182] - Validation finished. Avg Loss: 1.7128, accuracy: 0.3419, f1_macro: 0.2471, f1_weighted: 0.2505, precision_macro: 0.3425, precision_weighted: 0.3549, recall_macro: 0.3530, recall_weighted: 0.3419, f1_Bacterial_Blight: 0.1300, f1_Curl_Virus: 0.0195, f1_Healthy_Leaf: 0.0211, f1_Herbicide_Growth_Damage: 0.5110, f1_Leaf_Hopper_Jassids: 0.1023, f1_Leaf_Redding: 0.5237, f1_Leaf_Variegation: 0.4218
2025-05-28 18:35:45 - phase4_finetuning.finetune.trainer - INFO - [save_model_checkpoint:189] - Model checkpoint saved to /teamspace/studios/this_studio/cvpr25/phase4_finetuning/logs_finetune_ssl_nonorm_lowlr_v1/checkpoints_ssl_nonorm_lowlr_v1/best_finetuned_hvt_ssl_nonorm_lowlr_v1.pth
2025-05-28 18:35:45 - __main__ - INFO - [main_execution_logic:465] - E3: New best! Val f1_macro: 0.2471
2025-05-28 18:35:45 - __main__ - INFO - [main_execution_logic:478] - Epoch 3 completed in 82.67s.
2025-05-28 18:35:45 - __main__ - DEBUG - [main_execution_logic:479] - CUDA Mem E3 End: Alloc 1063.4MB, Reserved 2384.0MB
2025-05-28 18:36:50 - phase4_finetuning.finetune.trainer - INFO - [train_one_epoch:114] - Epoch 4 training finished. Avg Loss: 1.7268, Final LR for epoch: 4.00e-05, Opt Steps: 228
2025-05-28 18:37:06 - phase4_finetuning.finetune.trainer - INFO - [validate_one_epoch:182] - Validation finished. Avg Loss: 1.6618, accuracy: 0.3725, f1_macro: 0.2937, f1_weighted: 0.2980, precision_macro: 0.3770, precision_weighted: 0.3836, recall_macro: 0.3704, recall_weighted: 0.3725, f1_Bacterial_Blight: 0.2202, f1_Curl_Virus: 0.0964, f1_Healthy_Leaf: 0.1063, f1_Herbicide_Growth_Damage: 0.5067, f1_Leaf_Hopper_Jassids: 0.1086, f1_Leaf_Redding: 0.5578, f1_Leaf_Variegation: 0.4595
2025-05-28 18:37:09 - phase4_finetuning.finetune.trainer - INFO - [save_model_checkpoint:189] - Model checkpoint saved to /teamspace/studios/this_studio/cvpr25/phase4_finetuning/logs_finetune_ssl_nonorm_lowlr_v1/checkpoints_ssl_nonorm_lowlr_v1/best_finetuned_hvt_ssl_nonorm_lowlr_v1.pth
2025-05-28 18:37:09 - __main__ - INFO - [main_execution_logic:465] - E4: New best! Val f1_macro: 0.2937
2025-05-28 18:37:09 - __main__ - INFO - [main_execution_logic:478] - Epoch 4 completed in 84.02s.
2025-05-28 18:37:09 - __main__ - DEBUG - [main_execution_logic:479] - CUDA Mem E4 End: Alloc 1063.4MB, Reserved 2384.0MB
2025-05-28 18:38:15 - phase4_finetuning.finetune.trainer - INFO - [train_one_epoch:114] - Epoch 5 training finished. Avg Loss: 1.6885, Final LR for epoch: 5.00e-05, Opt Steps: 228
2025-05-28 18:38:31 - phase4_finetuning.finetune.trainer - INFO - [validate_one_epoch:182] - Validation finished. Avg Loss: 1.6304, accuracy: 0.3687, f1_macro: 0.2955, f1_weighted: 0.2961, precision_macro: 0.3927, precision_weighted: 0.3907, recall_macro: 0.3607, recall_weighted: 0.3687, f1_Bacterial_Blight: 0.2895, f1_Curl_Virus: 0.0506, f1_Healthy_Leaf: 0.1720, f1_Herbicide_Growth_Damage: 0.5329, f1_Leaf_Hopper_Jassids: 0.1375, f1_Leaf_Redding: 0.4733, f1_Leaf_Variegation: 0.4125
2025-05-28 18:38:35 - phase4_finetuning.finetune.trainer - INFO - [save_model_checkpoint:189] - Model checkpoint saved to /teamspace/studios/this_studio/cvpr25/phase4_finetuning/logs_finetune_ssl_nonorm_lowlr_v1/checkpoints_ssl_nonorm_lowlr_v1/best_finetuned_hvt_ssl_nonorm_lowlr_v1.pth
2025-05-28 18:38:35 - __main__ - INFO - [main_execution_logic:465] - E5: New best! Val f1_macro: 0.2955
2025-05-28 18:38:35 - __main__ - INFO - [main_execution_logic:478] - Epoch 5 completed in 85.69s.
2025-05-28 18:38:35 - __main__ - DEBUG - [main_execution_logic:479] - CUDA Mem E5 End: Alloc 1063.4MB, Reserved 2384.0MB
2025-05-28 18:39:45 - phase4_finetuning.finetune.trainer - INFO - [train_one_epoch:114] - Epoch 6 training finished. Avg Loss: 1.6587, Final LR for epoch: 5.00e-05, Opt Steps: 228
2025-05-28 18:40:03 - phase4_finetuning.finetune.trainer - INFO - [validate_one_epoch:182] - Validation finished. Avg Loss: 1.6660, accuracy: 0.3397, f1_macro: 0.2528, f1_weighted: 0.2536, precision_macro: 0.3663, precision_weighted: 0.3615, recall_macro: 0.3281, recall_weighted: 0.3397, f1_Bacterial_Blight: 0.2865, f1_Curl_Virus: 0.0121, f1_Healthy_Leaf: 0.0943, f1_Herbicide_Growth_Damage: 0.5192, f1_Leaf_Hopper_Jassids: 0.0959, f1_Leaf_Redding: 0.4374, f1_Leaf_Variegation: 0.3242
2025-05-28 18:40:03 - __main__ - INFO - [main_execution_logic:469] - E6: Val f1_macro (0.2528) not better than best (0.2955). Patience: 1/15
2025-05-28 18:40:03 - __main__ - INFO - [main_execution_logic:478] - Epoch 6 completed in 87.49s.
2025-05-28 18:40:03 - __main__ - DEBUG - [main_execution_logic:479] - CUDA Mem E6 End: Alloc 1063.4MB, Reserved 2384.0MB
2025-05-28 18:41:12 - phase4_finetuning.finetune.trainer - INFO - [train_one_epoch:114] - Epoch 7 training finished. Avg Loss: 1.6537, Final LR for epoch: 4.98e-05, Opt Steps: 228
2025-05-28 18:41:29 - phase4_finetuning.finetune.trainer - INFO - [validate_one_epoch:182] - Validation finished. Avg Loss: 1.6810, accuracy: 0.3326, f1_macro: 0.2440, f1_weighted: 0.2472, precision_macro: 0.3790, precision_weighted: 0.3752, recall_macro: 0.3191, recall_weighted: 0.3326, f1_Bacterial_Blight: 0.2762, f1_Curl_Virus: 0.0616, f1_Healthy_Leaf: 0.0878, f1_Herbicide_Growth_Damage: 0.5260, f1_Leaf_Hopper_Jassids: 0.0890, f1_Leaf_Redding: 0.4323, f1_Leaf_Variegation: 0.2349
2025-05-28 18:41:29 - __main__ - INFO - [main_execution_logic:469] - E7: Val f1_macro (0.2440) not better than best (0.2955). Patience: 2/15
2025-05-28 18:41:29 - __main__ - INFO - [main_execution_logic:478] - Epoch 7 completed in 86.43s.
2025-05-28 18:41:29 - __main__ - DEBUG - [main_execution_logic:479] - CUDA Mem E7 End: Alloc 1063.4MB, Reserved 2384.0MB
2025-05-28 18:42:37 - phase4_finetuning.finetune.trainer - INFO - [train_one_epoch:114] - Epoch 8 training finished. Avg Loss: 1.6493, Final LR for epoch: 4.96e-05, Opt Steps: 228
2025-05-28 18:42:55 - phase4_finetuning.finetune.trainer - INFO - [validate_one_epoch:182] - Validation finished. Avg Loss: 1.6981, accuracy: 0.3490, f1_macro: 0.2655, f1_weighted: 0.2678, precision_macro: 0.3267, precision_weighted: 0.3229, recall_macro: 0.3381, recall_weighted: 0.3490, f1_Bacterial_Blight: 0.2493, f1_Curl_Virus: 0.1307, f1_Healthy_Leaf: 0.0071, f1_Herbicide_Growth_Damage: 0.5132, f1_Leaf_Hopper_Jassids: 0.1220, f1_Leaf_Redding: 0.4751, f1_Leaf_Variegation: 0.3611
2025-05-28 18:42:55 - __main__ - INFO - [main_execution_logic:469] - E8: Val f1_macro (0.2655) not better than best (0.2955). Patience: 3/15
2025-05-28 18:42:55 - __main__ - INFO - [main_execution_logic:478] - Epoch 8 completed in 85.54s.
2025-05-28 18:42:55 - __main__ - DEBUG - [main_execution_logic:479] - CUDA Mem E8 End: Alloc 1063.4MB, Reserved 2384.0MB
2025-05-28 18:44:04 - phase4_finetuning.finetune.trainer - INFO - [train_one_epoch:114] - Epoch 9 training finished. Avg Loss: 1.6365, Final LR for epoch: 4.94e-05, Opt Steps: 228
2025-05-28 18:44:21 - phase4_finetuning.finetune.trainer - INFO - [validate_one_epoch:182] - Validation finished. Avg Loss: 1.6857, accuracy: 0.3534, f1_macro: 0.2637, f1_weighted: 0.2640, precision_macro: 0.3745, precision_weighted: 0.3721, recall_macro: 0.3435, recall_weighted: 0.3534, f1_Bacterial_Blight: 0.3115, f1_Curl_Virus: 0.0242, f1_Healthy_Leaf: 0.0819, f1_Herbicide_Growth_Damage: 0.5400, f1_Leaf_Hopper_Jassids: 0.0460, f1_Leaf_Redding: 0.4514, f1_Leaf_Variegation: 0.3908
2025-05-28 18:44:21 - __main__ - INFO - [main_execution_logic:469] - E9: Val f1_macro (0.2637) not better than best (0.2955). Patience: 4/15
2025-05-28 18:44:21 - __main__ - INFO - [main_execution_logic:478] - Epoch 9 completed in 86.26s.
2025-05-28 18:44:21 - __main__ - DEBUG - [main_execution_logic:479] - CUDA Mem E9 End: Alloc 1063.4MB, Reserved 2384.0MB
2025-05-28 18:45:30 - phase4_finetuning.finetune.trainer - INFO - [train_one_epoch:114] - Epoch 10 training finished. Avg Loss: 1.6404, Final LR for epoch: 4.90e-05, Opt Steps: 228
2025-05-28 18:45:46 - phase4_finetuning.finetune.trainer - INFO - [validate_one_epoch:182] - Validation finished. Avg Loss: 1.6676, accuracy: 0.3589, f1_macro: 0.2841, f1_weighted: 0.2863, precision_macro: 0.4066, precision_weighted: 0.4033, recall_macro: 0.3476, recall_weighted: 0.3589, f1_Bacterial_Blight: 0.3294, f1_Curl_Virus: 0.1036, f1_Healthy_Leaf: 0.1067, f1_Herbicide_Growth_Damage: 0.5479, f1_Leaf_Hopper_Jassids: 0.1602, f1_Leaf_Redding: 0.4660, f1_Leaf_Variegation: 0.2749
2025-05-28 18:45:46 - __main__ - INFO - [main_execution_logic:469] - E10: Val f1_macro (0.2841) not better than best (0.2955). Patience: 5/15
2025-05-28 18:45:46 - __main__ - INFO - [main_execution_logic:478] - Epoch 10 completed in 85.68s.
2025-05-28 18:45:46 - __main__ - DEBUG - [main_execution_logic:479] - CUDA Mem E10 End: Alloc 1063.4MB, Reserved 2384.0MB
2025-05-28 18:45:46 - __main__ - INFO - [main_execution_logic:415] - Epoch 11: Backbone UNPROZEN. Updating LRs to unfrozen phase values.
2025-05-28 18:45:46 - __main__ - INFO - [main_execution_logic:427] -   Updating head group optimizer LR from 4.90e-05 to 2.00e-05
2025-05-28 18:45:46 - __main__ - INFO - [main_execution_logic:432] -     Updating LambdaLR's base_lr for group 'head' (idx 0) from 5.00e-05 to 2.00e-05
2025-05-28 18:45:46 - __main__ - INFO - [main_execution_logic:427] -   Updating backbone group optimizer LR from 0.00e+00 to 1.00e-05
2025-05-28 18:45:46 - __main__ - INFO - [main_execution_logic:432] -     Updating LambdaLR's base_lr for group 'backbone' (idx 1) from 0.00e+00 to 1.00e-05
2025-05-28 18:45:46 - __main__ - INFO - [main_execution_logic:436] -   Effective Base LRs for scheduler (after unfreezing update):
2025-05-28 18:45:46 - __main__ - INFO - [main_execution_logic:443] -     Opt Group 0 ('head'): Current LR 2.000e-05 (Scheduler base: 2.000e-05)
2025-05-28 18:45:46 - __main__ - INFO - [main_execution_logic:443] -     Opt Group 1 ('backbone'): Current LR 1.000e-05 (Scheduler base: 1.000e-05)
2025-05-28 18:49:24 - phase4_finetuning.finetune.trainer - INFO - [train_one_epoch:114] - Epoch 11 training finished. Avg Loss: 1.6034, Final LR for epoch: 1.94e-05, Opt Steps: 228
2025-05-28 18:49:39 - phase4_finetuning.finetune.trainer - INFO - [validate_one_epoch:182] - Validation finished. Avg Loss: 1.6729, accuracy: 0.3818, f1_macro: 0.3164, f1_weighted: 0.3178, precision_macro: 0.4385, precision_weighted: 0.4374, recall_macro: 0.3728, recall_weighted: 0.3818, f1_Bacterial_Blight: 0.3498, f1_Curl_Virus: 0.1558, f1_Healthy_Leaf: 0.1137, f1_Herbicide_Growth_Damage: 0.5461, f1_Leaf_Hopper_Jassids: 0.1716, f1_Leaf_Redding: 0.4953, f1_Leaf_Variegation: 0.3827
2025-05-28 18:49:43 - phase4_finetuning.finetune.trainer - INFO - [save_model_checkpoint:189] - Model checkpoint saved to /teamspace/studios/this_studio/cvpr25/phase4_finetuning/logs_finetune_ssl_nonorm_lowlr_v1/checkpoints_ssl_nonorm_lowlr_v1/best_finetuned_hvt_ssl_nonorm_lowlr_v1.pth
2025-05-28 18:49:43 - __main__ - INFO - [main_execution_logic:465] - E11: New best! Val f1_macro: 0.3164
2025-05-28 18:49:43 - __main__ - INFO - [main_execution_logic:478] - Epoch 11 completed in 236.29s.
2025-05-28 18:49:43 - __main__ - DEBUG - [main_execution_logic:479] - CUDA Mem E11 End: Alloc 3161.3MB, Reserved 6628.0MB
2025-05-28 18:53:21 - phase4_finetuning.finetune.trainer - INFO - [train_one_epoch:114] - Epoch 12 training finished. Avg Loss: 1.5681, Final LR for epoch: 1.92e-05, Opt Steps: 228
2025-05-28 18:53:37 - phase4_finetuning.finetune.trainer - INFO - [validate_one_epoch:182] - Validation finished. Avg Loss: 1.5942, accuracy: 0.4218, f1_macro: 0.3654, f1_weighted: 0.3641, precision_macro: 0.4581, precision_weighted: 0.4589, recall_macro: 0.4180, recall_weighted: 0.4218, f1_Bacterial_Blight: 0.3813, f1_Curl_Virus: 0.1359, f1_Healthy_Leaf: 0.1618, f1_Herbicide_Growth_Damage: 0.5814, f1_Leaf_Hopper_Jassids: 0.2234, f1_Leaf_Redding: 0.5430, f1_Leaf_Variegation: 0.5309
2025-05-28 18:53:40 - phase4_finetuning.finetune.trainer - INFO - [save_model_checkpoint:189] - Model checkpoint saved to /teamspace/studios/this_studio/cvpr25/phase4_finetuning/logs_finetune_ssl_nonorm_lowlr_v1/checkpoints_ssl_nonorm_lowlr_v1/best_finetuned_hvt_ssl_nonorm_lowlr_v1.pth
2025-05-28 18:53:40 - __main__ - INFO - [main_execution_logic:465] - E12: New best! Val f1_macro: 0.3654
2025-05-28 18:53:40 - __main__ - INFO - [main_execution_logic:478] - Epoch 12 completed in 237.53s.
2025-05-28 18:53:40 - __main__ - DEBUG - [main_execution_logic:479] - CUDA Mem E12 End: Alloc 3161.3MB, Reserved 6628.0MB
2025-05-28 18:57:18 - phase4_finetuning.finetune.trainer - INFO - [train_one_epoch:114] - Epoch 13 training finished. Avg Loss: 1.5293, Final LR for epoch: 1.90e-05, Opt Steps: 228
2025-05-28 18:57:33 - phase4_finetuning.finetune.trainer - INFO - [validate_one_epoch:182] - Validation finished. Avg Loss: 1.5274, accuracy: 0.4497, f1_macro: 0.3904, f1_weighted: 0.3885, precision_macro: 0.4608, precision_weighted: 0.4632, recall_macro: 0.4495, recall_weighted: 0.4497, f1_Bacterial_Blight: 0.4054, f1_Curl_Virus: 0.1441, f1_Healthy_Leaf: 0.2128, f1_Herbicide_Growth_Damage: 0.6025, f1_Leaf_Hopper_Jassids: 0.1829, f1_Leaf_Redding: 0.5591, f1_Leaf_Variegation: 0.6258
2025-05-28 18:57:37 - phase4_finetuning.finetune.trainer - INFO - [save_model_checkpoint:189] - Model checkpoint saved to /teamspace/studios/this_studio/cvpr25/phase4_finetuning/logs_finetune_ssl_nonorm_lowlr_v1/checkpoints_ssl_nonorm_lowlr_v1/best_finetuned_hvt_ssl_nonorm_lowlr_v1.pth
2025-05-28 18:57:37 - __main__ - INFO - [main_execution_logic:465] - E13: New best! Val f1_macro: 0.3904
2025-05-28 18:57:37 - __main__ - INFO - [main_execution_logic:478] - Epoch 13 completed in 236.56s.
2025-05-28 18:57:37 - __main__ - DEBUG - [main_execution_logic:479] - CUDA Mem E13 End: Alloc 3161.3MB, Reserved 6628.0MB
2025-05-28 19:01:17 - phase4_finetuning.finetune.trainer - INFO - [train_one_epoch:114] - Epoch 14 training finished. Avg Loss: 1.4826, Final LR for epoch: 1.87e-05, Opt Steps: 228
2025-05-28 19:01:33 - phase4_finetuning.finetune.trainer - INFO - [validate_one_epoch:182] - Validation finished. Avg Loss: 1.5085, accuracy: 0.4688, f1_macro: 0.4164, f1_weighted: 0.4143, precision_macro: 0.4999, precision_weighted: 0.5032, recall_macro: 0.4697, recall_weighted: 0.4688, f1_Bacterial_Blight: 0.4354, f1_Curl_Virus: 0.2198, f1_Healthy_Leaf: 0.1881, f1_Herbicide_Growth_Damage: 0.6242, f1_Leaf_Hopper_Jassids: 0.2203, f1_Leaf_Redding: 0.5766, f1_Leaf_Variegation: 0.6503
2025-05-28 19:01:36 - phase4_finetuning.finetune.trainer - INFO - [save_model_checkpoint:189] - Model checkpoint saved to /teamspace/studios/this_studio/cvpr25/phase4_finetuning/logs_finetune_ssl_nonorm_lowlr_v1/checkpoints_ssl_nonorm_lowlr_v1/best_finetuned_hvt_ssl_nonorm_lowlr_v1.pth
2025-05-28 19:01:36 - __main__ - INFO - [main_execution_logic:465] - E14: New best! Val f1_macro: 0.4164
2025-05-28 19:01:36 - __main__ - INFO - [main_execution_logic:478] - Epoch 14 completed in 239.11s.
2025-05-28 19:01:36 - __main__ - DEBUG - [main_execution_logic:479] - CUDA Mem E14 End: Alloc 3161.3MB, Reserved 6628.0MB
2025-05-28 19:05:14 - phase4_finetuning.finetune.trainer - INFO - [train_one_epoch:114] - Epoch 15 training finished. Avg Loss: 1.4508, Final LR for epoch: 1.84e-05, Opt Steps: 228
2025-05-28 19:05:30 - phase4_finetuning.finetune.trainer - INFO - [validate_one_epoch:182] - Validation finished. Avg Loss: 1.4811, accuracy: 0.4847, f1_macro: 0.4426, f1_weighted: 0.4399, precision_macro: 0.5268, precision_weighted: 0.5303, recall_macro: 0.4863, recall_weighted: 0.4847, f1_Bacterial_Blight: 0.4314, f1_Curl_Virus: 0.2446, f1_Healthy_Leaf: 0.2277, f1_Herbicide_Growth_Damage: 0.6376, f1_Leaf_Hopper_Jassids: 0.2961, f1_Leaf_Redding: 0.5882, f1_Leaf_Variegation: 0.6727
2025-05-28 19:05:33 - phase4_finetuning.finetune.trainer - INFO - [save_model_checkpoint:189] - Model checkpoint saved to /teamspace/studios/this_studio/cvpr25/phase4_finetuning/logs_finetune_ssl_nonorm_lowlr_v1/checkpoints_ssl_nonorm_lowlr_v1/best_finetuned_hvt_ssl_nonorm_lowlr_v1.pth
2025-05-28 19:05:33 - __main__ - INFO - [main_execution_logic:465] - E15: New best! Val f1_macro: 0.4426
2025-05-28 19:05:33 - __main__ - INFO - [main_execution_logic:478] - Epoch 15 completed in 237.23s.
2025-05-28 19:05:33 - __main__ - DEBUG - [main_execution_logic:479] - CUDA Mem E15 End: Alloc 3161.3MB, Reserved 6628.0MB
2025-05-28 19:09:12 - phase4_finetuning.finetune.trainer - INFO - [train_one_epoch:114] - Epoch 16 training finished. Avg Loss: 1.4274, Final LR for epoch: 1.81e-05, Opt Steps: 228
2025-05-28 19:09:28 - phase4_finetuning.finetune.trainer - INFO - [validate_one_epoch:182] - Validation finished. Avg Loss: 1.4322, accuracy: 0.5049, f1_macro: 0.4637, f1_weighted: 0.4599, precision_macro: 0.5552, precision_weighted: 0.5621, recall_macro: 0.5117, recall_weighted: 0.5049, f1_Bacterial_Blight: 0.4456, f1_Curl_Virus: 0.2319, f1_Healthy_Leaf: 0.2590, f1_Herbicide_Growth_Damage: 0.6455, f1_Leaf_Hopper_Jassids: 0.3607, f1_Leaf_Redding: 0.6056, f1_Leaf_Variegation: 0.6978
2025-05-28 19:09:31 - phase4_finetuning.finetune.trainer - INFO - [save_model_checkpoint:189] - Model checkpoint saved to /teamspace/studios/this_studio/cvpr25/phase4_finetuning/logs_finetune_ssl_nonorm_lowlr_v1/checkpoints_ssl_nonorm_lowlr_v1/best_finetuned_hvt_ssl_nonorm_lowlr_v1.pth
2025-05-28 19:09:31 - __main__ - INFO - [main_execution_logic:465] - E16: New best! Val f1_macro: 0.4637
2025-05-28 19:09:31 - __main__ - INFO - [main_execution_logic:478] - Epoch 16 completed in 237.73s.
2025-05-28 19:09:31 - __main__ - DEBUG - [main_execution_logic:479] - CUDA Mem E16 End: Alloc 3161.3MB, Reserved 6628.0MB
2025-05-28 19:13:08 - phase4_finetuning.finetune.trainer - INFO - [train_one_epoch:114] - Epoch 17 training finished. Avg Loss: 1.4010, Final LR for epoch: 1.77e-05, Opt Steps: 228
2025-05-28 19:13:24 - phase4_finetuning.finetune.trainer - INFO - [validate_one_epoch:182] - Validation finished. Avg Loss: 1.4091, accuracy: 0.5191, f1_macro: 0.4790, f1_weighted: 0.4749, precision_macro: 0.5841, precision_weighted: 0.5928, recall_macro: 0.5267, recall_weighted: 0.5191, f1_Bacterial_Blight: 0.4508, f1_Curl_Virus: 0.2229, f1_Healthy_Leaf: 0.3099, f1_Herbicide_Growth_Damage: 0.6783, f1_Leaf_Hopper_Jassids: 0.3690, f1_Leaf_Redding: 0.6095, f1_Leaf_Variegation: 0.7126
2025-05-28 19:13:28 - phase4_finetuning.finetune.trainer - INFO - [save_model_checkpoint:189] - Model checkpoint saved to /teamspace/studios/this_studio/cvpr25/phase4_finetuning/logs_finetune_ssl_nonorm_lowlr_v1/checkpoints_ssl_nonorm_lowlr_v1/best_finetuned_hvt_ssl_nonorm_lowlr_v1.pth
2025-05-28 19:13:28 - __main__ - INFO - [main_execution_logic:465] - E17: New best! Val f1_macro: 0.4790
2025-05-28 19:13:28 - __main__ - INFO - [main_execution_logic:478] - Epoch 17 completed in 236.80s.
2025-05-28 19:13:28 - __main__ - DEBUG - [main_execution_logic:479] - CUDA Mem E17 End: Alloc 3161.3MB, Reserved 6628.0MB
2025-05-28 19:17:06 - phase4_finetuning.finetune.trainer - INFO - [train_one_epoch:114] - Epoch 18 training finished. Avg Loss: 1.3967, Final LR for epoch: 1.74e-05, Opt Steps: 228
2025-05-28 19:17:21 - phase4_finetuning.finetune.trainer - INFO - [validate_one_epoch:182] - Validation finished. Avg Loss: 1.3642, accuracy: 0.5328, f1_macro: 0.4980, f1_weighted: 0.4944, precision_macro: 0.5656, precision_weighted: 0.5725, recall_macro: 0.5410, recall_weighted: 0.5328, f1_Bacterial_Blight: 0.4626, f1_Curl_Virus: 0.2558, f1_Healthy_Leaf: 0.3588, f1_Herbicide_Growth_Damage: 0.6991, f1_Leaf_Hopper_Jassids: 0.3841, f1_Leaf_Redding: 0.6141, f1_Leaf_Variegation: 0.7114
2025-05-28 19:17:25 - phase4_finetuning.finetune.trainer - INFO - [save_model_checkpoint:189] - Model checkpoint saved to /teamspace/studios/this_studio/cvpr25/phase4_finetuning/logs_finetune_ssl_nonorm_lowlr_v1/checkpoints_ssl_nonorm_lowlr_v1/best_finetuned_hvt_ssl_nonorm_lowlr_v1.pth
2025-05-28 19:17:25 - __main__ - INFO - [main_execution_logic:465] - E18: New best! Val f1_macro: 0.4980
2025-05-28 19:17:25 - __main__ - INFO - [main_execution_logic:478] - Epoch 18 completed in 236.94s.
2025-05-28 19:17:25 - __main__ - DEBUG - [main_execution_logic:479] - CUDA Mem E18 End: Alloc 3161.3MB, Reserved 6628.0MB
2025-05-28 19:21:03 - phase4_finetuning.finetune.trainer - INFO - [train_one_epoch:114] - Epoch 19 training finished. Avg Loss: 1.3905, Final LR for epoch: 1.70e-05, Opt Steps: 228
2025-05-28 19:21:19 - phase4_finetuning.finetune.trainer - INFO - [validate_one_epoch:182] - Validation finished. Avg Loss: 1.3533, accuracy: 0.5405, f1_macro: 0.5094, f1_weighted: 0.5055, precision_macro: 0.5838, precision_weighted: 0.5905, recall_macro: 0.5500, recall_weighted: 0.5405, f1_Bacterial_Blight: 0.4852, f1_Curl_Virus: 0.3123, f1_Healthy_Leaf: 0.3286, f1_Herbicide_Growth_Damage: 0.7017, f1_Leaf_Hopper_Jassids: 0.3857, f1_Leaf_Redding: 0.6154, f1_Leaf_Variegation: 0.7368
2025-05-28 19:21:22 - phase4_finetuning.finetune.trainer - INFO - [save_model_checkpoint:189] - Model checkpoint saved to /teamspace/studios/this_studio/cvpr25/phase4_finetuning/logs_finetune_ssl_nonorm_lowlr_v1/checkpoints_ssl_nonorm_lowlr_v1/best_finetuned_hvt_ssl_nonorm_lowlr_v1.pth
2025-05-28 19:21:22 - __main__ - INFO - [main_execution_logic:465] - E19: New best! Val f1_macro: 0.5094
2025-05-28 19:21:22 - __main__ - INFO - [main_execution_logic:478] - Epoch 19 completed in 237.78s.
2025-05-28 19:21:22 - __main__ - DEBUG - [main_execution_logic:479] - CUDA Mem E19 End: Alloc 3161.3MB, Reserved 6628.0MB
2025-05-28 19:25:00 - phase4_finetuning.finetune.trainer - INFO - [train_one_epoch:114] - Epoch 20 training finished. Avg Loss: 1.3813, Final LR for epoch: 1.65e-05, Opt Steps: 228
2025-05-28 19:25:16 - phase4_finetuning.finetune.trainer - INFO - [validate_one_epoch:182] - Validation finished. Avg Loss: 1.3432, accuracy: 0.5525, f1_macro: 0.5278, f1_weighted: 0.5233, precision_macro: 0.5995, precision_weighted: 0.6054, recall_macro: 0.5609, recall_weighted: 0.5525, f1_Bacterial_Blight: 0.4751, f1_Curl_Virus: 0.2930, f1_Healthy_Leaf: 0.3794, f1_Herbicide_Growth_Damage: 0.7374, f1_Leaf_Hopper_Jassids: 0.4297, f1_Leaf_Redding: 0.6253, f1_Leaf_Variegation: 0.7547
2025-05-28 19:25:20 - phase4_finetuning.finetune.trainer - INFO - [save_model_checkpoint:189] - Model checkpoint saved to /teamspace/studios/this_studio/cvpr25/phase4_finetuning/logs_finetune_ssl_nonorm_lowlr_v1/checkpoints_ssl_nonorm_lowlr_v1/best_finetuned_hvt_ssl_nonorm_lowlr_v1.pth
2025-05-28 19:25:20 - __main__ - INFO - [main_execution_logic:465] - E20: New best! Val f1_macro: 0.5278
2025-05-28 19:25:20 - __main__ - INFO - [main_execution_logic:478] - Epoch 20 completed in 237.44s.
2025-05-28 19:25:20 - __main__ - DEBUG - [main_execution_logic:479] - CUDA Mem E20 End: Alloc 3161.3MB, Reserved 6628.0MB
2025-05-28 19:28:57 - phase4_finetuning.finetune.trainer - INFO - [train_one_epoch:114] - Epoch 21 training finished. Avg Loss: 1.3432, Final LR for epoch: 1.61e-05, Opt Steps: 228
2025-05-28 19:29:13 - phase4_finetuning.finetune.trainer - INFO - [validate_one_epoch:182] - Validation finished. Avg Loss: 1.3387, accuracy: 0.5525, f1_macro: 0.5231, f1_weighted: 0.5191, precision_macro: 0.5945, precision_weighted: 0.6011, recall_macro: 0.5600, recall_weighted: 0.5525, f1_Bacterial_Blight: 0.4704, f1_Curl_Virus: 0.2698, f1_Healthy_Leaf: 0.4091, f1_Herbicide_Growth_Damage: 0.7350, f1_Leaf_Hopper_Jassids: 0.4063, f1_Leaf_Redding: 0.6243, f1_Leaf_Variegation: 0.7471
2025-05-28 19:29:13 - __main__ - INFO - [main_execution_logic:469] - E21: Val f1_macro (0.5231) not better than best (0.5278). Patience: 1/15
2025-05-28 19:29:13 - __main__ - INFO - [main_execution_logic:478] - Epoch 21 completed in 232.98s.
2025-05-28 19:29:13 - __main__ - DEBUG - [main_execution_logic:479] - CUDA Mem E21 End: Alloc 3161.3MB, Reserved 6628.0MB
2025-05-28 19:32:50 - phase4_finetuning.finetune.trainer - INFO - [train_one_epoch:114] - Epoch 22 training finished. Avg Loss: 1.3398, Final LR for epoch: 1.56e-05, Opt Steps: 228
2025-05-28 19:33:07 - phase4_finetuning.finetune.trainer - INFO - [validate_one_epoch:182] - Validation finished. Avg Loss: 1.3204, accuracy: 0.5700, f1_macro: 0.5443, f1_weighted: 0.5397, precision_macro: 0.6044, precision_weighted: 0.6106, recall_macro: 0.5788, recall_weighted: 0.5700, f1_Bacterial_Blight: 0.4864, f1_Curl_Virus: 0.2596, f1_Healthy_Leaf: 0.4673, f1_Herbicide_Growth_Damage: 0.7668, f1_Leaf_Hopper_Jassids: 0.4559, f1_Leaf_Redding: 0.6307, f1_Leaf_Variegation: 0.7434
2025-05-28 19:33:11 - phase4_finetuning.finetune.trainer - INFO - [save_model_checkpoint:189] - Model checkpoint saved to /teamspace/studios/this_studio/cvpr25/phase4_finetuning/logs_finetune_ssl_nonorm_lowlr_v1/checkpoints_ssl_nonorm_lowlr_v1/best_finetuned_hvt_ssl_nonorm_lowlr_v1.pth
2025-05-28 19:33:11 - __main__ - INFO - [main_execution_logic:465] - E22: New best! Val f1_macro: 0.5443
2025-05-28 19:33:11 - __main__ - INFO - [main_execution_logic:478] - Epoch 22 completed in 238.06s.
2025-05-28 19:33:11 - __main__ - DEBUG - [main_execution_logic:479] - CUDA Mem E22 End: Alloc 3161.3MB, Reserved 6628.0MB
2025-05-28 19:36:49 - phase4_finetuning.finetune.trainer - INFO - [train_one_epoch:114] - Epoch 23 training finished. Avg Loss: 1.3121, Final LR for epoch: 1.52e-05, Opt Steps: 228
2025-05-28 19:37:05 - phase4_finetuning.finetune.trainer - INFO - [validate_one_epoch:182] - Validation finished. Avg Loss: 1.2910, accuracy: 0.5749, f1_macro: 0.5554, f1_weighted: 0.5515, precision_macro: 0.5986, precision_weighted: 0.6037, recall_macro: 0.5839, recall_weighted: 0.5749, f1_Bacterial_Blight: 0.4909, f1_Curl_Virus: 0.2986, f1_Healthy_Leaf: 0.5212, f1_Herbicide_Growth_Damage: 0.7673, f1_Leaf_Hopper_Jassids: 0.4332, f1_Leaf_Redding: 0.6211, f1_Leaf_Variegation: 0.7552
2025-05-28 19:37:08 - phase4_finetuning.finetune.trainer - INFO - [save_model_checkpoint:189] - Model checkpoint saved to /teamspace/studios/this_studio/cvpr25/phase4_finetuning/logs_finetune_ssl_nonorm_lowlr_v1/checkpoints_ssl_nonorm_lowlr_v1/best_finetuned_hvt_ssl_nonorm_lowlr_v1.pth
2025-05-28 19:37:08 - __main__ - INFO - [main_execution_logic:465] - E23: New best! Val f1_macro: 0.5554
2025-05-28 19:37:08 - __main__ - INFO - [main_execution_logic:478] - Epoch 23 completed in 237.53s.
2025-05-28 19:37:08 - __main__ - DEBUG - [main_execution_logic:479] - CUDA Mem E23 End: Alloc 3161.3MB, Reserved 6628.0MB
2025-05-28 19:40:46 - phase4_finetuning.finetune.trainer - INFO - [train_one_epoch:114] - Epoch 24 training finished. Avg Loss: 1.2987, Final LR for epoch: 1.47e-05, Opt Steps: 228
2025-05-28 19:41:02 - phase4_finetuning.finetune.trainer - INFO - [validate_one_epoch:182] - Validation finished. Avg Loss: 1.3038, accuracy: 0.5804, f1_macro: 0.5582, f1_weighted: 0.5539, precision_macro: 0.6178, precision_weighted: 0.6242, recall_macro: 0.5889, recall_weighted: 0.5804, f1_Bacterial_Blight: 0.5105, f1_Curl_Virus: 0.2757, f1_Healthy_Leaf: 0.5079, f1_Herbicide_Growth_Damage: 0.7790, f1_Leaf_Hopper_Jassids: 0.4440, f1_Leaf_Redding: 0.6360, f1_Leaf_Variegation: 0.7543
2025-05-28 19:41:05 - phase4_finetuning.finetune.trainer - INFO - [save_model_checkpoint:189] - Model checkpoint saved to /teamspace/studios/this_studio/cvpr25/phase4_finetuning/logs_finetune_ssl_nonorm_lowlr_v1/checkpoints_ssl_nonorm_lowlr_v1/best_finetuned_hvt_ssl_nonorm_lowlr_v1.pth
2025-05-28 19:41:05 - __main__ - INFO - [main_execution_logic:465] - E24: New best! Val f1_macro: 0.5582
2025-05-28 19:41:05 - __main__ - INFO - [main_execution_logic:478] - Epoch 24 completed in 236.84s.
2025-05-28 19:41:05 - __main__ - DEBUG - [main_execution_logic:479] - CUDA Mem E24 End: Alloc 3161.3MB, Reserved 6628.0MB
2025-05-28 19:44:43 - phase4_finetuning.finetune.trainer - INFO - [train_one_epoch:114] - Epoch 25 training finished. Avg Loss: 1.3070, Final LR for epoch: 1.42e-05, Opt Steps: 228
2025-05-28 19:44:59 - phase4_finetuning.finetune.trainer - INFO - [validate_one_epoch:182] - Validation finished. Avg Loss: 1.2875, accuracy: 0.5892, f1_macro: 0.5682, f1_weighted: 0.5647, precision_macro: 0.6201, precision_weighted: 0.6278, recall_macro: 0.5986, recall_weighted: 0.5892, f1_Bacterial_Blight: 0.5093, f1_Curl_Virus: 0.2899, f1_Healthy_Leaf: 0.5544, f1_Herbicide_Growth_Damage: 0.7734, f1_Leaf_Hopper_Jassids: 0.4768, f1_Leaf_Redding: 0.6429, f1_Leaf_Variegation: 0.7306
2025-05-28 19:45:03 - phase4_finetuning.finetune.trainer - INFO - [save_model_checkpoint:189] - Model checkpoint saved to /teamspace/studios/this_studio/cvpr25/phase4_finetuning/logs_finetune_ssl_nonorm_lowlr_v1/checkpoints_ssl_nonorm_lowlr_v1/best_finetuned_hvt_ssl_nonorm_lowlr_v1.pth
2025-05-28 19:45:03 - __main__ - INFO - [main_execution_logic:465] - E25: New best! Val f1_macro: 0.5682
2025-05-28 19:45:03 - __main__ - INFO - [main_execution_logic:478] - Epoch 25 completed in 237.57s.
2025-05-28 19:45:03 - __main__ - DEBUG - [main_execution_logic:479] - CUDA Mem E25 End: Alloc 3161.3MB, Reserved 6628.0MB
2025-05-28 19:48:41 - phase4_finetuning.finetune.trainer - INFO - [train_one_epoch:114] - Epoch 26 training finished. Avg Loss: 1.2841, Final LR for epoch: 1.36e-05, Opt Steps: 228
2025-05-28 19:48:56 - phase4_finetuning.finetune.trainer - INFO - [validate_one_epoch:182] - Validation finished. Avg Loss: 1.2857, accuracy: 0.5886, f1_macro: 0.5668, f1_weighted: 0.5633, precision_macro: 0.6173, precision_weighted: 0.6244, recall_macro: 0.5975, recall_weighted: 0.5886, f1_Bacterial_Blight: 0.5174, f1_Curl_Virus: 0.2799, f1_Healthy_Leaf: 0.5638, f1_Herbicide_Growth_Damage: 0.7824, f1_Leaf_Hopper_Jassids: 0.4567, f1_Leaf_Redding: 0.6383, f1_Leaf_Variegation: 0.7289
2025-05-28 19:48:56 - __main__ - INFO - [main_execution_logic:469] - E26: Val f1_macro (0.5668) not better than best (0.5682). Patience: 1/15
2025-05-28 19:48:56 - __main__ - INFO - [main_execution_logic:478] - Epoch 26 completed in 233.27s.
2025-05-28 19:48:56 - __main__ - DEBUG - [main_execution_logic:479] - CUDA Mem E26 End: Alloc 3161.3MB, Reserved 6628.0MB
2025-05-28 19:52:35 - phase4_finetuning.finetune.trainer - INFO - [train_one_epoch:114] - Epoch 27 training finished. Avg Loss: 1.2913, Final LR for epoch: 1.31e-05, Opt Steps: 228
2025-05-28 19:52:51 - phase4_finetuning.finetune.trainer - INFO - [validate_one_epoch:182] - Validation finished. Avg Loss: 1.2677, accuracy: 0.6094, f1_macro: 0.5941, f1_weighted: 0.5898, precision_macro: 0.6324, precision_weighted: 0.6378, recall_macro: 0.6194, recall_weighted: 0.6094, f1_Bacterial_Blight: 0.5273, f1_Curl_Virus: 0.3231, f1_Healthy_Leaf: 0.5667, f1_Herbicide_Growth_Damage: 0.7963, f1_Leaf_Hopper_Jassids: 0.5206, f1_Leaf_Redding: 0.6561, f1_Leaf_Variegation: 0.7683
2025-05-28 19:52:55 - phase4_finetuning.finetune.trainer - INFO - [save_model_checkpoint:189] - Model checkpoint saved to /teamspace/studios/this_studio/cvpr25/phase4_finetuning/logs_finetune_ssl_nonorm_lowlr_v1/checkpoints_ssl_nonorm_lowlr_v1/best_finetuned_hvt_ssl_nonorm_lowlr_v1.pth
2025-05-28 19:52:55 - __main__ - INFO - [main_execution_logic:465] - E27: New best! Val f1_macro: 0.5941
2025-05-28 19:52:55 - __main__ - INFO - [main_execution_logic:478] - Epoch 27 completed in 238.40s.
2025-05-28 19:52:55 - __main__ - DEBUG - [main_execution_logic:479] - CUDA Mem E27 End: Alloc 3161.3MB, Reserved 6628.0MB
2025-05-28 19:56:34 - phase4_finetuning.finetune.trainer - INFO - [train_one_epoch:114] - Epoch 28 training finished. Avg Loss: 1.2731, Final LR for epoch: 1.25e-05, Opt Steps: 228
2025-05-28 19:56:50 - phase4_finetuning.finetune.trainer - INFO - [validate_one_epoch:182] - Validation finished. Avg Loss: 1.2609, accuracy: 0.6072, f1_macro: 0.5932, f1_weighted: 0.5888, precision_macro: 0.6329, precision_weighted: 0.6366, recall_macro: 0.6153, recall_weighted: 0.6072, f1_Bacterial_Blight: 0.5287, f1_Curl_Virus: 0.3361, f1_Healthy_Leaf: 0.5583, f1_Herbicide_Growth_Damage: 0.7918, f1_Leaf_Hopper_Jassids: 0.4928, f1_Leaf_Redding: 0.6519, f1_Leaf_Variegation: 0.7927
2025-05-28 19:56:50 - __main__ - INFO - [main_execution_logic:469] - E28: Val f1_macro (0.5932) not better than best (0.5941). Patience: 1/15
2025-05-28 19:56:50 - __main__ - INFO - [main_execution_logic:478] - Epoch 28 completed in 235.93s.
2025-05-28 19:56:50 - __main__ - DEBUG - [main_execution_logic:479] - CUDA Mem E28 End: Alloc 3161.3MB, Reserved 6628.0MB
2025-05-28 20:00:28 - phase4_finetuning.finetune.trainer - INFO - [train_one_epoch:114] - Epoch 29 training finished. Avg Loss: 1.2554, Final LR for epoch: 1.20e-05, Opt Steps: 228
2025-05-28 20:00:44 - phase4_finetuning.finetune.trainer - INFO - [validate_one_epoch:182] - Validation finished. Avg Loss: 1.2554, accuracy: 0.6160, f1_macro: 0.5968, f1_weighted: 0.5923, precision_macro: 0.6393, precision_weighted: 0.6448, recall_macro: 0.6255, recall_weighted: 0.6160, f1_Bacterial_Blight: 0.5216, f1_Curl_Virus: 0.3086, f1_Healthy_Leaf: 0.5859, f1_Herbicide_Growth_Damage: 0.7957, f1_Leaf_Hopper_Jassids: 0.5406, f1_Leaf_Redding: 0.6590, f1_Leaf_Variegation: 0.7660
2025-05-28 20:00:47 - phase4_finetuning.finetune.trainer - INFO - [save_model_checkpoint:189] - Model checkpoint saved to /teamspace/studios/this_studio/cvpr25/phase4_finetuning/logs_finetune_ssl_nonorm_lowlr_v1/checkpoints_ssl_nonorm_lowlr_v1/best_finetuned_hvt_ssl_nonorm_lowlr_v1.pth
2025-05-28 20:00:47 - __main__ - INFO - [main_execution_logic:465] - E29: New best! Val f1_macro: 0.5968
2025-05-28 20:00:47 - __main__ - INFO - [main_execution_logic:478] - Epoch 29 completed in 236.32s.
2025-05-28 20:00:47 - __main__ - DEBUG - [main_execution_logic:479] - CUDA Mem E29 End: Alloc 3161.3MB, Reserved 6628.0MB
2025-05-28 20:04:24 - phase4_finetuning.finetune.trainer - INFO - [train_one_epoch:114] - Epoch 30 training finished. Avg Loss: 1.2602, Final LR for epoch: 1.14e-05, Opt Steps: 228
2025-05-28 20:04:40 - phase4_finetuning.finetune.trainer - INFO - [validate_one_epoch:182] - Validation finished. Avg Loss: 1.2522, accuracy: 0.6171, f1_macro: 0.6029, f1_weighted: 0.5989, precision_macro: 0.6391, precision_weighted: 0.6447, recall_macro: 0.6270, recall_weighted: 0.6171, f1_Bacterial_Blight: 0.5328, f1_Curl_Virus: 0.3324, f1_Healthy_Leaf: 0.5910, f1_Herbicide_Growth_Damage: 0.8092, f1_Leaf_Hopper_Jassids: 0.5247, f1_Leaf_Redding: 0.6618, f1_Leaf_Variegation: 0.7681
2025-05-28 20:04:43 - phase4_finetuning.finetune.trainer - INFO - [save_model_checkpoint:189] - Model checkpoint saved to /teamspace/studios/this_studio/cvpr25/phase4_finetuning/logs_finetune_ssl_nonorm_lowlr_v1/checkpoints_ssl_nonorm_lowlr_v1/best_finetuned_hvt_ssl_nonorm_lowlr_v1.pth
2025-05-28 20:04:43 - __main__ - INFO - [main_execution_logic:465] - E30: New best! Val f1_macro: 0.6029
2025-05-28 20:04:43 - __main__ - INFO - [main_execution_logic:478] - Epoch 30 completed in 236.24s.
2025-05-28 20:04:43 - __main__ - DEBUG - [main_execution_logic:479] - CUDA Mem E30 End: Alloc 3161.3MB, Reserved 6628.0MB
2025-05-28 20:08:21 - phase4_finetuning.finetune.trainer - INFO - [train_one_epoch:114] - Epoch 31 training finished. Avg Loss: 1.2309, Final LR for epoch: 1.09e-05, Opt Steps: 228
2025-05-28 20:08:37 - phase4_finetuning.finetune.trainer - INFO - [validate_one_epoch:182] - Validation finished. Avg Loss: 1.2629, accuracy: 0.6182, f1_macro: 0.6044, f1_weighted: 0.6007, precision_macro: 0.6463, precision_weighted: 0.6532, recall_macro: 0.6287, recall_weighted: 0.6182, f1_Bacterial_Blight: 0.5232, f1_Curl_Virus: 0.3490, f1_Healthy_Leaf: 0.5714, f1_Herbicide_Growth_Damage: 0.8092, f1_Leaf_Hopper_Jassids: 0.5351, f1_Leaf_Redding: 0.6716, f1_Leaf_Variegation: 0.7713
2025-05-28 20:08:40 - phase4_finetuning.finetune.trainer - INFO - [save_model_checkpoint:189] - Model checkpoint saved to /teamspace/studios/this_studio/cvpr25/phase4_finetuning/logs_finetune_ssl_nonorm_lowlr_v1/checkpoints_ssl_nonorm_lowlr_v1/best_finetuned_hvt_ssl_nonorm_lowlr_v1.pth
2025-05-28 20:08:41 - __main__ - INFO - [main_execution_logic:465] - E31: New best! Val f1_macro: 0.6044
2025-05-28 20:08:41 - __main__ - INFO - [main_execution_logic:478] - Epoch 31 completed in 237.48s.
2025-05-28 20:08:41 - __main__ - DEBUG - [main_execution_logic:479] - CUDA Mem E31 End: Alloc 3161.3MB, Reserved 6628.0MB
2025-05-28 20:12:19 - phase4_finetuning.finetune.trainer - INFO - [train_one_epoch:114] - Epoch 32 training finished. Avg Loss: 1.2497, Final LR for epoch: 1.03e-05, Opt Steps: 228
2025-05-28 20:12:36 - phase4_finetuning.finetune.trainer - INFO - [validate_one_epoch:182] - Validation finished. Avg Loss: 1.2623, accuracy: 0.6116, f1_macro: 0.5989, f1_weighted: 0.5946, precision_macro: 0.6470, precision_weighted: 0.6525, recall_macro: 0.6210, recall_weighted: 0.6116, f1_Bacterial_Blight: 0.5155, f1_Curl_Virus: 0.3408, f1_Healthy_Leaf: 0.5520, f1_Herbicide_Growth_Damage: 0.8108, f1_Leaf_Hopper_Jassids: 0.5126, f1_Leaf_Redding: 0.6629, f1_Leaf_Variegation: 0.7976
2025-05-28 20:12:36 - __main__ - INFO - [main_execution_logic:469] - E32: Val f1_macro (0.5989) not better than best (0.6044). Patience: 1/15
2025-05-28 20:12:36 - __main__ - INFO - [main_execution_logic:478] - Epoch 32 completed in 235.08s.
2025-05-28 20:12:36 - __main__ - DEBUG - [main_execution_logic:479] - CUDA Mem E32 End: Alloc 3161.3MB, Reserved 6628.0MB
2025-05-28 20:16:15 - phase4_finetuning.finetune.trainer - INFO - [train_one_epoch:114] - Epoch 33 training finished. Avg Loss: 1.2352, Final LR for epoch: 9.71e-06, Opt Steps: 228
2025-05-28 20:16:32 - phase4_finetuning.finetune.trainer - INFO - [validate_one_epoch:182] - Validation finished. Avg Loss: 1.2576, accuracy: 0.6214, f1_macro: 0.6090, f1_weighted: 0.6040, precision_macro: 0.6556, precision_weighted: 0.6602, recall_macro: 0.6314, recall_weighted: 0.6214, f1_Bacterial_Blight: 0.5281, f1_Curl_Virus: 0.3324, f1_Healthy_Leaf: 0.5800, f1_Herbicide_Growth_Damage: 0.8142, f1_Leaf_Hopper_Jassids: 0.5386, f1_Leaf_Redding: 0.6619, f1_Leaf_Variegation: 0.8080
2025-05-28 20:16:35 - phase4_finetuning.finetune.trainer - INFO - [save_model_checkpoint:189] - Model checkpoint saved to /teamspace/studios/this_studio/cvpr25/phase4_finetuning/logs_finetune_ssl_nonorm_lowlr_v1/checkpoints_ssl_nonorm_lowlr_v1/best_finetuned_hvt_ssl_nonorm_lowlr_v1.pth
2025-05-28 20:16:35 - __main__ - INFO - [main_execution_logic:465] - E33: New best! Val f1_macro: 0.6090
2025-05-28 20:16:35 - __main__ - INFO - [main_execution_logic:478] - Epoch 33 completed in 239.83s.
2025-05-28 20:16:35 - __main__ - DEBUG - [main_execution_logic:479] - CUDA Mem E33 End: Alloc 3161.3MB, Reserved 6628.0MB
2025-05-28 20:20:14 - phase4_finetuning.finetune.trainer - INFO - [train_one_epoch:114] - Epoch 34 training finished. Avg Loss: 1.2155, Final LR for epoch: 9.14e-06, Opt Steps: 228
2025-05-28 20:20:30 - phase4_finetuning.finetune.trainer - INFO - [validate_one_epoch:182] - Validation finished. Avg Loss: 1.2615, accuracy: 0.6083, f1_macro: 0.5925, f1_weighted: 0.5873, precision_macro: 0.6460, precision_weighted: 0.6498, recall_macro: 0.6164, recall_weighted: 0.6083, f1_Bacterial_Blight: 0.5239, f1_Curl_Virus: 0.2957, f1_Healthy_Leaf: 0.5610, f1_Herbicide_Growth_Damage: 0.8118, f1_Leaf_Hopper_Jassids: 0.5065, f1_Leaf_Redding: 0.6515, f1_Leaf_Variegation: 0.7976
2025-05-28 20:20:30 - __main__ - INFO - [main_execution_logic:469] - E34: Val f1_macro (0.5925) not better than best (0.6090). Patience: 1/15
2025-05-28 20:20:30 - __main__ - INFO - [main_execution_logic:478] - Epoch 34 completed in 234.83s.
2025-05-28 20:20:30 - __main__ - DEBUG - [main_execution_logic:479] - CUDA Mem E34 End: Alloc 3161.3MB, Reserved 6628.0MB
2025-05-28 20:24:08 - phase4_finetuning.finetune.trainer - INFO - [train_one_epoch:114] - Epoch 35 training finished. Avg Loss: 1.2264, Final LR for epoch: 8.58e-06, Opt Steps: 228
2025-05-28 20:24:24 - phase4_finetuning.finetune.trainer - INFO - [validate_one_epoch:182] - Validation finished. Avg Loss: 1.2444, accuracy: 0.6324, f1_macro: 0.6218, f1_weighted: 0.6184, precision_macro: 0.6595, precision_weighted: 0.6653, recall_macro: 0.6415, recall_weighted: 0.6324, f1_Bacterial_Blight: 0.5455, f1_Curl_Virus: 0.3794, f1_Healthy_Leaf: 0.5977, f1_Herbicide_Growth_Damage: 0.8193, f1_Leaf_Hopper_Jassids: 0.5316, f1_Leaf_Redding: 0.6843, f1_Leaf_Variegation: 0.7946
2025-05-28 20:24:28 - phase4_finetuning.finetune.trainer - INFO - [save_model_checkpoint:189] - Model checkpoint saved to /teamspace/studios/this_studio/cvpr25/phase4_finetuning/logs_finetune_ssl_nonorm_lowlr_v1/checkpoints_ssl_nonorm_lowlr_v1/best_finetuned_hvt_ssl_nonorm_lowlr_v1.pth
2025-05-28 20:24:28 - __main__ - INFO - [main_execution_logic:465] - E35: New best! Val f1_macro: 0.6218
2025-05-28 20:24:28 - __main__ - INFO - [main_execution_logic:478] - Epoch 35 completed in 237.48s.
2025-05-28 20:24:28 - __main__ - DEBUG - [main_execution_logic:479] - CUDA Mem E35 End: Alloc 3161.3MB, Reserved 6628.0MB
2025-05-28 20:28:05 - phase4_finetuning.finetune.trainer - INFO - [train_one_epoch:114] - Epoch 36 training finished. Avg Loss: 1.2188, Final LR for epoch: 8.01e-06, Opt Steps: 228
2025-05-28 20:28:21 - phase4_finetuning.finetune.trainer - INFO - [validate_one_epoch:182] - Validation finished. Avg Loss: 1.2340, accuracy: 0.6373, f1_macro: 0.6273, f1_weighted: 0.6229, precision_macro: 0.6628, precision_weighted: 0.6675, recall_macro: 0.6472, recall_weighted: 0.6373, f1_Bacterial_Blight: 0.5522, f1_Curl_Virus: 0.3750, f1_Healthy_Leaf: 0.6131, f1_Herbicide_Growth_Damage: 0.8167, f1_Leaf_Hopper_Jassids: 0.5595, f1_Leaf_Redding: 0.6726, f1_Leaf_Variegation: 0.8016
2025-05-28 20:28:24 - phase4_finetuning.finetune.trainer - INFO - [save_model_checkpoint:189] - Model checkpoint saved to /teamspace/studios/this_studio/cvpr25/phase4_finetuning/logs_finetune_ssl_nonorm_lowlr_v1/checkpoints_ssl_nonorm_lowlr_v1/best_finetuned_hvt_ssl_nonorm_lowlr_v1.pth
2025-05-28 20:28:24 - __main__ - INFO - [main_execution_logic:465] - E36: New best! Val f1_macro: 0.6273
2025-05-28 20:28:24 - __main__ - INFO - [main_execution_logic:478] - Epoch 36 completed in 236.18s.
2025-05-28 20:28:24 - __main__ - DEBUG - [main_execution_logic:479] - CUDA Mem E36 End: Alloc 3161.3MB, Reserved 6628.0MB
2025-05-28 20:32:02 - phase4_finetuning.finetune.trainer - INFO - [train_one_epoch:114] - Epoch 37 training finished. Avg Loss: 1.2176, Final LR for epoch: 7.46e-06, Opt Steps: 228
2025-05-28 20:32:18 - phase4_finetuning.finetune.trainer - INFO - [validate_one_epoch:182] - Validation finished. Avg Loss: 1.2418, accuracy: 0.6357, f1_macro: 0.6237, f1_weighted: 0.6190, precision_macro: 0.6672, precision_weighted: 0.6719, recall_macro: 0.6455, recall_weighted: 0.6357, f1_Bacterial_Blight: 0.5440, f1_Curl_Virus: 0.3510, f1_Healthy_Leaf: 0.6015, f1_Herbicide_Growth_Damage: 0.8151, f1_Leaf_Hopper_Jassids: 0.5629, f1_Leaf_Redding: 0.6802, f1_Leaf_Variegation: 0.8112
2025-05-28 20:32:18 - __main__ - INFO - [main_execution_logic:469] - E37: Val f1_macro (0.6237) not better than best (0.6273). Patience: 1/15
2025-05-28 20:32:18 - __main__ - INFO - [main_execution_logic:478] - Epoch 37 completed in 233.63s.
2025-05-28 20:32:18 - __main__ - DEBUG - [main_execution_logic:479] - CUDA Mem E37 End: Alloc 3161.3MB, Reserved 6628.0MB
2025-05-28 20:35:55 - phase4_finetuning.finetune.trainer - INFO - [train_one_epoch:114] - Epoch 38 training finished. Avg Loss: 1.2004, Final LR for epoch: 6.91e-06, Opt Steps: 228
2025-05-28 20:36:11 - phase4_finetuning.finetune.trainer - INFO - [validate_one_epoch:182] - Validation finished. Avg Loss: 1.2276, accuracy: 0.6373, f1_macro: 0.6272, f1_weighted: 0.6226, precision_macro: 0.6658, precision_weighted: 0.6689, recall_macro: 0.6453, recall_weighted: 0.6373, f1_Bacterial_Blight: 0.5475, f1_Curl_Virus: 0.3804, f1_Healthy_Leaf: 0.6065, f1_Herbicide_Growth_Damage: 0.8198, f1_Leaf_Hopper_Jassids: 0.5392, f1_Leaf_Redding: 0.6694, f1_Leaf_Variegation: 0.8276
2025-05-28 20:36:11 - __main__ - INFO - [main_execution_logic:469] - E38: Val f1_macro (0.6272) not better than best (0.6273). Patience: 2/15
2025-05-28 20:36:11 - __main__ - INFO - [main_execution_logic:478] - Epoch 38 completed in 233.83s.
2025-05-28 20:36:11 - __main__ - DEBUG - [main_execution_logic:479] - CUDA Mem E38 End: Alloc 3161.3MB, Reserved 6628.0MB
2025-05-28 20:39:49 - phase4_finetuning.finetune.trainer - INFO - [train_one_epoch:114] - Epoch 39 training finished. Avg Loss: 1.2081, Final LR for epoch: 6.37e-06, Opt Steps: 228
2025-05-28 20:40:05 - phase4_finetuning.finetune.trainer - INFO - [validate_one_epoch:182] - Validation finished. Avg Loss: 1.2369, accuracy: 0.6318, f1_macro: 0.6192, f1_weighted: 0.6151, precision_macro: 0.6582, precision_weighted: 0.6626, recall_macro: 0.6400, recall_weighted: 0.6318, f1_Bacterial_Blight: 0.5465, f1_Curl_Virus: 0.3626, f1_Healthy_Leaf: 0.5969, f1_Herbicide_Growth_Damage: 0.8205, f1_Leaf_Hopper_Jassids: 0.5293, f1_Leaf_Redding: 0.6760, f1_Leaf_Variegation: 0.8023
2025-05-28 20:40:05 - __main__ - INFO - [main_execution_logic:469] - E39: Val f1_macro (0.6192) not better than best (0.6273). Patience: 3/15
2025-05-28 20:40:05 - __main__ - INFO - [main_execution_logic:478] - Epoch 39 completed in 233.97s.
2025-05-28 20:40:05 - __main__ - DEBUG - [main_execution_logic:479] - CUDA Mem E39 End: Alloc 3161.3MB, Reserved 6628.0MB
2025-05-28 20:43:44 - phase4_finetuning.finetune.trainer - INFO - [train_one_epoch:114] - Epoch 40 training finished. Avg Loss: 1.2105, Final LR for epoch: 5.85e-06, Opt Steps: 228
2025-05-28 20:44:00 - phase4_finetuning.finetune.trainer - INFO - [validate_one_epoch:182] - Validation finished. Avg Loss: 1.2273, accuracy: 0.6417, f1_macro: 0.6302, f1_weighted: 0.6257, precision_macro: 0.6682, precision_weighted: 0.6728, recall_macro: 0.6514, recall_weighted: 0.6417, f1_Bacterial_Blight: 0.5574, f1_Curl_Virus: 0.3626, f1_Healthy_Leaf: 0.6189, f1_Herbicide_Growth_Damage: 0.8198, f1_Leaf_Hopper_Jassids: 0.5677, f1_Leaf_Redding: 0.6803, f1_Leaf_Variegation: 0.8048
2025-05-28 20:44:03 - phase4_finetuning.finetune.trainer - INFO - [save_model_checkpoint:189] - Model checkpoint saved to /teamspace/studios/this_studio/cvpr25/phase4_finetuning/logs_finetune_ssl_nonorm_lowlr_v1/checkpoints_ssl_nonorm_lowlr_v1/best_finetuned_hvt_ssl_nonorm_lowlr_v1.pth
2025-05-28 20:44:03 - __main__ - INFO - [main_execution_logic:465] - E40: New best! Val f1_macro: 0.6302
2025-05-28 20:44:03 - __main__ - INFO - [main_execution_logic:478] - Epoch 40 completed in 237.92s.
2025-05-28 20:44:03 - __main__ - DEBUG - [main_execution_logic:479] - CUDA Mem E40 End: Alloc 3161.3MB, Reserved 6628.0MB
2025-05-28 20:47:41 - phase4_finetuning.finetune.trainer - INFO - [train_one_epoch:114] - Epoch 41 training finished. Avg Loss: 1.1968, Final LR for epoch: 5.33e-06, Opt Steps: 228
2025-05-28 20:47:57 - phase4_finetuning.finetune.trainer - INFO - [validate_one_epoch:182] - Validation finished. Avg Loss: 1.2255, accuracy: 0.6455, f1_macro: 0.6356, f1_weighted: 0.6314, precision_macro: 0.6720, precision_weighted: 0.6765, recall_macro: 0.6550, recall_weighted: 0.6455, f1_Bacterial_Blight: 0.5669, f1_Curl_Virus: 0.3881, f1_Healthy_Leaf: 0.6174, f1_Herbicide_Growth_Damage: 0.8216, f1_Leaf_Hopper_Jassids: 0.5591, f1_Leaf_Redding: 0.6841, f1_Leaf_Variegation: 0.8119
2025-05-28 20:48:01 - phase4_finetuning.finetune.trainer - INFO - [save_model_checkpoint:189] - Model checkpoint saved to /teamspace/studios/this_studio/cvpr25/phase4_finetuning/logs_finetune_ssl_nonorm_lowlr_v1/checkpoints_ssl_nonorm_lowlr_v1/best_finetuned_hvt_ssl_nonorm_lowlr_v1.pth
2025-05-28 20:48:01 - __main__ - INFO - [main_execution_logic:465] - E41: New best! Val f1_macro: 0.6356
2025-05-28 20:48:01 - __main__ - INFO - [main_execution_logic:478] - Epoch 41 completed in 237.39s.
2025-05-28 20:48:01 - __main__ - DEBUG - [main_execution_logic:479] - CUDA Mem E41 End: Alloc 3161.3MB, Reserved 6628.0MB
2025-05-28 20:51:38 - phase4_finetuning.finetune.trainer - INFO - [train_one_epoch:114] - Epoch 42 training finished. Avg Loss: 1.1967, Final LR for epoch: 4.84e-06, Opt Steps: 228
2025-05-28 20:51:54 - phase4_finetuning.finetune.trainer - INFO - [validate_one_epoch:182] - Validation finished. Avg Loss: 1.2344, accuracy: 0.6417, f1_macro: 0.6305, f1_weighted: 0.6255, precision_macro: 0.6742, precision_weighted: 0.6781, recall_macro: 0.6510, recall_weighted: 0.6417, f1_Bacterial_Blight: 0.5653, f1_Curl_Virus: 0.3556, f1_Healthy_Leaf: 0.6157, f1_Herbicide_Growth_Damage: 0.8249, f1_Leaf_Hopper_Jassids: 0.5516, f1_Leaf_Redding: 0.6780, f1_Leaf_Variegation: 0.8226
2025-05-28 20:51:54 - __main__ - INFO - [main_execution_logic:469] - E42: Val f1_macro (0.6305) not better than best (0.6356). Patience: 1/15
2025-05-28 20:51:54 - __main__ - INFO - [main_execution_logic:478] - Epoch 42 completed in 233.06s.
2025-05-28 20:51:54 - __main__ - DEBUG - [main_execution_logic:479] - CUDA Mem E42 End: Alloc 3161.3MB, Reserved 6628.0MB
2025-05-28 20:55:31 - phase4_finetuning.finetune.trainer - INFO - [train_one_epoch:114] - Epoch 43 training finished. Avg Loss: 1.1697, Final LR for epoch: 4.36e-06, Opt Steps: 228
2025-05-28 20:55:46 - phase4_finetuning.finetune.trainer - INFO - [validate_one_epoch:182] - Validation finished. Avg Loss: 1.2249, accuracy: 0.6417, f1_macro: 0.6317, f1_weighted: 0.6273, precision_macro: 0.6700, precision_weighted: 0.6736, recall_macro: 0.6499, recall_weighted: 0.6417, f1_Bacterial_Blight: 0.5620, f1_Curl_Virus: 0.3804, f1_Healthy_Leaf: 0.6238, f1_Herbicide_Growth_Damage: 0.8257, f1_Leaf_Hopper_Jassids: 0.5373, f1_Leaf_Redding: 0.6732, f1_Leaf_Variegation: 0.8193
2025-05-28 20:55:46 - __main__ - INFO - [main_execution_logic:469] - E43: Val f1_macro (0.6317) not better than best (0.6356). Patience: 2/15
2025-05-28 20:55:46 - __main__ - INFO - [main_execution_logic:478] - Epoch 43 completed in 232.36s.
2025-05-28 20:55:46 - __main__ - DEBUG - [main_execution_logic:479] - CUDA Mem E43 End: Alloc 3161.3MB, Reserved 6628.0MB
2025-05-28 20:59:23 - phase4_finetuning.finetune.trainer - INFO - [train_one_epoch:114] - Epoch 44 training finished. Avg Loss: 1.1954, Final LR for epoch: 3.89e-06, Opt Steps: 228
2025-05-28 20:59:38 - phase4_finetuning.finetune.trainer - INFO - [validate_one_epoch:182] - Validation finished. Avg Loss: 1.2215, accuracy: 0.6515, f1_macro: 0.6401, f1_weighted: 0.6362, precision_macro: 0.6773, precision_weighted: 0.6824, recall_macro: 0.6606, recall_weighted: 0.6515, f1_Bacterial_Blight: 0.5697, f1_Curl_Virus: 0.3859, f1_Healthy_Leaf: 0.6335, f1_Herbicide_Growth_Damage: 0.8266, f1_Leaf_Hopper_Jassids: 0.5698, f1_Leaf_Redding: 0.6920, f1_Leaf_Variegation: 0.8031
2025-05-28 20:59:41 - phase4_finetuning.finetune.trainer - INFO - [save_model_checkpoint:189] - Model checkpoint saved to /teamspace/studios/this_studio/cvpr25/phase4_finetuning/logs_finetune_ssl_nonorm_lowlr_v1/checkpoints_ssl_nonorm_lowlr_v1/best_finetuned_hvt_ssl_nonorm_lowlr_v1.pth
2025-05-28 20:59:41 - __main__ - INFO - [main_execution_logic:465] - E44: New best! Val f1_macro: 0.6401
2025-05-28 20:59:41 - __main__ - INFO - [main_execution_logic:478] - Epoch 44 completed in 235.37s.
2025-05-28 20:59:41 - __main__ - DEBUG - [main_execution_logic:479] - CUDA Mem E44 End: Alloc 3161.3MB, Reserved 6628.0MB
2025-05-28 21:03:19 - phase4_finetuning.finetune.trainer - INFO - [train_one_epoch:114] - Epoch 45 training finished. Avg Loss: 1.2071, Final LR for epoch: 3.45e-06, Opt Steps: 228
2025-05-28 21:03:35 - phase4_finetuning.finetune.trainer - INFO - [validate_one_epoch:182] - Validation finished. Avg Loss: 1.2181, accuracy: 0.6477, f1_macro: 0.6355, f1_weighted: 0.6312, precision_macro: 0.6754, precision_weighted: 0.6793, recall_macro: 0.6555, recall_weighted: 0.6477, f1_Bacterial_Blight: 0.5697, f1_Curl_Virus: 0.3736, f1_Healthy_Leaf: 0.6331, f1_Herbicide_Growth_Damage: 0.8263, f1_Leaf_Hopper_Jassids: 0.5472, f1_Leaf_Redding: 0.6835, f1_Leaf_Variegation: 0.8150
2025-05-28 21:03:35 - __main__ - INFO - [main_execution_logic:469] - E45: Val f1_macro (0.6355) not better than best (0.6401). Patience: 1/15
2025-05-28 21:03:35 - __main__ - INFO - [main_execution_logic:478] - Epoch 45 completed in 233.04s.
2025-05-28 21:03:35 - __main__ - DEBUG - [main_execution_logic:479] - CUDA Mem E45 End: Alloc 3161.3MB, Reserved 6628.0MB
2025-05-28 21:07:11 - phase4_finetuning.finetune.trainer - INFO - [train_one_epoch:114] - Epoch 46 training finished. Avg Loss: 1.1853, Final LR for epoch: 3.03e-06, Opt Steps: 228
2025-05-28 21:07:27 - phase4_finetuning.finetune.trainer - INFO - [validate_one_epoch:182] - Validation finished. Avg Loss: 1.2236, accuracy: 0.6488, f1_macro: 0.6362, f1_weighted: 0.6316, precision_macro: 0.6815, precision_weighted: 0.6858, recall_macro: 0.6576, recall_weighted: 0.6488, f1_Bacterial_Blight: 0.5656, f1_Curl_Virus: 0.3677, f1_Healthy_Leaf: 0.6296, f1_Herbicide_Growth_Damage: 0.8257, f1_Leaf_Hopper_Jassids: 0.5730, f1_Leaf_Redding: 0.6827, f1_Leaf_Variegation: 0.8094
2025-05-28 21:07:27 - __main__ - INFO - [main_execution_logic:469] - E46: Val f1_macro (0.6362) not better than best (0.6401). Patience: 2/15
2025-05-28 21:07:27 - __main__ - INFO - [main_execution_logic:478] - Epoch 46 completed in 232.81s.
2025-05-28 21:07:27 - __main__ - DEBUG - [main_execution_logic:479] - CUDA Mem E46 End: Alloc 3161.3MB, Reserved 6628.0MB
2025-05-28 21:11:04 - phase4_finetuning.finetune.trainer - INFO - [train_one_epoch:114] - Epoch 47 training finished. Avg Loss: 1.1962, Final LR for epoch: 2.63e-06, Opt Steps: 228
2025-05-28 21:11:20 - phase4_finetuning.finetune.trainer - INFO - [validate_one_epoch:182] - Validation finished. Avg Loss: 1.2146, accuracy: 0.6537, f1_macro: 0.6405, f1_weighted: 0.6362, precision_macro: 0.6784, precision_weighted: 0.6827, recall_macro: 0.6625, recall_weighted: 0.6537, f1_Bacterial_Blight: 0.5631, f1_Curl_Virus: 0.3736, f1_Healthy_Leaf: 0.6401, f1_Herbicide_Growth_Damage: 0.8196, f1_Leaf_Hopper_Jassids: 0.5809, f1_Leaf_Redding: 0.6918, f1_Leaf_Variegation: 0.8141
2025-05-28 21:11:23 - phase4_finetuning.finetune.trainer - INFO - [save_model_checkpoint:189] - Model checkpoint saved to /teamspace/studios/this_studio/cvpr25/phase4_finetuning/logs_finetune_ssl_nonorm_lowlr_v1/checkpoints_ssl_nonorm_lowlr_v1/best_finetuned_hvt_ssl_nonorm_lowlr_v1.pth
2025-05-28 21:11:23 - __main__ - INFO - [main_execution_logic:465] - E47: New best! Val f1_macro: 0.6405
2025-05-28 21:11:23 - __main__ - INFO - [main_execution_logic:478] - Epoch 47 completed in 235.72s.
2025-05-28 21:11:23 - __main__ - DEBUG - [main_execution_logic:479] - CUDA Mem E47 End: Alloc 3161.3MB, Reserved 6628.0MB
2025-05-28 21:15:00 - phase4_finetuning.finetune.trainer - INFO - [train_one_epoch:114] - Epoch 48 training finished. Avg Loss: 1.1919, Final LR for epoch: 2.26e-06, Opt Steps: 228
2025-05-28 21:15:17 - phase4_finetuning.finetune.trainer - INFO - [validate_one_epoch:182] - Validation finished. Avg Loss: 1.2238, accuracy: 0.6537, f1_macro: 0.6411, f1_weighted: 0.6365, precision_macro: 0.6840, precision_weighted: 0.6883, recall_macro: 0.6628, recall_weighted: 0.6537, f1_Bacterial_Blight: 0.5703, f1_Curl_Virus: 0.3667, f1_Healthy_Leaf: 0.6372, f1_Herbicide_Growth_Damage: 0.8280, f1_Leaf_Hopper_Jassids: 0.5844, f1_Leaf_Redding: 0.6896, f1_Leaf_Variegation: 0.8119
2025-05-28 21:15:20 - phase4_finetuning.finetune.trainer - INFO - [save_model_checkpoint:189] - Model checkpoint saved to /teamspace/studios/this_studio/cvpr25/phase4_finetuning/logs_finetune_ssl_nonorm_lowlr_v1/checkpoints_ssl_nonorm_lowlr_v1/best_finetuned_hvt_ssl_nonorm_lowlr_v1.pth
2025-05-28 21:15:20 - __main__ - INFO - [main_execution_logic:465] - E48: New best! Val f1_macro: 0.6411
2025-05-28 21:15:20 - __main__ - INFO - [main_execution_logic:478] - Epoch 48 completed in 236.84s.
2025-05-28 21:15:20 - __main__ - DEBUG - [main_execution_logic:479] - CUDA Mem E48 End: Alloc 3161.3MB, Reserved 6628.0MB
2025-05-28 21:18:58 - phase4_finetuning.finetune.trainer - INFO - [train_one_epoch:114] - Epoch 49 training finished. Avg Loss: 1.1987, Final LR for epoch: 1.91e-06, Opt Steps: 228
2025-05-28 21:19:14 - phase4_finetuning.finetune.trainer - INFO - [validate_one_epoch:182] - Validation finished. Avg Loss: 1.2198, accuracy: 0.6532, f1_macro: 0.6416, f1_weighted: 0.6367, precision_macro: 0.6824, precision_weighted: 0.6860, recall_macro: 0.6623, recall_weighted: 0.6532, f1_Bacterial_Blight: 0.5691, f1_Curl_Virus: 0.3736, f1_Healthy_Leaf: 0.6330, f1_Herbicide_Growth_Damage: 0.8270, f1_Leaf_Hopper_Jassids: 0.5820, f1_Leaf_Redding: 0.6847, f1_Leaf_Variegation: 0.8216
2025-05-28 21:19:17 - phase4_finetuning.finetune.trainer - INFO - [save_model_checkpoint:189] - Model checkpoint saved to /teamspace/studios/this_studio/cvpr25/phase4_finetuning/logs_finetune_ssl_nonorm_lowlr_v1/checkpoints_ssl_nonorm_lowlr_v1/best_finetuned_hvt_ssl_nonorm_lowlr_v1.pth
2025-05-28 21:19:17 - __main__ - INFO - [main_execution_logic:465] - E49: New best! Val f1_macro: 0.6416
2025-05-28 21:19:17 - __main__ - INFO - [main_execution_logic:478] - Epoch 49 completed in 237.04s.
2025-05-28 21:19:17 - __main__ - DEBUG - [main_execution_logic:479] - CUDA Mem E49 End: Alloc 3161.3MB, Reserved 6628.0MB
2025-05-28 21:22:55 - phase4_finetuning.finetune.trainer - INFO - [train_one_epoch:114] - Epoch 50 training finished. Avg Loss: 1.2048, Final LR for epoch: 1.59e-06, Opt Steps: 228
2025-05-28 21:23:11 - phase4_finetuning.finetune.trainer - INFO - [validate_one_epoch:182] - Validation finished. Avg Loss: 1.2193, accuracy: 0.6526, f1_macro: 0.6408, f1_weighted: 0.6362, precision_macro: 0.6813, precision_weighted: 0.6856, recall_macro: 0.6620, recall_weighted: 0.6526, f1_Bacterial_Blight: 0.5649, f1_Curl_Virus: 0.3781, f1_Healthy_Leaf: 0.6302, f1_Herbicide_Growth_Damage: 0.8238, f1_Leaf_Hopper_Jassids: 0.5849, f1_Leaf_Redding: 0.6887, f1_Leaf_Variegation: 0.8151
2025-05-28 21:23:11 - __main__ - INFO - [main_execution_logic:469] - E50: Val f1_macro (0.6408) not better than best (0.6416). Patience: 1/15
2025-05-28 21:23:11 - __main__ - INFO - [main_execution_logic:478] - Epoch 50 completed in 234.14s.
2025-05-28 21:23:11 - __main__ - DEBUG - [main_execution_logic:479] - CUDA Mem E50 End: Alloc 3161.3MB, Reserved 6628.0MB
2025-05-28 21:26:48 - phase4_finetuning.finetune.trainer - INFO - [train_one_epoch:114] - Epoch 51 training finished. Avg Loss: 1.2021, Final LR for epoch: 1.29e-06, Opt Steps: 228
2025-05-28 21:27:04 - phase4_finetuning.finetune.trainer - INFO - [validate_one_epoch:182] - Validation finished. Avg Loss: 1.2247, accuracy: 0.6543, f1_macro: 0.6426, f1_weighted: 0.6377, precision_macro: 0.6872, precision_weighted: 0.6911, recall_macro: 0.6635, recall_weighted: 0.6543, f1_Bacterial_Blight: 0.5691, f1_Curl_Virus: 0.3712, f1_Healthy_Leaf: 0.6394, f1_Herbicide_Growth_Damage: 0.8266, f1_Leaf_Hopper_Jassids: 0.5864, f1_Leaf_Redding: 0.6856, f1_Leaf_Variegation: 0.8200
2025-05-28 21:27:07 - phase4_finetuning.finetune.trainer - INFO - [save_model_checkpoint:189] - Model checkpoint saved to /teamspace/studios/this_studio/cvpr25/phase4_finetuning/logs_finetune_ssl_nonorm_lowlr_v1/checkpoints_ssl_nonorm_lowlr_v1/best_finetuned_hvt_ssl_nonorm_lowlr_v1.pth
2025-05-28 21:27:07 - __main__ - INFO - [main_execution_logic:465] - E51: New best! Val f1_macro: 0.6426
2025-05-28 21:27:07 - __main__ - INFO - [main_execution_logic:478] - Epoch 51 completed in 236.18s.
2025-05-28 21:27:07 - __main__ - DEBUG - [main_execution_logic:479] - CUDA Mem E51 End: Alloc 3161.3MB, Reserved 6628.0MB
2025-05-28 21:30:44 - phase4_finetuning.finetune.trainer - INFO - [train_one_epoch:114] - Epoch 52 training finished. Avg Loss: 1.1935, Final LR for epoch: 1.03e-06, Opt Steps: 228
2025-05-28 21:31:00 - phase4_finetuning.finetune.trainer - INFO - [validate_one_epoch:182] - Validation finished. Avg Loss: 1.2230, accuracy: 0.6537, f1_macro: 0.6417, f1_weighted: 0.6371, precision_macro: 0.6861, precision_weighted: 0.6903, recall_macro: 0.6626, recall_weighted: 0.6537, f1_Bacterial_Blight: 0.5714, f1_Curl_Virus: 0.3712, f1_Healthy_Leaf: 0.6406, f1_Herbicide_Growth_Damage: 0.8313, f1_Leaf_Hopper_Jassids: 0.5764, f1_Leaf_Redding: 0.6875, f1_Leaf_Variegation: 0.8135
2025-05-28 21:31:00 - __main__ - INFO - [main_execution_logic:469] - E52: Val f1_macro (0.6417) not better than best (0.6426). Patience: 1/15
2025-05-28 21:31:00 - __main__ - INFO - [main_execution_logic:478] - Epoch 52 completed in 232.93s.
2025-05-28 21:31:00 - __main__ - DEBUG - [main_execution_logic:479] - CUDA Mem E52 End: Alloc 3161.3MB, Reserved 6628.0MB
2025-05-28 21:34:38 - phase4_finetuning.finetune.trainer - INFO - [train_one_epoch:114] - Epoch 53 training finished. Avg Loss: 1.2203, Final LR for epoch: 7.89e-07, Opt Steps: 228
2025-05-28 21:34:53 - phase4_finetuning.finetune.trainer - INFO - [validate_one_epoch:182] - Validation finished. Avg Loss: 1.2225, accuracy: 0.6554, f1_macro: 0.6435, f1_weighted: 0.6385, precision_macro: 0.6879, precision_weighted: 0.6918, recall_macro: 0.6648, recall_weighted: 0.6554, f1_Bacterial_Blight: 0.5796, f1_Curl_Virus: 0.3667, f1_Healthy_Leaf: 0.6370, f1_Herbicide_Growth_Damage: 0.8283, f1_Leaf_Hopper_Jassids: 0.5870, f1_Leaf_Redding: 0.6876, f1_Leaf_Variegation: 0.8184
2025-05-28 21:34:57 - phase4_finetuning.finetune.trainer - INFO - [save_model_checkpoint:189] - Model checkpoint saved to /teamspace/studios/this_studio/cvpr25/phase4_finetuning/logs_finetune_ssl_nonorm_lowlr_v1/checkpoints_ssl_nonorm_lowlr_v1/best_finetuned_hvt_ssl_nonorm_lowlr_v1.pth
2025-05-28 21:34:57 - __main__ - INFO - [main_execution_logic:465] - E53: New best! Val f1_macro: 0.6435
2025-05-28 21:34:57 - __main__ - INFO - [main_execution_logic:478] - Epoch 53 completed in 236.35s.
2025-05-28 21:34:57 - __main__ - DEBUG - [main_execution_logic:479] - CUDA Mem E53 End: Alloc 3161.3MB, Reserved 6628.0MB
2025-05-28 21:38:34 - phase4_finetuning.finetune.trainer - INFO - [train_one_epoch:114] - Epoch 54 training finished. Avg Loss: 1.1996, Final LR for epoch: 5.82e-07, Opt Steps: 228
2025-05-28 21:38:50 - phase4_finetuning.finetune.trainer - INFO - [validate_one_epoch:182] - Validation finished. Avg Loss: 1.2214, accuracy: 0.6575, f1_macro: 0.6464, f1_weighted: 0.6414, precision_macro: 0.6889, precision_weighted: 0.6925, recall_macro: 0.6670, recall_weighted: 0.6575, f1_Bacterial_Blight: 0.5796, f1_Curl_Virus: 0.3747, f1_Healthy_Leaf: 0.6396, f1_Herbicide_Growth_Damage: 0.8283, f1_Leaf_Hopper_Jassids: 0.5895, f1_Leaf_Redding: 0.6886, f1_Leaf_Variegation: 0.8249
2025-05-28 21:38:53 - phase4_finetuning.finetune.trainer - INFO - [save_model_checkpoint:189] - Model checkpoint saved to /teamspace/studios/this_studio/cvpr25/phase4_finetuning/logs_finetune_ssl_nonorm_lowlr_v1/checkpoints_ssl_nonorm_lowlr_v1/best_finetuned_hvt_ssl_nonorm_lowlr_v1.pth
2025-05-28 21:38:53 - __main__ - INFO - [main_execution_logic:465] - E54: New best! Val f1_macro: 0.6464
2025-05-28 21:38:53 - __main__ - INFO - [main_execution_logic:478] - Epoch 54 completed in 236.88s.
2025-05-28 21:38:53 - __main__ - DEBUG - [main_execution_logic:479] - CUDA Mem E54 End: Alloc 3161.3MB, Reserved 6628.0MB
2025-05-28 21:42:31 - phase4_finetuning.finetune.trainer - INFO - [train_one_epoch:114] - Epoch 55 training finished. Avg Loss: 1.2044, Final LR for epoch: 4.05e-07, Opt Steps: 228
2025-05-28 21:42:47 - phase4_finetuning.finetune.trainer - INFO - [validate_one_epoch:182] - Validation finished. Avg Loss: 1.2204, accuracy: 0.6570, f1_macro: 0.6457, f1_weighted: 0.6406, precision_macro: 0.6893, precision_weighted: 0.6931, recall_macro: 0.6664, recall_weighted: 0.6570, f1_Bacterial_Blight: 0.5779, f1_Curl_Virus: 0.3757, f1_Healthy_Leaf: 0.6359, f1_Herbicide_Growth_Damage: 0.8306, f1_Leaf_Hopper_Jassids: 0.5905, f1_Leaf_Redding: 0.6876, f1_Leaf_Variegation: 0.8216
2025-05-28 21:42:47 - __main__ - INFO - [main_execution_logic:469] - E55: Val f1_macro (0.6457) not better than best (0.6464). Patience: 1/15
2025-05-28 21:42:47 - __main__ - INFO - [main_execution_logic:478] - Epoch 55 completed in 233.57s.
2025-05-28 21:42:47 - __main__ - DEBUG - [main_execution_logic:479] - CUDA Mem E55 End: Alloc 3161.3MB, Reserved 6628.0MB
2025-05-28 21:46:24 - phase4_finetuning.finetune.trainer - INFO - [train_one_epoch:114] - Epoch 56 training finished. Avg Loss: 1.2093, Final LR for epoch: 2.60e-07, Opt Steps: 228
2025-05-28 21:46:40 - phase4_finetuning.finetune.trainer - INFO - [validate_one_epoch:182] - Validation finished. Avg Loss: 1.2199, accuracy: 0.6548, f1_macro: 0.6435, f1_weighted: 0.6387, precision_macro: 0.6858, precision_weighted: 0.6897, recall_macro: 0.6642, recall_weighted: 0.6548, f1_Bacterial_Blight: 0.5708, f1_Curl_Virus: 0.3747, f1_Healthy_Leaf: 0.6397, f1_Herbicide_Growth_Damage: 0.8283, f1_Leaf_Hopper_Jassids: 0.5870, f1_Leaf_Redding: 0.6858, f1_Leaf_Variegation: 0.8184
2025-05-28 21:46:40 - __main__ - INFO - [main_execution_logic:469] - E56: Val f1_macro (0.6435) not better than best (0.6464). Patience: 2/15
2025-05-28 21:46:40 - __main__ - INFO - [main_execution_logic:478] - Epoch 56 completed in 232.77s.
2025-05-28 21:46:40 - __main__ - DEBUG - [main_execution_logic:479] - CUDA Mem E56 End: Alloc 3161.3MB, Reserved 6628.0MB
2025-05-28 21:50:16 - phase4_finetuning.finetune.trainer - INFO - [train_one_epoch:114] - Epoch 57 training finished. Avg Loss: 1.2000, Final LR for epoch: 1.46e-07, Opt Steps: 228
2025-05-28 21:50:32 - phase4_finetuning.finetune.trainer - INFO - [validate_one_epoch:182] - Validation finished. Avg Loss: 1.2193, accuracy: 0.6575, f1_macro: 0.6464, f1_weighted: 0.6413, precision_macro: 0.6870, precision_weighted: 0.6905, recall_macro: 0.6672, recall_weighted: 0.6575, f1_Bacterial_Blight: 0.5808, f1_Curl_Virus: 0.3736, f1_Healthy_Leaf: 0.6397, f1_Herbicide_Growth_Damage: 0.8306, f1_Leaf_Hopper_Jassids: 0.5915, f1_Leaf_Redding: 0.6868, f1_Leaf_Variegation: 0.8216
2025-05-28 21:50:32 - __main__ - INFO - [main_execution_logic:469] - E57: Val f1_macro (0.6464) not better than best (0.6464). Patience: 3/15
2025-05-28 21:50:32 - __main__ - INFO - [main_execution_logic:478] - Epoch 57 completed in 232.10s.
2025-05-28 21:50:32 - __main__ - DEBUG - [main_execution_logic:479] - CUDA Mem E57 End: Alloc 3161.3MB, Reserved 6628.0MB
2025-05-28 21:54:09 - phase4_finetuning.finetune.trainer - INFO - [train_one_epoch:114] - Epoch 58 training finished. Avg Loss: 1.1863, Final LR for epoch: 6.52e-08, Opt Steps: 228
2025-05-28 21:54:25 - phase4_finetuning.finetune.trainer - INFO - [validate_one_epoch:182] - Validation finished. Avg Loss: 1.2190, accuracy: 0.6559, f1_macro: 0.6447, f1_weighted: 0.6399, precision_macro: 0.6863, precision_weighted: 0.6901, recall_macro: 0.6652, recall_weighted: 0.6559, f1_Bacterial_Blight: 0.5720, f1_Curl_Virus: 0.3791, f1_Healthy_Leaf: 0.6362, f1_Herbicide_Growth_Damage: 0.8306, f1_Leaf_Hopper_Jassids: 0.5901, f1_Leaf_Redding: 0.6868, f1_Leaf_Variegation: 0.8184
2025-05-28 21:54:25 - __main__ - INFO - [main_execution_logic:469] - E58: Val f1_macro (0.6447) not better than best (0.6464). Patience: 4/15
2025-05-28 21:54:25 - __main__ - INFO - [main_execution_logic:478] - Epoch 58 completed in 232.81s.
2025-05-28 21:54:25 - __main__ - DEBUG - [main_execution_logic:479] - CUDA Mem E58 End: Alloc 3161.3MB, Reserved 6628.0MB
2025-05-28 21:58:02 - phase4_finetuning.finetune.trainer - INFO - [train_one_epoch:114] - Epoch 59 training finished. Avg Loss: 1.1751, Final LR for epoch: 1.63e-08, Opt Steps: 228
2025-05-28 21:58:17 - phase4_finetuning.finetune.trainer - INFO - [validate_one_epoch:182] - Validation finished. Avg Loss: 1.2188, accuracy: 0.6570, f1_macro: 0.6459, f1_weighted: 0.6410, precision_macro: 0.6875, precision_weighted: 0.6912, recall_macro: 0.6664, recall_weighted: 0.6570, f1_Bacterial_Blight: 0.5779, f1_Curl_Virus: 0.3791, f1_Healthy_Leaf: 0.6385, f1_Herbicide_Growth_Damage: 0.8306, f1_Leaf_Hopper_Jassids: 0.5901, f1_Leaf_Redding: 0.6868, f1_Leaf_Variegation: 0.8184
2025-05-28 21:58:17 - __main__ - INFO - [main_execution_logic:469] - E59: Val f1_macro (0.6459) not better than best (0.6464). Patience: 5/15
2025-05-28 21:58:17 - __main__ - INFO - [main_execution_logic:478] - Epoch 59 completed in 232.79s.
2025-05-28 21:58:17 - __main__ - DEBUG - [main_execution_logic:479] - CUDA Mem E59 End: Alloc 3161.3MB, Reserved 6628.0MB
2025-05-28 22:01:54 - phase4_finetuning.finetune.trainer - INFO - [train_one_epoch:114] - Epoch 60 training finished. Avg Loss: 1.1815, Final LR for epoch: 0.00e+00, Opt Steps: 228
2025-05-28 22:02:09 - phase4_finetuning.finetune.trainer - INFO - [validate_one_epoch:182] - Validation finished. Avg Loss: 1.2188, accuracy: 0.6565, f1_macro: 0.6451, f1_weighted: 0.6401, precision_macro: 0.6869, precision_weighted: 0.6906, recall_macro: 0.6659, recall_weighted: 0.6565, f1_Bacterial_Blight: 0.5779, f1_Curl_Virus: 0.3747, f1_Healthy_Leaf: 0.6374, f1_Herbicide_Growth_Damage: 0.8306, f1_Leaf_Hopper_Jassids: 0.5901, f1_Leaf_Redding: 0.6868, f1_Leaf_Variegation: 0.8184
2025-05-28 22:02:09 - __main__ - INFO - [main_execution_logic:469] - E60: Val f1_macro (0.6451) not better than best (0.6464). Patience: 6/15
2025-05-28 22:02:09 - __main__ - INFO - [main_execution_logic:478] - Epoch 60 completed in 231.84s.
2025-05-28 22:02:09 - __main__ - DEBUG - [main_execution_logic:479] - CUDA Mem E60 End: Alloc 3161.3MB, Reserved 6628.0MB
2025-05-28 22:02:09 - __main__ - INFO - [main_execution_logic:487] - Fine-tuning process ended. Last successfully completed epoch: 60.
2025-05-28 22:02:11 - phase4_finetuning.finetune.trainer - INFO - [save_model_checkpoint:189] - Model checkpoint saved to /teamspace/studios/this_studio/cvpr25/phase4_finetuning/logs_finetune_ssl_nonorm_lowlr_v1/checkpoints_ssl_nonorm_lowlr_v1/final_finetuned_hvt_ssl_nonorm_lowlr_v1.pth
2025-05-28 22:02:11 - __main__ - INFO - [main_execution_logic:490] - Fine-tuning summary: Best validation 'f1_macro': 0.6464 (achieved during training).
