2025-05-28 18:25:05 - root - INFO - [setup_logging:75] - Logging configured. Log file: /teamspace/studios/this_studio/cvpr25/phase4_finetuning/logs_finetune/ft_s3_staged_lr_20250528_182505/finetune_hvt_20250528_182505.log. Logger 'root' Effective Level: DEBUG
2025-05-28 18:25:05 - __main__ - INFO - [main_execution_logic:200] - ======== Starting Phase 4 Fine-tuning (Run: ft_s3_staged_lr_20250528_182505) ========
2025-05-28 18:25:05 - __main__ - INFO - [main_execution_logic:201] - Full effective configuration for this run: {'seed': 42, 'device': 'cuda', 'PROJECT_ROOT_PATH': '/teamspace/studios/this_studio/cvpr25', 'PACKAGE_ROOT_PATH': '/teamspace/studios/this_studio/cvpr25/phase4_finetuning', 'run_name_suffix': 'ft_s3_staged_lr', 'log_dir': 'logs_finetune', 'log_file_finetune_base': 'finetune_hvt', 'best_model_filename_base': 'best_finetuned_hvt', 'final_model_filename_base': 'final_finetuned_hvt', 'checkpoint_save_dir_name': 'checkpoints', 'ssl_pretrained_backbone_path': '/teamspace/studios/this_studio/cvpr25/phase3_pretraining/pretrain_checkpoints_hvt_xl/hvt_xl_simclr_best_probe.pth', 'resume_finetune_checkpoint_path': '/teamspace/studios/this_studio/cvpr25/phase4_finetuning/logs_finetune_ssl_nonorm_lowlr_v1/checkpoints_ssl_nonorm_lowlr_v1/best_finetuned_hvt_ssl_nonorm_lowlr_v1.pth', 'load_optimizer_scheduler_on_resume': True, 'data_root': '/teamspace/studios/this_studio/cvpr25/SAR-CLD-2024 A Comprehensive Dataset for Cotton Leaf Disease Detection', 'original_dataset_name': 'Original Dataset', 'augmented_dataset_name': None, 'img_size': (448, 448), 'num_classes': 7, 'train_split_ratio': 0.8, 'normalize_data': True, 'use_weighted_sampler': True, 'num_workers': 4, 'prefetch_factor': 2, 'hvt_params_for_model_init': {'patch_size': 14, 'embed_dim_rgb': 192, 'embed_dim_spectral': 192, 'spectral_channels': 0, 'depths': [3, 6, 24, 3], 'num_heads': [6, 12, 24, 48], 'mlp_ratio': 4.0, 'qkv_bias': True, 'model_drop_rate': 0.1, 'attn_drop_rate': 0.0, 'drop_path_rate': 0.1, 'norm_layer_name': 'LayerNorm', 'use_dfca': False, 'use_gradient_checkpointing': True, 'ssl_enable_mae': False, 'ssl_enable_contrastive': False, 'enable_consistency_loss_heads': False, 'dfca_embed_dim_match_rgb': True, 'dfca_num_heads': 32, 'dfca_drop_rate': 0.1, 'dfca_use_disease_mask': True, 'ssl_mae_mask_ratio': 0.75, 'ssl_mae_decoder_dim': 64, 'ssl_mae_norm_pix_loss': True, 'ssl_contrastive_projector_dim': 128, 'ssl_contrastive_projector_depth': 2}, 'enable_torch_compile': False, 'torch_compile_mode': 'reduce-overhead', 'matmul_precision': 'high', 'cudnn_benchmark': True, 'epochs': 50, 'batch_size': 16, 'accumulation_steps': 2, 'amp_enabled': True, 'clip_grad_norm': 1.0, 'log_interval': 20, 'optimizer': 'AdamW', 'weight_decay': 0.05, 'optimizer_params': {'betas': (0.9, 0.999)}, 'freeze_backbone_epochs': 10, 'lr_head_frozen_phase': 0.0001, 'lr_backbone_unfrozen_phase': 1e-05, 'lr_head_unfrozen_phase': 2e-05, 'scheduler': 'WarmupCosine', 'warmup_epochs': 5, 'eta_min_lr': 1e-07, 'loss_label_smoothing': 0.1, 'augmentations_enabled': True, 'evaluate_every_n_epochs': 1, 'early_stopping_patience': 15, 'metric_to_monitor_early_stopping': 'f1_macro'}
2025-05-28 18:25:05 - __main__ - INFO - [set_global_seed:68] - Global random seed set to: 42
2025-05-28 18:25:05 - __main__ - INFO - [main_execution_logic:204] - Device: cuda. GPU: Tesla T4
2025-05-28 18:25:05 - __main__ - INFO - [main_execution_logic:205] - cudnn.benchmark = True
2025-05-28 18:25:05 - __main__ - INFO - [main_execution_logic:207] - matmul_precision = 'high'
2025-05-28 18:25:05 - phase4_finetuning.dataset - INFO - [__init__:53] - [DATASET INIT - train] Root: /teamspace/studios/this_studio/cvpr25/SAR-CLD-2024 A Comprehensive Dataset for Cotton Leaf Disease Detection, ImgSize: (448, 448), Normalize: True
2025-05-28 18:25:05 - phase4_finetuning.dataset - INFO - [__init__:74] - [DATASET INIT - train] Scanning: /teamspace/studios/this_studio/cvpr25/SAR-CLD-2024 A Comprehensive Dataset for Cotton Leaf Disease Detection/Original Dataset
2025-05-28 18:25:05 - phase4_finetuning.dataset - DEBUG - [__init__:67] - [DATASET INIT - train] Dataset name 'None' is None/empty, skipping.
2025-05-28 18:25:05 - phase4_finetuning.dataset - INFO - [__init__:105] - [DATASET INIT - train] Total valid image paths collected: 2137 from ~2137 items considered.
2025-05-28 18:25:05 - phase4_finetuning.dataset - INFO - [__init__:117] - [DATASET INIT - train] Dataset split size: 1709 samples.
2025-05-28 18:25:05 - phase4_finetuning.dataset - INFO - [__init__:128] - [DATASET INIT - train] Base RGB Transforms: Compose(
      ToImage()
      ToDtype(scale=True)
      Resize(size=[448, 448], interpolation=InterpolationMode.BICUBIC, antialias=True)
      Normalize(mean=[0.485, 0.456, 0.406], std=[0.229, 0.224, 0.225], inplace=False)
)
2025-05-28 18:25:05 - phase4_finetuning.dataset - INFO - [__init__:53] - [DATASET INIT - val] Root: /teamspace/studios/this_studio/cvpr25/SAR-CLD-2024 A Comprehensive Dataset for Cotton Leaf Disease Detection, ImgSize: (448, 448), Normalize: True
2025-05-28 18:25:05 - phase4_finetuning.dataset - INFO - [__init__:74] - [DATASET INIT - val] Scanning: /teamspace/studios/this_studio/cvpr25/SAR-CLD-2024 A Comprehensive Dataset for Cotton Leaf Disease Detection/Original Dataset
2025-05-28 18:25:05 - phase4_finetuning.dataset - DEBUG - [__init__:67] - [DATASET INIT - val] Dataset name 'None' is None/empty, skipping.
2025-05-28 18:25:05 - phase4_finetuning.dataset - INFO - [__init__:105] - [DATASET INIT - val] Total valid image paths collected: 2137 from ~2137 items considered.
2025-05-28 18:25:05 - phase4_finetuning.dataset - INFO - [__init__:117] - [DATASET INIT - val] Dataset split size: 428 samples.
2025-05-28 18:25:05 - phase4_finetuning.dataset - INFO - [__init__:128] - [DATASET INIT - val] Base RGB Transforms: Compose(
      ToImage()
      ToDtype(scale=True)
      Resize(size=[448, 448], interpolation=InterpolationMode.BICUBIC, antialias=True)
      Normalize(mean=[0.485, 0.456, 0.406], std=[0.229, 0.224, 0.225], inplace=False)
)
2025-05-28 18:25:05 - phase4_finetuning.dataset - INFO - [get_class_weights:185] - Computed class weights (inv_freq for loss) for split 'train': [1.191 0.684 1.179 1.115 1.387 0.533 2.806]
2025-05-28 18:25:05 - __main__ - INFO - [main_execution_logic:219] - Using WeightedRandomSampler.
2025-05-28 18:25:05 - __main__ - INFO - [main_execution_logic:224] - Dataloaders: Train batches=106, Val batches=27
2025-05-28 18:25:05 - phase2_model.models.hvt - INFO - [create_disease_aware_hvt:602] - Factory: Creating DiseaseAwareHVT for img_size: (448, 448), num_classes: 7
2025-05-28 18:25:08 - phase2_model.models.hvt - INFO - [__init__:325] - HVT: Running RGB stream only. No fusion.
2025-05-28 18:25:10 - phase2_model.models.hvt - INFO - [__init__:359] - DiseaseAwareHVT initialized for image size (448, 448) and 7 classes.
2025-05-28 18:25:10 - __main__ - INFO - [main_execution_logic:227] - Base HVT model instance created for fine-tuning (num_classes=7).
2025-05-28 18:25:10 - phase4_finetuning.utils.augmentations - INFO - [__init__:23] - FinetuneAugmentation initialized with enhanced transforms.
2025-05-28 18:25:10 - phase4_finetuning.utils.augmentations - DEBUG - [__init__:24] - Augmentation pipeline: Compose(
      RandomHorizontalFlip(p=0.5)
      RandomVerticalFlip(p=0.3)
      RandomRotation(degrees=[-30.0, 30.0], interpolation=InterpolationMode.NEAREST, expand=False, fill=0)
      ColorJitter(brightness=(0.6, 1.4), contrast=(0.6, 1.4), saturation=(0.7, 1.3), hue=(-0.2, 0.2))
      RandomAffine(degrees=[-15.0, 15.0], translate=(0.2, 0.2), scale=(0.8, 1.2), shear=[-5.0, 5.0], interpolation=InterpolationMode.NEAREST, fill=0)
      RandomApply(    GaussianBlur(kernel_size=(3, 7), sigma=[0.1, 2.0]))
      RandomErasing(p=0.2, scale=(0.02, 0.2), ratio=(0.3, 3.3), value=[0.0], inplace=False)
      RandomSolarize(p=0.1, threshold=0.5)
)
2025-05-28 18:25:10 - __main__ - INFO - [main_execution_logic:229] - Fine-tuning augmentations pipeline created.
2025-05-28 18:25:10 - __main__ - INFO - [main_execution_logic:232] - Loss function: CrossEntropyLoss (LS: 0.1, Weights: None).
2025-05-28 18:25:10 - __main__ - INFO - [main_execution_logic:243] - Optimizer created: AdamW.
2025-05-28 18:25:10 - __main__.resume_finetune - INFO - [resume_finetune_from_checkpoint:150] - Resuming fine-tuning from checkpoint: /teamspace/studios/this_studio/cvpr25/phase4_finetuning/logs_finetune_ssl_nonorm_lowlr_v1/checkpoints_ssl_nonorm_lowlr_v1/best_finetuned_hvt_ssl_nonorm_lowlr_v1.pth
2025-05-28 18:25:11 - __main__.resume_finetune - WARNING - [resume_finetune_from_checkpoint:154] - No 'model_state_dict' in FT ckpt.
2025-05-28 18:25:11 - __main__.resume_finetune - WARNING - [resume_finetune_from_checkpoint:158] - Optimizer state not loaded.
2025-05-28 18:25:11 - __main__.resume_finetune - WARNING - [resume_finetune_from_checkpoint:162] - GradScaler state not loaded.
2025-05-28 18:25:11 - __main__.resume_finetune - WARNING - [resume_finetune_from_checkpoint:169] - Invalid 'epoch' in ckpt. Assuming 0 completed.
2025-05-28 18:25:11 - __main__.resume_finetune - INFO - [resume_finetune_from_checkpoint:180] - Resuming FT from epoch 1. Best metric: 0.0000. Last sched step (approx): -1
2025-05-28 18:25:12 - __main__ - INFO - [main_execution_logic:256] - Model ready on cuda. Total: 273,615,751, Trainable: 273,615,751
2025-05-28 18:25:12 - __main__ - INFO - [main_execution_logic:267] - Scheduler: WarmupCosine. WU Steps: 265, Total Steps: 2650, Resumed internal step: 0
2025-05-28 18:25:12 - phase4_finetuning.finetune.trainer - INFO - [__init__:44] - Finetuner initialized: device=cuda, accum_steps=2, lr_sched_on_batch=True, AMP=True
2025-05-28 18:25:12 - phase4_finetuning.finetune.trainer - INFO - [__init__:46] - Using training augmentations: FinetuneAugmentation
2025-05-28 18:25:12 - __main__ - INFO - [main_execution_logic:279] - Checkpoints saved in: /teamspace/studios/this_studio/cvpr25/phase4_finetuning/logs_finetune/ft_s3_staged_lr_20250528_182505/checkpoints
2025-05-28 18:25:12 - __main__ - INFO - [main_execution_logic:280] - Starting FT from epoch 1 for 50 total epochs. Monitor: 'f1_macro'.
2025-05-28 18:25:12 - __main__ - INFO - [main_execution_logic:300] - E1: Optim group 'head' LR set to 1.00e-04
2025-05-28 18:25:22 - phase4_finetuning.finetune.trainer - ERROR - [train_one_epoch:87] - E1 B15: Non-finite loss (nan). Skipping grad.
2025-05-28 18:25:26 - phase4_finetuning.finetune.trainer - ERROR - [train_one_epoch:87] - E1 B26: Non-finite loss (nan). Skipping grad.
2025-05-28 18:25:29 - phase4_finetuning.finetune.trainer - ERROR - [train_one_epoch:87] - E1 B32: Non-finite loss (nan). Skipping grad.
2025-05-28 18:25:37 - __main__ - WARNING - [main_execution_logic:320] - FT interrupted. Epochs this run: 0. Total completed: 0.
2025-05-28 18:25:37 - __main__ - INFO - [main_execution_logic:325] - FT ended. Absolute epochs completed: 0.
2025-05-28 18:25:37 - __main__ - INFO - [main_execution_logic:328] - FT summary: Best validation 'f1_macro': 0.0000
