2025-06-14 04:48:36 - root - INFO - [setup_logging:75] - Logging configured. Log file: /teamspace/studios/this_studio/cvpr25/phase4_finetuning/logs_finetune/05_ablation_no_freeze_20250614-044836/05_ablation_no_freeze_20250614-044836_20250614_044836.log. Logger 'root' Effective Level: INFO
2025-06-14 04:48:36 - __main__ - INFO - [run:38] - Starting fine-tuning run: 05_ablation_no_freeze_20250614-044836
2025-06-14 04:48:36 - __main__ - INFO - [run:39] - Full configuration:
PACKAGE_ROOT_PATH: /teamspace/studios/this_studio/cvpr25/phase4_finetuning
PROJECT_ROOT_PATH: /teamspace/studios/this_studio/cvpr25
augmentations:
  cutmix_prob: 0.2
  mixup_alpha: 0.2
  severity: strong
  strategy: cotton_disease
cudnn_benchmark: true
data:
  augmented_dataset_name: Augmented Dataset
  img_size:
  - 448
  - 448
  num_workers: 4
  original_dataset_name: Original Dataset
  root_dir: /teamspace/studios/this_studio/cvpr25/SAR-CLD-2024 A Comprehensive Dataset
    for Cotton Leaf Disease Detection
  train_split_ratio: 0.9
  use_weighted_sampler: true
device: cuda
evaluation:
  early_stopping:
    metric: f1_macro
    min_delta: 0.001
    patience: 20
  ema_decay: 0.9999
  tta_enabled: true
  use_ema: true
model:
  hvt_params:
    depths:
    - 3
    - 6
    - 24
    - 3
    drop_path_rate: 0.2
    embed_dim_rgb: 192
    enable_consistency_loss_heads: false
    mlp_ratio: 4.0
    model_drop_rate: 0.1
    norm_layer_name: LayerNorm
    num_heads:
    - 6
    - 12
    - 24
    - 48
    patch_size: 14
    qkv_bias: true
    spectral_channels: 0
    use_dfca: false
    use_gradient_checkpointing: true
  resume_finetune_path: null
  ssl_pretrained_path: phase3_pretraining/pretrain_checkpoints_hvt_xl/hvt_xl_simclr_t4_resumed_best_probe.pth
run_name_prefix: 05_ablation_no_freeze
seed: 42
torch_compile:
  enable: false
  mode: reduce-overhead
training:
  accumulation_steps: 2
  amp_enabled: true
  batch_size: 16
  clip_grad_norm: 1.0
  epochs: 100
  freeze_backbone_epochs: 0
  loss:
    focal_alpha: 0.5
    focal_gamma: 2.0
    label_smoothing: 0.1
    type: CombinedLoss
    use_class_weights: true
    weights:
      ce: 0.5
      focal: 0.5
  optimizer:
    lr_backbone_unfrozen: 2.0e-05
    lr_head_unfrozen: 0.0002
  scheduler:
    div_factor: 10
    final_div_factor: 1000
    name: onecyclelr
    pct_start: 0.1

2025-06-14 04:48:36 - __main__ - INFO - [run:50] - Setting up datasets and dataloaders...
2025-06-14 04:48:36 - phase4_finetuning.utils.augmentations - INFO - [create_cotton_leaf_augmentation:148] - Creating augmentation strategy: 'cotton_disease' for image size (448, 448)
2025-06-14 04:48:36 - phase4_finetuning.utils.augmentations - INFO - [__init__:134] - CottonLeafDiseaseAugmentation initialized with severity 'strong'.
2025-06-14 04:48:36 - phase4_finetuning.utils.augmentations - INFO - [create_cotton_leaf_augmentation:148] - Creating augmentation strategy: 'minimal' for image size (448, 448)
2025-06-14 04:48:36 - phase4_finetuning.dataset - INFO - [__init__:37] - Initializing Dataset for split 'train'...
2025-06-14 04:48:37 - phase4_finetuning.dataset - INFO - [__init__:53] - Found 9137 total image paths.
2025-06-14 04:48:37 - phase4_finetuning.dataset - INFO - [__init__:64] - Split 'train' size: 8223 samples.
2025-06-14 04:48:37 - phase4_finetuning.dataset - INFO - [__init__:37] - Initializing Dataset for split 'val'...
2025-06-14 04:48:37 - phase4_finetuning.dataset - INFO - [__init__:53] - Found 9137 total image paths.
2025-06-14 04:48:37 - phase4_finetuning.dataset - INFO - [__init__:64] - Split 'val' size: 914 samples.
2025-06-14 04:48:37 - __main__ - INFO - [run:87] - Discovered 7 classes.
2025-06-14 04:48:37 - __main__ - INFO - [run:97] - Using WeightedRandomSampler for training.
2025-06-14 04:48:37 - __main__ - INFO - [run:129] - Creating custom HVT model for fine-tuning...
2025-06-14 04:48:37 - phase2_model.models.hvt - INFO - [create_disease_aware_hvt:602] - Factory: Creating DiseaseAwareHVT for img_size: (448, 448), num_classes: 7
2025-06-14 04:48:40 - phase2_model.models.hvt - INFO - [__init__:325] - HVT: Running RGB stream only. No fusion.
2025-06-14 04:48:42 - phase2_model.models.hvt - INFO - [__init__:359] - DiseaseAwareHVT initialized for image size (448, 448) and 7 classes.
2025-06-14 04:48:42 - __main__ - INFO - [run:138] - Initializing EnhancedFinetuner...
2025-06-14 04:48:42 - phase4_finetuning.finetune.trainer - INFO - [_load_initial_weights:229] - Attempting to load SSL backbone weights from: phase3_pretraining/pretrain_checkpoints_hvt_xl/hvt_xl_simclr_t4_resumed_best_probe.pth
2025-06-14 04:48:44 - phase4_finetuning.finetune.trainer - INFO - [_load_initial_weights:242] - Found 'model_backbone_state_dict'. Loading into the main model with strict=False.
2025-06-14 04:48:45 - phase4_finetuning.finetune.trainer - INFO - [_load_initial_weights:247] - SSL weights loaded. Load message summary:
2025-06-14 04:48:46 - phase4_finetuning.utils.ema - INFO - [_create_shadow_copy:32] - Creating EMA shadow model by re-instantiating custom HVT class.
2025-06-14 04:48:48 - phase2_model.models.hvt - INFO - [__init__:325] - HVT: Running RGB stream only. No fusion.
2025-06-14 04:48:50 - phase2_model.models.hvt - INFO - [__init__:359] - DiseaseAwareHVT initialized for image size (448, 448) and 7 classes.
2025-06-14 04:48:51 - phase4_finetuning.utils.ema - INFO - [__init__:23] - EMA helper initialized with decay=0.9999. Shadow model created.
2025-06-14 04:48:51 - phase4_finetuning.finetune.trainer - INFO - [_get_param_groups:304] - Optimizer parameter groups: Head (177,975,367 params) with LR 2.00e-04, Backbone (95,640,384 params) with LR 2.00e-05
2025-06-14 04:48:51 - phase4_finetuning.dataset - INFO - [get_class_weights:96] - Computed class weights for split 'train': [1.04  0.897 1.049 1.03  1.069 0.834 1.156]
2025-06-14 04:48:51 - phase4_finetuning.finetune.trainer - INFO - [_create_criterion:344] - Using class weights in loss function.
2025-06-14 04:48:51 - phase4_finetuning.finetune.trainer - INFO - [__init__:59] - Trainer initialized. Model has 273,615,751 trainable parameters.
2025-06-14 04:48:51 - __main__ - INFO - [run:149] - Starting the training and validation loop...
2025-06-14 04:48:51 - phase4_finetuning.finetune.trainer - INFO - [run:63] - Starting fine-tuning run. Monitoring 'f1_macro' for best model.
2025-06-14 04:48:51 - phase4_finetuning.finetune.trainer - INFO - [run:72] - --- Starting Epoch 1/100 ---
2025-06-14 04:53:09 - phase4_finetuning.finetune.trainer - INFO - [_validate_one_epoch:187] - Validation Epoch 1: Loss=1.9540, Accuracy=0.1389, F1-Macro=0.0711
2025-06-14 04:53:09 - phase4_finetuning.finetune.trainer - INFO - [run:83] - Epoch 1: New best metric! f1_macro = 0.0711 (previously -1.0000)
2025-06-14 04:53:09 - phase4_finetuning.finetune.trainer - INFO - [_save_checkpoint:388] - Saving best model checkpoint to /teamspace/studios/this_studio/cvpr25/phase4_finetuning/logs_finetune/05_ablation_no_freeze_20250614-044836/checkpoints/best_model.pth
2025-06-14 04:53:15 - phase4_finetuning.finetune.trainer - INFO - [run:72] - --- Starting Epoch 2/100 ---
2025-06-14 04:57:29 - phase4_finetuning.finetune.trainer - INFO - [_validate_one_epoch:187] - Validation Epoch 2: Loss=1.9530, Accuracy=0.1422, F1-Macro=0.0708
2025-06-14 04:57:29 - phase4_finetuning.finetune.trainer - INFO - [run:89] - No improvement in f1_macro. Best: 0.0711. Patience: 1/20
2025-06-14 04:57:29 - phase4_finetuning.finetune.trainer - INFO - [run:72] - --- Starting Epoch 3/100 ---
2025-06-14 05:01:42 - phase4_finetuning.finetune.trainer - INFO - [_validate_one_epoch:187] - Validation Epoch 3: Loss=1.9516, Accuracy=0.1444, F1-Macro=0.0722
2025-06-14 05:01:42 - phase4_finetuning.finetune.trainer - INFO - [run:83] - Epoch 3: New best metric! f1_macro = 0.0722 (previously 0.0711)
2025-06-14 05:01:42 - phase4_finetuning.finetune.trainer - INFO - [_save_checkpoint:388] - Saving best model checkpoint to /teamspace/studios/this_studio/cvpr25/phase4_finetuning/logs_finetune/05_ablation_no_freeze_20250614-044836/checkpoints/best_model.pth
2025-06-14 05:01:55 - phase4_finetuning.finetune.trainer - INFO - [run:72] - --- Starting Epoch 4/100 ---
2025-06-14 05:06:10 - phase4_finetuning.finetune.trainer - INFO - [_validate_one_epoch:187] - Validation Epoch 4: Loss=1.9501, Accuracy=0.1477, F1-Macro=0.0746
2025-06-14 05:06:10 - phase4_finetuning.finetune.trainer - INFO - [run:83] - Epoch 4: New best metric! f1_macro = 0.0746 (previously 0.0722)
2025-06-14 05:06:10 - phase4_finetuning.finetune.trainer - INFO - [_save_checkpoint:388] - Saving best model checkpoint to /teamspace/studios/this_studio/cvpr25/phase4_finetuning/logs_finetune/05_ablation_no_freeze_20250614-044836/checkpoints/best_model.pth
2025-06-14 05:06:23 - phase4_finetuning.finetune.trainer - INFO - [run:72] - --- Starting Epoch 5/100 ---
2025-06-14 05:10:38 - phase4_finetuning.finetune.trainer - INFO - [_validate_one_epoch:187] - Validation Epoch 5: Loss=1.9484, Accuracy=0.1510, F1-Macro=0.0763
2025-06-14 05:10:38 - phase4_finetuning.finetune.trainer - INFO - [run:83] - Epoch 5: New best metric! f1_macro = 0.0763 (previously 0.0746)
2025-06-14 05:10:38 - phase4_finetuning.finetune.trainer - INFO - [_save_checkpoint:388] - Saving best model checkpoint to /teamspace/studios/this_studio/cvpr25/phase4_finetuning/logs_finetune/05_ablation_no_freeze_20250614-044836/checkpoints/best_model.pth
2025-06-14 05:10:51 - phase4_finetuning.finetune.trainer - INFO - [run:72] - --- Starting Epoch 6/100 ---
2025-06-14 05:15:08 - phase4_finetuning.finetune.trainer - INFO - [_validate_one_epoch:187] - Validation Epoch 6: Loss=1.9465, Accuracy=0.1521, F1-Macro=0.0763
2025-06-14 05:15:08 - phase4_finetuning.finetune.trainer - INFO - [run:89] - No improvement in f1_macro. Best: 0.0763. Patience: 1/20
2025-06-14 05:15:08 - phase4_finetuning.finetune.trainer - INFO - [run:72] - --- Starting Epoch 7/100 ---
2025-06-14 05:19:22 - phase4_finetuning.finetune.trainer - INFO - [_validate_one_epoch:187] - Validation Epoch 7: Loss=1.9444, Accuracy=0.1565, F1-Macro=0.0815
2025-06-14 05:19:22 - phase4_finetuning.finetune.trainer - INFO - [run:83] - Epoch 7: New best metric! f1_macro = 0.0815 (previously 0.0763)
2025-06-14 05:19:22 - phase4_finetuning.finetune.trainer - INFO - [_save_checkpoint:388] - Saving best model checkpoint to /teamspace/studios/this_studio/cvpr25/phase4_finetuning/logs_finetune/05_ablation_no_freeze_20250614-044836/checkpoints/best_model.pth
2025-06-14 05:19:35 - phase4_finetuning.finetune.trainer - INFO - [run:72] - --- Starting Epoch 8/100 ---
2025-06-14 05:23:51 - phase4_finetuning.finetune.trainer - INFO - [_validate_one_epoch:187] - Validation Epoch 8: Loss=1.9420, Accuracy=0.1652, F1-Macro=0.0927
2025-06-14 05:23:51 - phase4_finetuning.finetune.trainer - INFO - [run:83] - Epoch 8: New best metric! f1_macro = 0.0927 (previously 0.0815)
2025-06-14 05:23:51 - phase4_finetuning.finetune.trainer - INFO - [_save_checkpoint:388] - Saving best model checkpoint to /teamspace/studios/this_studio/cvpr25/phase4_finetuning/logs_finetune/05_ablation_no_freeze_20250614-044836/checkpoints/best_model.pth
2025-06-14 05:24:03 - phase4_finetuning.finetune.trainer - INFO - [run:72] - --- Starting Epoch 9/100 ---
2025-06-14 05:28:18 - phase4_finetuning.finetune.trainer - INFO - [_validate_one_epoch:187] - Validation Epoch 9: Loss=1.9395, Accuracy=0.1751, F1-Macro=0.1000
2025-06-14 05:28:18 - phase4_finetuning.finetune.trainer - INFO - [run:83] - Epoch 9: New best metric! f1_macro = 0.1000 (previously 0.0927)
2025-06-14 05:28:18 - phase4_finetuning.finetune.trainer - INFO - [_save_checkpoint:388] - Saving best model checkpoint to /teamspace/studios/this_studio/cvpr25/phase4_finetuning/logs_finetune/05_ablation_no_freeze_20250614-044836/checkpoints/best_model.pth
2025-06-14 05:28:31 - phase4_finetuning.finetune.trainer - INFO - [run:72] - --- Starting Epoch 10/100 ---
2025-06-14 05:32:47 - phase4_finetuning.finetune.trainer - INFO - [_validate_one_epoch:187] - Validation Epoch 10: Loss=1.9367, Accuracy=0.1871, F1-Macro=0.1135
2025-06-14 05:32:47 - phase4_finetuning.finetune.trainer - INFO - [run:83] - Epoch 10: New best metric! f1_macro = 0.1135 (previously 0.1000)
2025-06-14 05:32:47 - phase4_finetuning.finetune.trainer - INFO - [_save_checkpoint:388] - Saving best model checkpoint to /teamspace/studios/this_studio/cvpr25/phase4_finetuning/logs_finetune/05_ablation_no_freeze_20250614-044836/checkpoints/best_model.pth
2025-06-14 05:33:00 - phase4_finetuning.finetune.trainer - INFO - [_save_checkpoint:394] - Saving periodic checkpoint to /teamspace/studios/this_studio/cvpr25/phase4_finetuning/logs_finetune/05_ablation_no_freeze_20250614-044836/checkpoints/checkpoint_epoch_10.pth
2025-06-14 05:33:06 - phase4_finetuning.finetune.trainer - INFO - [run:72] - --- Starting Epoch 11/100 ---
2025-06-14 05:37:22 - phase4_finetuning.finetune.trainer - INFO - [_validate_one_epoch:187] - Validation Epoch 11: Loss=1.9337, Accuracy=0.2024, F1-Macro=0.1325
2025-06-14 05:37:22 - phase4_finetuning.finetune.trainer - INFO - [run:83] - Epoch 11: New best metric! f1_macro = 0.1325 (previously 0.1135)
2025-06-14 05:37:22 - phase4_finetuning.finetune.trainer - INFO - [_save_checkpoint:388] - Saving best model checkpoint to /teamspace/studios/this_studio/cvpr25/phase4_finetuning/logs_finetune/05_ablation_no_freeze_20250614-044836/checkpoints/best_model.pth
2025-06-14 05:37:35 - phase4_finetuning.finetune.trainer - INFO - [run:72] - --- Starting Epoch 12/100 ---
2025-06-14 05:41:50 - phase4_finetuning.finetune.trainer - INFO - [_validate_one_epoch:187] - Validation Epoch 12: Loss=1.9306, Accuracy=0.2177, F1-Macro=0.1506
2025-06-14 05:41:50 - phase4_finetuning.finetune.trainer - INFO - [run:83] - Epoch 12: New best metric! f1_macro = 0.1506 (previously 0.1325)
2025-06-14 05:41:50 - phase4_finetuning.finetune.trainer - INFO - [_save_checkpoint:388] - Saving best model checkpoint to /teamspace/studios/this_studio/cvpr25/phase4_finetuning/logs_finetune/05_ablation_no_freeze_20250614-044836/checkpoints/best_model.pth
2025-06-14 05:42:02 - phase4_finetuning.finetune.trainer - INFO - [run:72] - --- Starting Epoch 13/100 ---
2025-06-14 05:46:17 - phase4_finetuning.finetune.trainer - INFO - [_validate_one_epoch:187] - Validation Epoch 13: Loss=1.9273, Accuracy=0.2276, F1-Macro=0.1592
2025-06-14 05:46:17 - phase4_finetuning.finetune.trainer - INFO - [run:83] - Epoch 13: New best metric! f1_macro = 0.1592 (previously 0.1506)
2025-06-14 05:46:17 - phase4_finetuning.finetune.trainer - INFO - [_save_checkpoint:388] - Saving best model checkpoint to /teamspace/studios/this_studio/cvpr25/phase4_finetuning/logs_finetune/05_ablation_no_freeze_20250614-044836/checkpoints/best_model.pth
2025-06-14 05:46:29 - phase4_finetuning.finetune.trainer - INFO - [run:72] - --- Starting Epoch 14/100 ---
2025-06-14 05:50:44 - phase4_finetuning.finetune.trainer - INFO - [_validate_one_epoch:187] - Validation Epoch 14: Loss=1.9239, Accuracy=0.2407, F1-Macro=0.1714
2025-06-14 05:50:44 - phase4_finetuning.finetune.trainer - INFO - [run:83] - Epoch 14: New best metric! f1_macro = 0.1714 (previously 0.1592)
2025-06-14 05:50:44 - phase4_finetuning.finetune.trainer - INFO - [_save_checkpoint:388] - Saving best model checkpoint to /teamspace/studios/this_studio/cvpr25/phase4_finetuning/logs_finetune/05_ablation_no_freeze_20250614-044836/checkpoints/best_model.pth
2025-06-14 05:50:56 - phase4_finetuning.finetune.trainer - INFO - [run:72] - --- Starting Epoch 15/100 ---
2025-06-14 05:55:13 - phase4_finetuning.finetune.trainer - INFO - [_validate_one_epoch:187] - Validation Epoch 15: Loss=1.9202, Accuracy=0.2495, F1-Macro=0.1792
2025-06-14 05:55:13 - phase4_finetuning.finetune.trainer - INFO - [run:83] - Epoch 15: New best metric! f1_macro = 0.1792 (previously 0.1714)
2025-06-14 05:55:13 - phase4_finetuning.finetune.trainer - INFO - [_save_checkpoint:388] - Saving best model checkpoint to /teamspace/studios/this_studio/cvpr25/phase4_finetuning/logs_finetune/05_ablation_no_freeze_20250614-044836/checkpoints/best_model.pth
2025-06-14 05:55:26 - phase4_finetuning.finetune.trainer - INFO - [run:72] - --- Starting Epoch 16/100 ---
2025-06-14 05:59:41 - phase4_finetuning.finetune.trainer - INFO - [_validate_one_epoch:187] - Validation Epoch 16: Loss=1.9162, Accuracy=0.2615, F1-Macro=0.1913
2025-06-14 05:59:41 - phase4_finetuning.finetune.trainer - INFO - [run:83] - Epoch 16: New best metric! f1_macro = 0.1913 (previously 0.1792)
2025-06-14 05:59:41 - phase4_finetuning.finetune.trainer - INFO - [_save_checkpoint:388] - Saving best model checkpoint to /teamspace/studios/this_studio/cvpr25/phase4_finetuning/logs_finetune/05_ablation_no_freeze_20250614-044836/checkpoints/best_model.pth
2025-06-14 05:59:54 - phase4_finetuning.finetune.trainer - INFO - [run:72] - --- Starting Epoch 17/100 ---
2025-06-14 06:04:08 - phase4_finetuning.finetune.trainer - INFO - [_validate_one_epoch:187] - Validation Epoch 17: Loss=1.9120, Accuracy=0.2670, F1-Macro=0.1969
2025-06-14 06:04:08 - phase4_finetuning.finetune.trainer - INFO - [run:83] - Epoch 17: New best metric! f1_macro = 0.1969 (previously 0.1913)
2025-06-14 06:04:08 - phase4_finetuning.finetune.trainer - INFO - [_save_checkpoint:388] - Saving best model checkpoint to /teamspace/studios/this_studio/cvpr25/phase4_finetuning/logs_finetune/05_ablation_no_freeze_20250614-044836/checkpoints/best_model.pth
2025-06-14 06:04:20 - phase4_finetuning.finetune.trainer - INFO - [run:72] - --- Starting Epoch 18/100 ---
2025-06-14 06:08:35 - phase4_finetuning.finetune.trainer - INFO - [_validate_one_epoch:187] - Validation Epoch 18: Loss=1.9075, Accuracy=0.2768, F1-Macro=0.2058
2025-06-14 06:08:35 - phase4_finetuning.finetune.trainer - INFO - [run:83] - Epoch 18: New best metric! f1_macro = 0.2058 (previously 0.1969)
2025-06-14 06:08:35 - phase4_finetuning.finetune.trainer - INFO - [_save_checkpoint:388] - Saving best model checkpoint to /teamspace/studios/this_studio/cvpr25/phase4_finetuning/logs_finetune/05_ablation_no_freeze_20250614-044836/checkpoints/best_model.pth
2025-06-14 06:08:49 - phase4_finetuning.finetune.trainer - INFO - [run:72] - --- Starting Epoch 19/100 ---
2025-06-14 06:13:03 - phase4_finetuning.finetune.trainer - INFO - [_validate_one_epoch:187] - Validation Epoch 19: Loss=1.9027, Accuracy=0.2867, F1-Macro=0.2128
2025-06-14 06:13:03 - phase4_finetuning.finetune.trainer - INFO - [run:83] - Epoch 19: New best metric! f1_macro = 0.2128 (previously 0.2058)
2025-06-14 06:13:03 - phase4_finetuning.finetune.trainer - INFO - [_save_checkpoint:388] - Saving best model checkpoint to /teamspace/studios/this_studio/cvpr25/phase4_finetuning/logs_finetune/05_ablation_no_freeze_20250614-044836/checkpoints/best_model.pth
2025-06-14 06:13:16 - phase4_finetuning.finetune.trainer - INFO - [run:72] - --- Starting Epoch 20/100 ---
2025-06-14 06:17:29 - phase4_finetuning.finetune.trainer - INFO - [_validate_one_epoch:187] - Validation Epoch 20: Loss=1.8977, Accuracy=0.2976, F1-Macro=0.2257
2025-06-14 06:17:29 - phase4_finetuning.finetune.trainer - INFO - [run:83] - Epoch 20: New best metric! f1_macro = 0.2257 (previously 0.2128)
2025-06-14 06:17:29 - phase4_finetuning.finetune.trainer - INFO - [_save_checkpoint:388] - Saving best model checkpoint to /teamspace/studios/this_studio/cvpr25/phase4_finetuning/logs_finetune/05_ablation_no_freeze_20250614-044836/checkpoints/best_model.pth
2025-06-14 06:17:43 - phase4_finetuning.finetune.trainer - INFO - [_save_checkpoint:394] - Saving periodic checkpoint to /teamspace/studios/this_studio/cvpr25/phase4_finetuning/logs_finetune/05_ablation_no_freeze_20250614-044836/checkpoints/checkpoint_epoch_20.pth
2025-06-14 06:17:49 - phase4_finetuning.finetune.trainer - INFO - [run:72] - --- Starting Epoch 21/100 ---
2025-06-14 06:22:04 - phase4_finetuning.finetune.trainer - INFO - [_validate_one_epoch:187] - Validation Epoch 21: Loss=1.8925, Accuracy=0.3053, F1-Macro=0.2345
2025-06-14 06:22:04 - phase4_finetuning.finetune.trainer - INFO - [run:83] - Epoch 21: New best metric! f1_macro = 0.2345 (previously 0.2257)
2025-06-14 06:22:04 - phase4_finetuning.finetune.trainer - INFO - [_save_checkpoint:388] - Saving best model checkpoint to /teamspace/studios/this_studio/cvpr25/phase4_finetuning/logs_finetune/05_ablation_no_freeze_20250614-044836/checkpoints/best_model.pth
2025-06-14 06:22:18 - phase4_finetuning.finetune.trainer - INFO - [run:72] - --- Starting Epoch 22/100 ---
2025-06-14 06:26:32 - phase4_finetuning.finetune.trainer - INFO - [_validate_one_epoch:187] - Validation Epoch 22: Loss=1.8872, Accuracy=0.3085, F1-Macro=0.2441
2025-06-14 06:26:32 - phase4_finetuning.finetune.trainer - INFO - [run:83] - Epoch 22: New best metric! f1_macro = 0.2441 (previously 0.2345)
2025-06-14 06:26:32 - phase4_finetuning.finetune.trainer - INFO - [_save_checkpoint:388] - Saving best model checkpoint to /teamspace/studios/this_studio/cvpr25/phase4_finetuning/logs_finetune/05_ablation_no_freeze_20250614-044836/checkpoints/best_model.pth
2025-06-14 06:26:45 - phase4_finetuning.finetune.trainer - INFO - [run:72] - --- Starting Epoch 23/100 ---
2025-06-14 06:30:59 - phase4_finetuning.finetune.trainer - INFO - [_validate_one_epoch:187] - Validation Epoch 23: Loss=1.8817, Accuracy=0.3151, F1-Macro=0.2551
2025-06-14 06:30:59 - phase4_finetuning.finetune.trainer - INFO - [run:83] - Epoch 23: New best metric! f1_macro = 0.2551 (previously 0.2441)
2025-06-14 06:30:59 - phase4_finetuning.finetune.trainer - INFO - [_save_checkpoint:388] - Saving best model checkpoint to /teamspace/studios/this_studio/cvpr25/phase4_finetuning/logs_finetune/05_ablation_no_freeze_20250614-044836/checkpoints/best_model.pth
2025-06-14 06:31:12 - phase4_finetuning.finetune.trainer - INFO - [run:72] - --- Starting Epoch 24/100 ---
2025-06-14 06:35:26 - phase4_finetuning.finetune.trainer - INFO - [_validate_one_epoch:187] - Validation Epoch 24: Loss=1.8762, Accuracy=0.3206, F1-Macro=0.2664
2025-06-14 06:35:26 - phase4_finetuning.finetune.trainer - INFO - [run:83] - Epoch 24: New best metric! f1_macro = 0.2664 (previously 0.2551)
2025-06-14 06:35:26 - phase4_finetuning.finetune.trainer - INFO - [_save_checkpoint:388] - Saving best model checkpoint to /teamspace/studios/this_studio/cvpr25/phase4_finetuning/logs_finetune/05_ablation_no_freeze_20250614-044836/checkpoints/best_model.pth
2025-06-14 06:35:38 - phase4_finetuning.finetune.trainer - INFO - [run:72] - --- Starting Epoch 25/100 ---
2025-06-14 06:39:53 - phase4_finetuning.finetune.trainer - INFO - [_validate_one_epoch:187] - Validation Epoch 25: Loss=1.8702, Accuracy=0.3326, F1-Macro=0.2837
2025-06-14 06:39:53 - phase4_finetuning.finetune.trainer - INFO - [run:83] - Epoch 25: New best metric! f1_macro = 0.2837 (previously 0.2664)
2025-06-14 06:39:53 - phase4_finetuning.finetune.trainer - INFO - [_save_checkpoint:388] - Saving best model checkpoint to /teamspace/studios/this_studio/cvpr25/phase4_finetuning/logs_finetune/05_ablation_no_freeze_20250614-044836/checkpoints/best_model.pth
2025-06-14 06:40:06 - phase4_finetuning.finetune.trainer - INFO - [run:72] - --- Starting Epoch 26/100 ---
2025-06-14 06:44:21 - phase4_finetuning.finetune.trainer - INFO - [_validate_one_epoch:187] - Validation Epoch 26: Loss=1.8640, Accuracy=0.3468, F1-Macro=0.3042
2025-06-14 06:44:21 - phase4_finetuning.finetune.trainer - INFO - [run:83] - Epoch 26: New best metric! f1_macro = 0.3042 (previously 0.2837)
2025-06-14 06:44:21 - phase4_finetuning.finetune.trainer - INFO - [_save_checkpoint:388] - Saving best model checkpoint to /teamspace/studios/this_studio/cvpr25/phase4_finetuning/logs_finetune/05_ablation_no_freeze_20250614-044836/checkpoints/best_model.pth
2025-06-14 06:44:34 - phase4_finetuning.finetune.trainer - INFO - [run:72] - --- Starting Epoch 27/100 ---
2025-06-14 06:48:47 - phase4_finetuning.finetune.trainer - INFO - [_validate_one_epoch:187] - Validation Epoch 27: Loss=1.8574, Accuracy=0.3611, F1-Macro=0.3248
2025-06-14 06:48:47 - phase4_finetuning.finetune.trainer - INFO - [run:83] - Epoch 27: New best metric! f1_macro = 0.3248 (previously 0.3042)
2025-06-14 06:48:47 - phase4_finetuning.finetune.trainer - INFO - [_save_checkpoint:388] - Saving best model checkpoint to /teamspace/studios/this_studio/cvpr25/phase4_finetuning/logs_finetune/05_ablation_no_freeze_20250614-044836/checkpoints/best_model.pth
2025-06-14 06:49:01 - phase4_finetuning.finetune.trainer - INFO - [run:72] - --- Starting Epoch 28/100 ---
2025-06-14 06:53:15 - phase4_finetuning.finetune.trainer - INFO - [_validate_one_epoch:187] - Validation Epoch 28: Loss=1.8507, Accuracy=0.3676, F1-Macro=0.3336
2025-06-14 06:53:15 - phase4_finetuning.finetune.trainer - INFO - [run:83] - Epoch 28: New best metric! f1_macro = 0.3336 (previously 0.3248)
2025-06-14 06:53:15 - phase4_finetuning.finetune.trainer - INFO - [_save_checkpoint:388] - Saving best model checkpoint to /teamspace/studios/this_studio/cvpr25/phase4_finetuning/logs_finetune/05_ablation_no_freeze_20250614-044836/checkpoints/best_model.pth
2025-06-14 06:53:28 - phase4_finetuning.finetune.trainer - INFO - [run:72] - --- Starting Epoch 29/100 ---
2025-06-14 06:57:42 - phase4_finetuning.finetune.trainer - INFO - [_validate_one_epoch:187] - Validation Epoch 29: Loss=1.8436, Accuracy=0.3764, F1-Macro=0.3438
2025-06-14 06:57:42 - phase4_finetuning.finetune.trainer - INFO - [run:83] - Epoch 29: New best metric! f1_macro = 0.3438 (previously 0.3336)
2025-06-14 06:57:42 - phase4_finetuning.finetune.trainer - INFO - [_save_checkpoint:388] - Saving best model checkpoint to /teamspace/studios/this_studio/cvpr25/phase4_finetuning/logs_finetune/05_ablation_no_freeze_20250614-044836/checkpoints/best_model.pth
2025-06-14 06:57:55 - phase4_finetuning.finetune.trainer - INFO - [run:72] - --- Starting Epoch 30/100 ---
2025-06-14 07:02:09 - phase4_finetuning.finetune.trainer - INFO - [_validate_one_epoch:187] - Validation Epoch 30: Loss=1.8365, Accuracy=0.3939, F1-Macro=0.3675
2025-06-14 07:02:09 - phase4_finetuning.finetune.trainer - INFO - [run:83] - Epoch 30: New best metric! f1_macro = 0.3675 (previously 0.3438)
2025-06-14 07:02:09 - phase4_finetuning.finetune.trainer - INFO - [_save_checkpoint:388] - Saving best model checkpoint to /teamspace/studios/this_studio/cvpr25/phase4_finetuning/logs_finetune/05_ablation_no_freeze_20250614-044836/checkpoints/best_model.pth
2025-06-14 07:02:22 - phase4_finetuning.finetune.trainer - INFO - [_save_checkpoint:394] - Saving periodic checkpoint to /teamspace/studios/this_studio/cvpr25/phase4_finetuning/logs_finetune/05_ablation_no_freeze_20250614-044836/checkpoints/checkpoint_epoch_30.pth
2025-06-14 07:02:29 - phase4_finetuning.finetune.trainer - INFO - [run:72] - --- Starting Epoch 31/100 ---
2025-06-14 07:06:45 - phase4_finetuning.finetune.trainer - INFO - [_validate_one_epoch:187] - Validation Epoch 31: Loss=1.8292, Accuracy=0.4070, F1-Macro=0.3836
2025-06-14 07:06:45 - phase4_finetuning.finetune.trainer - INFO - [run:83] - Epoch 31: New best metric! f1_macro = 0.3836 (previously 0.3675)
2025-06-14 07:06:45 - phase4_finetuning.finetune.trainer - INFO - [_save_checkpoint:388] - Saving best model checkpoint to /teamspace/studios/this_studio/cvpr25/phase4_finetuning/logs_finetune/05_ablation_no_freeze_20250614-044836/checkpoints/best_model.pth
2025-06-14 07:06:58 - phase4_finetuning.finetune.trainer - INFO - [run:72] - --- Starting Epoch 32/100 ---
2025-06-14 07:11:11 - phase4_finetuning.finetune.trainer - INFO - [_validate_one_epoch:187] - Validation Epoch 32: Loss=1.8217, Accuracy=0.4179, F1-Macro=0.3961
2025-06-14 07:11:11 - phase4_finetuning.finetune.trainer - INFO - [run:83] - Epoch 32: New best metric! f1_macro = 0.3961 (previously 0.3836)
2025-06-14 07:11:11 - phase4_finetuning.finetune.trainer - INFO - [_save_checkpoint:388] - Saving best model checkpoint to /teamspace/studios/this_studio/cvpr25/phase4_finetuning/logs_finetune/05_ablation_no_freeze_20250614-044836/checkpoints/best_model.pth
2025-06-14 07:11:24 - phase4_finetuning.finetune.trainer - INFO - [run:72] - --- Starting Epoch 33/100 ---
2025-06-14 07:15:37 - phase4_finetuning.finetune.trainer - INFO - [_validate_one_epoch:187] - Validation Epoch 33: Loss=1.8141, Accuracy=0.4354, F1-Macro=0.4170
2025-06-14 07:15:37 - phase4_finetuning.finetune.trainer - INFO - [run:83] - Epoch 33: New best metric! f1_macro = 0.4170 (previously 0.3961)
2025-06-14 07:15:37 - phase4_finetuning.finetune.trainer - INFO - [_save_checkpoint:388] - Saving best model checkpoint to /teamspace/studios/this_studio/cvpr25/phase4_finetuning/logs_finetune/05_ablation_no_freeze_20250614-044836/checkpoints/best_model.pth
2025-06-14 07:15:50 - phase4_finetuning.finetune.trainer - INFO - [run:72] - --- Starting Epoch 34/100 ---
2025-06-14 07:20:04 - phase4_finetuning.finetune.trainer - INFO - [_validate_one_epoch:187] - Validation Epoch 34: Loss=1.8064, Accuracy=0.4497, F1-Macro=0.4334
2025-06-14 07:20:04 - phase4_finetuning.finetune.trainer - INFO - [run:83] - Epoch 34: New best metric! f1_macro = 0.4334 (previously 0.4170)
2025-06-14 07:20:04 - phase4_finetuning.finetune.trainer - INFO - [_save_checkpoint:388] - Saving best model checkpoint to /teamspace/studios/this_studio/cvpr25/phase4_finetuning/logs_finetune/05_ablation_no_freeze_20250614-044836/checkpoints/best_model.pth
2025-06-14 07:20:17 - phase4_finetuning.finetune.trainer - INFO - [run:72] - --- Starting Epoch 35/100 ---
2025-06-14 07:24:30 - phase4_finetuning.finetune.trainer - INFO - [_validate_one_epoch:187] - Validation Epoch 35: Loss=1.7985, Accuracy=0.4781, F1-Macro=0.4673
2025-06-14 07:24:30 - phase4_finetuning.finetune.trainer - INFO - [run:83] - Epoch 35: New best metric! f1_macro = 0.4673 (previously 0.4334)
2025-06-14 07:24:30 - phase4_finetuning.finetune.trainer - INFO - [_save_checkpoint:388] - Saving best model checkpoint to /teamspace/studios/this_studio/cvpr25/phase4_finetuning/logs_finetune/05_ablation_no_freeze_20250614-044836/checkpoints/best_model.pth
2025-06-14 07:24:43 - phase4_finetuning.finetune.trainer - INFO - [run:72] - --- Starting Epoch 36/100 ---
2025-06-14 07:28:56 - phase4_finetuning.finetune.trainer - INFO - [_validate_one_epoch:187] - Validation Epoch 36: Loss=1.7907, Accuracy=0.4934, F1-Macro=0.4854
2025-06-14 07:28:56 - phase4_finetuning.finetune.trainer - INFO - [run:83] - Epoch 36: New best metric! f1_macro = 0.4854 (previously 0.4673)
2025-06-14 07:28:56 - phase4_finetuning.finetune.trainer - INFO - [_save_checkpoint:388] - Saving best model checkpoint to /teamspace/studios/this_studio/cvpr25/phase4_finetuning/logs_finetune/05_ablation_no_freeze_20250614-044836/checkpoints/best_model.pth
2025-06-14 07:29:09 - phase4_finetuning.finetune.trainer - INFO - [run:72] - --- Starting Epoch 37/100 ---
2025-06-14 07:33:22 - phase4_finetuning.finetune.trainer - INFO - [_validate_one_epoch:187] - Validation Epoch 37: Loss=1.7830, Accuracy=0.5109, F1-Macro=0.5047
2025-06-14 07:33:22 - phase4_finetuning.finetune.trainer - INFO - [run:83] - Epoch 37: New best metric! f1_macro = 0.5047 (previously 0.4854)
2025-06-14 07:33:22 - phase4_finetuning.finetune.trainer - INFO - [_save_checkpoint:388] - Saving best model checkpoint to /teamspace/studios/this_studio/cvpr25/phase4_finetuning/logs_finetune/05_ablation_no_freeze_20250614-044836/checkpoints/best_model.pth
2025-06-14 07:33:34 - phase4_finetuning.finetune.trainer - INFO - [run:72] - --- Starting Epoch 38/100 ---
2025-06-14 07:37:48 - phase4_finetuning.finetune.trainer - INFO - [_validate_one_epoch:187] - Validation Epoch 38: Loss=1.7753, Accuracy=0.5284, F1-Macro=0.5234
2025-06-14 07:37:48 - phase4_finetuning.finetune.trainer - INFO - [run:83] - Epoch 38: New best metric! f1_macro = 0.5234 (previously 0.5047)
2025-06-14 07:37:48 - phase4_finetuning.finetune.trainer - INFO - [_save_checkpoint:388] - Saving best model checkpoint to /teamspace/studios/this_studio/cvpr25/phase4_finetuning/logs_finetune/05_ablation_no_freeze_20250614-044836/checkpoints/best_model.pth
2025-06-14 07:38:00 - phase4_finetuning.finetune.trainer - INFO - [run:72] - --- Starting Epoch 39/100 ---
2025-06-14 07:42:15 - phase4_finetuning.finetune.trainer - INFO - [_validate_one_epoch:187] - Validation Epoch 39: Loss=1.7677, Accuracy=0.5481, F1-Macro=0.5440
2025-06-14 07:42:15 - phase4_finetuning.finetune.trainer - INFO - [run:83] - Epoch 39: New best metric! f1_macro = 0.5440 (previously 0.5234)
2025-06-14 07:42:15 - phase4_finetuning.finetune.trainer - INFO - [_save_checkpoint:388] - Saving best model checkpoint to /teamspace/studios/this_studio/cvpr25/phase4_finetuning/logs_finetune/05_ablation_no_freeze_20250614-044836/checkpoints/best_model.pth
2025-06-14 07:42:28 - phase4_finetuning.finetune.trainer - INFO - [run:72] - --- Starting Epoch 40/100 ---
2025-06-14 07:46:41 - phase4_finetuning.finetune.trainer - INFO - [_validate_one_epoch:187] - Validation Epoch 40: Loss=1.7601, Accuracy=0.5656, F1-Macro=0.5633
2025-06-14 07:46:41 - phase4_finetuning.finetune.trainer - INFO - [run:83] - Epoch 40: New best metric! f1_macro = 0.5633 (previously 0.5440)
2025-06-14 07:46:41 - phase4_finetuning.finetune.trainer - INFO - [_save_checkpoint:388] - Saving best model checkpoint to /teamspace/studios/this_studio/cvpr25/phase4_finetuning/logs_finetune/05_ablation_no_freeze_20250614-044836/checkpoints/best_model.pth
2025-06-14 07:46:54 - phase4_finetuning.finetune.trainer - INFO - [_save_checkpoint:394] - Saving periodic checkpoint to /teamspace/studios/this_studio/cvpr25/phase4_finetuning/logs_finetune/05_ablation_no_freeze_20250614-044836/checkpoints/checkpoint_epoch_40.pth
2025-06-14 07:47:00 - phase4_finetuning.finetune.trainer - INFO - [run:72] - --- Starting Epoch 41/100 ---
2025-06-14 07:51:15 - phase4_finetuning.finetune.trainer - INFO - [_validate_one_epoch:187] - Validation Epoch 41: Loss=1.7525, Accuracy=0.5832, F1-Macro=0.5822
2025-06-14 07:51:15 - phase4_finetuning.finetune.trainer - INFO - [run:83] - Epoch 41: New best metric! f1_macro = 0.5822 (previously 0.5633)
2025-06-14 07:51:15 - phase4_finetuning.finetune.trainer - INFO - [_save_checkpoint:388] - Saving best model checkpoint to /teamspace/studios/this_studio/cvpr25/phase4_finetuning/logs_finetune/05_ablation_no_freeze_20250614-044836/checkpoints/best_model.pth
2025-06-14 07:51:28 - phase4_finetuning.finetune.trainer - INFO - [run:72] - --- Starting Epoch 42/100 ---
2025-06-14 07:55:42 - phase4_finetuning.finetune.trainer - INFO - [_validate_one_epoch:187] - Validation Epoch 42: Loss=1.7451, Accuracy=0.5941, F1-Macro=0.5937
2025-06-14 07:55:42 - phase4_finetuning.finetune.trainer - INFO - [run:83] - Epoch 42: New best metric! f1_macro = 0.5937 (previously 0.5822)
2025-06-14 07:55:42 - phase4_finetuning.finetune.trainer - INFO - [_save_checkpoint:388] - Saving best model checkpoint to /teamspace/studios/this_studio/cvpr25/phase4_finetuning/logs_finetune/05_ablation_no_freeze_20250614-044836/checkpoints/best_model.pth
2025-06-14 07:55:54 - phase4_finetuning.finetune.trainer - INFO - [run:72] - --- Starting Epoch 43/100 ---
2025-06-14 08:00:09 - phase4_finetuning.finetune.trainer - INFO - [_validate_one_epoch:187] - Validation Epoch 43: Loss=1.7378, Accuracy=0.6039, F1-Macro=0.6041
2025-06-14 08:00:09 - phase4_finetuning.finetune.trainer - INFO - [run:83] - Epoch 43: New best metric! f1_macro = 0.6041 (previously 0.5937)
2025-06-14 08:00:09 - phase4_finetuning.finetune.trainer - INFO - [_save_checkpoint:388] - Saving best model checkpoint to /teamspace/studios/this_studio/cvpr25/phase4_finetuning/logs_finetune/05_ablation_no_freeze_20250614-044836/checkpoints/best_model.pth
2025-06-14 08:00:21 - phase4_finetuning.finetune.trainer - INFO - [run:72] - --- Starting Epoch 44/100 ---
2025-06-14 08:04:35 - phase4_finetuning.finetune.trainer - INFO - [_validate_one_epoch:187] - Validation Epoch 44: Loss=1.7304, Accuracy=0.6138, F1-Macro=0.6137
2025-06-14 08:04:35 - phase4_finetuning.finetune.trainer - INFO - [run:83] - Epoch 44: New best metric! f1_macro = 0.6137 (previously 0.6041)
2025-06-14 08:04:35 - phase4_finetuning.finetune.trainer - INFO - [_save_checkpoint:388] - Saving best model checkpoint to /teamspace/studios/this_studio/cvpr25/phase4_finetuning/logs_finetune/05_ablation_no_freeze_20250614-044836/checkpoints/best_model.pth
2025-06-14 08:04:48 - phase4_finetuning.finetune.trainer - INFO - [run:72] - --- Starting Epoch 45/100 ---
2025-06-14 08:09:02 - phase4_finetuning.finetune.trainer - INFO - [_validate_one_epoch:187] - Validation Epoch 45: Loss=1.7231, Accuracy=0.6302, F1-Macro=0.6308
2025-06-14 08:09:02 - phase4_finetuning.finetune.trainer - INFO - [run:83] - Epoch 45: New best metric! f1_macro = 0.6308 (previously 0.6137)
2025-06-14 08:09:02 - phase4_finetuning.finetune.trainer - INFO - [_save_checkpoint:388] - Saving best model checkpoint to /teamspace/studios/this_studio/cvpr25/phase4_finetuning/logs_finetune/05_ablation_no_freeze_20250614-044836/checkpoints/best_model.pth
2025-06-14 08:09:14 - phase4_finetuning.finetune.trainer - INFO - [run:72] - --- Starting Epoch 46/100 ---
2025-06-14 08:13:29 - phase4_finetuning.finetune.trainer - INFO - [_validate_one_epoch:187] - Validation Epoch 46: Loss=1.7158, Accuracy=0.6379, F1-Macro=0.6391
2025-06-14 08:13:29 - phase4_finetuning.finetune.trainer - INFO - [run:83] - Epoch 46: New best metric! f1_macro = 0.6391 (previously 0.6308)
2025-06-14 08:13:29 - phase4_finetuning.finetune.trainer - INFO - [_save_checkpoint:388] - Saving best model checkpoint to /teamspace/studios/this_studio/cvpr25/phase4_finetuning/logs_finetune/05_ablation_no_freeze_20250614-044836/checkpoints/best_model.pth
2025-06-14 08:13:42 - phase4_finetuning.finetune.trainer - INFO - [run:72] - --- Starting Epoch 47/100 ---
2025-06-14 08:17:58 - phase4_finetuning.finetune.trainer - INFO - [_validate_one_epoch:187] - Validation Epoch 47: Loss=1.7086, Accuracy=0.6477, F1-Macro=0.6501
2025-06-14 08:17:58 - phase4_finetuning.finetune.trainer - INFO - [run:83] - Epoch 47: New best metric! f1_macro = 0.6501 (previously 0.6391)
2025-06-14 08:17:58 - phase4_finetuning.finetune.trainer - INFO - [_save_checkpoint:388] - Saving best model checkpoint to /teamspace/studios/this_studio/cvpr25/phase4_finetuning/logs_finetune/05_ablation_no_freeze_20250614-044836/checkpoints/best_model.pth
2025-06-14 08:18:11 - phase4_finetuning.finetune.trainer - INFO - [run:72] - --- Starting Epoch 48/100 ---
2025-06-14 08:22:27 - phase4_finetuning.finetune.trainer - INFO - [_validate_one_epoch:187] - Validation Epoch 48: Loss=1.7012, Accuracy=0.6597, F1-Macro=0.6627
2025-06-14 08:22:27 - phase4_finetuning.finetune.trainer - INFO - [run:83] - Epoch 48: New best metric! f1_macro = 0.6627 (previously 0.6501)
2025-06-14 08:22:27 - phase4_finetuning.finetune.trainer - INFO - [_save_checkpoint:388] - Saving best model checkpoint to /teamspace/studios/this_studio/cvpr25/phase4_finetuning/logs_finetune/05_ablation_no_freeze_20250614-044836/checkpoints/best_model.pth
2025-06-14 08:22:39 - phase4_finetuning.finetune.trainer - INFO - [run:72] - --- Starting Epoch 49/100 ---
2025-06-14 08:26:55 - phase4_finetuning.finetune.trainer - INFO - [_validate_one_epoch:187] - Validation Epoch 49: Loss=1.6940, Accuracy=0.6674, F1-Macro=0.6700
2025-06-14 08:26:55 - phase4_finetuning.finetune.trainer - INFO - [run:83] - Epoch 49: New best metric! f1_macro = 0.6700 (previously 0.6627)
2025-06-14 08:26:55 - phase4_finetuning.finetune.trainer - INFO - [_save_checkpoint:388] - Saving best model checkpoint to /teamspace/studios/this_studio/cvpr25/phase4_finetuning/logs_finetune/05_ablation_no_freeze_20250614-044836/checkpoints/best_model.pth
2025-06-14 08:27:08 - phase4_finetuning.finetune.trainer - INFO - [run:72] - --- Starting Epoch 50/100 ---
2025-06-14 08:31:23 - phase4_finetuning.finetune.trainer - INFO - [_validate_one_epoch:187] - Validation Epoch 50: Loss=1.6865, Accuracy=0.6849, F1-Macro=0.6880
2025-06-14 08:31:23 - phase4_finetuning.finetune.trainer - INFO - [run:83] - Epoch 50: New best metric! f1_macro = 0.6880 (previously 0.6700)
2025-06-14 08:31:23 - phase4_finetuning.finetune.trainer - INFO - [_save_checkpoint:388] - Saving best model checkpoint to /teamspace/studios/this_studio/cvpr25/phase4_finetuning/logs_finetune/05_ablation_no_freeze_20250614-044836/checkpoints/best_model.pth
2025-06-14 08:31:36 - phase4_finetuning.finetune.trainer - INFO - [_save_checkpoint:394] - Saving periodic checkpoint to /teamspace/studios/this_studio/cvpr25/phase4_finetuning/logs_finetune/05_ablation_no_freeze_20250614-044836/checkpoints/checkpoint_epoch_50.pth
2025-06-14 08:31:42 - phase4_finetuning.finetune.trainer - INFO - [run:72] - --- Starting Epoch 51/100 ---
2025-06-14 08:35:58 - phase4_finetuning.finetune.trainer - INFO - [_validate_one_epoch:187] - Validation Epoch 51: Loss=1.6793, Accuracy=0.6904, F1-Macro=0.6939
2025-06-14 08:35:58 - phase4_finetuning.finetune.trainer - INFO - [run:83] - Epoch 51: New best metric! f1_macro = 0.6939 (previously 0.6880)
2025-06-14 08:35:58 - phase4_finetuning.finetune.trainer - INFO - [_save_checkpoint:388] - Saving best model checkpoint to /teamspace/studios/this_studio/cvpr25/phase4_finetuning/logs_finetune/05_ablation_no_freeze_20250614-044836/checkpoints/best_model.pth
2025-06-14 08:36:10 - phase4_finetuning.finetune.trainer - INFO - [run:72] - --- Starting Epoch 52/100 ---
2025-06-14 08:40:24 - phase4_finetuning.finetune.trainer - INFO - [_validate_one_epoch:187] - Validation Epoch 52: Loss=1.6722, Accuracy=0.6991, F1-Macro=0.7024
2025-06-14 08:40:24 - phase4_finetuning.finetune.trainer - INFO - [run:83] - Epoch 52: New best metric! f1_macro = 0.7024 (previously 0.6939)
2025-06-14 08:40:24 - phase4_finetuning.finetune.trainer - INFO - [_save_checkpoint:388] - Saving best model checkpoint to /teamspace/studios/this_studio/cvpr25/phase4_finetuning/logs_finetune/05_ablation_no_freeze_20250614-044836/checkpoints/best_model.pth
2025-06-14 08:40:37 - phase4_finetuning.finetune.trainer - INFO - [run:72] - --- Starting Epoch 53/100 ---
2025-06-14 08:44:51 - phase4_finetuning.finetune.trainer - INFO - [_validate_one_epoch:187] - Validation Epoch 53: Loss=1.6648, Accuracy=0.7068, F1-Macro=0.7098
2025-06-14 08:44:51 - phase4_finetuning.finetune.trainer - INFO - [run:83] - Epoch 53: New best metric! f1_macro = 0.7098 (previously 0.7024)
2025-06-14 08:44:51 - phase4_finetuning.finetune.trainer - INFO - [_save_checkpoint:388] - Saving best model checkpoint to /teamspace/studios/this_studio/cvpr25/phase4_finetuning/logs_finetune/05_ablation_no_freeze_20250614-044836/checkpoints/best_model.pth
2025-06-14 08:45:04 - phase4_finetuning.finetune.trainer - INFO - [run:72] - --- Starting Epoch 54/100 ---
2025-06-14 08:49:18 - phase4_finetuning.finetune.trainer - INFO - [_validate_one_epoch:187] - Validation Epoch 54: Loss=1.6576, Accuracy=0.7133, F1-Macro=0.7161
2025-06-14 08:49:18 - phase4_finetuning.finetune.trainer - INFO - [run:83] - Epoch 54: New best metric! f1_macro = 0.7161 (previously 0.7098)
2025-06-14 08:49:18 - phase4_finetuning.finetune.trainer - INFO - [_save_checkpoint:388] - Saving best model checkpoint to /teamspace/studios/this_studio/cvpr25/phase4_finetuning/logs_finetune/05_ablation_no_freeze_20250614-044836/checkpoints/best_model.pth
2025-06-14 08:49:31 - phase4_finetuning.finetune.trainer - INFO - [run:72] - --- Starting Epoch 55/100 ---
2025-06-14 08:53:46 - phase4_finetuning.finetune.trainer - INFO - [_validate_one_epoch:187] - Validation Epoch 55: Loss=1.6505, Accuracy=0.7221, F1-Macro=0.7251
2025-06-14 08:53:46 - phase4_finetuning.finetune.trainer - INFO - [run:83] - Epoch 55: New best metric! f1_macro = 0.7251 (previously 0.7161)
2025-06-14 08:53:46 - phase4_finetuning.finetune.trainer - INFO - [_save_checkpoint:388] - Saving best model checkpoint to /teamspace/studios/this_studio/cvpr25/phase4_finetuning/logs_finetune/05_ablation_no_freeze_20250614-044836/checkpoints/best_model.pth
2025-06-14 08:53:59 - phase4_finetuning.finetune.trainer - INFO - [run:72] - --- Starting Epoch 56/100 ---
2025-06-14 08:58:13 - phase4_finetuning.finetune.trainer - INFO - [_validate_one_epoch:187] - Validation Epoch 56: Loss=1.6437, Accuracy=0.7330, F1-Macro=0.7357
2025-06-14 08:58:13 - phase4_finetuning.finetune.trainer - INFO - [run:83] - Epoch 56: New best metric! f1_macro = 0.7357 (previously 0.7251)
2025-06-14 08:58:13 - phase4_finetuning.finetune.trainer - INFO - [_save_checkpoint:388] - Saving best model checkpoint to /teamspace/studios/this_studio/cvpr25/phase4_finetuning/logs_finetune/05_ablation_no_freeze_20250614-044836/checkpoints/best_model.pth
2025-06-14 08:58:26 - phase4_finetuning.finetune.trainer - INFO - [run:72] - --- Starting Epoch 57/100 ---
2025-06-14 09:02:39 - phase4_finetuning.finetune.trainer - INFO - [_validate_one_epoch:187] - Validation Epoch 57: Loss=1.6369, Accuracy=0.7363, F1-Macro=0.7393
2025-06-14 09:02:39 - phase4_finetuning.finetune.trainer - INFO - [run:83] - Epoch 57: New best metric! f1_macro = 0.7393 (previously 0.7357)
2025-06-14 09:02:39 - phase4_finetuning.finetune.trainer - INFO - [_save_checkpoint:388] - Saving best model checkpoint to /teamspace/studios/this_studio/cvpr25/phase4_finetuning/logs_finetune/05_ablation_no_freeze_20250614-044836/checkpoints/best_model.pth
2025-06-14 09:02:52 - phase4_finetuning.finetune.trainer - INFO - [run:72] - --- Starting Epoch 58/100 ---
2025-06-14 09:07:05 - phase4_finetuning.finetune.trainer - INFO - [_validate_one_epoch:187] - Validation Epoch 58: Loss=1.6304, Accuracy=0.7473, F1-Macro=0.7500
2025-06-14 09:07:05 - phase4_finetuning.finetune.trainer - INFO - [run:83] - Epoch 58: New best metric! f1_macro = 0.7500 (previously 0.7393)
2025-06-14 09:07:05 - phase4_finetuning.finetune.trainer - INFO - [_save_checkpoint:388] - Saving best model checkpoint to /teamspace/studios/this_studio/cvpr25/phase4_finetuning/logs_finetune/05_ablation_no_freeze_20250614-044836/checkpoints/best_model.pth
2025-06-14 09:07:18 - phase4_finetuning.finetune.trainer - INFO - [run:72] - --- Starting Epoch 59/100 ---
2025-06-14 09:11:32 - phase4_finetuning.finetune.trainer - INFO - [_validate_one_epoch:187] - Validation Epoch 59: Loss=1.6240, Accuracy=0.7549, F1-Macro=0.7579
2025-06-14 09:11:32 - phase4_finetuning.finetune.trainer - INFO - [run:83] - Epoch 59: New best metric! f1_macro = 0.7579 (previously 0.7500)
2025-06-14 09:11:32 - phase4_finetuning.finetune.trainer - INFO - [_save_checkpoint:388] - Saving best model checkpoint to /teamspace/studios/this_studio/cvpr25/phase4_finetuning/logs_finetune/05_ablation_no_freeze_20250614-044836/checkpoints/best_model.pth
2025-06-14 09:11:44 - phase4_finetuning.finetune.trainer - INFO - [run:72] - --- Starting Epoch 60/100 ---
2025-06-14 09:15:58 - phase4_finetuning.finetune.trainer - INFO - [_validate_one_epoch:187] - Validation Epoch 60: Loss=1.6176, Accuracy=0.7615, F1-Macro=0.7643
2025-06-14 09:15:58 - phase4_finetuning.finetune.trainer - INFO - [run:83] - Epoch 60: New best metric! f1_macro = 0.7643 (previously 0.7579)
2025-06-14 09:15:58 - phase4_finetuning.finetune.trainer - INFO - [_save_checkpoint:388] - Saving best model checkpoint to /teamspace/studios/this_studio/cvpr25/phase4_finetuning/logs_finetune/05_ablation_no_freeze_20250614-044836/checkpoints/best_model.pth
2025-06-14 09:16:10 - phase4_finetuning.finetune.trainer - INFO - [_save_checkpoint:394] - Saving periodic checkpoint to /teamspace/studios/this_studio/cvpr25/phase4_finetuning/logs_finetune/05_ablation_no_freeze_20250614-044836/checkpoints/checkpoint_epoch_60.pth
2025-06-14 09:16:16 - phase4_finetuning.finetune.trainer - INFO - [run:72] - --- Starting Epoch 61/100 ---
2025-06-14 09:20:30 - phase4_finetuning.finetune.trainer - INFO - [_validate_one_epoch:187] - Validation Epoch 61: Loss=1.6113, Accuracy=0.7681, F1-Macro=0.7706
2025-06-14 09:20:30 - phase4_finetuning.finetune.trainer - INFO - [run:83] - Epoch 61: New best metric! f1_macro = 0.7706 (previously 0.7643)
2025-06-14 09:20:30 - phase4_finetuning.finetune.trainer - INFO - [_save_checkpoint:388] - Saving best model checkpoint to /teamspace/studios/this_studio/cvpr25/phase4_finetuning/logs_finetune/05_ablation_no_freeze_20250614-044836/checkpoints/best_model.pth
2025-06-14 09:20:43 - phase4_finetuning.finetune.trainer - INFO - [run:72] - --- Starting Epoch 62/100 ---
2025-06-14 09:24:55 - phase4_finetuning.finetune.trainer - INFO - [_validate_one_epoch:187] - Validation Epoch 62: Loss=1.6049, Accuracy=0.7735, F1-Macro=0.7765
2025-06-14 09:24:55 - phase4_finetuning.finetune.trainer - INFO - [run:83] - Epoch 62: New best metric! f1_macro = 0.7765 (previously 0.7706)
2025-06-14 09:24:55 - phase4_finetuning.finetune.trainer - INFO - [_save_checkpoint:388] - Saving best model checkpoint to /teamspace/studios/this_studio/cvpr25/phase4_finetuning/logs_finetune/05_ablation_no_freeze_20250614-044836/checkpoints/best_model.pth
2025-06-14 09:25:09 - phase4_finetuning.finetune.trainer - INFO - [run:72] - --- Starting Epoch 63/100 ---
2025-06-14 09:29:23 - phase4_finetuning.finetune.trainer - INFO - [_validate_one_epoch:187] - Validation Epoch 63: Loss=1.5988, Accuracy=0.7834, F1-Macro=0.7860
2025-06-14 09:29:23 - phase4_finetuning.finetune.trainer - INFO - [run:83] - Epoch 63: New best metric! f1_macro = 0.7860 (previously 0.7765)
2025-06-14 09:29:23 - phase4_finetuning.finetune.trainer - INFO - [_save_checkpoint:388] - Saving best model checkpoint to /teamspace/studios/this_studio/cvpr25/phase4_finetuning/logs_finetune/05_ablation_no_freeze_20250614-044836/checkpoints/best_model.pth
2025-06-14 09:29:36 - phase4_finetuning.finetune.trainer - INFO - [run:72] - --- Starting Epoch 64/100 ---
2025-06-14 09:33:50 - phase4_finetuning.finetune.trainer - INFO - [_validate_one_epoch:187] - Validation Epoch 64: Loss=1.5926, Accuracy=0.7888, F1-Macro=0.7911
2025-06-14 09:33:50 - phase4_finetuning.finetune.trainer - INFO - [run:83] - Epoch 64: New best metric! f1_macro = 0.7911 (previously 0.7860)
2025-06-14 09:33:50 - phase4_finetuning.finetune.trainer - INFO - [_save_checkpoint:388] - Saving best model checkpoint to /teamspace/studios/this_studio/cvpr25/phase4_finetuning/logs_finetune/05_ablation_no_freeze_20250614-044836/checkpoints/best_model.pth
2025-06-14 09:34:03 - phase4_finetuning.finetune.trainer - INFO - [run:72] - --- Starting Epoch 65/100 ---
2025-06-14 09:38:17 - phase4_finetuning.finetune.trainer - INFO - [_validate_one_epoch:187] - Validation Epoch 65: Loss=1.5867, Accuracy=0.7921, F1-Macro=0.7946
2025-06-14 09:38:17 - phase4_finetuning.finetune.trainer - INFO - [run:83] - Epoch 65: New best metric! f1_macro = 0.7946 (previously 0.7911)
2025-06-14 09:38:17 - phase4_finetuning.finetune.trainer - INFO - [_save_checkpoint:388] - Saving best model checkpoint to /teamspace/studios/this_studio/cvpr25/phase4_finetuning/logs_finetune/05_ablation_no_freeze_20250614-044836/checkpoints/best_model.pth
2025-06-14 09:38:30 - phase4_finetuning.finetune.trainer - INFO - [run:72] - --- Starting Epoch 66/100 ---
2025-06-14 09:42:44 - phase4_finetuning.finetune.trainer - INFO - [_validate_one_epoch:187] - Validation Epoch 66: Loss=1.5808, Accuracy=0.7987, F1-Macro=0.8009
2025-06-14 09:42:44 - phase4_finetuning.finetune.trainer - INFO - [run:83] - Epoch 66: New best metric! f1_macro = 0.8009 (previously 0.7946)
2025-06-14 09:42:44 - phase4_finetuning.finetune.trainer - INFO - [_save_checkpoint:388] - Saving best model checkpoint to /teamspace/studios/this_studio/cvpr25/phase4_finetuning/logs_finetune/05_ablation_no_freeze_20250614-044836/checkpoints/best_model.pth
2025-06-14 09:42:56 - phase4_finetuning.finetune.trainer - INFO - [run:72] - --- Starting Epoch 67/100 ---
2025-06-14 09:47:10 - phase4_finetuning.finetune.trainer - INFO - [_validate_one_epoch:187] - Validation Epoch 67: Loss=1.5752, Accuracy=0.8009, F1-Macro=0.8030
2025-06-14 09:47:10 - phase4_finetuning.finetune.trainer - INFO - [run:83] - Epoch 67: New best metric! f1_macro = 0.8030 (previously 0.8009)
2025-06-14 09:47:10 - phase4_finetuning.finetune.trainer - INFO - [_save_checkpoint:388] - Saving best model checkpoint to /teamspace/studios/this_studio/cvpr25/phase4_finetuning/logs_finetune/05_ablation_no_freeze_20250614-044836/checkpoints/best_model.pth
2025-06-14 09:47:23 - phase4_finetuning.finetune.trainer - INFO - [run:72] - --- Starting Epoch 68/100 ---
2025-06-14 09:51:39 - phase4_finetuning.finetune.trainer - INFO - [_validate_one_epoch:187] - Validation Epoch 68: Loss=1.5697, Accuracy=0.8053, F1-Macro=0.8070
2025-06-14 09:51:39 - phase4_finetuning.finetune.trainer - INFO - [run:83] - Epoch 68: New best metric! f1_macro = 0.8070 (previously 0.8030)
2025-06-14 09:51:39 - phase4_finetuning.finetune.trainer - INFO - [_save_checkpoint:388] - Saving best model checkpoint to /teamspace/studios/this_studio/cvpr25/phase4_finetuning/logs_finetune/05_ablation_no_freeze_20250614-044836/checkpoints/best_model.pth
2025-06-14 09:51:52 - phase4_finetuning.finetune.trainer - INFO - [run:72] - --- Starting Epoch 69/100 ---
2025-06-14 09:56:06 - phase4_finetuning.finetune.trainer - INFO - [_validate_one_epoch:187] - Validation Epoch 69: Loss=1.5643, Accuracy=0.8151, F1-Macro=0.8169
2025-06-14 09:56:06 - phase4_finetuning.finetune.trainer - INFO - [run:83] - Epoch 69: New best metric! f1_macro = 0.8169 (previously 0.8070)
2025-06-14 09:56:06 - phase4_finetuning.finetune.trainer - INFO - [_save_checkpoint:388] - Saving best model checkpoint to /teamspace/studios/this_studio/cvpr25/phase4_finetuning/logs_finetune/05_ablation_no_freeze_20250614-044836/checkpoints/best_model.pth
2025-06-14 09:56:19 - phase4_finetuning.finetune.trainer - INFO - [run:72] - --- Starting Epoch 70/100 ---
2025-06-14 10:00:32 - phase4_finetuning.finetune.trainer - INFO - [_validate_one_epoch:187] - Validation Epoch 70: Loss=1.5591, Accuracy=0.8162, F1-Macro=0.8178
2025-06-14 10:00:32 - phase4_finetuning.finetune.trainer - INFO - [run:89] - No improvement in f1_macro. Best: 0.8169. Patience: 1/20
2025-06-14 10:00:32 - phase4_finetuning.finetune.trainer - INFO - [_save_checkpoint:394] - Saving periodic checkpoint to /teamspace/studios/this_studio/cvpr25/phase4_finetuning/logs_finetune/05_ablation_no_freeze_20250614-044836/checkpoints/checkpoint_epoch_70.pth
2025-06-14 10:00:39 - phase4_finetuning.finetune.trainer - INFO - [run:72] - --- Starting Epoch 71/100 ---
2025-06-14 10:04:52 - phase4_finetuning.finetune.trainer - INFO - [_validate_one_epoch:187] - Validation Epoch 71: Loss=1.5537, Accuracy=0.8239, F1-Macro=0.8252
2025-06-14 10:04:52 - phase4_finetuning.finetune.trainer - INFO - [run:83] - Epoch 71: New best metric! f1_macro = 0.8252 (previously 0.8169)
2025-06-14 10:04:52 - phase4_finetuning.finetune.trainer - INFO - [_save_checkpoint:388] - Saving best model checkpoint to /teamspace/studios/this_studio/cvpr25/phase4_finetuning/logs_finetune/05_ablation_no_freeze_20250614-044836/checkpoints/best_model.pth
2025-06-14 10:05:05 - phase4_finetuning.finetune.trainer - INFO - [run:72] - --- Starting Epoch 72/100 ---
2025-06-14 10:09:19 - phase4_finetuning.finetune.trainer - INFO - [_validate_one_epoch:187] - Validation Epoch 72: Loss=1.5487, Accuracy=0.8348, F1-Macro=0.8365
2025-06-14 10:09:19 - phase4_finetuning.finetune.trainer - INFO - [run:83] - Epoch 72: New best metric! f1_macro = 0.8365 (previously 0.8252)
2025-06-14 10:09:19 - phase4_finetuning.finetune.trainer - INFO - [_save_checkpoint:388] - Saving best model checkpoint to /teamspace/studios/this_studio/cvpr25/phase4_finetuning/logs_finetune/05_ablation_no_freeze_20250614-044836/checkpoints/best_model.pth
2025-06-14 10:09:32 - phase4_finetuning.finetune.trainer - INFO - [run:72] - --- Starting Epoch 73/100 ---
2025-06-14 10:13:47 - phase4_finetuning.finetune.trainer - INFO - [_validate_one_epoch:187] - Validation Epoch 73: Loss=1.5438, Accuracy=0.8414, F1-Macro=0.8428
2025-06-14 10:13:47 - phase4_finetuning.finetune.trainer - INFO - [run:83] - Epoch 73: New best metric! f1_macro = 0.8428 (previously 0.8365)
2025-06-14 10:13:47 - phase4_finetuning.finetune.trainer - INFO - [_save_checkpoint:388] - Saving best model checkpoint to /teamspace/studios/this_studio/cvpr25/phase4_finetuning/logs_finetune/05_ablation_no_freeze_20250614-044836/checkpoints/best_model.pth
2025-06-14 10:14:00 - phase4_finetuning.finetune.trainer - INFO - [run:72] - --- Starting Epoch 74/100 ---
2025-06-14 10:18:15 - phase4_finetuning.finetune.trainer - INFO - [_validate_one_epoch:187] - Validation Epoch 74: Loss=1.5390, Accuracy=0.8425, F1-Macro=0.8440
2025-06-14 10:18:15 - phase4_finetuning.finetune.trainer - INFO - [run:83] - Epoch 74: New best metric! f1_macro = 0.8440 (previously 0.8428)
2025-06-14 10:18:15 - phase4_finetuning.finetune.trainer - INFO - [_save_checkpoint:388] - Saving best model checkpoint to /teamspace/studios/this_studio/cvpr25/phase4_finetuning/logs_finetune/05_ablation_no_freeze_20250614-044836/checkpoints/best_model.pth
2025-06-14 10:18:27 - phase4_finetuning.finetune.trainer - INFO - [run:72] - --- Starting Epoch 75/100 ---
2025-06-14 10:22:41 - phase4_finetuning.finetune.trainer - INFO - [_validate_one_epoch:187] - Validation Epoch 75: Loss=1.5343, Accuracy=0.8446, F1-Macro=0.8462
2025-06-14 10:22:41 - phase4_finetuning.finetune.trainer - INFO - [run:83] - Epoch 75: New best metric! f1_macro = 0.8462 (previously 0.8440)
2025-06-14 10:22:41 - phase4_finetuning.finetune.trainer - INFO - [_save_checkpoint:388] - Saving best model checkpoint to /teamspace/studios/this_studio/cvpr25/phase4_finetuning/logs_finetune/05_ablation_no_freeze_20250614-044836/checkpoints/best_model.pth
2025-06-14 10:22:53 - phase4_finetuning.finetune.trainer - INFO - [run:72] - --- Starting Epoch 76/100 ---
2025-06-14 10:27:06 - phase4_finetuning.finetune.trainer - INFO - [_validate_one_epoch:187] - Validation Epoch 76: Loss=1.5298, Accuracy=0.8468, F1-Macro=0.8483
2025-06-14 10:27:06 - phase4_finetuning.finetune.trainer - INFO - [run:83] - Epoch 76: New best metric! f1_macro = 0.8483 (previously 0.8462)
2025-06-14 10:27:06 - phase4_finetuning.finetune.trainer - INFO - [_save_checkpoint:388] - Saving best model checkpoint to /teamspace/studios/this_studio/cvpr25/phase4_finetuning/logs_finetune/05_ablation_no_freeze_20250614-044836/checkpoints/best_model.pth
2025-06-14 10:27:19 - phase4_finetuning.finetune.trainer - INFO - [run:72] - --- Starting Epoch 77/100 ---
2025-06-14 10:31:33 - phase4_finetuning.finetune.trainer - INFO - [_validate_one_epoch:187] - Validation Epoch 77: Loss=1.5253, Accuracy=0.8457, F1-Macro=0.8473
2025-06-14 10:31:33 - phase4_finetuning.finetune.trainer - INFO - [run:89] - No improvement in f1_macro. Best: 0.8483. Patience: 1/20
2025-06-14 10:31:33 - phase4_finetuning.finetune.trainer - INFO - [run:72] - --- Starting Epoch 78/100 ---
2025-06-14 10:35:45 - phase4_finetuning.finetune.trainer - INFO - [_validate_one_epoch:187] - Validation Epoch 78: Loss=1.5210, Accuracy=0.8490, F1-Macro=0.8504
2025-06-14 10:35:45 - phase4_finetuning.finetune.trainer - INFO - [run:83] - Epoch 78: New best metric! f1_macro = 0.8504 (previously 0.8483)
2025-06-14 10:35:45 - phase4_finetuning.finetune.trainer - INFO - [_save_checkpoint:388] - Saving best model checkpoint to /teamspace/studios/this_studio/cvpr25/phase4_finetuning/logs_finetune/05_ablation_no_freeze_20250614-044836/checkpoints/best_model.pth
2025-06-14 10:35:57 - phase4_finetuning.finetune.trainer - INFO - [run:72] - --- Starting Epoch 79/100 ---
2025-06-14 10:40:13 - phase4_finetuning.finetune.trainer - INFO - [_validate_one_epoch:187] - Validation Epoch 79: Loss=1.5169, Accuracy=0.8501, F1-Macro=0.8519
2025-06-14 10:40:13 - phase4_finetuning.finetune.trainer - INFO - [run:83] - Epoch 79: New best metric! f1_macro = 0.8519 (previously 0.8504)
2025-06-14 10:40:13 - phase4_finetuning.finetune.trainer - INFO - [_save_checkpoint:388] - Saving best model checkpoint to /teamspace/studios/this_studio/cvpr25/phase4_finetuning/logs_finetune/05_ablation_no_freeze_20250614-044836/checkpoints/best_model.pth
2025-06-14 10:40:25 - phase4_finetuning.finetune.trainer - INFO - [run:72] - --- Starting Epoch 80/100 ---
2025-06-14 10:44:40 - phase4_finetuning.finetune.trainer - INFO - [_validate_one_epoch:187] - Validation Epoch 80: Loss=1.5129, Accuracy=0.8534, F1-Macro=0.8552
2025-06-14 10:44:40 - phase4_finetuning.finetune.trainer - INFO - [run:83] - Epoch 80: New best metric! f1_macro = 0.8552 (previously 0.8519)
2025-06-14 10:44:40 - phase4_finetuning.finetune.trainer - INFO - [_save_checkpoint:388] - Saving best model checkpoint to /teamspace/studios/this_studio/cvpr25/phase4_finetuning/logs_finetune/05_ablation_no_freeze_20250614-044836/checkpoints/best_model.pth
2025-06-14 10:44:53 - phase4_finetuning.finetune.trainer - INFO - [_save_checkpoint:394] - Saving periodic checkpoint to /teamspace/studios/this_studio/cvpr25/phase4_finetuning/logs_finetune/05_ablation_no_freeze_20250614-044836/checkpoints/checkpoint_epoch_80.pth
2025-06-14 10:45:00 - phase4_finetuning.finetune.trainer - INFO - [run:72] - --- Starting Epoch 81/100 ---
2025-06-14 10:49:15 - phase4_finetuning.finetune.trainer - INFO - [_validate_one_epoch:187] - Validation Epoch 81: Loss=1.5089, Accuracy=0.8534, F1-Macro=0.8550
2025-06-14 10:49:15 - phase4_finetuning.finetune.trainer - INFO - [run:89] - No improvement in f1_macro. Best: 0.8552. Patience: 1/20
2025-06-14 10:49:15 - phase4_finetuning.finetune.trainer - INFO - [run:72] - --- Starting Epoch 82/100 ---
2025-06-14 10:53:27 - phase4_finetuning.finetune.trainer - INFO - [_validate_one_epoch:187] - Validation Epoch 82: Loss=1.5052, Accuracy=0.8534, F1-Macro=0.8548
2025-06-14 10:53:27 - phase4_finetuning.finetune.trainer - INFO - [run:89] - No improvement in f1_macro. Best: 0.8552. Patience: 2/20
2025-06-14 10:53:27 - phase4_finetuning.finetune.trainer - INFO - [run:72] - --- Starting Epoch 83/100 ---
2025-06-14 10:57:38 - phase4_finetuning.finetune.trainer - INFO - [_validate_one_epoch:187] - Validation Epoch 83: Loss=1.5016, Accuracy=0.8534, F1-Macro=0.8548
2025-06-14 10:57:38 - phase4_finetuning.finetune.trainer - INFO - [run:89] - No improvement in f1_macro. Best: 0.8552. Patience: 3/20
2025-06-14 10:57:38 - phase4_finetuning.finetune.trainer - INFO - [run:72] - --- Starting Epoch 84/100 ---
2025-06-14 11:01:50 - phase4_finetuning.finetune.trainer - INFO - [_validate_one_epoch:187] - Validation Epoch 84: Loss=1.4981, Accuracy=0.8534, F1-Macro=0.8548
2025-06-14 11:01:50 - phase4_finetuning.finetune.trainer - INFO - [run:89] - No improvement in f1_macro. Best: 0.8552. Patience: 4/20
2025-06-14 11:01:50 - phase4_finetuning.finetune.trainer - INFO - [run:72] - --- Starting Epoch 85/100 ---
2025-06-14 11:06:02 - phase4_finetuning.finetune.trainer - INFO - [_validate_one_epoch:187] - Validation Epoch 85: Loss=1.4947, Accuracy=0.8621, F1-Macro=0.8634
2025-06-14 11:06:02 - phase4_finetuning.finetune.trainer - INFO - [run:83] - Epoch 85: New best metric! f1_macro = 0.8634 (previously 0.8552)
2025-06-14 11:06:02 - phase4_finetuning.finetune.trainer - INFO - [_save_checkpoint:388] - Saving best model checkpoint to /teamspace/studios/this_studio/cvpr25/phase4_finetuning/logs_finetune/05_ablation_no_freeze_20250614-044836/checkpoints/best_model.pth
2025-06-14 11:06:15 - phase4_finetuning.finetune.trainer - INFO - [run:72] - --- Starting Epoch 86/100 ---
2025-06-14 11:10:29 - phase4_finetuning.finetune.trainer - INFO - [_validate_one_epoch:187] - Validation Epoch 86: Loss=1.4915, Accuracy=0.8676, F1-Macro=0.8685
2025-06-14 11:10:29 - phase4_finetuning.finetune.trainer - INFO - [run:83] - Epoch 86: New best metric! f1_macro = 0.8685 (previously 0.8634)
2025-06-14 11:10:29 - phase4_finetuning.finetune.trainer - INFO - [_save_checkpoint:388] - Saving best model checkpoint to /teamspace/studios/this_studio/cvpr25/phase4_finetuning/logs_finetune/05_ablation_no_freeze_20250614-044836/checkpoints/best_model.pth
2025-06-14 11:10:42 - phase4_finetuning.finetune.trainer - INFO - [run:72] - --- Starting Epoch 87/100 ---
2025-06-14 11:14:58 - phase4_finetuning.finetune.trainer - INFO - [_validate_one_epoch:187] - Validation Epoch 87: Loss=1.4885, Accuracy=0.8709, F1-Macro=0.8721
2025-06-14 11:14:58 - phase4_finetuning.finetune.trainer - INFO - [run:83] - Epoch 87: New best metric! f1_macro = 0.8721 (previously 0.8685)
2025-06-14 11:14:58 - phase4_finetuning.finetune.trainer - INFO - [_save_checkpoint:388] - Saving best model checkpoint to /teamspace/studios/this_studio/cvpr25/phase4_finetuning/logs_finetune/05_ablation_no_freeze_20250614-044836/checkpoints/best_model.pth
2025-06-14 11:15:11 - phase4_finetuning.finetune.trainer - INFO - [run:72] - --- Starting Epoch 88/100 ---
2025-06-14 11:19:38 - phase4_finetuning.finetune.trainer - INFO - [_validate_one_epoch:187] - Validation Epoch 88: Loss=1.4855, Accuracy=0.8698, F1-Macro=0.8713
2025-06-14 11:19:38 - phase4_finetuning.finetune.trainer - INFO - [run:89] - No improvement in f1_macro. Best: 0.8721. Patience: 1/20
2025-06-14 11:19:38 - phase4_finetuning.finetune.trainer - INFO - [run:72] - --- Starting Epoch 89/100 ---
2025-06-14 11:24:00 - phase4_finetuning.finetune.trainer - INFO - [_validate_one_epoch:187] - Validation Epoch 89: Loss=1.4827, Accuracy=0.8720, F1-Macro=0.8735
2025-06-14 11:24:00 - phase4_finetuning.finetune.trainer - INFO - [run:83] - Epoch 89: New best metric! f1_macro = 0.8735 (previously 0.8721)
2025-06-14 11:24:00 - phase4_finetuning.finetune.trainer - INFO - [_save_checkpoint:388] - Saving best model checkpoint to /teamspace/studios/this_studio/cvpr25/phase4_finetuning/logs_finetune/05_ablation_no_freeze_20250614-044836/checkpoints/best_model.pth
2025-06-14 11:24:13 - phase4_finetuning.finetune.trainer - INFO - [run:72] - --- Starting Epoch 90/100 ---
2025-06-14 11:28:37 - phase4_finetuning.finetune.trainer - INFO - [_validate_one_epoch:187] - Validation Epoch 90: Loss=1.4798, Accuracy=0.8720, F1-Macro=0.8735
2025-06-14 11:28:37 - phase4_finetuning.finetune.trainer - INFO - [run:89] - No improvement in f1_macro. Best: 0.8735. Patience: 1/20
2025-06-14 11:28:37 - phase4_finetuning.finetune.trainer - INFO - [_save_checkpoint:394] - Saving periodic checkpoint to /teamspace/studios/this_studio/cvpr25/phase4_finetuning/logs_finetune/05_ablation_no_freeze_20250614-044836/checkpoints/checkpoint_epoch_90.pth
2025-06-14 11:28:44 - phase4_finetuning.finetune.trainer - INFO - [run:72] - --- Starting Epoch 91/100 ---
2025-06-14 11:33:10 - phase4_finetuning.finetune.trainer - INFO - [_validate_one_epoch:187] - Validation Epoch 91: Loss=1.4771, Accuracy=0.8709, F1-Macro=0.8722
2025-06-14 11:33:10 - phase4_finetuning.finetune.trainer - INFO - [run:89] - No improvement in f1_macro. Best: 0.8735. Patience: 2/20
2025-06-14 11:33:10 - phase4_finetuning.finetune.trainer - INFO - [run:72] - --- Starting Epoch 92/100 ---
2025-06-14 11:37:32 - phase4_finetuning.finetune.trainer - INFO - [_validate_one_epoch:187] - Validation Epoch 92: Loss=1.4746, Accuracy=0.8720, F1-Macro=0.8732
2025-06-14 11:37:32 - phase4_finetuning.finetune.trainer - INFO - [run:89] - No improvement in f1_macro. Best: 0.8735. Patience: 3/20
2025-06-14 11:37:32 - phase4_finetuning.finetune.trainer - INFO - [run:72] - --- Starting Epoch 93/100 ---
2025-06-14 11:41:47 - phase4_finetuning.finetune.trainer - INFO - [_validate_one_epoch:187] - Validation Epoch 93: Loss=1.4721, Accuracy=0.8742, F1-Macro=0.8755
2025-06-14 11:41:47 - phase4_finetuning.finetune.trainer - INFO - [run:83] - Epoch 93: New best metric! f1_macro = 0.8755 (previously 0.8735)
2025-06-14 11:41:47 - phase4_finetuning.finetune.trainer - INFO - [_save_checkpoint:388] - Saving best model checkpoint to /teamspace/studios/this_studio/cvpr25/phase4_finetuning/logs_finetune/05_ablation_no_freeze_20250614-044836/checkpoints/best_model.pth
2025-06-14 11:42:00 - phase4_finetuning.finetune.trainer - INFO - [run:72] - --- Starting Epoch 94/100 ---
2025-06-14 11:46:14 - phase4_finetuning.finetune.trainer - INFO - [_validate_one_epoch:187] - Validation Epoch 94: Loss=1.4698, Accuracy=0.8753, F1-Macro=0.8766
2025-06-14 11:46:14 - phase4_finetuning.finetune.trainer - INFO - [run:83] - Epoch 94: New best metric! f1_macro = 0.8766 (previously 0.8755)
2025-06-14 11:46:14 - phase4_finetuning.finetune.trainer - INFO - [_save_checkpoint:388] - Saving best model checkpoint to /teamspace/studios/this_studio/cvpr25/phase4_finetuning/logs_finetune/05_ablation_no_freeze_20250614-044836/checkpoints/best_model.pth
2025-06-14 11:46:27 - phase4_finetuning.finetune.trainer - INFO - [run:72] - --- Starting Epoch 95/100 ---
2025-06-14 11:50:43 - phase4_finetuning.finetune.trainer - INFO - [_validate_one_epoch:187] - Validation Epoch 95: Loss=1.4675, Accuracy=0.8786, F1-Macro=0.8797
2025-06-14 11:50:43 - phase4_finetuning.finetune.trainer - INFO - [run:83] - Epoch 95: New best metric! f1_macro = 0.8797 (previously 0.8766)
2025-06-14 11:50:43 - phase4_finetuning.finetune.trainer - INFO - [_save_checkpoint:388] - Saving best model checkpoint to /teamspace/studios/this_studio/cvpr25/phase4_finetuning/logs_finetune/05_ablation_no_freeze_20250614-044836/checkpoints/best_model.pth
2025-06-14 11:50:57 - phase4_finetuning.finetune.trainer - INFO - [run:72] - --- Starting Epoch 96/100 ---
2025-06-14 11:55:12 - phase4_finetuning.finetune.trainer - INFO - [_validate_one_epoch:187] - Validation Epoch 96: Loss=1.4654, Accuracy=0.8796, F1-Macro=0.8808
2025-06-14 11:55:12 - phase4_finetuning.finetune.trainer - INFO - [run:83] - Epoch 96: New best metric! f1_macro = 0.8808 (previously 0.8797)
2025-06-14 11:55:12 - phase4_finetuning.finetune.trainer - INFO - [_save_checkpoint:388] - Saving best model checkpoint to /teamspace/studios/this_studio/cvpr25/phase4_finetuning/logs_finetune/05_ablation_no_freeze_20250614-044836/checkpoints/best_model.pth
2025-06-14 11:55:26 - phase4_finetuning.finetune.trainer - INFO - [run:72] - --- Starting Epoch 97/100 ---
2025-06-14 11:59:39 - phase4_finetuning.finetune.trainer - INFO - [_validate_one_epoch:187] - Validation Epoch 97: Loss=1.4632, Accuracy=0.8796, F1-Macro=0.8806
2025-06-14 11:59:39 - phase4_finetuning.finetune.trainer - INFO - [run:89] - No improvement in f1_macro. Best: 0.8808. Patience: 1/20
2025-06-14 11:59:39 - phase4_finetuning.finetune.trainer - INFO - [run:72] - --- Starting Epoch 98/100 ---
2025-06-14 12:03:51 - phase4_finetuning.finetune.trainer - INFO - [_validate_one_epoch:187] - Validation Epoch 98: Loss=1.4612, Accuracy=0.8829, F1-Macro=0.8836
2025-06-14 12:03:51 - phase4_finetuning.finetune.trainer - INFO - [run:83] - Epoch 98: New best metric! f1_macro = 0.8836 (previously 0.8808)
2025-06-14 12:03:51 - phase4_finetuning.finetune.trainer - INFO - [_save_checkpoint:388] - Saving best model checkpoint to /teamspace/studios/this_studio/cvpr25/phase4_finetuning/logs_finetune/05_ablation_no_freeze_20250614-044836/checkpoints/best_model.pth
2025-06-14 12:04:03 - phase4_finetuning.finetune.trainer - INFO - [run:72] - --- Starting Epoch 99/100 ---
2025-06-14 12:08:18 - phase4_finetuning.finetune.trainer - INFO - [_validate_one_epoch:187] - Validation Epoch 99: Loss=1.4593, Accuracy=0.8840, F1-Macro=0.8847
2025-06-14 12:08:18 - phase4_finetuning.finetune.trainer - INFO - [run:83] - Epoch 99: New best metric! f1_macro = 0.8847 (previously 0.8836)
2025-06-14 12:08:18 - phase4_finetuning.finetune.trainer - INFO - [_save_checkpoint:388] - Saving best model checkpoint to /teamspace/studios/this_studio/cvpr25/phase4_finetuning/logs_finetune/05_ablation_no_freeze_20250614-044836/checkpoints/best_model.pth
2025-06-14 12:08:30 - phase4_finetuning.finetune.trainer - INFO - [run:72] - --- Starting Epoch 100/100 ---
2025-06-14 12:12:44 - phase4_finetuning.finetune.trainer - INFO - [_validate_one_epoch:187] - Validation Epoch 100: Loss=1.4574, Accuracy=0.8840, F1-Macro=0.8847
2025-06-14 12:12:44 - phase4_finetuning.finetune.trainer - INFO - [run:89] - No improvement in f1_macro. Best: 0.8847. Patience: 1/20
2025-06-14 12:12:44 - phase4_finetuning.finetune.trainer - INFO - [_save_checkpoint:394] - Saving periodic checkpoint to /teamspace/studios/this_studio/cvpr25/phase4_finetuning/logs_finetune/05_ablation_no_freeze_20250614-044836/checkpoints/checkpoint_epoch_100.pth
2025-06-14 12:12:50 - phase4_finetuning.finetune.trainer - INFO - [run:105] - Training finished. Saving final model state.
2025-06-14 12:12:50 - phase4_finetuning.finetune.trainer - INFO - [_save_checkpoint:391] - Saving final model checkpoint to /teamspace/studios/this_studio/cvpr25/phase4_finetuning/logs_finetune/05_ablation_no_freeze_20250614-044836/checkpoints/checkpoint_epoch_100_final.pth
2025-06-14 12:13:00 - __main__ - INFO - [run:151] - Fine-tuning run '05_ablation_no_freeze_20250614-044836' finished successfully.
