2025-05-28 14:29:25 - root - INFO - [setup_logging:75] - Logging configured. Log file: /teamspace/studios/this_studio/cvpr25/phase4_finetuning/logs_finetune_optimized_v1/finetune_hvt_xl_optimized_v1_20250528_142925.log. Logger 'root' Effective Level: DEBUG
2025-05-28 14:29:25 - __main__ - INFO - [main_execution_logic:193] - ======== Starting Phase 4: HVT Fine-tuning (Run ID: 20250528_142925) ========
2025-05-28 14:29:25 - __main__ - INFO - [main_execution_logic:194] - Full run configuration: {'seed': 42, 'device': 'cuda', 'PACKAGE_ROOT_PATH': '/teamspace/studios/this_studio/cvpr25/phase4_finetuning', 'PROJECT_ROOT_PATH': '/teamspace/studios/this_studio/cvpr25', 'log_dir': 'logs_finetune_optimized_v1', 'log_file_finetune': 'finetune_hvt_xl_optimized_v1.log', 'best_model_filename': 'best_finetuned_hvt_xl_optimized_v1.pth', 'final_model_filename': 'final_finetuned_hvt_xl_optimized_v1.pth', 'checkpoint_save_dir_name': 'checkpoints_optimized_v1', 'data_root': '/teamspace/studios/this_studio/cvpr25/SAR-CLD-2024 A Comprehensive Dataset for Cotton Leaf Disease Detection', 'original_dataset_name': 'Original Dataset', 'augmented_dataset_name': 'Augmented Dataset', 'img_size': (448, 448), 'num_classes': 7, 'train_split_ratio': 0.8, 'normalize_data': True, 'use_weighted_sampler': True, 'weighted_sampler_mode': 'sqrt_inv_count', 'use_weighted_loss': True, 'num_workers': 4, 'prefetch_factor': 2, 'model_architecture_name': 'DiseaseAwareHVT_SSL_OptimizedFinetune', 'pretrained_checkpoint_path': '/teamspace/studios/this_studio/cvpr25/phase3_pretraining/pretrain_checkpoints_hvt_xl/hvt_xl_simclr_t4_resumed_best_probe.pth', 'load_pretrained_backbone': True, 'hvt_params_for_model_init': {'patch_size': 14, 'embed_dim_rgb': 192, 'embed_dim_spectral': 192, 'spectral_channels': 0, 'depths': [3, 6, 24, 3], 'num_heads': [6, 12, 24, 48], 'mlp_ratio': 4.0, 'qkv_bias': True, 'model_drop_rate': 0.1, 'attn_drop_rate': 0.0, 'drop_path_rate': 0.2, 'norm_layer_name': 'LayerNorm', 'use_dfca': False, 'use_gradient_checkpointing': True, 'ssl_enable_mae': False, 'ssl_enable_contrastive': False, 'enable_consistency_loss_heads': False, 'dfca_embed_dim_match_rgb': True, 'dfca_num_heads': 32, 'dfca_drop_rate': 0.1, 'dfca_use_disease_mask': True, 'ssl_mae_mask_ratio': 0.75, 'ssl_mae_decoder_dim': 64, 'ssl_mae_norm_pix_loss': True, 'ssl_contrastive_projector_dim': 128, 'ssl_contrastive_projector_depth': 2}, 'enable_torch_compile': False, 'torch_compile_mode': 'reduce-overhead', 'matmul_precision': 'high', 'cudnn_benchmark': True, 'freeze_backbone_epochs': 5, 'epochs': 120, 'batch_size': 32, 'accumulation_steps': 1, 'amp_enabled': True, 'clip_grad_norm': 0.5, 'log_interval': 20, 'optimizer': 'AdamW', 'optimizer_params': {'betas': (0.9, 0.999), 'eps': 1e-08}, 'weight_decay': 0.01, 'lr_head_frozen_phase': 0.001, 'lr_backbone_unfrozen_phase': 5e-05, 'lr_head_unfrozen_phase': 0.0001, 'scheduler': 'WarmupCosine', 'warmup_epochs': 10, 'eta_min_lr': 1e-06, 'loss_label_smoothing': 0.05, 'augmentations_enabled': True, 'evaluate_every_n_epochs': 1, 'early_stopping_patience': 15, 'metric_to_monitor_early_stopping': 'f1_macro', 'tta_enabled_val': True}
2025-05-28 14:29:25 - __main__ - INFO - [set_global_seed:71] - Global random seed set to: 42
2025-05-28 14:29:25 - __main__ - INFO - [main_execution_logic:198] - Using device: cuda. GPU: Tesla T4
2025-05-28 14:29:25 - phase4_finetuning.dataset - INFO - [__init__:54] - [DATASET INIT - train] Root: /teamspace/studios/this_studio/cvpr25/SAR-CLD-2024 A Comprehensive Dataset for Cotton Leaf Disease Detection, ImgSize: (448, 448)
2025-05-28 14:29:25 - phase4_finetuning.dataset - INFO - [__init__:67] - [DATASET INIT - train] Scanning: /teamspace/studios/this_studio/cvpr25/SAR-CLD-2024 A Comprehensive Dataset for Cotton Leaf Disease Detection/Original Dataset
2025-05-28 14:29:25 - phase4_finetuning.dataset - INFO - [__init__:67] - [DATASET INIT - train] Scanning: /teamspace/studios/this_studio/cvpr25/SAR-CLD-2024 A Comprehensive Dataset for Cotton Leaf Disease Detection/Augmented Dataset
2025-05-28 14:29:25 - phase4_finetuning.dataset - INFO - [__init__:98] - [DATASET INIT - train] Total valid image paths collected: 9137 from ~9137 items considered.
2025-05-28 14:29:25 - phase4_finetuning.dataset - INFO - [__init__:111] - [DATASET INIT - train] Dataset split size: 7309 samples.
2025-05-28 14:29:25 - phase4_finetuning.dataset - INFO - [__init__:123] - [DATASET INIT - train] Base RGB Transforms: Compose(
      ToImage()
      ToDtype(scale=False)
      Resize(size=[448, 448], interpolation=InterpolationMode.BICUBIC, antialias=True)
      Normalize(mean=[0.485, 0.456, 0.406], std=[0.229, 0.224, 0.225], inplace=False)
)
2025-05-28 14:29:25 - phase4_finetuning.dataset - INFO - [__init__:54] - [DATASET INIT - val] Root: /teamspace/studios/this_studio/cvpr25/SAR-CLD-2024 A Comprehensive Dataset for Cotton Leaf Disease Detection, ImgSize: (448, 448)
2025-05-28 14:29:25 - phase4_finetuning.dataset - INFO - [__init__:67] - [DATASET INIT - val] Scanning: /teamspace/studios/this_studio/cvpr25/SAR-CLD-2024 A Comprehensive Dataset for Cotton Leaf Disease Detection/Original Dataset
2025-05-28 14:29:26 - phase4_finetuning.dataset - INFO - [__init__:67] - [DATASET INIT - val] Scanning: /teamspace/studios/this_studio/cvpr25/SAR-CLD-2024 A Comprehensive Dataset for Cotton Leaf Disease Detection/Augmented Dataset
2025-05-28 14:29:26 - phase4_finetuning.dataset - INFO - [__init__:98] - [DATASET INIT - val] Total valid image paths collected: 9137 from ~9137 items considered.
2025-05-28 14:29:26 - phase4_finetuning.dataset - INFO - [__init__:111] - [DATASET INIT - val] Dataset split size: 1828 samples.
2025-05-28 14:29:26 - phase4_finetuning.dataset - INFO - [__init__:123] - [DATASET INIT - val] Base RGB Transforms: Compose(
      ToImage()
      ToDtype(scale=False)
      Resize(size=[448, 448], interpolation=InterpolationMode.BICUBIC, antialias=True)
      Normalize(mean=[0.485, 0.456, 0.406], std=[0.229, 0.224, 0.225], inplace=False)
)
2025-05-28 14:29:26 - __main__ - INFO - [main_execution_logic:238] - Using WeightedRandomSampler with 'sqrt_inv_count' mode. Per-class weights: [0.031 0.03  0.032 0.031 0.032 0.028 0.034]
2025-05-28 14:29:26 - __main__ - INFO - [main_execution_logic:258] - WeightedRandomSampler enabled (mode: sqrt_inv_count).
2025-05-28 14:29:26 - __main__ - INFO - [main_execution_logic:265] - Dataloaders created. Train batches: 228, Val batches: 58
2025-05-28 14:29:26 - phase2_model.models.hvt - INFO - [create_disease_aware_hvt:602] - Factory: Creating DiseaseAwareHVT for img_size: (448, 448), num_classes: 7
2025-05-28 14:29:29 - phase2_model.models.hvt - INFO - [__init__:325] - HVT: Running RGB stream only. No fusion.
