2025-06-11 16:35:07 - root - INFO - [setup_logging:75] - Logging configured. Log file: /teamspace/studios/this_studio/cvpr25/phase4_finetuning/logs_finetune/HVT-XL_FineTune_Run_20250611-163507/HVT-XL_FineTune_Run_20250611-163507_20250611_163507.log. Logger 'root' Effective Level: INFO
2025-06-11 16:35:07 - __main__ - INFO - [run:37] - Starting fine-tuning run: HVT-XL_FineTune_Run_20250611-163507
2025-06-11 16:35:07 - __main__ - INFO - [run:38] - Full configuration:
PACKAGE_ROOT_PATH: /teamspace/studios/this_studio/cvpr25/phase4_finetuning
PROJECT_ROOT_PATH: /teamspace/studios/this_studio/cvpr25
augmentations:
  cutmix_prob: 0.5
  enable: true
  mixup_alpha: 0.2
  severity: moderate
  strategy: cotton_disease
cudnn_benchmark: true
data:
  augmented_dataset_name: Augmented Dataset
  img_size:
  - 448
  - 448
  num_classes: 7
  num_workers: 4
  original_dataset_name: Original Dataset
  prefetch_factor: 2
  root_dir: /teamspace/studios/this_studio/cvpr25/SAR-CLD-2024 A Comprehensive Dataset
    for Cotton Leaf Disease Detection
  train_split_ratio: 0.95
  use_weighted_sampler: true
device: cuda
evaluation:
  early_stopping:
    metric: val_f1_macro
    min_delta: 0.0001
    patience: 15
  ema_decay: 0.9999
  swa_lr: 2.0e-05
  swa_start_epoch_ratio: 0.75
  tta_enabled: true
  use_ema: true
  use_swa: false
model:
  hvt_params:
    attn_drop_rate: 0.0
    depths:
    - 3
    - 6
    - 24
    - 3
    drop_path_rate: 0.2
    embed_dim_rgb: 192
    embed_dim_spectral: 0
    enable_consistency_loss_heads: false
    mlp_ratio: 4.0
    model_drop_rate: 0.0
    norm_layer_name: LayerNorm
    num_heads:
    - 6
    - 12
    - 24
    - 48
    patch_size: 14
    qkv_bias: true
    spectral_channels: 0
    ssl_enable_contrastive: false
    ssl_enable_mae: false
    use_dfca: false
    use_gradient_checkpointing: true
  resume_finetune_path: ''
  ssl_pretrained_path: /teamspace/studios/this_studio/cvpr25/phase3_pretraining/pretrain_checkpoints_hvt_xl/hvt_xl_simclr_t4_resumed_best_probe.pth
run_name_prefix: HVT-XL_FineTune_Run
seed: 42
torch_compile:
  enable: false
  mode: reduce-overhead
training:
  accumulation_steps: 2
  amp_enabled: true
  batch_size: 16
  clip_grad_norm: 1.0
  epochs: 50
  freeze_backbone_epochs: 5
  loss:
    focal_alpha: 0.25
    focal_gamma: 2.0
    label_smoothing: 0.1
    type: combined
    use_class_weights: true
    weights:
      ce: 0.5
      focal: 0.5
  optimizer:
    lr_backbone_unfrozen: 5.0e-05
    lr_head_unfrozen: 0.001
  scheduler:
    div_factor: 25.0
    final_div_factor: 10000.0
    name: onecyclelr
    pct_start: 0.1

2025-06-11 16:35:07 - __main__ - INFO - [run:49] - Setting up datasets and dataloaders...
2025-06-11 16:35:07 - phase4_finetuning.utils.augmentations - INFO - [create_cotton_leaf_augmentation:157] - Creating augmentation strategy: 'cotton_disease' for image size (448, 448)
2025-06-11 16:35:07 - phase4_finetuning.utils.augmentations - INFO - [__init__:141] - CottonLeafDiseaseAugmentation initialized with severity 'moderate'.
2025-06-11 16:35:07 - phase4_finetuning.utils.augmentations - INFO - [create_cotton_leaf_augmentation:157] - Creating augmentation strategy: 'minimal' for image size (448, 448)
2025-06-11 16:35:07 - phase4_finetuning.dataset - INFO - [__init__:37] - Initializing Dataset for split 'train'...
2025-06-11 16:35:09 - phase4_finetuning.dataset - INFO - [__init__:53] - Found 9137 total image paths.
2025-06-11 16:35:09 - phase4_finetuning.dataset - INFO - [__init__:64] - Split 'train' size: 8680 samples.
2025-06-11 16:35:09 - phase4_finetuning.dataset - INFO - [__init__:37] - Initializing Dataset for split 'val'...
2025-06-11 16:35:10 - phase4_finetuning.dataset - INFO - [__init__:53] - Found 9137 total image paths.
2025-06-11 16:35:10 - phase4_finetuning.dataset - INFO - [__init__:64] - Split 'val' size: 457 samples.
2025-06-11 16:35:10 - __main__ - INFO - [run:86] - Discovered 7 classes.
2025-06-11 16:35:10 - __main__ - INFO - [run:96] - Using WeightedRandomSampler for training.
2025-06-11 16:35:10 - __main__ - INFO - [run:103] - Creating HVT model for fine-tuning...
2025-06-11 16:35:10 - phase2_model.models.hvt - INFO - [create_disease_aware_hvt:602] - Factory: Creating DiseaseAwareHVT for img_size: (448, 448), num_classes: 7
2025-06-11 16:35:13 - phase2_model.models.hvt - INFO - [__init__:325] - HVT: Running RGB stream only. No fusion.
2025-06-11 16:35:16 - phase2_model.models.hvt - INFO - [__init__:359] - DiseaseAwareHVT initialized for image size (448, 448) and 7 classes.
2025-06-11 16:35:16 - __main__ - INFO - [run:111] - Initializing EnhancedFinetuner...
2025-06-11 16:35:16 - phase4_finetuning.finetune.trainer - INFO - [_load_ssl_weights:298] - Attempting to load SSL backbone weights from: /teamspace/studios/this_studio/cvpr25/phase3_pretraining/pretrain_checkpoints_hvt_xl/hvt_xl_simclr_t4_resumed_best_probe.pth
2025-06-11 16:35:22 - phase4_finetuning.finetune.trainer - INFO - [_load_ssl_weights:307] - SSL weights loaded. Missing keys in model: []. Unexpected keys in checkpoint: []
2025-06-11 16:35:22 - phase4_finetuning.dataset - INFO - [get_class_weights:96] - Computed class weights for split 'train': [1.045 0.906 1.039 1.032 1.063 0.831 1.159]
2025-06-11 16:35:22 - phase4_finetuning.utils.losses - INFO - [__init__:21] - FocalLoss initialized with alpha=0.25, gamma=2.0.
2025-06-11 16:35:22 - phase4_finetuning.utils.losses - INFO - [__init__:54] - CombinedLoss initialized with CE weight=0.5, Focal weight=0.5, Smoothing=0.1.
2025-06-11 16:35:22 - phase4_finetuning.utils.ema - INFO - [_create_shadow_copy:55] - Creating EMA shadow model by re-instantiating HVT class.
2025-06-11 16:35:24 - phase2_model.models.hvt - INFO - [__init__:325] - HVT: Running RGB stream only. No fusion.
2025-06-11 16:35:27 - phase2_model.models.hvt - INFO - [__init__:359] - DiseaseAwareHVT initialized for image size (448, 448) and 7 classes.
2025-06-11 16:35:27 - phase4_finetuning.utils.ema - INFO - [__init__:44] - EMA helper initialized with decay=0.9999. Shadow model created.
2025-06-11 16:35:27 - phase4_finetuning.finetune.trainer - INFO - [__init__:52] - Trainer initialized. Model has 273,615,751 trainable parameters.
2025-06-11 16:35:27 - __main__ - INFO - [run:122] - Starting the training and validation loop...
2025-06-11 16:35:27 - phase4_finetuning.finetune.trainer - INFO - [run:56] - Starting fine-tuning run. Monitoring 'val_f1_macro' for best model.
2025-06-11 16:35:27 - phase4_finetuning.finetune.trainer - INFO - [run:61] - --- Starting Epoch 1/50 ---
2025-06-11 16:35:27 - phase4_finetuning.finetune.trainer - INFO - [_set_parameter_groups_for_epoch:263] - Epoch 1: Backbone FROZEN.
2025-06-11 16:35:27 - phase4_finetuning.finetune.trainer - INFO - [_set_parameter_groups_for_epoch:267] - Trainable params updated: 13,831
2025-06-11 16:35:27 - phase4_finetuning.dataset - ERROR - [__getitem__:80] - Error loading/transforming image /teamspace/studios/this_studio/cvpr25/SAR-CLD-2024 A Comprehensive Dataset for Cotton Leaf Disease Detection/Augmented Dataset/Leaf Variegation/augmented_Leaf Variegation0688.jpg: 'Image' object has no attribute 'ndim'. Returning dummy.
2025-06-11 16:35:27 - phase4_finetuning.dataset - ERROR - [__getitem__:80] - Error loading/transforming image /teamspace/studios/this_studio/cvpr25/SAR-CLD-2024 A Comprehensive Dataset for Cotton Leaf Disease Detection/Augmented Dataset/Herbicide Growth Damage/augmented_Herbicide Growth Damage0670.jpg: 'Image' object has no attribute 'ndim'. Returning dummy.
2025-06-11 16:35:27 - phase4_finetuning.dataset - ERROR - [__getitem__:80] - Error loading/transforming image /teamspace/studios/this_studio/cvpr25/SAR-CLD-2024 A Comprehensive Dataset for Cotton Leaf Disease Detection/Augmented Dataset/Leaf Redding/augmented_Leaf Redding0113.jpg: 'Image' object has no attribute 'ndim'. Returning dummy.
2025-06-11 16:35:27 - phase4_finetuning.dataset - ERROR - [__getitem__:80] - Error loading/transforming image /teamspace/studios/this_studio/cvpr25/SAR-CLD-2024 A Comprehensive Dataset for Cotton Leaf Disease Detection/Augmented Dataset/Bacterial Blight/augmented_Bacterial Blight0841.jpg: 'Image' object has no attribute 'ndim'. Returning dummy.
2025-06-11 16:35:27 - phase4_finetuning.dataset - ERROR - [__getitem__:80] - Error loading/transforming image /teamspace/studios/this_studio/cvpr25/SAR-CLD-2024 A Comprehensive Dataset for Cotton Leaf Disease Detection/Augmented Dataset/Leaf Variegation/augmented_Leaf Variegation0447.jpg: 'Image' object has no attribute 'ndim'. Returning dummy.
2025-06-11 16:35:27 - phase4_finetuning.dataset - ERROR - [__getitem__:80] - Error loading/transforming image /teamspace/studios/this_studio/cvpr25/SAR-CLD-2024 A Comprehensive Dataset for Cotton Leaf Disease Detection/Augmented Dataset/Healthy Leaf/augmented_Healthy Leaf0109.jpg: 'Image' object has no attribute 'ndim'. Returning dummy.
2025-06-11 16:35:27 - phase4_finetuning.dataset - ERROR - [__getitem__:80] - Error loading/transforming image /teamspace/studios/this_studio/cvpr25/SAR-CLD-2024 A Comprehensive Dataset for Cotton Leaf Disease Detection/Augmented Dataset/Bacterial Blight/augmented_Bacterial Blight0257.jpg: 'Image' object has no attribute 'ndim'. Returning dummy.
2025-06-11 16:35:27 - phase4_finetuning.dataset - ERROR - [__getitem__:80] - Error loading/transforming image /teamspace/studios/this_studio/cvpr25/SAR-CLD-2024 A Comprehensive Dataset for Cotton Leaf Disease Detection/Original Dataset/Leaf Redding/LR00381.jpg: 'Image' object has no attribute 'ndim'. Returning dummy.
2025-06-11 16:35:28 - phase4_finetuning.dataset - ERROR - [__getitem__:80] - Error loading/transforming image /teamspace/studios/this_studio/cvpr25/SAR-CLD-2024 A Comprehensive Dataset for Cotton Leaf Disease Detection/Augmented Dataset/Leaf Redding/augmented_Leaf Redding0942.jpg: 'Image' object has no attribute 'ndim'. Returning dummy.
2025-06-11 16:35:28 - phase4_finetuning.dataset - ERROR - [__getitem__:80] - Error loading/transforming image /teamspace/studios/this_studio/cvpr25/SAR-CLD-2024 A Comprehensive Dataset for Cotton Leaf Disease Detection/Original Dataset/Leaf Hopper Jassids/LHJ00131.jpg: 'Image' object has no attribute 'ndim'. Returning dummy.
2025-06-11 16:35:28 - phase4_finetuning.dataset - ERROR - [__getitem__:80] - Error loading/transforming image /teamspace/studios/this_studio/cvpr25/SAR-CLD-2024 A Comprehensive Dataset for Cotton Leaf Disease Detection/Augmented Dataset/Bacterial Blight/augmented_Bacterial Blight0456.jpg: 'Image' object has no attribute 'ndim'. Returning dummy.
2025-06-11 16:35:28 - phase4_finetuning.dataset - ERROR - [__getitem__:80] - Error loading/transforming image /teamspace/studios/this_studio/cvpr25/SAR-CLD-2024 A Comprehensive Dataset for Cotton Leaf Disease Detection/Original Dataset/Bacterial Blight/BBC00144.jpg: 'Image' object has no attribute 'ndim'. Returning dummy.
2025-06-11 16:35:28 - phase4_finetuning.dataset - ERROR - [__getitem__:80] - Error loading/transforming image /teamspace/studios/this_studio/cvpr25/SAR-CLD-2024 A Comprehensive Dataset for Cotton Leaf Disease Detection/Augmented Dataset/Leaf Variegation/augmented_Leaf Variegation0622.jpg: 'Image' object has no attribute 'ndim'. Returning dummy.
2025-06-11 16:35:28 - phase4_finetuning.dataset - ERROR - [__getitem__:80] - Error loading/transforming image /teamspace/studios/this_studio/cvpr25/SAR-CLD-2024 A Comprehensive Dataset for Cotton Leaf Disease Detection/Augmented Dataset/Leaf Variegation/augmented_Leaf Variegation0594.jpg: 'Image' object has no attribute 'ndim'. Returning dummy.
2025-06-11 16:35:28 - phase4_finetuning.dataset - ERROR - [__getitem__:80] - Error loading/transforming image /teamspace/studios/this_studio/cvpr25/SAR-CLD-2024 A Comprehensive Dataset for Cotton Leaf Disease Detection/Augmented Dataset/Healthy Leaf/augmented_Healthy Leaf0170.jpg: 'Image' object has no attribute 'ndim'. Returning dummy.
2025-06-11 16:35:28 - phase4_finetuning.dataset - ERROR - [__getitem__:80] - Error loading/transforming image /teamspace/studios/this_studio/cvpr25/SAR-CLD-2024 A Comprehensive Dataset for Cotton Leaf Disease Detection/Original Dataset/Curl Virus/CV00266.jpg: 'Image' object has no attribute 'ndim'. Returning dummy.
2025-06-11 16:35:28 - phase4_finetuning.dataset - ERROR - [__getitem__:80] - Error loading/transforming image /teamspace/studios/this_studio/cvpr25/SAR-CLD-2024 A Comprehensive Dataset for Cotton Leaf Disease Detection/Augmented Dataset/Leaf Hopper Jassids/augmented_Leaf Hopper Jassids0266.jpg: 'Image' object has no attribute 'ndim'. Returning dummy.
2025-06-11 16:35:28 - phase4_finetuning.dataset - ERROR - [__getitem__:80] - Error loading/transforming image /teamspace/studios/this_studio/cvpr25/SAR-CLD-2024 A Comprehensive Dataset for Cotton Leaf Disease Detection/Augmented Dataset/Herbicide Growth Damage/augmented_Herbicide Growth Damage0320.jpg: 'Image' object has no attribute 'ndim'. Returning dummy.
2025-06-11 16:35:28 - phase4_finetuning.dataset - ERROR - [__getitem__:80] - Error loading/transforming image /teamspace/studios/this_studio/cvpr25/SAR-CLD-2024 A Comprehensive Dataset for Cotton Leaf Disease Detection/Original Dataset/Herbicide Growth Damage/HGD00054.jpg: 'Image' object has no attribute 'ndim'. Returning dummy.
2025-06-11 16:35:28 - phase4_finetuning.dataset - ERROR - [__getitem__:80] - Error loading/transforming image /teamspace/studios/this_studio/cvpr25/SAR-CLD-2024 A Comprehensive Dataset for Cotton Leaf Disease Detection/Original Dataset/Healthy Leaf/HL00013.jpg: 'Image' object has no attribute 'ndim'. Returning dummy.
2025-06-11 16:35:28 - phase4_finetuning.dataset - ERROR - [__getitem__:80] - Error loading/transforming image /teamspace/studios/this_studio/cvpr25/SAR-CLD-2024 A Comprehensive Dataset for Cotton Leaf Disease Detection/Augmented Dataset/Bacterial Blight/augmented_Bacterial Blight0205.jpg: 'Image' object has no attribute 'ndim'. Returning dummy.
2025-06-11 16:35:28 - phase4_finetuning.dataset - ERROR - [__getitem__:80] - Error loading/transforming image /teamspace/studios/this_studio/cvpr25/SAR-CLD-2024 A Comprehensive Dataset for Cotton Leaf Disease Detection/Augmented Dataset/Herbicide Growth Damage/augmented_Herbicide Growth Damage0616.jpg: 'Image' object has no attribute 'ndim'. Returning dummy.
2025-06-11 16:35:28 - phase4_finetuning.dataset - ERROR - [__getitem__:80] - Error loading/transforming image /teamspace/studios/this_studio/cvpr25/SAR-CLD-2024 A Comprehensive Dataset for Cotton Leaf Disease Detection/Original Dataset/Bacterial Blight/BBC00189.jpg: 'Image' object has no attribute 'ndim'. Returning dummy.
2025-06-11 16:35:28 - phase4_finetuning.dataset - ERROR - [__getitem__:80] - Error loading/transforming image /teamspace/studios/this_studio/cvpr25/SAR-CLD-2024 A Comprehensive Dataset for Cotton Leaf Disease Detection/Augmented Dataset/Leaf Hopper Jassids/augmented_Leaf Hopper Jassids0459.jpg: 'Image' object has no attribute 'ndim'. Returning dummy.
2025-06-11 16:35:28 - phase4_finetuning.dataset - ERROR - [__getitem__:80] - Error loading/transforming image /teamspace/studios/this_studio/cvpr25/SAR-CLD-2024 A Comprehensive Dataset for Cotton Leaf Disease Detection/Augmented Dataset/Leaf Variegation/augmented_Leaf Variegation0233.jpg: 'Image' object has no attribute 'ndim'. Returning dummy.
2025-06-11 16:35:28 - phase4_finetuning.dataset - ERROR - [__getitem__:80] - Error loading/transforming image /teamspace/studios/this_studio/cvpr25/SAR-CLD-2024 A Comprehensive Dataset for Cotton Leaf Disease Detection/Augmented Dataset/Healthy Leaf/augmented_Healthy Leaf1000.jpg: 'Image' object has no attribute 'ndim'. Returning dummy.
2025-06-11 16:35:28 - phase4_finetuning.dataset - ERROR - [__getitem__:80] - Error loading/transforming image /teamspace/studios/this_studio/cvpr25/SAR-CLD-2024 A Comprehensive Dataset for Cotton Leaf Disease Detection/Augmented Dataset/Bacterial Blight/augmented_Bacterial Blight0380.jpg: 'Image' object has no attribute 'ndim'. Returning dummy.
2025-06-11 16:35:28 - phase4_finetuning.dataset - ERROR - [__getitem__:80] - Error loading/transforming image /teamspace/studios/this_studio/cvpr25/SAR-CLD-2024 A Comprehensive Dataset for Cotton Leaf Disease Detection/Augmented Dataset/Leaf Variegation/augmented_Leaf Variegation0908.jpg: 'Image' object has no attribute 'ndim'. Returning dummy.
2025-06-11 16:35:28 - phase4_finetuning.dataset - ERROR - [__getitem__:80] - Error loading/transforming image /teamspace/studios/this_studio/cvpr25/SAR-CLD-2024 A Comprehensive Dataset for Cotton Leaf Disease Detection/Augmented Dataset/Bacterial Blight/augmented_Bacterial Blight0394.jpg: 'Image' object has no attribute 'ndim'. Returning dummy.
2025-06-11 16:35:28 - phase4_finetuning.dataset - ERROR - [__getitem__:80] - Error loading/transforming image /teamspace/studios/this_studio/cvpr25/SAR-CLD-2024 A Comprehensive Dataset for Cotton Leaf Disease Detection/Augmented Dataset/Leaf Variegation/augmented_Leaf Variegation0855.jpg: 'Image' object has no attribute 'ndim'. Returning dummy.
2025-06-11 16:35:28 - phase4_finetuning.dataset - ERROR - [__getitem__:80] - Error loading/transforming image /teamspace/studios/this_studio/cvpr25/SAR-CLD-2024 A Comprehensive Dataset for Cotton Leaf Disease Detection/Original Dataset/Leaf Hopper Jassids/LHJ00171.jpg: 'Image' object has no attribute 'ndim'. Returning dummy.
2025-06-11 16:35:28 - phase4_finetuning.dataset - ERROR - [__getitem__:80] - Error loading/transforming image /teamspace/studios/this_studio/cvpr25/SAR-CLD-2024 A Comprehensive Dataset for Cotton Leaf Disease Detection/Augmented Dataset/Bacterial Blight/augmented_Bacterial Blight0571.jpg: 'Image' object has no attribute 'ndim'. Returning dummy.
2025-06-11 16:35:28 - phase4_finetuning.dataset - ERROR - [__getitem__:80] - Error loading/transforming image /teamspace/studios/this_studio/cvpr25/SAR-CLD-2024 A Comprehensive Dataset for Cotton Leaf Disease Detection/Augmented Dataset/Leaf Variegation/augmented_Leaf Variegation0430.jpg: 'Image' object has no attribute 'ndim'. Returning dummy.
2025-06-11 16:35:28 - phase4_finetuning.dataset - ERROR - [__getitem__:80] - Error loading/transforming image /teamspace/studios/this_studio/cvpr25/SAR-CLD-2024 A Comprehensive Dataset for Cotton Leaf Disease Detection/Original Dataset/Leaf Redding/LR00355.jpg: 'Image' object has no attribute 'ndim'. Returning dummy.
2025-06-11 16:35:28 - phase4_finetuning.dataset - ERROR - [__getitem__:80] - Error loading/transforming image /teamspace/studios/this_studio/cvpr25/SAR-CLD-2024 A Comprehensive Dataset for Cotton Leaf Disease Detection/Augmented Dataset/Leaf Redding/augmented_Leaf Redding0822.jpg: 'Image' object has no attribute 'ndim'. Returning dummy.
2025-06-11 16:35:28 - phase4_finetuning.dataset - ERROR - [__getitem__:80] - Error loading/transforming image /teamspace/studios/this_studio/cvpr25/SAR-CLD-2024 A Comprehensive Dataset for Cotton Leaf Disease Detection/Augmented Dataset/Leaf Variegation/augmented_Leaf Variegation0465.jpg: 'Image' object has no attribute 'ndim'. Returning dummy.
2025-06-11 16:35:28 - phase4_finetuning.dataset - ERROR - [__getitem__:80] - Error loading/transforming image /teamspace/studios/this_studio/cvpr25/SAR-CLD-2024 A Comprehensive Dataset for Cotton Leaf Disease Detection/Original Dataset/Leaf Redding/LR00406.jpg: 'Image' object has no attribute 'ndim'. Returning dummy.
2025-06-11 16:35:28 - phase4_finetuning.dataset - ERROR - [__getitem__:80] - Error loading/transforming image /teamspace/studios/this_studio/cvpr25/SAR-CLD-2024 A Comprehensive Dataset for Cotton Leaf Disease Detection/Augmented Dataset/Healthy Leaf/augmented_Healthy Leaf0499.jpg: 'Image' object has no attribute 'ndim'. Returning dummy.
2025-06-11 16:35:28 - phase4_finetuning.dataset - ERROR - [__getitem__:80] - Error loading/transforming image /teamspace/studios/this_studio/cvpr25/SAR-CLD-2024 A Comprehensive Dataset for Cotton Leaf Disease Detection/Augmented Dataset/Leaf Hopper Jassids/augmented_Leaf Hopper Jassids0496.jpg: 'Image' object has no attribute 'ndim'. Returning dummy.
2025-06-11 16:35:28 - phase4_finetuning.dataset - ERROR - [__getitem__:80] - Error loading/transforming image /teamspace/studios/this_studio/cvpr25/SAR-CLD-2024 A Comprehensive Dataset for Cotton Leaf Disease Detection/Augmented Dataset/Herbicide Growth Damage/augmented_Herbicide Growth Damage0753.jpg: 'Image' object has no attribute 'ndim'. Returning dummy.
2025-06-11 16:35:28 - phase4_finetuning.dataset - ERROR - [__getitem__:80] - Error loading/transforming image /teamspace/studios/this_studio/cvpr25/SAR-CLD-2024 A Comprehensive Dataset for Cotton Leaf Disease Detection/Augmented Dataset/Bacterial Blight/augmented_Bacterial Blight0186.jpg: 'Image' object has no attribute 'ndim'. Returning dummy.
2025-06-11 16:35:28 - phase4_finetuning.dataset - ERROR - [__getitem__:80] - Error loading/transforming image /teamspace/studios/this_studio/cvpr25/SAR-CLD-2024 A Comprehensive Dataset for Cotton Leaf Disease Detection/Original Dataset/Bacterial Blight/BBC00236.jpg: 'Image' object has no attribute 'ndim'. Returning dummy.
2025-06-11 16:35:28 - phase4_finetuning.dataset - ERROR - [__getitem__:80] - Error loading/transforming image /teamspace/studios/this_studio/cvpr25/SAR-CLD-2024 A Comprehensive Dataset for Cotton Leaf Disease Detection/Augmented Dataset/Leaf Redding/augmented_Leaf Redding0500.jpg: 'Image' object has no attribute 'ndim'. Returning dummy.
2025-06-11 16:35:28 - phase4_finetuning.dataset - ERROR - [__getitem__:80] - Error loading/transforming image /teamspace/studios/this_studio/cvpr25/SAR-CLD-2024 A Comprehensive Dataset for Cotton Leaf Disease Detection/Augmented Dataset/Herbicide Growth Damage/augmented_Herbicide Growth Damage0900.jpg: 'Image' object has no attribute 'ndim'. Returning dummy.
2025-06-11 16:35:28 - phase4_finetuning.dataset - ERROR - [__getitem__:80] - Error loading/transforming image /teamspace/studios/this_studio/cvpr25/SAR-CLD-2024 A Comprehensive Dataset for Cotton Leaf Disease Detection/Original Dataset/Curl Virus/CV00295.jpg: 'Image' object has no attribute 'ndim'. Returning dummy.
2025-06-11 16:35:28 - phase4_finetuning.dataset - ERROR - [__getitem__:80] - Error loading/transforming image /teamspace/studios/this_studio/cvpr25/SAR-CLD-2024 A Comprehensive Dataset for Cotton Leaf Disease Detection/Original Dataset/Bacterial Blight/BBC00165.jpg: 'Image' object has no attribute 'ndim'. Returning dummy.
2025-06-11 16:35:28 - phase4_finetuning.dataset - ERROR - [__getitem__:80] - Error loading/transforming image /teamspace/studios/this_studio/cvpr25/SAR-CLD-2024 A Comprehensive Dataset for Cotton Leaf Disease Detection/Original Dataset/Leaf Hopper Jassids/LHJ00063.jpg: 'Image' object has no attribute 'ndim'. Returning dummy.
2025-06-11 16:35:28 - phase4_finetuning.dataset - ERROR - [__getitem__:80] - Error loading/transforming image /teamspace/studios/this_studio/cvpr25/SAR-CLD-2024 A Comprehensive Dataset for Cotton Leaf Disease Detection/Augmented Dataset/Leaf Redding/augmented_Leaf Redding0569.jpg: 'Image' object has no attribute 'ndim'. Returning dummy.
2025-06-11 16:35:28 - phase4_finetuning.dataset - ERROR - [__getitem__:80] - Error loading/transforming image /teamspace/studios/this_studio/cvpr25/SAR-CLD-2024 A Comprehensive Dataset for Cotton Leaf Disease Detection/Augmented Dataset/Leaf Hopper Jassids/augmented_Leaf Hopper Jassids0622.jpg: 'Image' object has no attribute 'ndim'. Returning dummy.
2025-06-11 16:35:28 - phase4_finetuning.dataset - ERROR - [__getitem__:80] - Error loading/transforming image /teamspace/studios/this_studio/cvpr25/SAR-CLD-2024 A Comprehensive Dataset for Cotton Leaf Disease Detection/Augmented Dataset/Leaf Hopper Jassids/augmented_Leaf Hopper Jassids0819.jpg: 'Image' object has no attribute 'ndim'. Returning dummy.
2025-06-11 16:35:28 - phase4_finetuning.dataset - ERROR - [__getitem__:80] - Error loading/transforming image /teamspace/studios/this_studio/cvpr25/SAR-CLD-2024 A Comprehensive Dataset for Cotton Leaf Disease Detection/Original Dataset/Healthy Leaf/HL00225.jpg: 'Image' object has no attribute 'ndim'. Returning dummy.
2025-06-11 16:35:28 - phase4_finetuning.dataset - ERROR - [__getitem__:80] - Error loading/transforming image /teamspace/studios/this_studio/cvpr25/SAR-CLD-2024 A Comprehensive Dataset for Cotton Leaf Disease Detection/Augmented Dataset/Healthy Leaf/augmented_Healthy Leaf0341.jpg: 'Image' object has no attribute 'ndim'. Returning dummy.
2025-06-11 16:35:28 - phase4_finetuning.dataset - ERROR - [__getitem__:80] - Error loading/transforming image /teamspace/studios/this_studio/cvpr25/SAR-CLD-2024 A Comprehensive Dataset for Cotton Leaf Disease Detection/Augmented Dataset/Herbicide Growth Damage/augmented_Herbicide Growth Damage0699.jpg: 'Image' object has no attribute 'ndim'. Returning dummy.
2025-06-11 16:35:28 - phase4_finetuning.dataset - ERROR - [__getitem__:80] - Error loading/transforming image /teamspace/studios/this_studio/cvpr25/SAR-CLD-2024 A Comprehensive Dataset for Cotton Leaf Disease Detection/Original Dataset/Herbicide Growth Damage/HGD00157.jpg: 'Image' object has no attribute 'ndim'. Returning dummy.
2025-06-11 16:35:28 - phase4_finetuning.dataset - ERROR - [__getitem__:80] - Error loading/transforming image /teamspace/studios/this_studio/cvpr25/SAR-CLD-2024 A Comprehensive Dataset for Cotton Leaf Disease Detection/Augmented Dataset/Curl Virus/augmented_Curl Virus0952.jpg: 'Image' object has no attribute 'ndim'. Returning dummy.
2025-06-11 16:35:28 - phase4_finetuning.dataset - ERROR - [__getitem__:80] - Error loading/transforming image /teamspace/studios/this_studio/cvpr25/SAR-CLD-2024 A Comprehensive Dataset for Cotton Leaf Disease Detection/Original Dataset/Leaf Redding/LR00227.jpg: 'Image' object has no attribute 'ndim'. Returning dummy.
2025-06-11 16:35:28 - phase4_finetuning.dataset - ERROR - [__getitem__:80] - Error loading/transforming image /teamspace/studios/this_studio/cvpr25/SAR-CLD-2024 A Comprehensive Dataset for Cotton Leaf Disease Detection/Original Dataset/Bacterial Blight/BBC00223.jpg: 'Image' object has no attribute 'ndim'. Returning dummy.
2025-06-11 16:35:28 - phase4_finetuning.dataset - ERROR - [__getitem__:80] - Error loading/transforming image /teamspace/studios/this_studio/cvpr25/SAR-CLD-2024 A Comprehensive Dataset for Cotton Leaf Disease Detection/Augmented Dataset/Leaf Redding/augmented_Leaf Redding0995.jpg: 'Image' object has no attribute 'ndim'. Returning dummy.
2025-06-11 16:35:28 - phase4_finetuning.dataset - ERROR - [__getitem__:80] - Error loading/transforming image /teamspace/studios/this_studio/cvpr25/SAR-CLD-2024 A Comprehensive Dataset for Cotton Leaf Disease Detection/Original Dataset/Curl Virus/CV00291.jpg: 'Image' object has no attribute 'ndim'. Returning dummy.
2025-06-11 16:35:28 - phase4_finetuning.dataset - ERROR - [__getitem__:80] - Error loading/transforming image /teamspace/studios/this_studio/cvpr25/SAR-CLD-2024 A Comprehensive Dataset for Cotton Leaf Disease Detection/Augmented Dataset/Leaf Variegation/augmented_Leaf Variegation0478.jpg: 'Image' object has no attribute 'ndim'. Returning dummy.
2025-06-11 16:35:28 - phase4_finetuning.dataset - ERROR - [__getitem__:80] - Error loading/transforming image /teamspace/studios/this_studio/cvpr25/SAR-CLD-2024 A Comprehensive Dataset for Cotton Leaf Disease Detection/Augmented Dataset/Leaf Hopper Jassids/augmented_Leaf Hopper Jassids0871.jpg: 'Image' object has no attribute 'ndim'. Returning dummy.
2025-06-11 16:35:28 - phase4_finetuning.dataset - ERROR - [__getitem__:80] - Error loading/transforming image /teamspace/studios/this_studio/cvpr25/SAR-CLD-2024 A Comprehensive Dataset for Cotton Leaf Disease Detection/Augmented Dataset/Leaf Variegation/augmented_Leaf Variegation0526.jpg: 'Image' object has no attribute 'ndim'. Returning dummy.
2025-06-11 16:35:28 - phase4_finetuning.dataset - ERROR - [__getitem__:80] - Error loading/transforming image /teamspace/studios/this_studio/cvpr25/SAR-CLD-2024 A Comprehensive Dataset for Cotton Leaf Disease Detection/Augmented Dataset/Bacterial Blight/augmented_Bacterial Blight0228.jpg: 'Image' object has no attribute 'ndim'. Returning dummy.
2025-06-11 16:35:28 - phase4_finetuning.dataset - ERROR - [__getitem__:80] - Error loading/transforming image /teamspace/studios/this_studio/cvpr25/SAR-CLD-2024 A Comprehensive Dataset for Cotton Leaf Disease Detection/Original Dataset/Bacterial Blight/BBC00141.jpg: 'Image' object has no attribute 'ndim'. Returning dummy.
2025-06-11 16:35:28 - phase4_finetuning.dataset - ERROR - [__getitem__:80] - Error loading/transforming image /teamspace/studios/this_studio/cvpr25/SAR-CLD-2024 A Comprehensive Dataset for Cotton Leaf Disease Detection/Augmented Dataset/Herbicide Growth Damage/augmented_Herbicide Growth Damage0980.jpg: 'Image' object has no attribute 'ndim'. Returning dummy.
2025-06-11 16:35:28 - phase4_finetuning.dataset - ERROR - [__getitem__:80] - Error loading/transforming image /teamspace/studios/this_studio/cvpr25/SAR-CLD-2024 A Comprehensive Dataset for Cotton Leaf Disease Detection/Augmented Dataset/Leaf Variegation/augmented_Leaf Variegation0126.jpg: 'Image' object has no attribute 'ndim'. Returning dummy.
2025-06-11 16:35:28 - phase4_finetuning.dataset - ERROR - [__getitem__:80] - Error loading/transforming image /teamspace/studios/this_studio/cvpr25/SAR-CLD-2024 A Comprehensive Dataset for Cotton Leaf Disease Detection/Augmented Dataset/Bacterial Blight/augmented_Bacterial Blight0255.jpg: 'Image' object has no attribute 'ndim'. Returning dummy.
2025-06-11 16:35:28 - phase4_finetuning.dataset - ERROR - [__getitem__:80] - Error loading/transforming image /teamspace/studios/this_studio/cvpr25/SAR-CLD-2024 A Comprehensive Dataset for Cotton Leaf Disease Detection/Augmented Dataset/Leaf Variegation/augmented_Leaf Variegation0502.jpg: 'Image' object has no attribute 'ndim'. Returning dummy.
2025-06-11 16:35:28 - phase4_finetuning.dataset - ERROR - [__getitem__:80] - Error loading/transforming image /teamspace/studios/this_studio/cvpr25/SAR-CLD-2024 A Comprehensive Dataset for Cotton Leaf Disease Detection/Original Dataset/Herbicide Growth Damage/HGD00047.jpg: 'Image' object has no attribute 'ndim'. Returning dummy.
2025-06-11 16:35:28 - phase4_finetuning.dataset - ERROR - [__getitem__:80] - Error loading/transforming image /teamspace/studios/this_studio/cvpr25/SAR-CLD-2024 A Comprehensive Dataset for Cotton Leaf Disease Detection/Original Dataset/Leaf Redding/LR00390.jpg: 'Image' object has no attribute 'ndim'. Returning dummy.
2025-06-11 16:35:28 - phase4_finetuning.dataset - ERROR - [__getitem__:80] - Error loading/transforming image /teamspace/studios/this_studio/cvpr25/SAR-CLD-2024 A Comprehensive Dataset for Cotton Leaf Disease Detection/Original Dataset/Leaf Redding/LR00276.jpg: 'Image' object has no attribute 'ndim'. Returning dummy.
2025-06-11 16:35:28 - phase4_finetuning.dataset - ERROR - [__getitem__:80] - Error loading/transforming image /teamspace/studios/this_studio/cvpr25/SAR-CLD-2024 A Comprehensive Dataset for Cotton Leaf Disease Detection/Augmented Dataset/Herbicide Growth Damage/augmented_Herbicide Growth Damage0570.jpg: 'Image' object has no attribute 'ndim'. Returning dummy.
2025-06-11 16:35:28 - phase4_finetuning.dataset - ERROR - [__getitem__:80] - Error loading/transforming image /teamspace/studios/this_studio/cvpr25/SAR-CLD-2024 A Comprehensive Dataset for Cotton Leaf Disease Detection/Original Dataset/Healthy Leaf/HL00157.jpg: 'Image' object has no attribute 'ndim'. Returning dummy.
2025-06-11 16:35:28 - phase4_finetuning.dataset - ERROR - [__getitem__:80] - Error loading/transforming image /teamspace/studios/this_studio/cvpr25/SAR-CLD-2024 A Comprehensive Dataset for Cotton Leaf Disease Detection/Original Dataset/Healthy Leaf/HL00257.jpg: 'Image' object has no attribute 'ndim'. Returning dummy.
2025-06-11 16:35:28 - phase4_finetuning.dataset - ERROR - [__getitem__:80] - Error loading/transforming image /teamspace/studios/this_studio/cvpr25/SAR-CLD-2024 A Comprehensive Dataset for Cotton Leaf Disease Detection/Augmented Dataset/Herbicide Growth Damage/augmented_Herbicide Growth Damage0457.jpg: 'Image' object has no attribute 'ndim'. Returning dummy.
2025-06-11 16:35:28 - phase4_finetuning.dataset - ERROR - [__getitem__:80] - Error loading/transforming image /teamspace/studios/this_studio/cvpr25/SAR-CLD-2024 A Comprehensive Dataset for Cotton Leaf Disease Detection/Augmented Dataset/Curl Virus/augmented_Curl Virus0790.jpg: 'Image' object has no attribute 'ndim'. Returning dummy.
2025-06-11 16:35:28 - phase4_finetuning.dataset - ERROR - [__getitem__:80] - Error loading/transforming image /teamspace/studios/this_studio/cvpr25/SAR-CLD-2024 A Comprehensive Dataset for Cotton Leaf Disease Detection/Original Dataset/Healthy Leaf/HL00056.jpg: 'Image' object has no attribute 'ndim'. Returning dummy.
2025-06-11 16:35:28 - phase4_finetuning.dataset - ERROR - [__getitem__:80] - Error loading/transforming image /teamspace/studios/this_studio/cvpr25/SAR-CLD-2024 A Comprehensive Dataset for Cotton Leaf Disease Detection/Augmented Dataset/Bacterial Blight/augmented_Bacterial Blight0601.jpg: 'Image' object has no attribute 'ndim'. Returning dummy.
2025-06-11 16:35:28 - phase4_finetuning.dataset - ERROR - [__getitem__:80] - Error loading/transforming image /teamspace/studios/this_studio/cvpr25/SAR-CLD-2024 A Comprehensive Dataset for Cotton Leaf Disease Detection/Augmented Dataset/Leaf Hopper Jassids/augmented_Leaf Hopper Jassids0561.jpg: 'Image' object has no attribute 'ndim'. Returning dummy.
2025-06-11 16:35:28 - phase4_finetuning.dataset - ERROR - [__getitem__:80] - Error loading/transforming image /teamspace/studios/this_studio/cvpr25/SAR-CLD-2024 A Comprehensive Dataset for Cotton Leaf Disease Detection/Augmented Dataset/Leaf Hopper Jassids/augmented_Leaf Hopper Jassids0272.jpg: 'Image' object has no attribute 'ndim'. Returning dummy.
2025-06-11 16:35:28 - phase4_finetuning.dataset - ERROR - [__getitem__:80] - Error loading/transforming image /teamspace/studios/this_studio/cvpr25/SAR-CLD-2024 A Comprehensive Dataset for Cotton Leaf Disease Detection/Augmented Dataset/Bacterial Blight/augmented_Bacterial Blight0984.jpg: 'Image' object has no attribute 'ndim'. Returning dummy.
2025-06-11 16:35:28 - phase4_finetuning.dataset - ERROR - [__getitem__:80] - Error loading/transforming image /teamspace/studios/this_studio/cvpr25/SAR-CLD-2024 A Comprehensive Dataset for Cotton Leaf Disease Detection/Augmented Dataset/Curl Virus/augmented_Curl Virus0803.jpg: 'Image' object has no attribute 'ndim'. Returning dummy.
2025-06-11 16:35:28 - phase4_finetuning.dataset - ERROR - [__getitem__:80] - Error loading/transforming image /teamspace/studios/this_studio/cvpr25/SAR-CLD-2024 A Comprehensive Dataset for Cotton Leaf Disease Detection/Augmented Dataset/Leaf Variegation/augmented_Leaf Variegation0836.jpg: 'Image' object has no attribute 'ndim'. Returning dummy.
2025-06-11 16:35:28 - phase4_finetuning.dataset - ERROR - [__getitem__:80] - Error loading/transforming image /teamspace/studios/this_studio/cvpr25/SAR-CLD-2024 A Comprehensive Dataset for Cotton Leaf Disease Detection/Augmented Dataset/Leaf Redding/augmented_Leaf Redding0682.jpg: 'Image' object has no attribute 'ndim'. Returning dummy.
2025-06-11 16:35:28 - phase4_finetuning.dataset - ERROR - [__getitem__:80] - Error loading/transforming image /teamspace/studios/this_studio/cvpr25/SAR-CLD-2024 A Comprehensive Dataset for Cotton Leaf Disease Detection/Augmented Dataset/Curl Virus/augmented_Curl Virus0275.jpg: 'Image' object has no attribute 'ndim'. Returning dummy.
2025-06-11 16:35:28 - phase4_finetuning.dataset - ERROR - [__getitem__:80] - Error loading/transforming image /teamspace/studios/this_studio/cvpr25/SAR-CLD-2024 A Comprehensive Dataset for Cotton Leaf Disease Detection/Original Dataset/Leaf Hopper Jassids/LHJ00063.jpg: 'Image' object has no attribute 'ndim'. Returning dummy.
2025-06-11 16:35:28 - phase4_finetuning.dataset - ERROR - [__getitem__:80] - Error loading/transforming image /teamspace/studios/this_studio/cvpr25/SAR-CLD-2024 A Comprehensive Dataset for Cotton Leaf Disease Detection/Augmented Dataset/Bacterial Blight/augmented_Bacterial Blight0661.jpg: 'Image' object has no attribute 'ndim'. Returning dummy.
2025-06-11 16:35:28 - phase4_finetuning.dataset - ERROR - [__getitem__:80] - Error loading/transforming image /teamspace/studios/this_studio/cvpr25/SAR-CLD-2024 A Comprehensive Dataset for Cotton Leaf Disease Detection/Augmented Dataset/Healthy Leaf/augmented_Healthy Leaf0001.jpg: 'Image' object has no attribute 'ndim'. Returning dummy.
2025-06-11 16:35:28 - phase4_finetuning.dataset - ERROR - [__getitem__:80] - Error loading/transforming image /teamspace/studios/this_studio/cvpr25/SAR-CLD-2024 A Comprehensive Dataset for Cotton Leaf Disease Detection/Original Dataset/Leaf Redding/LR00213.jpg: 'Image' object has no attribute 'ndim'. Returning dummy.
2025-06-11 16:35:28 - phase4_finetuning.dataset - ERROR - [__getitem__:80] - Error loading/transforming image /teamspace/studios/this_studio/cvpr25/SAR-CLD-2024 A Comprehensive Dataset for Cotton Leaf Disease Detection/Augmented Dataset/Bacterial Blight/augmented_Bacterial Blight0854.jpg: 'Image' object has no attribute 'ndim'. Returning dummy.
2025-06-11 16:35:28 - phase4_finetuning.dataset - ERROR - [__getitem__:80] - Error loading/transforming image /teamspace/studios/this_studio/cvpr25/SAR-CLD-2024 A Comprehensive Dataset for Cotton Leaf Disease Detection/Original Dataset/Curl Virus/CV00337.jpg: 'Image' object has no attribute 'ndim'. Returning dummy.
2025-06-11 16:35:28 - phase4_finetuning.dataset - ERROR - [__getitem__:80] - Error loading/transforming image /teamspace/studios/this_studio/cvpr25/SAR-CLD-2024 A Comprehensive Dataset for Cotton Leaf Disease Detection/Augmented Dataset/Bacterial Blight/augmented_Bacterial Blight0267.jpg: 'Image' object has no attribute 'ndim'. Returning dummy.
2025-06-11 16:35:28 - phase4_finetuning.dataset - ERROR - [__getitem__:80] - Error loading/transforming image /teamspace/studios/this_studio/cvpr25/SAR-CLD-2024 A Comprehensive Dataset for Cotton Leaf Disease Detection/Original Dataset/Herbicide Growth Damage/HGD00086.jpg: 'Image' object has no attribute 'ndim'. Returning dummy.
2025-06-11 16:35:28 - phase4_finetuning.dataset - ERROR - [__getitem__:80] - Error loading/transforming image /teamspace/studios/this_studio/cvpr25/SAR-CLD-2024 A Comprehensive Dataset for Cotton Leaf Disease Detection/Augmented Dataset/Leaf Hopper Jassids/augmented_Leaf Hopper Jassids0910.jpg: 'Image' object has no attribute 'ndim'. Returning dummy.
2025-06-11 16:35:28 - phase4_finetuning.dataset - ERROR - [__getitem__:80] - Error loading/transforming image /teamspace/studios/this_studio/cvpr25/SAR-CLD-2024 A Comprehensive Dataset for Cotton Leaf Disease Detection/Augmented Dataset/Curl Virus/augmented_Curl Virus0423.jpg: 'Image' object has no attribute 'ndim'. Returning dummy.
2025-06-11 16:35:28 - phase4_finetuning.dataset - ERROR - [__getitem__:80] - Error loading/transforming image /teamspace/studios/this_studio/cvpr25/SAR-CLD-2024 A Comprehensive Dataset for Cotton Leaf Disease Detection/Original Dataset/Leaf Redding/LR00102.jpg: 'Image' object has no attribute 'ndim'. Returning dummy.
2025-06-11 16:35:28 - phase4_finetuning.dataset - ERROR - [__getitem__:80] - Error loading/transforming image /teamspace/studios/this_studio/cvpr25/SAR-CLD-2024 A Comprehensive Dataset for Cotton Leaf Disease Detection/Original Dataset/Bacterial Blight/BBC00158.jpg: 'Image' object has no attribute 'ndim'. Returning dummy.
2025-06-11 16:35:28 - phase4_finetuning.dataset - ERROR - [__getitem__:80] - Error loading/transforming image /teamspace/studios/this_studio/cvpr25/SAR-CLD-2024 A Comprehensive Dataset for Cotton Leaf Disease Detection/Augmented Dataset/Leaf Variegation/augmented_Leaf Variegation0433.jpg: 'Image' object has no attribute 'ndim'. Returning dummy.
2025-06-11 16:35:28 - phase4_finetuning.dataset - ERROR - [__getitem__:80] - Error loading/transforming image /teamspace/studios/this_studio/cvpr25/SAR-CLD-2024 A Comprehensive Dataset for Cotton Leaf Disease Detection/Augmented Dataset/Bacterial Blight/augmented_Bacterial Blight0736.jpg: 'Image' object has no attribute 'ndim'. Returning dummy.
2025-06-11 16:35:28 - phase4_finetuning.dataset - ERROR - [__getitem__:80] - Error loading/transforming image /teamspace/studios/this_studio/cvpr25/SAR-CLD-2024 A Comprehensive Dataset for Cotton Leaf Disease Detection/Augmented Dataset/Leaf Redding/augmented_Leaf Redding0382.jpg: 'Image' object has no attribute 'ndim'. Returning dummy.
2025-06-11 16:35:28 - phase4_finetuning.dataset - ERROR - [__getitem__:80] - Error loading/transforming image /teamspace/studios/this_studio/cvpr25/SAR-CLD-2024 A Comprehensive Dataset for Cotton Leaf Disease Detection/Augmented Dataset/Leaf Redding/augmented_Leaf Redding0660.jpg: 'Image' object has no attribute 'ndim'. Returning dummy.
2025-06-11 16:35:28 - phase4_finetuning.dataset - ERROR - [__getitem__:80] - Error loading/transforming image /teamspace/studios/this_studio/cvpr25/SAR-CLD-2024 A Comprehensive Dataset for Cotton Leaf Disease Detection/Augmented Dataset/Herbicide Growth Damage/augmented_Herbicide Growth Damage0559.jpg: 'Image' object has no attribute 'ndim'. Returning dummy.
2025-06-11 16:35:28 - phase4_finetuning.dataset - ERROR - [__getitem__:80] - Error loading/transforming image /teamspace/studios/this_studio/cvpr25/SAR-CLD-2024 A Comprehensive Dataset for Cotton Leaf Disease Detection/Augmented Dataset/Curl Virus/augmented_Curl Virus0723.jpg: 'Image' object has no attribute 'ndim'. Returning dummy.
2025-06-11 16:35:28 - phase4_finetuning.dataset - ERROR - [__getitem__:80] - Error loading/transforming image /teamspace/studios/this_studio/cvpr25/SAR-CLD-2024 A Comprehensive Dataset for Cotton Leaf Disease Detection/Augmented Dataset/Herbicide Growth Damage/augmented_Herbicide Growth Damage0500.jpg: 'Image' object has no attribute 'ndim'. Returning dummy.
2025-06-11 16:35:28 - phase4_finetuning.dataset - ERROR - [__getitem__:80] - Error loading/transforming image /teamspace/studios/this_studio/cvpr25/SAR-CLD-2024 A Comprehensive Dataset for Cotton Leaf Disease Detection/Augmented Dataset/Leaf Variegation/augmented_Leaf Variegation0033.jpg: 'Image' object has no attribute 'ndim'. Returning dummy.
2025-06-11 16:35:28 - phase4_finetuning.dataset - ERROR - [__getitem__:80] - Error loading/transforming image /teamspace/studios/this_studio/cvpr25/SAR-CLD-2024 A Comprehensive Dataset for Cotton Leaf Disease Detection/Augmented Dataset/Leaf Variegation/augmented_Leaf Variegation0030.jpg: 'Image' object has no attribute 'ndim'. Returning dummy.
2025-06-11 16:35:28 - phase4_finetuning.dataset - ERROR - [__getitem__:80] - Error loading/transforming image /teamspace/studios/this_studio/cvpr25/SAR-CLD-2024 A Comprehensive Dataset for Cotton Leaf Disease Detection/Augmented Dataset/Bacterial Blight/augmented_Bacterial Blight0800.jpg: 'Image' object has no attribute 'ndim'. Returning dummy.
2025-06-11 16:35:28 - phase4_finetuning.dataset - ERROR - [__getitem__:80] - Error loading/transforming image /teamspace/studios/this_studio/cvpr25/SAR-CLD-2024 A Comprehensive Dataset for Cotton Leaf Disease Detection/Original Dataset/Curl Virus/CV00404.jpg: 'Image' object has no attribute 'ndim'. Returning dummy.
2025-06-11 16:35:28 - phase4_finetuning.dataset - ERROR - [__getitem__:80] - Error loading/transforming image /teamspace/studios/this_studio/cvpr25/SAR-CLD-2024 A Comprehensive Dataset for Cotton Leaf Disease Detection/Augmented Dataset/Leaf Redding/augmented_Leaf Redding0234.jpg: 'Image' object has no attribute 'ndim'. Returning dummy.
2025-06-11 16:35:28 - phase4_finetuning.dataset - ERROR - [__getitem__:80] - Error loading/transforming image /teamspace/studios/this_studio/cvpr25/SAR-CLD-2024 A Comprehensive Dataset for Cotton Leaf Disease Detection/Augmented Dataset/Healthy Leaf/augmented_Healthy Leaf0532.jpg: 'Image' object has no attribute 'ndim'. Returning dummy.
2025-06-11 16:35:28 - phase4_finetuning.dataset - ERROR - [__getitem__:80] - Error loading/transforming image /teamspace/studios/this_studio/cvpr25/SAR-CLD-2024 A Comprehensive Dataset for Cotton Leaf Disease Detection/Original Dataset/Curl Virus/CV00375.jpg: 'Image' object has no attribute 'ndim'. Returning dummy.
2025-06-11 16:35:28 - phase4_finetuning.dataset - ERROR - [__getitem__:80] - Error loading/transforming image /teamspace/studios/this_studio/cvpr25/SAR-CLD-2024 A Comprehensive Dataset for Cotton Leaf Disease Detection/Original Dataset/Leaf Redding/LR00546.jpg: 'Image' object has no attribute 'ndim'. Returning dummy.
2025-06-11 16:35:28 - phase4_finetuning.dataset - ERROR - [__getitem__:80] - Error loading/transforming image /teamspace/studios/this_studio/cvpr25/SAR-CLD-2024 A Comprehensive Dataset for Cotton Leaf Disease Detection/Augmented Dataset/Leaf Variegation/augmented_Leaf Variegation0167.jpg: 'Image' object has no attribute 'ndim'. Returning dummy.
2025-06-11 16:35:28 - phase4_finetuning.dataset - ERROR - [__getitem__:80] - Error loading/transforming image /teamspace/studios/this_studio/cvpr25/SAR-CLD-2024 A Comprehensive Dataset for Cotton Leaf Disease Detection/Augmented Dataset/Leaf Variegation/augmented_Leaf Variegation0896.jpg: 'Image' object has no attribute 'ndim'. Returning dummy.
2025-06-11 16:35:28 - phase4_finetuning.dataset - ERROR - [__getitem__:80] - Error loading/transforming image /teamspace/studios/this_studio/cvpr25/SAR-CLD-2024 A Comprehensive Dataset for Cotton Leaf Disease Detection/Augmented Dataset/Leaf Variegation/augmented_Leaf Variegation0852.jpg: 'Image' object has no attribute 'ndim'. Returning dummy.
2025-06-11 16:35:28 - phase4_finetuning.dataset - ERROR - [__getitem__:80] - Error loading/transforming image /teamspace/studios/this_studio/cvpr25/SAR-CLD-2024 A Comprehensive Dataset for Cotton Leaf Disease Detection/Augmented Dataset/Healthy Leaf/augmented_Healthy Leaf0963.jpg: 'Image' object has no attribute 'ndim'. Returning dummy.
2025-06-11 16:35:28 - phase4_finetuning.dataset - ERROR - [__getitem__:80] - Error loading/transforming image /teamspace/studios/this_studio/cvpr25/SAR-CLD-2024 A Comprehensive Dataset for Cotton Leaf Disease Detection/Original Dataset/Healthy Leaf/HL00001.jpg: 'Image' object has no attribute 'ndim'. Returning dummy.
2025-06-11 16:35:28 - phase4_finetuning.dataset - ERROR - [__getitem__:80] - Error loading/transforming image /teamspace/studios/this_studio/cvpr25/SAR-CLD-2024 A Comprehensive Dataset for Cotton Leaf Disease Detection/Original Dataset/Bacterial Blight/BBC00043.jpg: 'Image' object has no attribute 'ndim'. Returning dummy.
2025-06-11 16:35:28 - phase4_finetuning.dataset - ERROR - [__getitem__:80] - Error loading/transforming image /teamspace/studios/this_studio/cvpr25/SAR-CLD-2024 A Comprehensive Dataset for Cotton Leaf Disease Detection/Augmented Dataset/Curl Virus/augmented_Curl Virus0884.jpg: 'Image' object has no attribute 'ndim'. Returning dummy.
2025-06-11 16:35:28 - phase4_finetuning.dataset - ERROR - [__getitem__:80] - Error loading/transforming image /teamspace/studios/this_studio/cvpr25/SAR-CLD-2024 A Comprehensive Dataset for Cotton Leaf Disease Detection/Augmented Dataset/Curl Virus/augmented_Curl Virus0428.jpg: 'Image' object has no attribute 'ndim'. Returning dummy.
2025-06-11 16:35:28 - phase4_finetuning.dataset - ERROR - [__getitem__:80] - Error loading/transforming image /teamspace/studios/this_studio/cvpr25/SAR-CLD-2024 A Comprehensive Dataset for Cotton Leaf Disease Detection/Original Dataset/Leaf Redding/LR00446.jpg: 'Image' object has no attribute 'ndim'. Returning dummy.
2025-06-11 16:35:28 - phase4_finetuning.dataset - ERROR - [__getitem__:80] - Error loading/transforming image /teamspace/studios/this_studio/cvpr25/SAR-CLD-2024 A Comprehensive Dataset for Cotton Leaf Disease Detection/Original Dataset/Healthy Leaf/HL00209.jpg: 'Image' object has no attribute 'ndim'. Returning dummy.
2025-06-11 16:35:28 - phase4_finetuning.dataset - ERROR - [__getitem__:80] - Error loading/transforming image /teamspace/studios/this_studio/cvpr25/SAR-CLD-2024 A Comprehensive Dataset for Cotton Leaf Disease Detection/Augmented Dataset/Healthy Leaf/augmented_Healthy Leaf0708.jpg: 'Image' object has no attribute 'ndim'. Returning dummy.
2025-06-11 16:35:28 - phase4_finetuning.dataset - ERROR - [__getitem__:80] - Error loading/transforming image /teamspace/studios/this_studio/cvpr25/SAR-CLD-2024 A Comprehensive Dataset for Cotton Leaf Disease Detection/Augmented Dataset/Leaf Hopper Jassids/augmented_Leaf Hopper Jassids0898.jpg: 'Image' object has no attribute 'ndim'. Returning dummy.
2025-06-11 16:35:28 - phase4_finetuning.dataset - ERROR - [__getitem__:80] - Error loading/transforming image /teamspace/studios/this_studio/cvpr25/SAR-CLD-2024 A Comprehensive Dataset for Cotton Leaf Disease Detection/Augmented Dataset/Leaf Variegation/augmented_Leaf Variegation0800.jpg: 'Image' object has no attribute 'ndim'. Returning dummy.
2025-06-11 16:35:28 - phase4_finetuning.dataset - ERROR - [__getitem__:80] - Error loading/transforming image /teamspace/studios/this_studio/cvpr25/SAR-CLD-2024 A Comprehensive Dataset for Cotton Leaf Disease Detection/Original Dataset/Healthy Leaf/HL00066.jpg: 'Image' object has no attribute 'ndim'. Returning dummy.
2025-06-11 16:35:28 - phase4_finetuning.dataset - ERROR - [__getitem__:80] - Error loading/transforming image /teamspace/studios/this_studio/cvpr25/SAR-CLD-2024 A Comprehensive Dataset for Cotton Leaf Disease Detection/Augmented Dataset/Curl Virus/augmented_Curl Virus0859.jpg: 'Image' object has no attribute 'ndim'. Returning dummy.
2025-06-11 16:35:28 - phase4_finetuning.dataset - ERROR - [__getitem__:80] - Error loading/transforming image /teamspace/studios/this_studio/cvpr25/SAR-CLD-2024 A Comprehensive Dataset for Cotton Leaf Disease Detection/Augmented Dataset/Leaf Hopper Jassids/augmented_Leaf Hopper Jassids0075.jpg: 'Image' object has no attribute 'ndim'. Returning dummy.
2025-06-11 16:35:28 - phase4_finetuning.dataset - ERROR - [__getitem__:80] - Error loading/transforming image /teamspace/studios/this_studio/cvpr25/SAR-CLD-2024 A Comprehensive Dataset for Cotton Leaf Disease Detection/Original Dataset/Leaf Hopper Jassids/LHJ00042.jpg: 'Image' object has no attribute 'ndim'. Returning dummy.
2025-06-11 16:35:28 - phase4_finetuning.dataset - ERROR - [__getitem__:80] - Error loading/transforming image /teamspace/studios/this_studio/cvpr25/SAR-CLD-2024 A Comprehensive Dataset for Cotton Leaf Disease Detection/Augmented Dataset/Leaf Variegation/augmented_Leaf Variegation0431.jpg: 'Image' object has no attribute 'ndim'. Returning dummy.
2025-06-11 16:35:28 - phase4_finetuning.dataset - ERROR - [__getitem__:80] - Error loading/transforming image /teamspace/studios/this_studio/cvpr25/SAR-CLD-2024 A Comprehensive Dataset for Cotton Leaf Disease Detection/Augmented Dataset/Leaf Redding/augmented_Leaf Redding0236.jpg: 'Image' object has no attribute 'ndim'. Returning dummy.
2025-06-11 16:35:28 - phase4_finetuning.dataset - ERROR - [__getitem__:80] - Error loading/transforming image /teamspace/studios/this_studio/cvpr25/SAR-CLD-2024 A Comprehensive Dataset for Cotton Leaf Disease Detection/Augmented Dataset/Leaf Variegation/augmented_Leaf Variegation0975.jpg: 'Image' object has no attribute 'ndim'. Returning dummy.
2025-06-11 16:35:29 - phase4_finetuning.dataset - ERROR - [__getitem__:80] - Error loading/transforming image /teamspace/studios/this_studio/cvpr25/SAR-CLD-2024 A Comprehensive Dataset for Cotton Leaf Disease Detection/Augmented Dataset/Leaf Variegation/augmented_Leaf Variegation0059.jpg: 'Image' object has no attribute 'ndim'. Returning dummy.
2025-06-11 16:35:29 - phase4_finetuning.dataset - ERROR - [__getitem__:80] - Error loading/transforming image /teamspace/studios/this_studio/cvpr25/SAR-CLD-2024 A Comprehensive Dataset for Cotton Leaf Disease Detection/Augmented Dataset/Curl Virus/augmented_Curl Virus0451.jpg: 'Image' object has no attribute 'ndim'. Returning dummy.
2025-06-11 16:35:29 - phase4_finetuning.dataset - ERROR - [__getitem__:80] - Error loading/transforming image /teamspace/studios/this_studio/cvpr25/SAR-CLD-2024 A Comprehensive Dataset for Cotton Leaf Disease Detection/Augmented Dataset/Curl Virus/augmented_Curl Virus0049.jpg: 'Image' object has no attribute 'ndim'. Returning dummy.
2025-06-11 16:35:29 - phase4_finetuning.dataset - ERROR - [__getitem__:80] - Error loading/transforming image /teamspace/studios/this_studio/cvpr25/SAR-CLD-2024 A Comprehensive Dataset for Cotton Leaf Disease Detection/Augmented Dataset/Herbicide Growth Damage/augmented_Herbicide Growth Damage0231.jpg: 'Image' object has no attribute 'ndim'. Returning dummy.
2025-06-11 16:35:29 - phase4_finetuning.dataset - ERROR - [__getitem__:80] - Error loading/transforming image /teamspace/studios/this_studio/cvpr25/SAR-CLD-2024 A Comprehensive Dataset for Cotton Leaf Disease Detection/Augmented Dataset/Leaf Hopper Jassids/augmented_Leaf Hopper Jassids0431.jpg: 'Image' object has no attribute 'ndim'. Returning dummy.
2025-06-11 16:35:29 - phase4_finetuning.dataset - ERROR - [__getitem__:80] - Error loading/transforming image /teamspace/studios/this_studio/cvpr25/SAR-CLD-2024 A Comprehensive Dataset for Cotton Leaf Disease Detection/Augmented Dataset/Leaf Variegation/augmented_Leaf Variegation0353.jpg: 'Image' object has no attribute 'ndim'. Returning dummy.
2025-06-11 16:35:29 - phase4_finetuning.dataset - ERROR - [__getitem__:80] - Error loading/transforming image /teamspace/studios/this_studio/cvpr25/SAR-CLD-2024 A Comprehensive Dataset for Cotton Leaf Disease Detection/Augmented Dataset/Curl Virus/augmented_Curl Virus0557.jpg: 'Image' object has no attribute 'ndim'. Returning dummy.
2025-06-11 16:35:29 - phase4_finetuning.dataset - ERROR - [__getitem__:80] - Error loading/transforming image /teamspace/studios/this_studio/cvpr25/SAR-CLD-2024 A Comprehensive Dataset for Cotton Leaf Disease Detection/Augmented Dataset/Bacterial Blight/augmented_Bacterial Blight0459.jpg: 'Image' object has no attribute 'ndim'. Returning dummy.
2025-06-11 16:35:29 - phase4_finetuning.dataset - ERROR - [__getitem__:80] - Error loading/transforming image /teamspace/studios/this_studio/cvpr25/SAR-CLD-2024 A Comprehensive Dataset for Cotton Leaf Disease Detection/Augmented Dataset/Bacterial Blight/augmented_Bacterial Blight0769.jpg: 'Image' object has no attribute 'ndim'. Returning dummy.
2025-06-11 16:35:29 - phase4_finetuning.dataset - ERROR - [__getitem__:80] - Error loading/transforming image /teamspace/studios/this_studio/cvpr25/SAR-CLD-2024 A Comprehensive Dataset for Cotton Leaf Disease Detection/Augmented Dataset/Leaf Variegation/augmented_Leaf Variegation0422.jpg: 'Image' object has no attribute 'ndim'. Returning dummy.
2025-06-11 16:35:29 - phase4_finetuning.dataset - ERROR - [__getitem__:80] - Error loading/transforming image /teamspace/studios/this_studio/cvpr25/SAR-CLD-2024 A Comprehensive Dataset for Cotton Leaf Disease Detection/Augmented Dataset/Leaf Variegation/augmented_Leaf Variegation0535.jpg: 'Image' object has no attribute 'ndim'. Returning dummy.
2025-06-11 16:35:29 - phase4_finetuning.dataset - ERROR - [__getitem__:80] - Error loading/transforming image /teamspace/studios/this_studio/cvpr25/SAR-CLD-2024 A Comprehensive Dataset for Cotton Leaf Disease Detection/Original Dataset/Leaf Variegation/LV00058.jpg: 'Image' object has no attribute 'ndim'. Returning dummy.
