2025-06-12 17:19:30 - root - INFO - [setup_logging:75] - Logging configured. Log file: /teamspace/studios/this_studio/cvpr25/phase4_finetuning/logs_finetune/01_full_system_20250612-171929/01_full_system_20250612-171929_20250612_171930.log. Logger 'root' Effective Level: INFO
2025-06-12 17:19:30 - __main__ - INFO - [run:38] - Starting fine-tuning run: 01_full_system_20250612-171929
2025-06-12 17:19:30 - __main__ - INFO - [run:39] - Full configuration:
PACKAGE_ROOT_PATH: /teamspace/studios/this_studio/cvpr25/phase4_finetuning
PROJECT_ROOT_PATH: /teamspace/studios/this_studio/cvpr25
augmentations:
  cutmix_prob: 0.2
  mixup_alpha: 0.2
  severity: strong
  strategy: cotton_disease
cudnn_benchmark: true
data:
  augmented_dataset_name: Augmented Dataset
  img_size:
  - 448
  - 448
  num_workers: 4
  original_dataset_name: Original Dataset
  root_dir: /teamspace/studios/this_studio/cvpr25/SAR-CLD-2024 A Comprehensive Dataset
    for Cotton Leaf Disease Detection
  train_split_ratio: 0.9
  use_weighted_sampler: true
device: cuda
evaluation:
  early_stopping:
    metric: f1_macro
    min_delta: 0.001
    patience: 20
  ema_decay: 0.9999
  tta_enabled: true
  use_ema: true
model:
  hvt_params:
    depths:
    - 3
    - 6
    - 24
    - 3
    drop_path_rate: 0.2
    embed_dim_rgb: 192
    enable_consistency_loss_heads: false
    mlp_ratio: 4.0
    model_drop_rate: 0.1
    norm_layer_name: LayerNorm
    num_heads:
    - 6
    - 12
    - 24
    - 48
    patch_size: 14
    qkv_bias: true
    spectral_channels: 0
    use_dfca: false
    use_gradient_checkpointing: true
  resume_finetune_path: null
  ssl_pretrained_path: phase3_pretraining/pretrain_checkpoints_hvt_xl/hvt_xl_simclr_t4_resumed_best_probe.pth
run_name_prefix: 01_full_system
seed: 42
torch_compile:
  enable: false
  mode: reduce-overhead
training:
  accumulation_steps: 2
  amp_enabled: true
  batch_size: 16
  clip_grad_norm: 1.0
  epochs: 100
  freeze_backbone_epochs: 10
  loss:
    focal_alpha: 0.5
    focal_gamma: 2.0
    label_smoothing: 0.1
    type: CombinedLoss
    use_class_weights: true
    weights:
      ce: 0.5
      focal: 0.5
  optimizer:
    lr_backbone_unfrozen: 2.0e-05
    lr_head_unfrozen: 0.0002
  scheduler:
    div_factor: 10
    final_div_factor: 1000
    name: onecyclelr
    pct_start: 0.1

2025-06-12 17:19:30 - __main__ - INFO - [run:50] - Setting up datasets and dataloaders...
2025-06-12 17:19:30 - phase4_finetuning.utils.augmentations - INFO - [create_cotton_leaf_augmentation:148] - Creating augmentation strategy: 'cotton_disease' for image size (448, 448)
2025-06-12 17:19:30 - phase4_finetuning.utils.augmentations - INFO - [__init__:134] - CottonLeafDiseaseAugmentation initialized with severity 'strong'.
2025-06-12 17:19:30 - phase4_finetuning.utils.augmentations - INFO - [create_cotton_leaf_augmentation:148] - Creating augmentation strategy: 'minimal' for image size (448, 448)
2025-06-12 17:19:30 - phase4_finetuning.dataset - INFO - [__init__:37] - Initializing Dataset for split 'train'...
2025-06-12 17:19:31 - phase4_finetuning.dataset - INFO - [__init__:53] - Found 9137 total image paths.
2025-06-12 17:19:31 - phase4_finetuning.dataset - INFO - [__init__:64] - Split 'train' size: 8223 samples.
2025-06-12 17:19:31 - phase4_finetuning.dataset - INFO - [__init__:37] - Initializing Dataset for split 'val'...
2025-06-12 17:19:33 - phase4_finetuning.dataset - INFO - [__init__:53] - Found 9137 total image paths.
2025-06-12 17:19:33 - phase4_finetuning.dataset - INFO - [__init__:64] - Split 'val' size: 914 samples.
2025-06-12 17:19:33 - __main__ - INFO - [run:87] - Discovered 7 classes.
2025-06-12 17:19:33 - __main__ - INFO - [run:97] - Using WeightedRandomSampler for training.
2025-06-12 17:19:33 - __main__ - INFO - [run:129] - Creating custom HVT model for fine-tuning...
2025-06-12 17:19:33 - phase2_model.models.hvt - INFO - [create_disease_aware_hvt:602] - Factory: Creating DiseaseAwareHVT for img_size: (448, 448), num_classes: 7
2025-06-12 17:19:36 - phase2_model.models.hvt - INFO - [__init__:325] - HVT: Running RGB stream only. No fusion.
2025-06-12 17:19:38 - phase2_model.models.hvt - INFO - [__init__:359] - DiseaseAwareHVT initialized for image size (448, 448) and 7 classes.
2025-06-12 17:19:38 - __main__ - INFO - [run:138] - Initializing EnhancedFinetuner...
2025-06-12 17:19:38 - phase4_finetuning.finetune.trainer - INFO - [_load_initial_weights:229] - Attempting to load SSL backbone weights from: phase3_pretraining/pretrain_checkpoints_hvt_xl/hvt_xl_simclr_t4_resumed_best_probe.pth
2025-06-12 17:19:41 - phase4_finetuning.finetune.trainer - INFO - [_load_initial_weights:242] - Found 'model_backbone_state_dict'. Loading into the main model with strict=False.
2025-06-12 17:19:41 - phase4_finetuning.finetune.trainer - INFO - [_load_initial_weights:247] - SSL weights loaded. Load message summary:
2025-06-12 17:19:42 - phase4_finetuning.utils.ema - INFO - [_create_shadow_copy:32] - Creating EMA shadow model by re-instantiating custom HVT class.
2025-06-12 17:19:45 - phase2_model.models.hvt - INFO - [__init__:325] - HVT: Running RGB stream only. No fusion.
2025-06-12 17:19:47 - phase2_model.models.hvt - INFO - [__init__:359] - DiseaseAwareHVT initialized for image size (448, 448) and 7 classes.
2025-06-12 17:19:48 - phase4_finetuning.utils.ema - INFO - [__init__:23] - EMA helper initialized with decay=0.9999. Shadow model created.
2025-06-12 17:19:48 - phase4_finetuning.finetune.trainer - INFO - [_get_param_groups:304] - Optimizer parameter groups: Head (177,975,367 params) with LR 2.00e-04, Backbone (95,640,384 params) with LR 2.00e-05
2025-06-12 17:19:48 - phase4_finetuning.dataset - INFO - [get_class_weights:96] - Computed class weights for split 'train': [1.04  0.897 1.049 1.03  1.069 0.834 1.156]
2025-06-12 17:19:48 - phase4_finetuning.finetune.trainer - INFO - [_create_criterion:344] - Using class weights in loss function.
2025-06-12 17:19:48 - phase4_finetuning.finetune.trainer - INFO - [__init__:59] - Trainer initialized. Model has 273,615,751 trainable parameters.
2025-06-12 17:19:48 - __main__ - INFO - [run:149] - Starting the training and validation loop...
2025-06-12 17:19:48 - phase4_finetuning.finetune.trainer - INFO - [run:63] - Starting fine-tuning run. Monitoring 'f1_macro' for best model.
2025-06-12 17:19:48 - phase4_finetuning.finetune.trainer - INFO - [run:72] - --- Starting Epoch 1/100 ---
2025-06-12 17:19:48 - phase4_finetuning.finetune.trainer - INFO - [_set_parameter_groups_for_epoch:335] - Epoch 1: Setting backbone requires_grad to False
2025-06-12 17:19:48 - phase4_finetuning.finetune.trainer - INFO - [_set_parameter_groups_for_epoch:338] - Trainable params updated: 177,975,367
2025-06-12 17:23:37 - phase4_finetuning.finetune.trainer - INFO - [_validate_one_epoch:187] - Validation Epoch 1: Loss=1.9541, Accuracy=0.1368, F1-Macro=0.0696
2025-06-12 17:23:37 - phase4_finetuning.finetune.trainer - INFO - [run:83] - Epoch 1: New best metric! f1_macro = 0.0696 (previously -1.0000)
2025-06-12 17:23:37 - phase4_finetuning.finetune.trainer - INFO - [_save_checkpoint:388] - Saving best model checkpoint to /teamspace/studios/this_studio/cvpr25/phase4_finetuning/logs_finetune/01_full_system_20250612-171929/checkpoints/best_model.pth
2025-06-12 17:23:43 - phase4_finetuning.finetune.trainer - INFO - [run:72] - --- Starting Epoch 2/100 ---
2025-06-12 17:27:31 - phase4_finetuning.finetune.trainer - INFO - [_validate_one_epoch:187] - Validation Epoch 2: Loss=1.9532, Accuracy=0.1400, F1-Macro=0.0694
2025-06-12 17:27:31 - phase4_finetuning.finetune.trainer - INFO - [run:89] - No improvement in f1_macro. Best: 0.0696. Patience: 1/20
2025-06-12 17:27:31 - phase4_finetuning.finetune.trainer - INFO - [run:72] - --- Starting Epoch 3/100 ---
2025-06-12 17:31:16 - phase4_finetuning.finetune.trainer - INFO - [_validate_one_epoch:187] - Validation Epoch 3: Loss=1.9520, Accuracy=0.1422, F1-Macro=0.0708
2025-06-12 17:31:16 - phase4_finetuning.finetune.trainer - INFO - [run:83] - Epoch 3: New best metric! f1_macro = 0.0708 (previously 0.0696)
2025-06-12 17:31:16 - phase4_finetuning.finetune.trainer - INFO - [_save_checkpoint:388] - Saving best model checkpoint to /teamspace/studios/this_studio/cvpr25/phase4_finetuning/logs_finetune/01_full_system_20250612-171929/checkpoints/best_model.pth
2025-06-12 17:31:27 - phase4_finetuning.finetune.trainer - INFO - [run:72] - --- Starting Epoch 4/100 ---
2025-06-12 17:35:15 - phase4_finetuning.finetune.trainer - INFO - [_validate_one_epoch:187] - Validation Epoch 4: Loss=1.9505, Accuracy=0.1455, F1-Macro=0.0733
2025-06-12 17:35:15 - phase4_finetuning.finetune.trainer - INFO - [run:83] - Epoch 4: New best metric! f1_macro = 0.0733 (previously 0.0708)
2025-06-12 17:35:15 - phase4_finetuning.finetune.trainer - INFO - [_save_checkpoint:388] - Saving best model checkpoint to /teamspace/studios/this_studio/cvpr25/phase4_finetuning/logs_finetune/01_full_system_20250612-171929/checkpoints/best_model.pth
2025-06-12 17:35:26 - phase4_finetuning.finetune.trainer - INFO - [run:72] - --- Starting Epoch 5/100 ---
2025-06-12 17:39:16 - phase4_finetuning.finetune.trainer - INFO - [_validate_one_epoch:187] - Validation Epoch 5: Loss=1.9488, Accuracy=0.1488, F1-Macro=0.0748
2025-06-12 17:39:16 - phase4_finetuning.finetune.trainer - INFO - [run:83] - Epoch 5: New best metric! f1_macro = 0.0748 (previously 0.0733)
2025-06-12 17:39:16 - phase4_finetuning.finetune.trainer - INFO - [_save_checkpoint:388] - Saving best model checkpoint to /teamspace/studios/this_studio/cvpr25/phase4_finetuning/logs_finetune/01_full_system_20250612-171929/checkpoints/best_model.pth
2025-06-12 17:39:27 - phase4_finetuning.finetune.trainer - INFO - [run:72] - --- Starting Epoch 6/100 ---
2025-06-12 17:43:19 - phase4_finetuning.finetune.trainer - INFO - [_validate_one_epoch:187] - Validation Epoch 6: Loss=1.9470, Accuracy=0.1554, F1-Macro=0.0779
2025-06-12 17:43:19 - phase4_finetuning.finetune.trainer - INFO - [run:83] - Epoch 6: New best metric! f1_macro = 0.0779 (previously 0.0748)
2025-06-12 17:43:19 - phase4_finetuning.finetune.trainer - INFO - [_save_checkpoint:388] - Saving best model checkpoint to /teamspace/studios/this_studio/cvpr25/phase4_finetuning/logs_finetune/01_full_system_20250612-171929/checkpoints/best_model.pth
2025-06-12 17:43:29 - phase4_finetuning.finetune.trainer - INFO - [run:72] - --- Starting Epoch 7/100 ---
2025-06-12 17:47:20 - phase4_finetuning.finetune.trainer - INFO - [_validate_one_epoch:187] - Validation Epoch 7: Loss=1.9449, Accuracy=0.1575, F1-Macro=0.0783
2025-06-12 17:47:20 - phase4_finetuning.finetune.trainer - INFO - [run:89] - No improvement in f1_macro. Best: 0.0779. Patience: 1/20
2025-06-12 17:47:20 - phase4_finetuning.finetune.trainer - INFO - [run:72] - --- Starting Epoch 8/100 ---
2025-06-12 17:51:07 - phase4_finetuning.finetune.trainer - INFO - [_validate_one_epoch:187] - Validation Epoch 8: Loss=1.9425, Accuracy=0.1630, F1-Macro=0.0822
2025-06-12 17:51:07 - phase4_finetuning.finetune.trainer - INFO - [run:83] - Epoch 8: New best metric! f1_macro = 0.0822 (previously 0.0779)
2025-06-12 17:51:07 - phase4_finetuning.finetune.trainer - INFO - [_save_checkpoint:388] - Saving best model checkpoint to /teamspace/studios/this_studio/cvpr25/phase4_finetuning/logs_finetune/01_full_system_20250612-171929/checkpoints/best_model.pth
2025-06-12 17:51:18 - phase4_finetuning.finetune.trainer - INFO - [run:72] - --- Starting Epoch 9/100 ---
2025-06-12 17:55:08 - phase4_finetuning.finetune.trainer - INFO - [_validate_one_epoch:187] - Validation Epoch 9: Loss=1.9398, Accuracy=0.1740, F1-Macro=0.0927
2025-06-12 17:55:08 - phase4_finetuning.finetune.trainer - INFO - [run:83] - Epoch 9: New best metric! f1_macro = 0.0927 (previously 0.0822)
2025-06-12 17:55:08 - phase4_finetuning.finetune.trainer - INFO - [_save_checkpoint:388] - Saving best model checkpoint to /teamspace/studios/this_studio/cvpr25/phase4_finetuning/logs_finetune/01_full_system_20250612-171929/checkpoints/best_model.pth
2025-06-12 17:55:20 - phase4_finetuning.finetune.trainer - INFO - [run:72] - --- Starting Epoch 10/100 ---
2025-06-12 17:59:09 - phase4_finetuning.finetune.trainer - INFO - [_validate_one_epoch:187] - Validation Epoch 10: Loss=1.9369, Accuracy=0.1849, F1-Macro=0.1049
2025-06-12 17:59:09 - phase4_finetuning.finetune.trainer - INFO - [run:83] - Epoch 10: New best metric! f1_macro = 0.1049 (previously 0.0927)
2025-06-12 17:59:09 - phase4_finetuning.finetune.trainer - INFO - [_save_checkpoint:388] - Saving best model checkpoint to /teamspace/studios/this_studio/cvpr25/phase4_finetuning/logs_finetune/01_full_system_20250612-171929/checkpoints/best_model.pth
2025-06-12 17:59:21 - phase4_finetuning.finetune.trainer - INFO - [_save_checkpoint:394] - Saving periodic checkpoint to /teamspace/studios/this_studio/cvpr25/phase4_finetuning/logs_finetune/01_full_system_20250612-171929/checkpoints/checkpoint_epoch_10.pth
2025-06-12 17:59:26 - phase4_finetuning.finetune.trainer - INFO - [run:72] - --- Starting Epoch 11/100 ---
2025-06-12 17:59:26 - phase4_finetuning.finetune.trainer - INFO - [_set_parameter_groups_for_epoch:335] - Epoch 11: Setting backbone requires_grad to True
2025-06-12 17:59:26 - phase4_finetuning.finetune.trainer - INFO - [_set_parameter_groups_for_epoch:338] - Trainable params updated: 273,615,751
2025-06-12 18:03:43 - phase4_finetuning.finetune.trainer - INFO - [_validate_one_epoch:187] - Validation Epoch 11: Loss=1.9338, Accuracy=0.1926, F1-Macro=0.1166
2025-06-12 18:03:43 - phase4_finetuning.finetune.trainer - INFO - [run:83] - Epoch 11: New best metric! f1_macro = 0.1166 (previously 0.1049)
2025-06-12 18:03:43 - phase4_finetuning.finetune.trainer - INFO - [_save_checkpoint:388] - Saving best model checkpoint to /teamspace/studios/this_studio/cvpr25/phase4_finetuning/logs_finetune/01_full_system_20250612-171929/checkpoints/best_model.pth
2025-06-12 18:03:56 - phase4_finetuning.finetune.trainer - INFO - [run:72] - --- Starting Epoch 12/100 ---
2025-06-12 18:08:11 - phase4_finetuning.finetune.trainer - INFO - [_validate_one_epoch:187] - Validation Epoch 12: Loss=1.9305, Accuracy=0.2035, F1-Macro=0.1327
2025-06-12 18:08:11 - phase4_finetuning.finetune.trainer - INFO - [run:83] - Epoch 12: New best metric! f1_macro = 0.1327 (previously 0.1166)
2025-06-12 18:08:11 - phase4_finetuning.finetune.trainer - INFO - [_save_checkpoint:388] - Saving best model checkpoint to /teamspace/studios/this_studio/cvpr25/phase4_finetuning/logs_finetune/01_full_system_20250612-171929/checkpoints/best_model.pth
2025-06-12 18:08:24 - phase4_finetuning.finetune.trainer - INFO - [run:72] - --- Starting Epoch 13/100 ---
2025-06-12 18:12:38 - phase4_finetuning.finetune.trainer - INFO - [_validate_one_epoch:187] - Validation Epoch 13: Loss=1.9271, Accuracy=0.2144, F1-Macro=0.1468
2025-06-12 18:12:38 - phase4_finetuning.finetune.trainer - INFO - [run:83] - Epoch 13: New best metric! f1_macro = 0.1468 (previously 0.1327)
2025-06-12 18:12:38 - phase4_finetuning.finetune.trainer - INFO - [_save_checkpoint:388] - Saving best model checkpoint to /teamspace/studios/this_studio/cvpr25/phase4_finetuning/logs_finetune/01_full_system_20250612-171929/checkpoints/best_model.pth
2025-06-12 18:12:51 - phase4_finetuning.finetune.trainer - INFO - [run:72] - --- Starting Epoch 14/100 ---
2025-06-12 18:17:05 - phase4_finetuning.finetune.trainer - INFO - [_validate_one_epoch:187] - Validation Epoch 14: Loss=1.9235, Accuracy=0.2276, F1-Macro=0.1637
2025-06-12 18:17:05 - phase4_finetuning.finetune.trainer - INFO - [run:83] - Epoch 14: New best metric! f1_macro = 0.1637 (previously 0.1468)
2025-06-12 18:17:05 - phase4_finetuning.finetune.trainer - INFO - [_save_checkpoint:388] - Saving best model checkpoint to /teamspace/studios/this_studio/cvpr25/phase4_finetuning/logs_finetune/01_full_system_20250612-171929/checkpoints/best_model.pth
2025-06-12 18:17:18 - phase4_finetuning.finetune.trainer - INFO - [run:72] - --- Starting Epoch 15/100 ---
2025-06-12 18:21:31 - phase4_finetuning.finetune.trainer - INFO - [_validate_one_epoch:187] - Validation Epoch 15: Loss=1.9198, Accuracy=0.2363, F1-Macro=0.1707
2025-06-12 18:21:31 - phase4_finetuning.finetune.trainer - INFO - [run:83] - Epoch 15: New best metric! f1_macro = 0.1707 (previously 0.1637)
2025-06-12 18:21:31 - phase4_finetuning.finetune.trainer - INFO - [_save_checkpoint:388] - Saving best model checkpoint to /teamspace/studios/this_studio/cvpr25/phase4_finetuning/logs_finetune/01_full_system_20250612-171929/checkpoints/best_model.pth
2025-06-12 18:21:44 - phase4_finetuning.finetune.trainer - INFO - [run:72] - --- Starting Epoch 16/100 ---
2025-06-12 18:25:57 - phase4_finetuning.finetune.trainer - INFO - [_validate_one_epoch:187] - Validation Epoch 16: Loss=1.9156, Accuracy=0.2484, F1-Macro=0.1818
2025-06-12 18:25:57 - phase4_finetuning.finetune.trainer - INFO - [run:83] - Epoch 16: New best metric! f1_macro = 0.1818 (previously 0.1707)
2025-06-12 18:25:57 - phase4_finetuning.finetune.trainer - INFO - [_save_checkpoint:388] - Saving best model checkpoint to /teamspace/studios/this_studio/cvpr25/phase4_finetuning/logs_finetune/01_full_system_20250612-171929/checkpoints/best_model.pth
2025-06-12 18:26:10 - phase4_finetuning.finetune.trainer - INFO - [run:72] - --- Starting Epoch 17/100 ---
2025-06-12 18:30:22 - phase4_finetuning.finetune.trainer - INFO - [_validate_one_epoch:187] - Validation Epoch 17: Loss=1.9113, Accuracy=0.2670, F1-Macro=0.1987
2025-06-12 18:30:22 - phase4_finetuning.finetune.trainer - INFO - [run:83] - Epoch 17: New best metric! f1_macro = 0.1987 (previously 0.1818)
2025-06-12 18:30:22 - phase4_finetuning.finetune.trainer - INFO - [_save_checkpoint:388] - Saving best model checkpoint to /teamspace/studios/this_studio/cvpr25/phase4_finetuning/logs_finetune/01_full_system_20250612-171929/checkpoints/best_model.pth
2025-06-12 18:30:35 - phase4_finetuning.finetune.trainer - INFO - [run:72] - --- Starting Epoch 18/100 ---
2025-06-12 18:34:49 - phase4_finetuning.finetune.trainer - INFO - [_validate_one_epoch:187] - Validation Epoch 18: Loss=1.9067, Accuracy=0.2888, F1-Macro=0.2223
2025-06-12 18:34:49 - phase4_finetuning.finetune.trainer - INFO - [run:83] - Epoch 18: New best metric! f1_macro = 0.2223 (previously 0.1987)
2025-06-12 18:34:49 - phase4_finetuning.finetune.trainer - INFO - [_save_checkpoint:388] - Saving best model checkpoint to /teamspace/studios/this_studio/cvpr25/phase4_finetuning/logs_finetune/01_full_system_20250612-171929/checkpoints/best_model.pth
2025-06-12 18:35:00 - phase4_finetuning.finetune.trainer - INFO - [run:72] - --- Starting Epoch 19/100 ---
2025-06-12 18:39:13 - phase4_finetuning.finetune.trainer - INFO - [_validate_one_epoch:187] - Validation Epoch 19: Loss=1.9019, Accuracy=0.2998, F1-Macro=0.2329
2025-06-12 18:39:13 - phase4_finetuning.finetune.trainer - INFO - [run:83] - Epoch 19: New best metric! f1_macro = 0.2329 (previously 0.2223)
2025-06-12 18:39:13 - phase4_finetuning.finetune.trainer - INFO - [_save_checkpoint:388] - Saving best model checkpoint to /teamspace/studios/this_studio/cvpr25/phase4_finetuning/logs_finetune/01_full_system_20250612-171929/checkpoints/best_model.pth
2025-06-12 18:39:25 - phase4_finetuning.finetune.trainer - INFO - [run:72] - --- Starting Epoch 20/100 ---
2025-06-12 18:43:38 - phase4_finetuning.finetune.trainer - INFO - [_validate_one_epoch:187] - Validation Epoch 20: Loss=1.8968, Accuracy=0.3118, F1-Macro=0.2500
2025-06-12 18:43:38 - phase4_finetuning.finetune.trainer - INFO - [run:83] - Epoch 20: New best metric! f1_macro = 0.2500 (previously 0.2329)
2025-06-12 18:43:38 - phase4_finetuning.finetune.trainer - INFO - [_save_checkpoint:388] - Saving best model checkpoint to /teamspace/studios/this_studio/cvpr25/phase4_finetuning/logs_finetune/01_full_system_20250612-171929/checkpoints/best_model.pth
2025-06-12 18:43:50 - phase4_finetuning.finetune.trainer - INFO - [_save_checkpoint:394] - Saving periodic checkpoint to /teamspace/studios/this_studio/cvpr25/phase4_finetuning/logs_finetune/01_full_system_20250612-171929/checkpoints/checkpoint_epoch_20.pth
2025-06-12 18:43:56 - phase4_finetuning.finetune.trainer - INFO - [run:72] - --- Starting Epoch 21/100 ---
2025-06-12 18:48:09 - phase4_finetuning.finetune.trainer - INFO - [_validate_one_epoch:187] - Validation Epoch 21: Loss=1.8916, Accuracy=0.3173, F1-Macro=0.2598
2025-06-12 18:48:09 - phase4_finetuning.finetune.trainer - INFO - [run:83] - Epoch 21: New best metric! f1_macro = 0.2598 (previously 0.2500)
2025-06-12 18:48:09 - phase4_finetuning.finetune.trainer - INFO - [_save_checkpoint:388] - Saving best model checkpoint to /teamspace/studios/this_studio/cvpr25/phase4_finetuning/logs_finetune/01_full_system_20250612-171929/checkpoints/best_model.pth
2025-06-12 18:48:21 - phase4_finetuning.finetune.trainer - INFO - [run:72] - --- Starting Epoch 22/100 ---
2025-06-12 18:52:34 - phase4_finetuning.finetune.trainer - INFO - [_validate_one_epoch:187] - Validation Epoch 22: Loss=1.8861, Accuracy=0.3249, F1-Macro=0.2743
2025-06-12 18:52:34 - phase4_finetuning.finetune.trainer - INFO - [run:83] - Epoch 22: New best metric! f1_macro = 0.2743 (previously 0.2598)
2025-06-12 18:52:34 - phase4_finetuning.finetune.trainer - INFO - [_save_checkpoint:388] - Saving best model checkpoint to /teamspace/studios/this_studio/cvpr25/phase4_finetuning/logs_finetune/01_full_system_20250612-171929/checkpoints/best_model.pth
2025-06-12 18:52:46 - phase4_finetuning.finetune.trainer - INFO - [run:72] - --- Starting Epoch 23/100 ---
2025-06-12 18:56:59 - phase4_finetuning.finetune.trainer - INFO - [_validate_one_epoch:187] - Validation Epoch 23: Loss=1.8806, Accuracy=0.3381, F1-Macro=0.2914
2025-06-12 18:56:59 - phase4_finetuning.finetune.trainer - INFO - [run:83] - Epoch 23: New best metric! f1_macro = 0.2914 (previously 0.2743)
2025-06-12 18:56:59 - phase4_finetuning.finetune.trainer - INFO - [_save_checkpoint:388] - Saving best model checkpoint to /teamspace/studios/this_studio/cvpr25/phase4_finetuning/logs_finetune/01_full_system_20250612-171929/checkpoints/best_model.pth
2025-06-12 18:57:12 - phase4_finetuning.finetune.trainer - INFO - [run:72] - --- Starting Epoch 24/100 ---
2025-06-12 19:01:24 - phase4_finetuning.finetune.trainer - INFO - [_validate_one_epoch:187] - Validation Epoch 24: Loss=1.8747, Accuracy=0.3490, F1-Macro=0.3084
2025-06-12 19:01:24 - phase4_finetuning.finetune.trainer - INFO - [run:83] - Epoch 24: New best metric! f1_macro = 0.3084 (previously 0.2914)
2025-06-12 19:01:24 - phase4_finetuning.finetune.trainer - INFO - [_save_checkpoint:388] - Saving best model checkpoint to /teamspace/studios/this_studio/cvpr25/phase4_finetuning/logs_finetune/01_full_system_20250612-171929/checkpoints/best_model.pth
2025-06-12 19:01:36 - phase4_finetuning.finetune.trainer - INFO - [run:72] - --- Starting Epoch 25/100 ---
2025-06-12 19:05:48 - phase4_finetuning.finetune.trainer - INFO - [_validate_one_epoch:187] - Validation Epoch 25: Loss=1.8684, Accuracy=0.3621, F1-Macro=0.3223
2025-06-12 19:05:48 - phase4_finetuning.finetune.trainer - INFO - [run:83] - Epoch 25: New best metric! f1_macro = 0.3223 (previously 0.3084)
2025-06-12 19:05:48 - phase4_finetuning.finetune.trainer - INFO - [_save_checkpoint:388] - Saving best model checkpoint to /teamspace/studios/this_studio/cvpr25/phase4_finetuning/logs_finetune/01_full_system_20250612-171929/checkpoints/best_model.pth
2025-06-12 19:06:00 - phase4_finetuning.finetune.trainer - INFO - [run:72] - --- Starting Epoch 26/100 ---
2025-06-12 19:10:13 - phase4_finetuning.finetune.trainer - INFO - [_validate_one_epoch:187] - Validation Epoch 26: Loss=1.8619, Accuracy=0.3709, F1-Macro=0.3340
2025-06-12 19:10:13 - phase4_finetuning.finetune.trainer - INFO - [run:83] - Epoch 26: New best metric! f1_macro = 0.3340 (previously 0.3223)
2025-06-12 19:10:13 - phase4_finetuning.finetune.trainer - INFO - [_save_checkpoint:388] - Saving best model checkpoint to /teamspace/studios/this_studio/cvpr25/phase4_finetuning/logs_finetune/01_full_system_20250612-171929/checkpoints/best_model.pth
2025-06-12 19:10:25 - phase4_finetuning.finetune.trainer - INFO - [run:72] - --- Starting Epoch 27/100 ---
2025-06-12 19:14:38 - phase4_finetuning.finetune.trainer - INFO - [_validate_one_epoch:187] - Validation Epoch 27: Loss=1.8552, Accuracy=0.3862, F1-Macro=0.3533
2025-06-12 19:14:38 - phase4_finetuning.finetune.trainer - INFO - [run:83] - Epoch 27: New best metric! f1_macro = 0.3533 (previously 0.3340)
2025-06-12 19:14:38 - phase4_finetuning.finetune.trainer - INFO - [_save_checkpoint:388] - Saving best model checkpoint to /teamspace/studios/this_studio/cvpr25/phase4_finetuning/logs_finetune/01_full_system_20250612-171929/checkpoints/best_model.pth
2025-06-12 19:14:50 - phase4_finetuning.finetune.trainer - INFO - [run:72] - --- Starting Epoch 28/100 ---
2025-06-12 19:19:03 - phase4_finetuning.finetune.trainer - INFO - [_validate_one_epoch:187] - Validation Epoch 28: Loss=1.8485, Accuracy=0.3993, F1-Macro=0.3706
2025-06-12 19:19:03 - phase4_finetuning.finetune.trainer - INFO - [run:83] - Epoch 28: New best metric! f1_macro = 0.3706 (previously 0.3533)
2025-06-12 19:19:03 - phase4_finetuning.finetune.trainer - INFO - [_save_checkpoint:388] - Saving best model checkpoint to /teamspace/studios/this_studio/cvpr25/phase4_finetuning/logs_finetune/01_full_system_20250612-171929/checkpoints/best_model.pth
2025-06-12 19:19:15 - phase4_finetuning.finetune.trainer - INFO - [run:72] - --- Starting Epoch 29/100 ---
2025-06-12 19:23:28 - phase4_finetuning.finetune.trainer - INFO - [_validate_one_epoch:187] - Validation Epoch 29: Loss=1.8414, Accuracy=0.4103, F1-Macro=0.3830
2025-06-12 19:23:28 - phase4_finetuning.finetune.trainer - INFO - [run:83] - Epoch 29: New best metric! f1_macro = 0.3830 (previously 0.3706)
2025-06-12 19:23:28 - phase4_finetuning.finetune.trainer - INFO - [_save_checkpoint:388] - Saving best model checkpoint to /teamspace/studios/this_studio/cvpr25/phase4_finetuning/logs_finetune/01_full_system_20250612-171929/checkpoints/best_model.pth
2025-06-12 19:23:41 - phase4_finetuning.finetune.trainer - INFO - [run:72] - --- Starting Epoch 30/100 ---
2025-06-12 19:27:53 - phase4_finetuning.finetune.trainer - INFO - [_validate_one_epoch:187] - Validation Epoch 30: Loss=1.8344, Accuracy=0.4190, F1-Macro=0.3933
2025-06-12 19:27:53 - phase4_finetuning.finetune.trainer - INFO - [run:83] - Epoch 30: New best metric! f1_macro = 0.3933 (previously 0.3830)
2025-06-12 19:27:53 - phase4_finetuning.finetune.trainer - INFO - [_save_checkpoint:388] - Saving best model checkpoint to /teamspace/studios/this_studio/cvpr25/phase4_finetuning/logs_finetune/01_full_system_20250612-171929/checkpoints/best_model.pth
2025-06-12 19:28:06 - phase4_finetuning.finetune.trainer - INFO - [_save_checkpoint:394] - Saving periodic checkpoint to /teamspace/studios/this_studio/cvpr25/phase4_finetuning/logs_finetune/01_full_system_20250612-171929/checkpoints/checkpoint_epoch_30.pth
2025-06-12 19:28:12 - phase4_finetuning.finetune.trainer - INFO - [run:72] - --- Starting Epoch 31/100 ---
2025-06-12 19:32:23 - phase4_finetuning.finetune.trainer - INFO - [_validate_one_epoch:187] - Validation Epoch 31: Loss=1.8271, Accuracy=0.4278, F1-Macro=0.4042
2025-06-12 19:32:23 - phase4_finetuning.finetune.trainer - INFO - [run:83] - Epoch 31: New best metric! f1_macro = 0.4042 (previously 0.3933)
2025-06-12 19:32:23 - phase4_finetuning.finetune.trainer - INFO - [_save_checkpoint:388] - Saving best model checkpoint to /teamspace/studios/this_studio/cvpr25/phase4_finetuning/logs_finetune/01_full_system_20250612-171929/checkpoints/best_model.pth
2025-06-12 19:32:36 - phase4_finetuning.finetune.trainer - INFO - [run:72] - --- Starting Epoch 32/100 ---
2025-06-12 19:36:47 - phase4_finetuning.finetune.trainer - INFO - [_validate_one_epoch:187] - Validation Epoch 32: Loss=1.8195, Accuracy=0.4442, F1-Macro=0.4228
2025-06-12 19:36:47 - phase4_finetuning.finetune.trainer - INFO - [run:83] - Epoch 32: New best metric! f1_macro = 0.4228 (previously 0.4042)
2025-06-12 19:36:47 - phase4_finetuning.finetune.trainer - INFO - [_save_checkpoint:388] - Saving best model checkpoint to /teamspace/studios/this_studio/cvpr25/phase4_finetuning/logs_finetune/01_full_system_20250612-171929/checkpoints/best_model.pth
2025-06-12 19:37:01 - phase4_finetuning.finetune.trainer - INFO - [run:72] - --- Starting Epoch 33/100 ---
2025-06-12 19:41:13 - phase4_finetuning.finetune.trainer - INFO - [_validate_one_epoch:187] - Validation Epoch 33: Loss=1.8121, Accuracy=0.4617, F1-Macro=0.4417
2025-06-12 19:41:13 - phase4_finetuning.finetune.trainer - INFO - [run:83] - Epoch 33: New best metric! f1_macro = 0.4417 (previously 0.4228)
2025-06-12 19:41:13 - phase4_finetuning.finetune.trainer - INFO - [_save_checkpoint:388] - Saving best model checkpoint to /teamspace/studios/this_studio/cvpr25/phase4_finetuning/logs_finetune/01_full_system_20250612-171929/checkpoints/best_model.pth
2025-06-12 19:41:25 - phase4_finetuning.finetune.trainer - INFO - [run:72] - --- Starting Epoch 34/100 ---
2025-06-12 19:45:37 - phase4_finetuning.finetune.trainer - INFO - [_validate_one_epoch:187] - Validation Epoch 34: Loss=1.8043, Accuracy=0.4726, F1-Macro=0.4549
2025-06-12 19:45:37 - phase4_finetuning.finetune.trainer - INFO - [run:83] - Epoch 34: New best metric! f1_macro = 0.4549 (previously 0.4417)
2025-06-12 19:45:37 - phase4_finetuning.finetune.trainer - INFO - [_save_checkpoint:388] - Saving best model checkpoint to /teamspace/studios/this_studio/cvpr25/phase4_finetuning/logs_finetune/01_full_system_20250612-171929/checkpoints/best_model.pth
2025-06-12 19:45:50 - phase4_finetuning.finetune.trainer - INFO - [run:72] - --- Starting Epoch 35/100 ---
2025-06-12 19:50:02 - phase4_finetuning.finetune.trainer - INFO - [_validate_one_epoch:187] - Validation Epoch 35: Loss=1.7968, Accuracy=0.4814, F1-Macro=0.4665
2025-06-12 19:50:02 - phase4_finetuning.finetune.trainer - INFO - [run:83] - Epoch 35: New best metric! f1_macro = 0.4665 (previously 0.4549)
2025-06-12 19:50:02 - phase4_finetuning.finetune.trainer - INFO - [_save_checkpoint:388] - Saving best model checkpoint to /teamspace/studios/this_studio/cvpr25/phase4_finetuning/logs_finetune/01_full_system_20250612-171929/checkpoints/best_model.pth
2025-06-12 19:50:15 - phase4_finetuning.finetune.trainer - INFO - [run:72] - --- Starting Epoch 36/100 ---
2025-06-12 19:54:27 - phase4_finetuning.finetune.trainer - INFO - [_validate_one_epoch:187] - Validation Epoch 36: Loss=1.7892, Accuracy=0.4989, F1-Macro=0.4860
2025-06-12 19:54:27 - phase4_finetuning.finetune.trainer - INFO - [run:83] - Epoch 36: New best metric! f1_macro = 0.4860 (previously 0.4665)
2025-06-12 19:54:27 - phase4_finetuning.finetune.trainer - INFO - [_save_checkpoint:388] - Saving best model checkpoint to /teamspace/studios/this_studio/cvpr25/phase4_finetuning/logs_finetune/01_full_system_20250612-171929/checkpoints/best_model.pth
2025-06-12 19:54:39 - phase4_finetuning.finetune.trainer - INFO - [run:72] - --- Starting Epoch 37/100 ---
2025-06-12 19:58:51 - phase4_finetuning.finetune.trainer - INFO - [_validate_one_epoch:187] - Validation Epoch 37: Loss=1.7819, Accuracy=0.5077, F1-Macro=0.4959
2025-06-12 19:58:51 - phase4_finetuning.finetune.trainer - INFO - [run:83] - Epoch 37: New best metric! f1_macro = 0.4959 (previously 0.4860)
2025-06-12 19:58:51 - phase4_finetuning.finetune.trainer - INFO - [_save_checkpoint:388] - Saving best model checkpoint to /teamspace/studios/this_studio/cvpr25/phase4_finetuning/logs_finetune/01_full_system_20250612-171929/checkpoints/best_model.pth
2025-06-12 19:59:04 - phase4_finetuning.finetune.trainer - INFO - [run:72] - --- Starting Epoch 38/100 ---
2025-06-12 20:03:16 - phase4_finetuning.finetune.trainer - INFO - [_validate_one_epoch:187] - Validation Epoch 38: Loss=1.7745, Accuracy=0.5230, F1-Macro=0.5134
2025-06-12 20:03:16 - phase4_finetuning.finetune.trainer - INFO - [run:83] - Epoch 38: New best metric! f1_macro = 0.5134 (previously 0.4959)
2025-06-12 20:03:16 - phase4_finetuning.finetune.trainer - INFO - [_save_checkpoint:388] - Saving best model checkpoint to /teamspace/studios/this_studio/cvpr25/phase4_finetuning/logs_finetune/01_full_system_20250612-171929/checkpoints/best_model.pth
2025-06-12 20:03:29 - phase4_finetuning.finetune.trainer - INFO - [run:72] - --- Starting Epoch 39/100 ---
2025-06-12 20:07:43 - phase4_finetuning.finetune.trainer - INFO - [_validate_one_epoch:187] - Validation Epoch 39: Loss=1.7670, Accuracy=0.5416, F1-Macro=0.5358
2025-06-12 20:07:43 - phase4_finetuning.finetune.trainer - INFO - [run:83] - Epoch 39: New best metric! f1_macro = 0.5358 (previously 0.5134)
2025-06-12 20:07:43 - phase4_finetuning.finetune.trainer - INFO - [_save_checkpoint:388] - Saving best model checkpoint to /teamspace/studios/this_studio/cvpr25/phase4_finetuning/logs_finetune/01_full_system_20250612-171929/checkpoints/best_model.pth
2025-06-12 20:07:56 - phase4_finetuning.finetune.trainer - INFO - [run:72] - --- Starting Epoch 40/100 ---
2025-06-12 20:12:11 - phase4_finetuning.finetune.trainer - INFO - [_validate_one_epoch:187] - Validation Epoch 40: Loss=1.7595, Accuracy=0.5536, F1-Macro=0.5489
2025-06-12 20:12:11 - phase4_finetuning.finetune.trainer - INFO - [run:83] - Epoch 40: New best metric! f1_macro = 0.5489 (previously 0.5358)
2025-06-12 20:12:11 - phase4_finetuning.finetune.trainer - INFO - [_save_checkpoint:388] - Saving best model checkpoint to /teamspace/studios/this_studio/cvpr25/phase4_finetuning/logs_finetune/01_full_system_20250612-171929/checkpoints/best_model.pth
2025-06-12 20:12:23 - phase4_finetuning.finetune.trainer - INFO - [_save_checkpoint:394] - Saving periodic checkpoint to /teamspace/studios/this_studio/cvpr25/phase4_finetuning/logs_finetune/01_full_system_20250612-171929/checkpoints/checkpoint_epoch_40.pth
2025-06-12 20:12:29 - phase4_finetuning.finetune.trainer - INFO - [run:72] - --- Starting Epoch 41/100 ---
2025-06-12 20:16:42 - phase4_finetuning.finetune.trainer - INFO - [_validate_one_epoch:187] - Validation Epoch 41: Loss=1.7521, Accuracy=0.5678, F1-Macro=0.5655
2025-06-12 20:16:42 - phase4_finetuning.finetune.trainer - INFO - [run:83] - Epoch 41: New best metric! f1_macro = 0.5655 (previously 0.5489)
2025-06-12 20:16:42 - phase4_finetuning.finetune.trainer - INFO - [_save_checkpoint:388] - Saving best model checkpoint to /teamspace/studios/this_studio/cvpr25/phase4_finetuning/logs_finetune/01_full_system_20250612-171929/checkpoints/best_model.pth
2025-06-12 20:16:55 - phase4_finetuning.finetune.trainer - INFO - [run:72] - --- Starting Epoch 42/100 ---
2025-06-12 20:21:07 - phase4_finetuning.finetune.trainer - INFO - [_validate_one_epoch:187] - Validation Epoch 42: Loss=1.7447, Accuracy=0.5766, F1-Macro=0.5744
2025-06-12 20:21:07 - phase4_finetuning.finetune.trainer - INFO - [run:83] - Epoch 42: New best metric! f1_macro = 0.5744 (previously 0.5655)
2025-06-12 20:21:07 - phase4_finetuning.finetune.trainer - INFO - [_save_checkpoint:388] - Saving best model checkpoint to /teamspace/studios/this_studio/cvpr25/phase4_finetuning/logs_finetune/01_full_system_20250612-171929/checkpoints/best_model.pth
2025-06-12 20:21:20 - phase4_finetuning.finetune.trainer - INFO - [run:72] - --- Starting Epoch 43/100 ---
2025-06-12 20:25:33 - phase4_finetuning.finetune.trainer - INFO - [_validate_one_epoch:187] - Validation Epoch 43: Loss=1.7374, Accuracy=0.5908, F1-Macro=0.5898
2025-06-12 20:25:33 - phase4_finetuning.finetune.trainer - INFO - [run:83] - Epoch 43: New best metric! f1_macro = 0.5898 (previously 0.5744)
2025-06-12 20:25:33 - phase4_finetuning.finetune.trainer - INFO - [_save_checkpoint:388] - Saving best model checkpoint to /teamspace/studios/this_studio/cvpr25/phase4_finetuning/logs_finetune/01_full_system_20250612-171929/checkpoints/best_model.pth
2025-06-12 20:25:46 - phase4_finetuning.finetune.trainer - INFO - [run:72] - --- Starting Epoch 44/100 ---
2025-06-12 20:29:59 - phase4_finetuning.finetune.trainer - INFO - [_validate_one_epoch:187] - Validation Epoch 44: Loss=1.7301, Accuracy=0.5974, F1-Macro=0.5966
2025-06-12 20:29:59 - phase4_finetuning.finetune.trainer - INFO - [run:83] - Epoch 44: New best metric! f1_macro = 0.5966 (previously 0.5898)
2025-06-12 20:29:59 - phase4_finetuning.finetune.trainer - INFO - [_save_checkpoint:388] - Saving best model checkpoint to /teamspace/studios/this_studio/cvpr25/phase4_finetuning/logs_finetune/01_full_system_20250612-171929/checkpoints/best_model.pth
2025-06-12 20:30:13 - phase4_finetuning.finetune.trainer - INFO - [run:72] - --- Starting Epoch 45/100 ---
2025-06-12 20:34:25 - phase4_finetuning.finetune.trainer - INFO - [_validate_one_epoch:187] - Validation Epoch 45: Loss=1.7228, Accuracy=0.6061, F1-Macro=0.6061
2025-06-12 20:34:25 - phase4_finetuning.finetune.trainer - INFO - [run:83] - Epoch 45: New best metric! f1_macro = 0.6061 (previously 0.5966)
2025-06-12 20:34:25 - phase4_finetuning.finetune.trainer - INFO - [_save_checkpoint:388] - Saving best model checkpoint to /teamspace/studios/this_studio/cvpr25/phase4_finetuning/logs_finetune/01_full_system_20250612-171929/checkpoints/best_model.pth
2025-06-12 20:34:37 - phase4_finetuning.finetune.trainer - INFO - [run:72] - --- Starting Epoch 46/100 ---
2025-06-12 20:38:49 - phase4_finetuning.finetune.trainer - INFO - [_validate_one_epoch:187] - Validation Epoch 46: Loss=1.7156, Accuracy=0.6236, F1-Macro=0.6239
2025-06-12 20:38:49 - phase4_finetuning.finetune.trainer - INFO - [run:83] - Epoch 46: New best metric! f1_macro = 0.6239 (previously 0.6061)
2025-06-12 20:38:49 - phase4_finetuning.finetune.trainer - INFO - [_save_checkpoint:388] - Saving best model checkpoint to /teamspace/studios/this_studio/cvpr25/phase4_finetuning/logs_finetune/01_full_system_20250612-171929/checkpoints/best_model.pth
2025-06-12 20:39:02 - phase4_finetuning.finetune.trainer - INFO - [run:72] - --- Starting Epoch 47/100 ---
2025-06-12 20:43:15 - phase4_finetuning.finetune.trainer - INFO - [_validate_one_epoch:187] - Validation Epoch 47: Loss=1.7083, Accuracy=0.6335, F1-Macro=0.6338
2025-06-12 20:43:15 - phase4_finetuning.finetune.trainer - INFO - [run:83] - Epoch 47: New best metric! f1_macro = 0.6338 (previously 0.6239)
2025-06-12 20:43:15 - phase4_finetuning.finetune.trainer - INFO - [_save_checkpoint:388] - Saving best model checkpoint to /teamspace/studios/this_studio/cvpr25/phase4_finetuning/logs_finetune/01_full_system_20250612-171929/checkpoints/best_model.pth
2025-06-12 20:43:27 - phase4_finetuning.finetune.trainer - INFO - [run:72] - --- Starting Epoch 48/100 ---
2025-06-12 20:47:39 - phase4_finetuning.finetune.trainer - INFO - [_validate_one_epoch:187] - Validation Epoch 48: Loss=1.7009, Accuracy=0.6477, F1-Macro=0.6499
2025-06-12 20:47:39 - phase4_finetuning.finetune.trainer - INFO - [run:83] - Epoch 48: New best metric! f1_macro = 0.6499 (previously 0.6338)
2025-06-12 20:47:39 - phase4_finetuning.finetune.trainer - INFO - [_save_checkpoint:388] - Saving best model checkpoint to /teamspace/studios/this_studio/cvpr25/phase4_finetuning/logs_finetune/01_full_system_20250612-171929/checkpoints/best_model.pth
2025-06-12 20:47:51 - phase4_finetuning.finetune.trainer - INFO - [run:72] - --- Starting Epoch 49/100 ---
2025-06-12 20:52:04 - phase4_finetuning.finetune.trainer - INFO - [_validate_one_epoch:187] - Validation Epoch 49: Loss=1.6938, Accuracy=0.6510, F1-Macro=0.6536
2025-06-12 20:52:04 - phase4_finetuning.finetune.trainer - INFO - [run:83] - Epoch 49: New best metric! f1_macro = 0.6536 (previously 0.6499)
2025-06-12 20:52:04 - phase4_finetuning.finetune.trainer - INFO - [_save_checkpoint:388] - Saving best model checkpoint to /teamspace/studios/this_studio/cvpr25/phase4_finetuning/logs_finetune/01_full_system_20250612-171929/checkpoints/best_model.pth
2025-06-12 20:52:17 - phase4_finetuning.finetune.trainer - INFO - [run:72] - --- Starting Epoch 50/100 ---
2025-06-12 20:56:29 - phase4_finetuning.finetune.trainer - INFO - [_validate_one_epoch:187] - Validation Epoch 50: Loss=1.6865, Accuracy=0.6663, F1-Macro=0.6703
2025-06-12 20:56:29 - phase4_finetuning.finetune.trainer - INFO - [run:83] - Epoch 50: New best metric! f1_macro = 0.6703 (previously 0.6536)
2025-06-12 20:56:29 - phase4_finetuning.finetune.trainer - INFO - [_save_checkpoint:388] - Saving best model checkpoint to /teamspace/studios/this_studio/cvpr25/phase4_finetuning/logs_finetune/01_full_system_20250612-171929/checkpoints/best_model.pth
2025-06-12 20:56:42 - phase4_finetuning.finetune.trainer - INFO - [_save_checkpoint:394] - Saving periodic checkpoint to /teamspace/studios/this_studio/cvpr25/phase4_finetuning/logs_finetune/01_full_system_20250612-171929/checkpoints/checkpoint_epoch_50.pth
2025-06-12 20:56:48 - phase4_finetuning.finetune.trainer - INFO - [run:72] - --- Starting Epoch 51/100 ---
2025-06-12 21:01:01 - phase4_finetuning.finetune.trainer - INFO - [_validate_one_epoch:187] - Validation Epoch 51: Loss=1.6793, Accuracy=0.6772, F1-Macro=0.6812
2025-06-12 21:01:01 - phase4_finetuning.finetune.trainer - INFO - [run:83] - Epoch 51: New best metric! f1_macro = 0.6812 (previously 0.6703)
2025-06-12 21:01:01 - phase4_finetuning.finetune.trainer - INFO - [_save_checkpoint:388] - Saving best model checkpoint to /teamspace/studios/this_studio/cvpr25/phase4_finetuning/logs_finetune/01_full_system_20250612-171929/checkpoints/best_model.pth
2025-06-12 21:01:14 - phase4_finetuning.finetune.trainer - INFO - [run:72] - --- Starting Epoch 52/100 ---
2025-06-12 21:05:26 - phase4_finetuning.finetune.trainer - INFO - [_validate_one_epoch:187] - Validation Epoch 52: Loss=1.6720, Accuracy=0.6937, F1-Macro=0.6975
2025-06-12 21:05:26 - phase4_finetuning.finetune.trainer - INFO - [run:83] - Epoch 52: New best metric! f1_macro = 0.6975 (previously 0.6812)
2025-06-12 21:05:26 - phase4_finetuning.finetune.trainer - INFO - [_save_checkpoint:388] - Saving best model checkpoint to /teamspace/studios/this_studio/cvpr25/phase4_finetuning/logs_finetune/01_full_system_20250612-171929/checkpoints/best_model.pth
2025-06-12 21:05:39 - phase4_finetuning.finetune.trainer - INFO - [run:72] - --- Starting Epoch 53/100 ---
2025-06-12 21:09:51 - phase4_finetuning.finetune.trainer - INFO - [_validate_one_epoch:187] - Validation Epoch 53: Loss=1.6648, Accuracy=0.6958, F1-Macro=0.6999
2025-06-12 21:09:51 - phase4_finetuning.finetune.trainer - INFO - [run:83] - Epoch 53: New best metric! f1_macro = 0.6999 (previously 0.6975)
2025-06-12 21:09:51 - phase4_finetuning.finetune.trainer - INFO - [_save_checkpoint:388] - Saving best model checkpoint to /teamspace/studios/this_studio/cvpr25/phase4_finetuning/logs_finetune/01_full_system_20250612-171929/checkpoints/best_model.pth
2025-06-12 21:10:04 - phase4_finetuning.finetune.trainer - INFO - [run:72] - --- Starting Epoch 54/100 ---
2025-06-12 21:14:16 - phase4_finetuning.finetune.trainer - INFO - [_validate_one_epoch:187] - Validation Epoch 54: Loss=1.6575, Accuracy=0.7079, F1-Macro=0.7119
2025-06-12 21:14:16 - phase4_finetuning.finetune.trainer - INFO - [run:83] - Epoch 54: New best metric! f1_macro = 0.7119 (previously 0.6999)
2025-06-12 21:14:16 - phase4_finetuning.finetune.trainer - INFO - [_save_checkpoint:388] - Saving best model checkpoint to /teamspace/studios/this_studio/cvpr25/phase4_finetuning/logs_finetune/01_full_system_20250612-171929/checkpoints/best_model.pth
2025-06-12 21:14:28 - phase4_finetuning.finetune.trainer - INFO - [run:72] - --- Starting Epoch 55/100 ---
2025-06-12 21:18:40 - phase4_finetuning.finetune.trainer - INFO - [_validate_one_epoch:187] - Validation Epoch 55: Loss=1.6503, Accuracy=0.7079, F1-Macro=0.7116
2025-06-12 21:18:40 - phase4_finetuning.finetune.trainer - INFO - [run:89] - No improvement in f1_macro. Best: 0.7119. Patience: 1/20
2025-06-12 21:18:40 - phase4_finetuning.finetune.trainer - INFO - [run:72] - --- Starting Epoch 56/100 ---
2025-06-12 21:22:50 - phase4_finetuning.finetune.trainer - INFO - [_validate_one_epoch:187] - Validation Epoch 56: Loss=1.6433, Accuracy=0.7155, F1-Macro=0.7196
2025-06-12 21:22:50 - phase4_finetuning.finetune.trainer - INFO - [run:83] - Epoch 56: New best metric! f1_macro = 0.7196 (previously 0.7119)
2025-06-12 21:22:50 - phase4_finetuning.finetune.trainer - INFO - [_save_checkpoint:388] - Saving best model checkpoint to /teamspace/studios/this_studio/cvpr25/phase4_finetuning/logs_finetune/01_full_system_20250612-171929/checkpoints/best_model.pth
2025-06-12 21:23:03 - phase4_finetuning.finetune.trainer - INFO - [run:72] - --- Starting Epoch 57/100 ---
2025-06-12 21:27:15 - phase4_finetuning.finetune.trainer - INFO - [_validate_one_epoch:187] - Validation Epoch 57: Loss=1.6363, Accuracy=0.7276, F1-Macro=0.7323
2025-06-12 21:27:15 - phase4_finetuning.finetune.trainer - INFO - [run:83] - Epoch 57: New best metric! f1_macro = 0.7323 (previously 0.7196)
2025-06-12 21:27:15 - phase4_finetuning.finetune.trainer - INFO - [_save_checkpoint:388] - Saving best model checkpoint to /teamspace/studios/this_studio/cvpr25/phase4_finetuning/logs_finetune/01_full_system_20250612-171929/checkpoints/best_model.pth
2025-06-12 21:27:28 - phase4_finetuning.finetune.trainer - INFO - [run:72] - --- Starting Epoch 58/100 ---
2025-06-12 21:31:40 - phase4_finetuning.finetune.trainer - INFO - [_validate_one_epoch:187] - Validation Epoch 58: Loss=1.6294, Accuracy=0.7363, F1-Macro=0.7409
2025-06-12 21:31:40 - phase4_finetuning.finetune.trainer - INFO - [run:83] - Epoch 58: New best metric! f1_macro = 0.7409 (previously 0.7323)
2025-06-12 21:31:40 - phase4_finetuning.finetune.trainer - INFO - [_save_checkpoint:388] - Saving best model checkpoint to /teamspace/studios/this_studio/cvpr25/phase4_finetuning/logs_finetune/01_full_system_20250612-171929/checkpoints/best_model.pth
2025-06-12 21:31:53 - phase4_finetuning.finetune.trainer - INFO - [run:72] - --- Starting Epoch 59/100 ---
2025-06-12 21:36:05 - phase4_finetuning.finetune.trainer - INFO - [_validate_one_epoch:187] - Validation Epoch 59: Loss=1.6226, Accuracy=0.7429, F1-Macro=0.7466
2025-06-12 21:36:05 - phase4_finetuning.finetune.trainer - INFO - [run:83] - Epoch 59: New best metric! f1_macro = 0.7466 (previously 0.7409)
2025-06-12 21:36:05 - phase4_finetuning.finetune.trainer - INFO - [_save_checkpoint:388] - Saving best model checkpoint to /teamspace/studios/this_studio/cvpr25/phase4_finetuning/logs_finetune/01_full_system_20250612-171929/checkpoints/best_model.pth
2025-06-12 21:36:17 - phase4_finetuning.finetune.trainer - INFO - [run:72] - --- Starting Epoch 60/100 ---
2025-06-12 21:40:29 - phase4_finetuning.finetune.trainer - INFO - [_validate_one_epoch:187] - Validation Epoch 60: Loss=1.6160, Accuracy=0.7505, F1-Macro=0.7540
2025-06-12 21:40:29 - phase4_finetuning.finetune.trainer - INFO - [run:83] - Epoch 60: New best metric! f1_macro = 0.7540 (previously 0.7466)
2025-06-12 21:40:29 - phase4_finetuning.finetune.trainer - INFO - [_save_checkpoint:388] - Saving best model checkpoint to /teamspace/studios/this_studio/cvpr25/phase4_finetuning/logs_finetune/01_full_system_20250612-171929/checkpoints/best_model.pth
2025-06-12 21:40:43 - phase4_finetuning.finetune.trainer - INFO - [_save_checkpoint:394] - Saving periodic checkpoint to /teamspace/studios/this_studio/cvpr25/phase4_finetuning/logs_finetune/01_full_system_20250612-171929/checkpoints/checkpoint_epoch_60.pth
2025-06-12 21:40:49 - phase4_finetuning.finetune.trainer - INFO - [run:72] - --- Starting Epoch 61/100 ---
2025-06-12 21:45:01 - phase4_finetuning.finetune.trainer - INFO - [_validate_one_epoch:187] - Validation Epoch 61: Loss=1.6095, Accuracy=0.7549, F1-Macro=0.7584
2025-06-12 21:45:01 - phase4_finetuning.finetune.trainer - INFO - [run:83] - Epoch 61: New best metric! f1_macro = 0.7584 (previously 0.7540)
2025-06-12 21:45:01 - phase4_finetuning.finetune.trainer - INFO - [_save_checkpoint:388] - Saving best model checkpoint to /teamspace/studios/this_studio/cvpr25/phase4_finetuning/logs_finetune/01_full_system_20250612-171929/checkpoints/best_model.pth
2025-06-12 21:45:14 - phase4_finetuning.finetune.trainer - INFO - [run:72] - --- Starting Epoch 62/100 ---
2025-06-12 21:49:26 - phase4_finetuning.finetune.trainer - INFO - [_validate_one_epoch:187] - Validation Epoch 62: Loss=1.6032, Accuracy=0.7604, F1-Macro=0.7638
2025-06-12 21:49:26 - phase4_finetuning.finetune.trainer - INFO - [run:83] - Epoch 62: New best metric! f1_macro = 0.7638 (previously 0.7584)
2025-06-12 21:49:26 - phase4_finetuning.finetune.trainer - INFO - [_save_checkpoint:388] - Saving best model checkpoint to /teamspace/studios/this_studio/cvpr25/phase4_finetuning/logs_finetune/01_full_system_20250612-171929/checkpoints/best_model.pth
2025-06-12 21:49:38 - phase4_finetuning.finetune.trainer - INFO - [run:72] - --- Starting Epoch 63/100 ---
2025-06-12 21:53:51 - phase4_finetuning.finetune.trainer - INFO - [_validate_one_epoch:187] - Validation Epoch 63: Loss=1.5970, Accuracy=0.7615, F1-Macro=0.7646
2025-06-12 21:53:51 - phase4_finetuning.finetune.trainer - INFO - [run:89] - No improvement in f1_macro. Best: 0.7638. Patience: 1/20
2025-06-12 21:53:51 - phase4_finetuning.finetune.trainer - INFO - [run:72] - --- Starting Epoch 64/100 ---
2025-06-12 21:58:01 - phase4_finetuning.finetune.trainer - INFO - [_validate_one_epoch:187] - Validation Epoch 64: Loss=1.5909, Accuracy=0.7637, F1-Macro=0.7666
2025-06-12 21:58:01 - phase4_finetuning.finetune.trainer - INFO - [run:83] - Epoch 64: New best metric! f1_macro = 0.7666 (previously 0.7638)
2025-06-12 21:58:01 - phase4_finetuning.finetune.trainer - INFO - [_save_checkpoint:388] - Saving best model checkpoint to /teamspace/studios/this_studio/cvpr25/phase4_finetuning/logs_finetune/01_full_system_20250612-171929/checkpoints/best_model.pth
2025-06-12 21:58:13 - phase4_finetuning.finetune.trainer - INFO - [run:72] - --- Starting Epoch 65/100 ---
2025-06-12 22:02:25 - phase4_finetuning.finetune.trainer - INFO - [_validate_one_epoch:187] - Validation Epoch 65: Loss=1.5852, Accuracy=0.7659, F1-Macro=0.7687
2025-06-12 22:02:25 - phase4_finetuning.finetune.trainer - INFO - [run:83] - Epoch 65: New best metric! f1_macro = 0.7687 (previously 0.7666)
2025-06-12 22:02:25 - phase4_finetuning.finetune.trainer - INFO - [_save_checkpoint:388] - Saving best model checkpoint to /teamspace/studios/this_studio/cvpr25/phase4_finetuning/logs_finetune/01_full_system_20250612-171929/checkpoints/best_model.pth
2025-06-12 22:02:38 - phase4_finetuning.finetune.trainer - INFO - [run:72] - --- Starting Epoch 66/100 ---
2025-06-12 22:06:50 - phase4_finetuning.finetune.trainer - INFO - [_validate_one_epoch:187] - Validation Epoch 66: Loss=1.5795, Accuracy=0.7691, F1-Macro=0.7722
2025-06-12 22:06:50 - phase4_finetuning.finetune.trainer - INFO - [run:83] - Epoch 66: New best metric! f1_macro = 0.7722 (previously 0.7687)
2025-06-12 22:06:50 - phase4_finetuning.finetune.trainer - INFO - [_save_checkpoint:388] - Saving best model checkpoint to /teamspace/studios/this_studio/cvpr25/phase4_finetuning/logs_finetune/01_full_system_20250612-171929/checkpoints/best_model.pth
2025-06-12 22:07:02 - phase4_finetuning.finetune.trainer - INFO - [run:72] - --- Starting Epoch 67/100 ---
2025-06-12 22:11:14 - phase4_finetuning.finetune.trainer - INFO - [_validate_one_epoch:187] - Validation Epoch 67: Loss=1.5737, Accuracy=0.7768, F1-Macro=0.7800
2025-06-12 22:11:14 - phase4_finetuning.finetune.trainer - INFO - [run:83] - Epoch 67: New best metric! f1_macro = 0.7800 (previously 0.7722)
2025-06-12 22:11:14 - phase4_finetuning.finetune.trainer - INFO - [_save_checkpoint:388] - Saving best model checkpoint to /teamspace/studios/this_studio/cvpr25/phase4_finetuning/logs_finetune/01_full_system_20250612-171929/checkpoints/best_model.pth
2025-06-12 22:11:27 - phase4_finetuning.finetune.trainer - INFO - [run:72] - --- Starting Epoch 68/100 ---
2025-06-12 22:15:39 - phase4_finetuning.finetune.trainer - INFO - [_validate_one_epoch:187] - Validation Epoch 68: Loss=1.5680, Accuracy=0.7823, F1-Macro=0.7856
2025-06-12 22:15:39 - phase4_finetuning.finetune.trainer - INFO - [run:83] - Epoch 68: New best metric! f1_macro = 0.7856 (previously 0.7800)
2025-06-12 22:15:39 - phase4_finetuning.finetune.trainer - INFO - [_save_checkpoint:388] - Saving best model checkpoint to /teamspace/studios/this_studio/cvpr25/phase4_finetuning/logs_finetune/01_full_system_20250612-171929/checkpoints/best_model.pth
2025-06-12 22:15:52 - phase4_finetuning.finetune.trainer - INFO - [run:72] - --- Starting Epoch 69/100 ---
2025-06-12 22:20:03 - phase4_finetuning.finetune.trainer - INFO - [_validate_one_epoch:187] - Validation Epoch 69: Loss=1.5626, Accuracy=0.7888, F1-Macro=0.7923
2025-06-12 22:20:03 - phase4_finetuning.finetune.trainer - INFO - [run:83] - Epoch 69: New best metric! f1_macro = 0.7923 (previously 0.7856)
2025-06-12 22:20:03 - phase4_finetuning.finetune.trainer - INFO - [_save_checkpoint:388] - Saving best model checkpoint to /teamspace/studios/this_studio/cvpr25/phase4_finetuning/logs_finetune/01_full_system_20250612-171929/checkpoints/best_model.pth
2025-06-12 22:20:16 - phase4_finetuning.finetune.trainer - INFO - [run:72] - --- Starting Epoch 70/100 ---
2025-06-12 22:24:28 - phase4_finetuning.finetune.trainer - INFO - [_validate_one_epoch:187] - Validation Epoch 70: Loss=1.5572, Accuracy=0.7943, F1-Macro=0.7978
2025-06-12 22:24:28 - phase4_finetuning.finetune.trainer - INFO - [run:83] - Epoch 70: New best metric! f1_macro = 0.7978 (previously 0.7923)
2025-06-12 22:24:28 - phase4_finetuning.finetune.trainer - INFO - [_save_checkpoint:388] - Saving best model checkpoint to /teamspace/studios/this_studio/cvpr25/phase4_finetuning/logs_finetune/01_full_system_20250612-171929/checkpoints/best_model.pth
2025-06-12 22:24:41 - phase4_finetuning.finetune.trainer - INFO - [_save_checkpoint:394] - Saving periodic checkpoint to /teamspace/studios/this_studio/cvpr25/phase4_finetuning/logs_finetune/01_full_system_20250612-171929/checkpoints/checkpoint_epoch_70.pth
2025-06-12 22:24:48 - phase4_finetuning.finetune.trainer - INFO - [run:72] - --- Starting Epoch 71/100 ---
2025-06-12 22:29:01 - phase4_finetuning.finetune.trainer - INFO - [_validate_one_epoch:187] - Validation Epoch 71: Loss=1.5518, Accuracy=0.8020, F1-Macro=0.8050
2025-06-12 22:29:01 - phase4_finetuning.finetune.trainer - INFO - [run:83] - Epoch 71: New best metric! f1_macro = 0.8050 (previously 0.7978)
2025-06-12 22:29:01 - phase4_finetuning.finetune.trainer - INFO - [_save_checkpoint:388] - Saving best model checkpoint to /teamspace/studios/this_studio/cvpr25/phase4_finetuning/logs_finetune/01_full_system_20250612-171929/checkpoints/best_model.pth
2025-06-12 22:29:13 - phase4_finetuning.finetune.trainer - INFO - [run:72] - --- Starting Epoch 72/100 ---
2025-06-12 22:33:26 - phase4_finetuning.finetune.trainer - INFO - [_validate_one_epoch:187] - Validation Epoch 72: Loss=1.5468, Accuracy=0.8085, F1-Macro=0.8112
2025-06-12 22:33:26 - phase4_finetuning.finetune.trainer - INFO - [run:83] - Epoch 72: New best metric! f1_macro = 0.8112 (previously 0.8050)
2025-06-12 22:33:26 - phase4_finetuning.finetune.trainer - INFO - [_save_checkpoint:388] - Saving best model checkpoint to /teamspace/studios/this_studio/cvpr25/phase4_finetuning/logs_finetune/01_full_system_20250612-171929/checkpoints/best_model.pth
2025-06-12 22:33:38 - phase4_finetuning.finetune.trainer - INFO - [run:72] - --- Starting Epoch 73/100 ---
2025-06-12 22:37:50 - phase4_finetuning.finetune.trainer - INFO - [_validate_one_epoch:187] - Validation Epoch 73: Loss=1.5420, Accuracy=0.8107, F1-Macro=0.8132
2025-06-12 22:37:50 - phase4_finetuning.finetune.trainer - INFO - [run:83] - Epoch 73: New best metric! f1_macro = 0.8132 (previously 0.8112)
2025-06-12 22:37:50 - phase4_finetuning.finetune.trainer - INFO - [_save_checkpoint:388] - Saving best model checkpoint to /teamspace/studios/this_studio/cvpr25/phase4_finetuning/logs_finetune/01_full_system_20250612-171929/checkpoints/best_model.pth
2025-06-12 22:38:03 - phase4_finetuning.finetune.trainer - INFO - [run:72] - --- Starting Epoch 74/100 ---
2025-06-12 22:42:15 - phase4_finetuning.finetune.trainer - INFO - [_validate_one_epoch:187] - Validation Epoch 74: Loss=1.5372, Accuracy=0.8151, F1-Macro=0.8176
2025-06-12 22:42:15 - phase4_finetuning.finetune.trainer - INFO - [run:83] - Epoch 74: New best metric! f1_macro = 0.8176 (previously 0.8132)
2025-06-12 22:42:15 - phase4_finetuning.finetune.trainer - INFO - [_save_checkpoint:388] - Saving best model checkpoint to /teamspace/studios/this_studio/cvpr25/phase4_finetuning/logs_finetune/01_full_system_20250612-171929/checkpoints/best_model.pth
2025-06-12 22:42:29 - phase4_finetuning.finetune.trainer - INFO - [run:72] - --- Starting Epoch 75/100 ---
2025-06-12 22:46:40 - phase4_finetuning.finetune.trainer - INFO - [_validate_one_epoch:187] - Validation Epoch 75: Loss=1.5326, Accuracy=0.8173, F1-Macro=0.8197
2025-06-12 22:46:40 - phase4_finetuning.finetune.trainer - INFO - [run:83] - Epoch 75: New best metric! f1_macro = 0.8197 (previously 0.8176)
2025-06-12 22:46:40 - phase4_finetuning.finetune.trainer - INFO - [_save_checkpoint:388] - Saving best model checkpoint to /teamspace/studios/this_studio/cvpr25/phase4_finetuning/logs_finetune/01_full_system_20250612-171929/checkpoints/best_model.pth
2025-06-12 22:46:53 - phase4_finetuning.finetune.trainer - INFO - [run:72] - --- Starting Epoch 76/100 ---
2025-06-12 22:51:05 - phase4_finetuning.finetune.trainer - INFO - [_validate_one_epoch:187] - Validation Epoch 76: Loss=1.5281, Accuracy=0.8260, F1-Macro=0.8286
2025-06-12 22:51:05 - phase4_finetuning.finetune.trainer - INFO - [run:83] - Epoch 76: New best metric! f1_macro = 0.8286 (previously 0.8197)
2025-06-12 22:51:05 - phase4_finetuning.finetune.trainer - INFO - [_save_checkpoint:388] - Saving best model checkpoint to /teamspace/studios/this_studio/cvpr25/phase4_finetuning/logs_finetune/01_full_system_20250612-171929/checkpoints/best_model.pth
2025-06-12 22:51:18 - phase4_finetuning.finetune.trainer - INFO - [run:72] - --- Starting Epoch 77/100 ---
2025-06-12 22:55:30 - phase4_finetuning.finetune.trainer - INFO - [_validate_one_epoch:187] - Validation Epoch 77: Loss=1.5237, Accuracy=0.8293, F1-Macro=0.8316
2025-06-12 22:55:30 - phase4_finetuning.finetune.trainer - INFO - [run:83] - Epoch 77: New best metric! f1_macro = 0.8316 (previously 0.8286)
2025-06-12 22:55:30 - phase4_finetuning.finetune.trainer - INFO - [_save_checkpoint:388] - Saving best model checkpoint to /teamspace/studios/this_studio/cvpr25/phase4_finetuning/logs_finetune/01_full_system_20250612-171929/checkpoints/best_model.pth
2025-06-12 22:55:42 - phase4_finetuning.finetune.trainer - INFO - [run:72] - --- Starting Epoch 78/100 ---
2025-06-12 22:59:55 - phase4_finetuning.finetune.trainer - INFO - [_validate_one_epoch:187] - Validation Epoch 78: Loss=1.5194, Accuracy=0.8315, F1-Macro=0.8335
2025-06-12 22:59:55 - phase4_finetuning.finetune.trainer - INFO - [run:83] - Epoch 78: New best metric! f1_macro = 0.8335 (previously 0.8316)
2025-06-12 22:59:55 - phase4_finetuning.finetune.trainer - INFO - [_save_checkpoint:388] - Saving best model checkpoint to /teamspace/studios/this_studio/cvpr25/phase4_finetuning/logs_finetune/01_full_system_20250612-171929/checkpoints/best_model.pth
2025-06-12 23:00:07 - phase4_finetuning.finetune.trainer - INFO - [run:72] - --- Starting Epoch 79/100 ---
2025-06-12 23:04:18 - phase4_finetuning.finetune.trainer - INFO - [_validate_one_epoch:187] - Validation Epoch 79: Loss=1.5151, Accuracy=0.8370, F1-Macro=0.8393
2025-06-12 23:04:18 - phase4_finetuning.finetune.trainer - INFO - [run:83] - Epoch 79: New best metric! f1_macro = 0.8393 (previously 0.8335)
2025-06-12 23:04:18 - phase4_finetuning.finetune.trainer - INFO - [_save_checkpoint:388] - Saving best model checkpoint to /teamspace/studios/this_studio/cvpr25/phase4_finetuning/logs_finetune/01_full_system_20250612-171929/checkpoints/best_model.pth
2025-06-12 23:04:31 - phase4_finetuning.finetune.trainer - INFO - [run:72] - --- Starting Epoch 80/100 ---
2025-06-12 23:08:44 - phase4_finetuning.finetune.trainer - INFO - [_validate_one_epoch:187] - Validation Epoch 80: Loss=1.5110, Accuracy=0.8381, F1-Macro=0.8404
2025-06-12 23:08:44 - phase4_finetuning.finetune.trainer - INFO - [run:83] - Epoch 80: New best metric! f1_macro = 0.8404 (previously 0.8393)
2025-06-12 23:08:44 - phase4_finetuning.finetune.trainer - INFO - [_save_checkpoint:388] - Saving best model checkpoint to /teamspace/studios/this_studio/cvpr25/phase4_finetuning/logs_finetune/01_full_system_20250612-171929/checkpoints/best_model.pth
2025-06-12 23:08:56 - phase4_finetuning.finetune.trainer - INFO - [_save_checkpoint:394] - Saving periodic checkpoint to /teamspace/studios/this_studio/cvpr25/phase4_finetuning/logs_finetune/01_full_system_20250612-171929/checkpoints/checkpoint_epoch_80.pth
2025-06-12 23:09:04 - phase4_finetuning.finetune.trainer - INFO - [run:72] - --- Starting Epoch 81/100 ---
2025-06-12 23:13:15 - phase4_finetuning.finetune.trainer - INFO - [_validate_one_epoch:187] - Validation Epoch 81: Loss=1.5069, Accuracy=0.8425, F1-Macro=0.8449
2025-06-12 23:13:15 - phase4_finetuning.finetune.trainer - INFO - [run:83] - Epoch 81: New best metric! f1_macro = 0.8449 (previously 0.8404)
2025-06-12 23:13:15 - phase4_finetuning.finetune.trainer - INFO - [_save_checkpoint:388] - Saving best model checkpoint to /teamspace/studios/this_studio/cvpr25/phase4_finetuning/logs_finetune/01_full_system_20250612-171929/checkpoints/best_model.pth
2025-06-12 23:13:28 - phase4_finetuning.finetune.trainer - INFO - [run:72] - --- Starting Epoch 82/100 ---
2025-06-12 23:17:40 - phase4_finetuning.finetune.trainer - INFO - [_validate_one_epoch:187] - Validation Epoch 82: Loss=1.5030, Accuracy=0.8479, F1-Macro=0.8509
2025-06-12 23:17:40 - phase4_finetuning.finetune.trainer - INFO - [run:83] - Epoch 82: New best metric! f1_macro = 0.8509 (previously 0.8449)
2025-06-12 23:17:40 - phase4_finetuning.finetune.trainer - INFO - [_save_checkpoint:388] - Saving best model checkpoint to /teamspace/studios/this_studio/cvpr25/phase4_finetuning/logs_finetune/01_full_system_20250612-171929/checkpoints/best_model.pth
2025-06-12 23:17:52 - phase4_finetuning.finetune.trainer - INFO - [run:72] - --- Starting Epoch 83/100 ---
2025-06-12 23:22:04 - phase4_finetuning.finetune.trainer - INFO - [_validate_one_epoch:187] - Validation Epoch 83: Loss=1.4994, Accuracy=0.8523, F1-Macro=0.8550
2025-06-12 23:22:04 - phase4_finetuning.finetune.trainer - INFO - [run:83] - Epoch 83: New best metric! f1_macro = 0.8550 (previously 0.8509)
2025-06-12 23:22:04 - phase4_finetuning.finetune.trainer - INFO - [_save_checkpoint:388] - Saving best model checkpoint to /teamspace/studios/this_studio/cvpr25/phase4_finetuning/logs_finetune/01_full_system_20250612-171929/checkpoints/best_model.pth
2025-06-12 23:22:16 - phase4_finetuning.finetune.trainer - INFO - [run:72] - --- Starting Epoch 84/100 ---
2025-06-12 23:26:29 - phase4_finetuning.finetune.trainer - INFO - [_validate_one_epoch:187] - Validation Epoch 84: Loss=1.4958, Accuracy=0.8556, F1-Macro=0.8582
2025-06-12 23:26:29 - phase4_finetuning.finetune.trainer - INFO - [run:83] - Epoch 84: New best metric! f1_macro = 0.8582 (previously 0.8550)
2025-06-12 23:26:29 - phase4_finetuning.finetune.trainer - INFO - [_save_checkpoint:388] - Saving best model checkpoint to /teamspace/studios/this_studio/cvpr25/phase4_finetuning/logs_finetune/01_full_system_20250612-171929/checkpoints/best_model.pth
2025-06-12 23:26:42 - phase4_finetuning.finetune.trainer - INFO - [run:72] - --- Starting Epoch 85/100 ---
2025-06-12 23:30:53 - phase4_finetuning.finetune.trainer - INFO - [_validate_one_epoch:187] - Validation Epoch 85: Loss=1.4924, Accuracy=0.8578, F1-Macro=0.8602
2025-06-12 23:30:53 - phase4_finetuning.finetune.trainer - INFO - [run:83] - Epoch 85: New best metric! f1_macro = 0.8602 (previously 0.8582)
2025-06-12 23:30:53 - phase4_finetuning.finetune.trainer - INFO - [_save_checkpoint:388] - Saving best model checkpoint to /teamspace/studios/this_studio/cvpr25/phase4_finetuning/logs_finetune/01_full_system_20250612-171929/checkpoints/best_model.pth
2025-06-12 23:31:06 - phase4_finetuning.finetune.trainer - INFO - [run:72] - --- Starting Epoch 86/100 ---
2025-06-12 23:35:19 - phase4_finetuning.finetune.trainer - INFO - [_validate_one_epoch:187] - Validation Epoch 86: Loss=1.4892, Accuracy=0.8621, F1-Macro=0.8645
2025-06-12 23:35:19 - phase4_finetuning.finetune.trainer - INFO - [run:83] - Epoch 86: New best metric! f1_macro = 0.8645 (previously 0.8602)
2025-06-12 23:35:19 - phase4_finetuning.finetune.trainer - INFO - [_save_checkpoint:388] - Saving best model checkpoint to /teamspace/studios/this_studio/cvpr25/phase4_finetuning/logs_finetune/01_full_system_20250612-171929/checkpoints/best_model.pth
2025-06-12 23:35:31 - phase4_finetuning.finetune.trainer - INFO - [run:72] - --- Starting Epoch 87/100 ---
2025-06-12 23:39:43 - phase4_finetuning.finetune.trainer - INFO - [_validate_one_epoch:187] - Validation Epoch 87: Loss=1.4861, Accuracy=0.8643, F1-Macro=0.8665
2025-06-12 23:39:43 - phase4_finetuning.finetune.trainer - INFO - [run:83] - Epoch 87: New best metric! f1_macro = 0.8665 (previously 0.8645)
2025-06-12 23:39:43 - phase4_finetuning.finetune.trainer - INFO - [_save_checkpoint:388] - Saving best model checkpoint to /teamspace/studios/this_studio/cvpr25/phase4_finetuning/logs_finetune/01_full_system_20250612-171929/checkpoints/best_model.pth
2025-06-12 23:39:56 - phase4_finetuning.finetune.trainer - INFO - [run:72] - --- Starting Epoch 88/100 ---
2025-06-12 23:44:09 - phase4_finetuning.finetune.trainer - INFO - [_validate_one_epoch:187] - Validation Epoch 88: Loss=1.4830, Accuracy=0.8698, F1-Macro=0.8717
2025-06-12 23:44:09 - phase4_finetuning.finetune.trainer - INFO - [run:83] - Epoch 88: New best metric! f1_macro = 0.8717 (previously 0.8665)
2025-06-12 23:44:09 - phase4_finetuning.finetune.trainer - INFO - [_save_checkpoint:388] - Saving best model checkpoint to /teamspace/studios/this_studio/cvpr25/phase4_finetuning/logs_finetune/01_full_system_20250612-171929/checkpoints/best_model.pth
2025-06-12 23:44:21 - phase4_finetuning.finetune.trainer - INFO - [run:72] - --- Starting Epoch 89/100 ---
2025-06-12 23:48:32 - phase4_finetuning.finetune.trainer - INFO - [_validate_one_epoch:187] - Validation Epoch 89: Loss=1.4802, Accuracy=0.8742, F1-Macro=0.8762
2025-06-12 23:48:32 - phase4_finetuning.finetune.trainer - INFO - [run:83] - Epoch 89: New best metric! f1_macro = 0.8762 (previously 0.8717)
2025-06-12 23:48:32 - phase4_finetuning.finetune.trainer - INFO - [_save_checkpoint:388] - Saving best model checkpoint to /teamspace/studios/this_studio/cvpr25/phase4_finetuning/logs_finetune/01_full_system_20250612-171929/checkpoints/best_model.pth
2025-06-12 23:48:45 - phase4_finetuning.finetune.trainer - INFO - [run:72] - --- Starting Epoch 90/100 ---
2025-06-12 23:52:57 - phase4_finetuning.finetune.trainer - INFO - [_validate_one_epoch:187] - Validation Epoch 90: Loss=1.4774, Accuracy=0.8775, F1-Macro=0.8795
2025-06-12 23:52:57 - phase4_finetuning.finetune.trainer - INFO - [run:83] - Epoch 90: New best metric! f1_macro = 0.8795 (previously 0.8762)
2025-06-12 23:52:57 - phase4_finetuning.finetune.trainer - INFO - [_save_checkpoint:388] - Saving best model checkpoint to /teamspace/studios/this_studio/cvpr25/phase4_finetuning/logs_finetune/01_full_system_20250612-171929/checkpoints/best_model.pth
2025-06-12 23:53:10 - phase4_finetuning.finetune.trainer - INFO - [_save_checkpoint:394] - Saving periodic checkpoint to /teamspace/studios/this_studio/cvpr25/phase4_finetuning/logs_finetune/01_full_system_20250612-171929/checkpoints/checkpoint_epoch_90.pth
2025-06-12 23:53:18 - phase4_finetuning.finetune.trainer - INFO - [run:72] - --- Starting Epoch 91/100 ---
2025-06-12 23:57:31 - phase4_finetuning.finetune.trainer - INFO - [_validate_one_epoch:187] - Validation Epoch 91: Loss=1.4747, Accuracy=0.8796, F1-Macro=0.8815
2025-06-12 23:57:31 - phase4_finetuning.finetune.trainer - INFO - [run:83] - Epoch 91: New best metric! f1_macro = 0.8815 (previously 0.8795)
2025-06-12 23:57:31 - phase4_finetuning.finetune.trainer - INFO - [_save_checkpoint:388] - Saving best model checkpoint to /teamspace/studios/this_studio/cvpr25/phase4_finetuning/logs_finetune/01_full_system_20250612-171929/checkpoints/best_model.pth
2025-06-12 23:57:44 - phase4_finetuning.finetune.trainer - INFO - [run:72] - --- Starting Epoch 92/100 ---
2025-06-13 00:01:56 - phase4_finetuning.finetune.trainer - INFO - [_validate_one_epoch:187] - Validation Epoch 92: Loss=1.4720, Accuracy=0.8796, F1-Macro=0.8815
2025-06-13 00:01:56 - phase4_finetuning.finetune.trainer - INFO - [run:89] - No improvement in f1_macro. Best: 0.8815. Patience: 1/20
2025-06-13 00:01:56 - phase4_finetuning.finetune.trainer - INFO - [run:72] - --- Starting Epoch 93/100 ---
2025-06-13 00:06:06 - phase4_finetuning.finetune.trainer - INFO - [_validate_one_epoch:187] - Validation Epoch 93: Loss=1.4695, Accuracy=0.8807, F1-Macro=0.8827
2025-06-13 00:06:06 - phase4_finetuning.finetune.trainer - INFO - [run:83] - Epoch 93: New best metric! f1_macro = 0.8827 (previously 0.8815)
2025-06-13 00:06:06 - phase4_finetuning.finetune.trainer - INFO - [_save_checkpoint:388] - Saving best model checkpoint to /teamspace/studios/this_studio/cvpr25/phase4_finetuning/logs_finetune/01_full_system_20250612-171929/checkpoints/best_model.pth
2025-06-13 00:06:19 - phase4_finetuning.finetune.trainer - INFO - [run:72] - --- Starting Epoch 94/100 ---
2025-06-13 00:10:30 - phase4_finetuning.finetune.trainer - INFO - [_validate_one_epoch:187] - Validation Epoch 94: Loss=1.4671, Accuracy=0.8818, F1-Macro=0.8838
2025-06-13 00:10:30 - phase4_finetuning.finetune.trainer - INFO - [run:83] - Epoch 94: New best metric! f1_macro = 0.8838 (previously 0.8827)
2025-06-13 00:10:30 - phase4_finetuning.finetune.trainer - INFO - [_save_checkpoint:388] - Saving best model checkpoint to /teamspace/studios/this_studio/cvpr25/phase4_finetuning/logs_finetune/01_full_system_20250612-171929/checkpoints/best_model.pth
2025-06-13 00:10:44 - phase4_finetuning.finetune.trainer - INFO - [run:72] - --- Starting Epoch 95/100 ---
2025-06-13 00:14:56 - phase4_finetuning.finetune.trainer - INFO - [_validate_one_epoch:187] - Validation Epoch 95: Loss=1.4649, Accuracy=0.8829, F1-Macro=0.8848
2025-06-13 00:14:56 - phase4_finetuning.finetune.trainer - INFO - [run:83] - Epoch 95: New best metric! f1_macro = 0.8848 (previously 0.8838)
2025-06-13 00:14:56 - phase4_finetuning.finetune.trainer - INFO - [_save_checkpoint:388] - Saving best model checkpoint to /teamspace/studios/this_studio/cvpr25/phase4_finetuning/logs_finetune/01_full_system_20250612-171929/checkpoints/best_model.pth
2025-06-13 00:15:09 - phase4_finetuning.finetune.trainer - INFO - [run:72] - --- Starting Epoch 96/100 ---
2025-06-13 00:19:21 - phase4_finetuning.finetune.trainer - INFO - [_validate_one_epoch:187] - Validation Epoch 96: Loss=1.4627, Accuracy=0.8818, F1-Macro=0.8837
2025-06-13 00:19:21 - phase4_finetuning.finetune.trainer - INFO - [run:89] - No improvement in f1_macro. Best: 0.8848. Patience: 1/20
2025-06-13 00:19:21 - phase4_finetuning.finetune.trainer - INFO - [run:72] - --- Starting Epoch 97/100 ---
2025-06-13 00:23:31 - phase4_finetuning.finetune.trainer - INFO - [_validate_one_epoch:187] - Validation Epoch 97: Loss=1.4606, Accuracy=0.8851, F1-Macro=0.8869
2025-06-13 00:23:31 - phase4_finetuning.finetune.trainer - INFO - [run:83] - Epoch 97: New best metric! f1_macro = 0.8869 (previously 0.8848)
2025-06-13 00:23:31 - phase4_finetuning.finetune.trainer - INFO - [_save_checkpoint:388] - Saving best model checkpoint to /teamspace/studios/this_studio/cvpr25/phase4_finetuning/logs_finetune/01_full_system_20250612-171929/checkpoints/best_model.pth
2025-06-13 00:23:44 - phase4_finetuning.finetune.trainer - INFO - [run:72] - --- Starting Epoch 98/100 ---
2025-06-13 00:27:56 - phase4_finetuning.finetune.trainer - INFO - [_validate_one_epoch:187] - Validation Epoch 98: Loss=1.4585, Accuracy=0.8862, F1-Macro=0.8879
2025-06-13 00:27:56 - phase4_finetuning.finetune.trainer - INFO - [run:89] - No improvement in f1_macro. Best: 0.8869. Patience: 1/20
2025-06-13 00:27:56 - phase4_finetuning.finetune.trainer - INFO - [run:72] - --- Starting Epoch 99/100 ---
2025-06-13 00:32:06 - phase4_finetuning.finetune.trainer - INFO - [_validate_one_epoch:187] - Validation Epoch 99: Loss=1.4566, Accuracy=0.8884, F1-Macro=0.8901
2025-06-13 00:32:06 - phase4_finetuning.finetune.trainer - INFO - [run:83] - Epoch 99: New best metric! f1_macro = 0.8901 (previously 0.8869)
2025-06-13 00:32:06 - phase4_finetuning.finetune.trainer - INFO - [_save_checkpoint:388] - Saving best model checkpoint to /teamspace/studios/this_studio/cvpr25/phase4_finetuning/logs_finetune/01_full_system_20250612-171929/checkpoints/best_model.pth
2025-06-13 00:32:18 - phase4_finetuning.finetune.trainer - INFO - [run:72] - --- Starting Epoch 100/100 ---
2025-06-13 00:36:30 - phase4_finetuning.finetune.trainer - INFO - [_validate_one_epoch:187] - Validation Epoch 100: Loss=1.4547, Accuracy=0.8895, F1-Macro=0.8912
2025-06-13 00:36:30 - phase4_finetuning.finetune.trainer - INFO - [run:83] - Epoch 100: New best metric! f1_macro = 0.8912 (previously 0.8901)
2025-06-13 00:36:30 - phase4_finetuning.finetune.trainer - INFO - [_save_checkpoint:388] - Saving best model checkpoint to /teamspace/studios/this_studio/cvpr25/phase4_finetuning/logs_finetune/01_full_system_20250612-171929/checkpoints/best_model.pth
2025-06-13 00:36:43 - phase4_finetuning.finetune.trainer - INFO - [_save_checkpoint:394] - Saving periodic checkpoint to /teamspace/studios/this_studio/cvpr25/phase4_finetuning/logs_finetune/01_full_system_20250612-171929/checkpoints/checkpoint_epoch_100.pth
2025-06-13 00:36:49 - phase4_finetuning.finetune.trainer - INFO - [run:105] - Training finished. Saving final model state.
2025-06-13 00:36:49 - phase4_finetuning.finetune.trainer - INFO - [_save_checkpoint:391] - Saving final model checkpoint to /teamspace/studios/this_studio/cvpr25/phase4_finetuning/logs_finetune/01_full_system_20250612-171929/checkpoints/checkpoint_epoch_100_final.pth
2025-06-13 00:36:59 - __main__ - INFO - [run:151] - Fine-tuning run '01_full_system_20250612-171929' finished successfully.
